My PID: 7541

From a new terminal type `kill -SIGINT 7541` or `kill -SIGTERM 7541` to stop processing packets

My ID: 42

List of resolved hosts is:
==========================
1
Human-readable IP: 127.0.0.1
Human-readable Port: 11001

2
Human-readable IP: 127.0.0.1
Human-readable Port: 11002

3
Human-readable IP: 127.0.0.1
Human-readable Port: 11003

4
Human-readable IP: 127.0.0.1
Human-readable Port: 11004

5
Human-readable IP: 127.0.0.1
Human-readable Port: 11005

6
Human-readable IP: 127.0.0.1
Human-readable Port: 11006

7
Human-readable IP: 127.0.0.1
Human-readable Port: 11007

8
Human-readable IP: 127.0.0.1
Human-readable Port: 11008

9
Human-readable IP: 127.0.0.1
Human-readable Port: 11009

10
Human-readable IP: 127.0.0.1
Human-readable Port: 11010

11
Human-readable IP: 127.0.0.1
Human-readable Port: 11011

12
Human-readable IP: 127.0.0.1
Human-readable Port: 11012

13
Human-readable IP: 127.0.0.1
Human-readable Port: 11013

14
Human-readable IP: 127.0.0.1
Human-readable Port: 11014

15
Human-readable IP: 127.0.0.1
Human-readable Port: 11015

16
Human-readable IP: 127.0.0.1
Human-readable Port: 11016

17
Human-readable IP: 127.0.0.1
Human-readable Port: 11017

18
Human-readable IP: 127.0.0.1
Human-readable Port: 11018

19
Human-readable IP: 127.0.0.1
Human-readable Port: 11019

20
Human-readable IP: 127.0.0.1
Human-readable Port: 11020

21
Human-readable IP: 127.0.0.1
Human-readable Port: 11021

22
Human-readable IP: 127.0.0.1
Human-readable Port: 11022

23
Human-readable IP: 127.0.0.1
Human-readable Port: 11023

24
Human-readable IP: 127.0.0.1
Human-readable Port: 11024

25
Human-readable IP: 127.0.0.1
Human-readable Port: 11025

26
Human-readable IP: 127.0.0.1
Human-readable Port: 11026

27
Human-readable IP: 127.0.0.1
Human-readable Port: 11027

28
Human-readable IP: 127.0.0.1
Human-readable Port: 11028

29
Human-readable IP: 127.0.0.1
Human-readable Port: 11029

30
Human-readable IP: 127.0.0.1
Human-readable Port: 11030

31
Human-readable IP: 127.0.0.1
Human-readable Port: 11031

32
Human-readable IP: 127.0.0.1
Human-readable Port: 11032

33
Human-readable IP: 127.0.0.1
Human-readable Port: 11033

34
Human-readable IP: 127.0.0.1
Human-readable Port: 11034

35
Human-readable IP: 127.0.0.1
Human-readable Port: 11035

36
Human-readable IP: 127.0.0.1
Human-readable Port: 11036

37
Human-readable IP: 127.0.0.1
Human-readable Port: 11037

38
Human-readable IP: 127.0.0.1
Human-readable Port: 11038

39
Human-readable IP: 127.0.0.1
Human-readable Port: 11039

40
Human-readable IP: 127.0.0.1
Human-readable Port: 11040

41
Human-readable IP: 127.0.0.1
Human-readable Port: 11041

42
Human-readable IP: 127.0.0.1
Human-readable Port: 11042

43
Human-readable IP: 127.0.0.1
Human-readable Port: 11043

44
Human-readable IP: 127.0.0.1
Human-readable Port: 11044

45
Human-readable IP: 127.0.0.1
Human-readable Port: 11045

46
Human-readable IP: 127.0.0.1
Human-readable Port: 11046

47
Human-readable IP: 127.0.0.1
Human-readable Port: 11047

48
Human-readable IP: 127.0.0.1
Human-readable Port: 11048

49
Human-readable IP: 127.0.0.1
Human-readable Port: 11049

50
Human-readable IP: 127.0.0.1
Human-readable Port: 11050

51
Human-readable IP: 127.0.0.1
Human-readable Port: 11051

52
Human-readable IP: 127.0.0.1
Human-readable Port: 11052

53
Human-readable IP: 127.0.0.1
Human-readable Port: 11053

54
Human-readable IP: 127.0.0.1
Human-readable Port: 11054

55
Human-readable IP: 127.0.0.1
Human-readable Port: 11055

56
Human-readable IP: 127.0.0.1
Human-readable Port: 11056

57
Human-readable IP: 127.0.0.1
Human-readable Port: 11057

58
Human-readable IP: 127.0.0.1
Human-readable Port: 11058

59
Human-readable IP: 127.0.0.1
Human-readable Port: 11059

60
Human-readable IP: 127.0.0.1
Human-readable Port: 11060

61
Human-readable IP: 127.0.0.1
Human-readable Port: 11061

62
Human-readable IP: 127.0.0.1
Human-readable Port: 11062

63
Human-readable IP: 127.0.0.1
Human-readable Port: 11063

64
Human-readable IP: 127.0.0.1
Human-readable Port: 11064

65
Human-readable IP: 127.0.0.1
Human-readable Port: 11065

66
Human-readable IP: 127.0.0.1
Human-readable Port: 11066

67
Human-readable IP: 127.0.0.1
Human-readable Port: 11067

68
Human-readable IP: 127.0.0.1
Human-readable Port: 11068

69
Human-readable IP: 127.0.0.1
Human-readable Port: 11069

70
Human-readable IP: 127.0.0.1
Human-readable Port: 11070

71
Human-readable IP: 127.0.0.1
Human-readable Port: 11071

72
Human-readable IP: 127.0.0.1
Human-readable Port: 11072

73
Human-readable IP: 127.0.0.1
Human-readable Port: 11073

74
Human-readable IP: 127.0.0.1
Human-readable Port: 11074

75
Human-readable IP: 127.0.0.1
Human-readable Port: 11075

76
Human-readable IP: 127.0.0.1
Human-readable Port: 11076

77
Human-readable IP: 127.0.0.1
Human-readable Port: 11077

78
Human-readable IP: 127.0.0.1
Human-readable Port: 11078

79
Human-readable IP: 127.0.0.1
Human-readable Port: 11079

80
Human-readable IP: 127.0.0.1
Human-readable Port: 11080

81
Human-readable IP: 127.0.0.1
Human-readable Port: 11081

82
Human-readable IP: 127.0.0.1
Human-readable Port: 11082

83
Human-readable IP: 127.0.0.1
Human-readable Port: 11083

84
Human-readable IP: 127.0.0.1
Human-readable Port: 11084

85
Human-readable IP: 127.0.0.1
Human-readable Port: 11085

86
Human-readable IP: 127.0.0.1
Human-readable Port: 11086

87
Human-readable IP: 127.0.0.1
Human-readable Port: 11087

88
Human-readable IP: 127.0.0.1
Human-readable Port: 11088

89
Human-readable IP: 127.0.0.1
Human-readable Port: 11089

90
Human-readable IP: 127.0.0.1
Human-readable Port: 11090

91
Human-readable IP: 127.0.0.1
Human-readable Port: 11091

92
Human-readable IP: 127.0.0.1
Human-readable Port: 11092

93
Human-readable IP: 127.0.0.1
Human-readable Port: 11093

94
Human-readable IP: 127.0.0.1
Human-readable Port: 11094

95
Human-readable IP: 127.0.0.1
Human-readable Port: 11095

96
Human-readable IP: 127.0.0.1
Human-readable Port: 11096

97
Human-readable IP: 127.0.0.1
Human-readable Port: 11097

98
Human-readable IP: 127.0.0.1
Human-readable Port: 11098

99
Human-readable IP: 127.0.0.1
Human-readable Port: 11099

100
Human-readable IP: 127.0.0.1
Human-readable Port: 11100


Path to output:
===============
/mnt/c/repo/CS451-2023-project/template_java/bin/proc42.output

Path to config:
===============
./bin/config

Doing some initialization

Broadcasting and delivering messages...

Number of messages: 100000
Receiver ID: 1
I am one of the senders
Sending message: 1
Sent message: 42ccc1ccc1bbb
Sending message: 2
Sent message: 42ccc2ccc2bbb
Sending message: 3
Sent message: 42ccc3ccc3bbb
Sending message: 4
Sent message: 42ccc4ccc4bbb
Sending message: 5
Sent message: 42ccc5ccc5bbb
Sending message: 6
Sent message: 42ccc6ccc6bbb
Sending message: 7
Sent message: 42ccc7ccc7bbb
Sending message: 8
Sent message: 42ccc8ccc8bbb
Sending message: 9
Sent message: 42ccc9ccc9bbb
Sending message: 10
Sent message: 42ccc10ccc10bbb
Sending message: 11
Sent message: 42ccc11ccc11bbb
Sending message: 12
Sent message: 42ccc12ccc12bbb
Sending message: 13
Sent message: 42ccc13ccc13bbb
Sending message: 14
Sent message: 42ccc14ccc14bbb
Sending message: 15
Sent message: 42ccc15ccc15bbb
Sending message: 16
Sent message: 42ccc16ccc16bbb
Sending message: 17
Sent message: 42ccc17ccc17bbb
Sending message: 18
Sent message: 42ccc18ccc18bbb
Sending message: 19
Sent message: 42ccc19ccc19bbb
Sending message: 20
Sent message: 42ccc20ccc20bbb
Sending message: 21
Sent message: 42ccc21ccc21bbb
Sending message: 22
Sent message: 42ccc22ccc22bbb
Sending message: 23
Sent message: 42ccc23ccc23bbb
Sending message: 24
Sent message: 42ccc24ccc24bbb
Sending message: 25
Sent message: 42ccc25ccc25bbb
Sending message: 26
Sent message: 42ccc26ccc26bbb
Sending message: 27
Sent message: 42ccc27ccc27bbb
Sending message: 28
Sent message: 42ccc28ccc28bbb
Sending message: 29
Sent message: 42ccc29ccc29bbb
Sending message: 30
Sent message: 42ccc30ccc30bbb
Sending message: 31
Sent message: 42ccc31ccc31bbb
Sending message: 32
Sent message: 42ccc32ccc32bbb
Sending message: 33
Sent message: 42ccc33ccc33bbb
Sending message: 34
Sent message: 42ccc34ccc34bbb
Sending message: 35
Sent message: 42ccc35ccc35bbb
Sending message: 36
Sent message: 42ccc36ccc36bbb
Sending message: 37
Sent message: 42ccc37ccc37bbb
Sending message: 38
Sent message: 42ccc38ccc38bbb
Sending message: 39
Sent message: 42ccc39ccc39bbb
Sending message: 40
Sent message: 42ccc40ccc40bbb
Sending message: 41
Sent message: 42ccc41ccc41bbb
Sending message: 42
Sent message: 42ccc42ccc42bbb
Sending message: 43
Sent message: 42ccc43ccc43bbb
Sending message: 44
Sent message: 42ccc44ccc44bbb
Sending message: 45
Sent message: 42ccc45ccc45bbb
Sending message: 46
Sent message: 42ccc46ccc46bbb
Sending message: 47
Sent message: 42ccc47ccc47bbb
Sending message: 48
Sent message: 42ccc48ccc48bbb
Sending message: 49
Sent message: 42ccc49ccc49bbb
Sending message: 50
Sent message: 42ccc50ccc50bbb
Sending message: 51
Sent message: 42ccc51ccc51bbb
Sending message: 52
Sent message: 42ccc52ccc52bbb
Sending message: 53
Sent message: 42ccc53ccc53bbb
Sending message: 54
Sent message: 42ccc54ccc54bbb
Sending message: 55
Sent message: 42ccc55ccc55bbb
Sending message: 56
Sent message: 42ccc56ccc56bbb
Sending message: 57
Sent message: 42ccc57ccc57bbb
Sending message: 58
Sent message: 42ccc58ccc58bbb
Sending message: 59
Sent message: 42ccc59ccc59bbb
Sending message: 60
Sent message: 42ccc60ccc60bbb
Sending message: 61
Sent message: 42ccc61ccc61bbb
Sending message: 62
Sent message: 42ccc62ccc62bbb
Sending message: 63
Sent message: 42ccc63ccc63bbb
Sending message: 64
Sent message: 42ccc64ccc64bbb
Sending message: 65
Sent message: 42ccc65ccc65bbb
Sending message: 66
Sent message: 42ccc66ccc66bbb
Sending message: 67
Sent message: 42ccc67ccc67bbb
Sending message: 68
Sent message: 42ccc68ccc68bbb
Sending message: 69
Sent message: 42ccc69ccc69bbb
Sending message: 70
Sent message: 42ccc70ccc70bbb
Sending message: 71
Sent message: 42ccc71ccc71bbb
Sending message: 72
Sent message: 42ccc72ccc72bbb
Sending message: 73
Sent message: 42ccc73ccc73bbb
Sending message: 74
Sent message: 42ccc74ccc74bbb
Sending message: 75
Sent message: 42ccc75ccc75bbb
Sending message: 76
Sent message: 42ccc76ccc76bbb
Sending message: 77
Sent message: 42ccc77ccc77bbb
Sending message: 78
Sent message: 42ccc78ccc78bbb
Sending message: 79
Sent message: 42ccc79ccc79bbb
Sending message: 80
Sent message: 42ccc80ccc80bbb
Sending message: 81
Sent message: 42ccc81ccc81bbb
Sending message: 82
Sent message: 42ccc82ccc82bbb
Sending message: 83
Sent message: 42ccc83ccc83bbb
Sending message: 84
Sent message: 42ccc84ccc84bbb
Sending message: 85
Sent message: 42ccc85ccc85bbb
Sending message: 86
Sent message: 42ccc86ccc86bbb
Sending message: 87
Sent message: 42ccc87ccc87bbb
Sending message: 88
Sent message: 42ccc88ccc88bbb
Sending message: 89
Sent message: 42ccc89ccc89bbb
Sending message: 90
Sent message: 42ccc90ccc90bbb
Sending message: 91
Sent message: 42ccc91ccc91bbb
Sending message: 92
Sent message: 42ccc92ccc92bbb
Sending message: 93
Sent message: 42ccc93ccc93bbb
Sending message: 94
Sent message: 42ccc94ccc94bbb
Sending message: 95
Sent message: 42ccc95ccc95bbb
Sending message: 96
Sent message: 42ccc96ccc96bbb
Sending message: 97
Sent message: 42ccc97ccc97bbb
Sending message: 98
Sent message: 42ccc98ccc98bbb
Sending message: 99
Sent message: 42ccc99ccc99bbb
Sending message: 100
Sent message: 42ccc100ccc100bbb
Sending message: 101
Sent message: 42ccc101ccc101bbb
Sending message: 102
Sent message: 42ccc102ccc102bbb
Sending message: 103
Sent message: 42ccc103ccc103bbb
Sending message: 104
Sent message: 42ccc104ccc104bbb
Sending message: 105
Sent message: 42ccc105ccc105bbb
Sending message: 106
Sent message: 42ccc106ccc106bbb
Sending message: 107
Sent message: 42ccc107ccc107bbb
Sending message: 108
Sent message: 42ccc108ccc108bbb
Sending message: 109
Sent message: 42ccc109ccc109bbb
Sending message: 110
Sent message: 42ccc110ccc110bbb
Sending message: 111
Sent message: 42ccc111ccc111bbb
Sending message: 112
Sent message: 42ccc112ccc112bbb
Sending message: 113
Sent message: 42ccc113ccc113bbb
Sending message: 114
Sent message: 42ccc114ccc114bbb
Sending message: 115
Sent message: 42ccc115ccc115bbb
Sending message: 116
Sent message: 42ccc116ccc116bbb
Sending message: 117
Sent message: 42ccc117ccc117bbb
Sending message: 118
Sent message: 42ccc118ccc118bbb
Sending message: 119
Sent message: 42ccc119ccc119bbb
Sending message: 120
Sent message: 42ccc120ccc120bbb
Sending message: 121
Sent message: 42ccc121ccc121bbb
Sending message: 122
Sent message: 42ccc122ccc122bbb
Sending message: 123
Sent message: 42ccc123ccc123bbb
Sending message: 124
Sent message: 42ccc124ccc124bbb
Sending message: 125
Sent message: 42ccc125ccc125bbb
Sending message: 126
Sent message: 42ccc126ccc126bbb
Sending message: 127
Sent message: 42ccc127ccc127bbb
Sending message: 128
Sent message: 42ccc128ccc128bbb
Sending message: 129
Sent message: 42ccc129ccc129bbb
Sending message: 130
Sent message: 42ccc130ccc130bbb
Sending message: 131
Sent message: 42ccc131ccc131bbb
Sending message: 132
Sent message: 42ccc132ccc132bbb
Sending message: 133
Sent message: 42ccc133ccc133bbb
Sending message: 134
Sent message: 42ccc134ccc134bbb
Sending message: 135
Sent message: 42ccc135ccc135bbb
Sending message: 136
Sent message: 42ccc136ccc136bbb
Sending message: 137
Sent message: 42ccc137ccc137bbb
Sending message: 138
Sent message: 42ccc138ccc138bbb
Sending message: 139
Sent message: 42ccc139ccc139bbb
Sending message: 140
Sent message: 42ccc140ccc140bbb
Sending message: 141
Sent message: 42ccc141ccc141bbb
Sending message: 142
Sent message: 42ccc142ccc142bbb
Sending message: 143
Sent message: 42ccc143ccc143bbb
Sending message: 144
Sent message: 42ccc144ccc144bbb
Sending message: 145
Sent message: 42ccc145ccc145bbb
Sending message: 146
Sent message: 42ccc146ccc146bbb
Sending message: 147
Sent message: 42ccc147ccc147bbb
Sending message: 148
Sent message: 42ccc148ccc148bbb
Sending message: 149
Sent message: 42ccc149ccc149bbb
Sending message: 150
Sent message: 42ccc150ccc150bbb
Sending message: 151
Sent message: 42ccc151ccc151bbb
Sending message: 152
Sent message: 42ccc152ccc152bbb
Sending message: 153
Sent message: 42ccc153ccc153bbb
Sending message: 154
Sent message: 42ccc154ccc154bbb
Sending message: 155
Sent message: 42ccc155ccc155bbb
Sending message: 156
Sent message: 42ccc156ccc156bbb
Sending message: 157
Sent message: 42ccc157ccc157bbb
Sending message: 158
Sent message: 42ccc158ccc158bbb
Sending message: 159
Sent message: 42ccc159ccc159bbb
Sending message: 160
Sent message: 42ccc160ccc160bbb
Sending message: 161
Sent message: 42ccc161ccc161bbb
Sending message: 162
Sent message: 42ccc162ccc162bbb
Sending message: 163
Sent message: 42ccc163ccc163bbb
Sending message: 164
Sent message: 42ccc164ccc164bbb
Sending message: 165
Sent message: 42ccc165ccc165bbb
Sending message: 166
Sent message: 42ccc166ccc166bbb
Sending message: 167
Sent message: 42ccc167ccc167bbb
Sending message: 168
Sent message: 42ccc168ccc168bbb
Sending message: 169
Sent message: 42ccc169ccc169bbb
Sending message: 170
Sent message: 42ccc170ccc170bbb
Sending message: 171
Sent message: 42ccc171ccc171bbb
Sending message: 172
Sent message: 42ccc172ccc172bbb
Sending message: 173
Sent message: 42ccc173ccc173bbb
Sending message: 174
Sent message: 42ccc174ccc174bbb
Sending message: 175
Sent message: 42ccc175ccc175bbb
Sending message: 176
Sent message: 42ccc176ccc176bbb
Sending message: 177
Sent message: 42ccc177ccc177bbb
Sending message: 178
Sent message: 42ccc178ccc178bbb
Sending message: 179
Sent message: 42ccc179ccc179bbb
Sending message: 180
Sent message: 42ccc180ccc180bbb
Sending message: 181
Sent message: 42ccc181ccc181bbb
Sending message: 182
Sent message: 42ccc182ccc182bbb
Sending message: 183
Sent message: 42ccc183ccc183bbb
Sending message: 184
Sent message: 42ccc184ccc184bbb
Sending message: 185
Sent message: 42ccc185ccc185bbb
Sending message: 186
Sent message: 42ccc186ccc186bbb
Sending message: 187
Sent message: 42ccc187ccc187bbb
Sending message: 188
Sent message: 42ccc188ccc188bbb
Sending message: 189
Sent message: 42ccc189ccc189bbb
Sending message: 190
Sent message: 42ccc190ccc190bbb
Sending message: 191
Sent message: 42ccc191ccc191bbb
Sending message: 192
Sent message: 42ccc192ccc192bbb
Sending message: 193
Sent message: 42ccc193ccc193bbb
Sending message: 194
Sent message: 42ccc194ccc194bbb
Sending message: 195
Sent message: 42ccc195ccc195bbb
Sending message: 196
Sent message: 42ccc196ccc196bbb
Sending message: 197
Sent message: 42ccc197ccc197bbb
Sending message: 198
Sent message: 42ccc198ccc198bbb
Sending message: 199
Sent message: 42ccc199ccc199bbb
Sending message: 200
Sent message: 42ccc200ccc200bbb
Sending message: 201
Sent message: 42ccc201ccc201bbb
Sending message: 202
Sent message: 42ccc202ccc202bbb
Sending message: 203
Sent message: 42ccc203ccc203bbb
Sending message: 204
Sent message: 42ccc204ccc204bbb
Sending message: 205
Sent message: 42ccc205ccc205bbb
Sending message: 206
Sent message: 42ccc206ccc206bbb
Sending message: 207
Sent message: 42ccc207ccc207bbb
Sending message: 208
Sent message: 42ccc208ccc208bbb
Sending message: 209
Sent message: 42ccc209ccc209bbb
Sending message: 210
Sent message: 42ccc210ccc210bbb
Sending message: 211
Sent message: 42ccc211ccc211bbb
Sending message: 212
Sent message: 42ccc212ccc212bbb
Sending message: 213
Sent message: 42ccc213ccc213bbb
Sending message: 214
Sent message: 42ccc214ccc214bbb
Sending message: 215
Sent message: 42ccc215ccc215bbb
Sending message: 216
Sent message: 42ccc216ccc216bbb
Sending message: 217
Sent message: 42ccc217ccc217bbb
Sending message: 218
Sent message: 42ccc218ccc218bbb
Sending message: 219
Sent message: 42ccc219ccc219bbb
Sending message: 220
Sent message: 42ccc220ccc220bbb
Sending message: 221
Sent message: 42ccc221ccc221bbb
Sending message: 222
Sent message: 42ccc222ccc222bbb
Sending message: 223
Sent message: 42ccc223ccc223bbb
Sending message: 224
Sent message: 42ccc224ccc224bbb
Sending message: 225
Sent message: 42ccc225ccc225bbb
Sending message: 226
Sent message: 42ccc226ccc226bbb
Sending message: 227
Sent message: 42ccc227ccc227bbb
Sending message: 228
Sent message: 42ccc228ccc228bbb
Sending message: 229
Sent message: 42ccc229ccc229bbb
Sending message: 230
Sent message: 42ccc230ccc230bbb
Sending message: 231
Sent message: 42ccc231ccc231bbb
Sending message: 232
Sent message: 42ccc232ccc232bbb
Sending message: 233
Sent message: 42ccc233ccc233bbb
Sending message: 234
Sent message: 42ccc234ccc234bbb
Sending message: 235
Sent message: 42ccc235ccc235bbb
Sending message: 236
Sent message: 42ccc236ccc236bbb
Sending message: 237
Sent message: 42ccc237ccc237bbb
Sending message: 238
Sent message: 42ccc238ccc238bbb
Sending message: 239
Sent message: 42ccc239ccc239bbb
Sending message: 240
Sent message: 42ccc240ccc240bbb
Sending message: 241
Sent message: 42ccc241ccc241bbb
Sending message: 242
Sent message: 42ccc242ccc242bbb
Sending message: 243
Sent message: 42ccc243ccc243bbb
Sending message: 244
Sent message: 42ccc244ccc244bbb
Sending message: 245
Sent message: 42ccc245ccc245bbb
Sending message: 246
Sent message: 42ccc246ccc246bbb
Sending message: 247
Sent message: 42ccc247ccc247bbb
Sending message: 248
Sent message: 42ccc248ccc248bbb
Sending message: 249
Sent message: 42ccc249ccc249bbb
Sending message: 250
Sent message: 42ccc250ccc250bbb
Sending message: 251
Sent message: 42ccc251ccc251bbb
Sending message: 252
Sent message: 42ccc252ccc252bbb
Sending message: 253
Sent message: 42ccc253ccc253bbb
Sending message: 254
Sent message: 42ccc254ccc254bbb
Sending message: 255
Sent message: 42ccc255ccc255bbb
Sending message: 256
Sent message: 42ccc256ccc256bbb
Sending message: 257
Sent message: 42ccc257ccc257bbb
Sending message: 258
Sent message: 42ccc258ccc258bbb
Sending message: 259
Sent message: 42ccc259ccc259bbb
Sending message: 260
Sent message: 42ccc260ccc260bbb
Sending message: 261
Sent message: 42ccc261ccc261bbb
Sending message: 262
Sent message: 42ccc262ccc262bbb
Sending message: 263
Sent message: 42ccc263ccc263bbb
Sending message: 264
Sent message: 42ccc264ccc264bbb
Sending message: 265
Sent message: 42ccc265ccc265bbb
Sending message: 266
Sent message: 42ccc266ccc266bbb
Sending message: 267
Sent message: 42ccc267ccc267bbb
Sending message: 268
Sent message: 42ccc268ccc268bbb
Sending message: 269
Sent message: 42ccc269ccc269bbb
Sending message: 270
Sent message: 42ccc270ccc270bbb
Sending message: 271
Sent message: 42ccc271ccc271bbb
Sending message: 272
Sent message: 42ccc272ccc272bbb
Sending message: 273
Sent message: 42ccc273ccc273bbb
Sending message: 274
Sent message: 42ccc274ccc274bbb
Sending message: 275
Sent message: 42ccc275ccc275bbb
Sending message: 276
Sent message: 42ccc276ccc276bbb
Sending message: 277
Sent message: 42ccc277ccc277bbb
Sending message: 278
Sent message: 42ccc278ccc278bbb
Sending message: 279
Sent message: 42ccc279ccc279bbb
Sending message: 280
Sent message: 42ccc280ccc280bbb
Sending message: 281
Sent message: 42ccc281ccc281bbb
Sending message: 282
Sent message: 42ccc282ccc282bbb
Sending message: 283
Sent message: 42ccc283ccc283bbb
Sending message: 284
Sent message: 42ccc284ccc284bbb
Sending message: 285
Sent message: 42ccc285ccc285bbb
Sending message: 286
Sent message: 42ccc286ccc286bbb
Sending message: 287
Sent message: 42ccc287ccc287bbb
Sending message: 288
Sent message: 42ccc288ccc288bbb
Sending message: 289
Sent message: 42ccc289ccc289bbb
Sending message: 290
Sent message: 42ccc290ccc290bbb
Sending message: 291
Sent message: 42ccc291ccc291bbb
Sending message: 292
Sent message: 42ccc292ccc292bbb
Sending message: 293
Sent message: 42ccc293ccc293bbb
Sending message: 294
Sent message: 42ccc294ccc294bbb
Sending message: 295
Sent message: 42ccc295ccc295bbb
Sending message: 296
Sent message: 42ccc296ccc296bbb
Sending message: 297
Sent message: 42ccc297ccc297bbb
Sending message: 298
Sent message: 42ccc298ccc298bbb
Sending message: 299
Sent message: 42ccc299ccc299bbb
Sending message: 300
Sent message: 42ccc300ccc300bbb
Sending message: 301
Sent message: 42ccc301ccc301bbb
Sending message: 302
Sent message: 42ccc302ccc302bbb
Sending message: 303
Sent message: 42ccc303ccc303bbb
Sending message: 304
Sent message: 42ccc304ccc304bbb
Sending message: 305
Sent message: 42ccc305ccc305bbb
Sending message: 306
Sent message: 42ccc306ccc306bbb
Sending message: 307
Sent message: 42ccc307ccc307bbb
Sending message: 308
Sent message: 42ccc308ccc308bbb
Sending message: 309
Sent message: 42ccc309ccc309bbb
Sending message: 310
Sent message: 42ccc310ccc310bbb
Sending message: 311
Sent message: 42ccc311ccc311bbb
Sending message: 312
Sent message: 42ccc312ccc312bbb
Sending message: 313
Sent message: 42ccc313ccc313bbb
Sending message: 314
Sent message: 42ccc314ccc314bbb
Sending message: 315
Sent message: 42ccc315ccc315bbb
Sending message: 316
Sent message: 42ccc316ccc316bbb
Sending message: 317
Sent message: 42ccc317ccc317bbb
Sending message: 318
Sent message: 42ccc318ccc318bbb
Sending message: 319
Sent message: 42ccc319ccc319bbb
Sending message: 320
Sent message: 42ccc320ccc320bbb
Sending message: 321
Sent message: 42ccc321ccc321bbb
Sending message: 322
Sent message: 42ccc322ccc322bbb
Sending message: 323
Sent message: 42ccc323ccc323bbb
Sending message: 324
Sent message: 42ccc324ccc324bbb
Sending message: 325
Sent message: 42ccc325ccc325bbb
Sending message: 326
Sent message: 42ccc326ccc326bbb
Sending message: 327
Sent message: 42ccc327ccc327bbb
Sending message: 328
Sent message: 42ccc328ccc328bbb
Sending message: 329
Sent message: 42ccc329ccc329bbb
Sending message: 330
Sent message: 42ccc330ccc330bbb
Sending message: 331
Sent message: 42ccc331ccc331bbb
Sending message: 332
Sent message: 42ccc332ccc332bbb
Sending message: 333
Sent message: 42ccc333ccc333bbb
Sending message: 334
Sent message: 42ccc334ccc334bbb
Sending message: 335
Sent message: 42ccc335ccc335bbb
Sending message: 336
Sent message: 42ccc336ccc336bbb
Sending message: 337
Sent message: 42ccc337ccc337bbb
Sending message: 338
Sent message: 42ccc338ccc338bbb
Sending message: 339
Sent message: 42ccc339ccc339bbb
Sending message: 340
Sent message: 42ccc340ccc340bbb
Sending message: 341
Sent message: 42ccc341ccc341bbb
Sending message: 342
Sent message: 42ccc342ccc342bbb
Sending message: 343
Sent message: 42ccc343ccc343bbb
Sending message: 344
Sent message: 42ccc344ccc344bbb
Sending message: 345
Sent message: 42ccc345ccc345bbb
Sending message: 346
Sent message: 42ccc346ccc346bbb
Sending message: 347
Sent message: 42ccc347ccc347bbb
Sending message: 348
Sent message: 42ccc348ccc348bbb
Sending message: 349
Sent message: 42ccc349ccc349bbb
Sending message: 350
Sent message: 42ccc350ccc350bbb
Sending message: 351
Sent message: 42ccc351ccc351bbb
Sending message: 352
Sent message: 42ccc352ccc352bbb
Sending message: 353
Sent message: 42ccc353ccc353bbb
Sending message: 354
Sent message: 42ccc354ccc354bbb
Sending message: 355
Sent message: 42ccc355ccc355bbb
Sending message: 356
Sent message: 42ccc356ccc356bbb
Sending message: 357
Sent message: 42ccc357ccc357bbb
Sending message: 358
Sent message: 42ccc358ccc358bbb
Sending message: 359
Sent message: 42ccc359ccc359bbb
Sending message: 360
Sent message: 42ccc360ccc360bbb
Sending message: 361
Sent message: 42ccc361ccc361bbb
Sending message: 362
Sent message: 42ccc362ccc362bbb
Sending message: 363
Sent message: 42ccc363ccc363bbb
Sending message: 364
Sent message: 42ccc364ccc364bbb
Sending message: 365
Sent message: 42ccc365ccc365bbb
Sending message: 366
Sent message: 42ccc366ccc366bbb
Sending message: 367
Sent message: 42ccc367ccc367bbb
Sending message: 368
Sent message: 42ccc368ccc368bbb
Sending message: 369
Sent message: 42ccc369ccc369bbb
Sending message: 370
Sent message: 42ccc370ccc370bbb
Sending message: 371
Sent message: 42ccc371ccc371bbb
Sending message: 372
Sent message: 42ccc372ccc372bbb
Sending message: 373
Sent message: 42ccc373ccc373bbb
Sending message: 374
Sent message: 42ccc374ccc374bbb
Sending message: 375
Sent message: 42ccc375ccc375bbb
Sending message: 376
Sent message: 42ccc376ccc376bbb
Sending message: 377
Sent message: 42ccc377ccc377bbb
Sending message: 378
Sent message: 42ccc378ccc378bbb
Sending message: 379
Sent message: 42ccc379ccc379bbb
Sending message: 380
Sent message: 42ccc380ccc380bbb
Sending message: 381
Sent message: 42ccc381ccc381bbb
Sending message: 382
Sent message: 42ccc382ccc382bbb
Sending message: 383
Sent message: 42ccc383ccc383bbb
Sending message: 384
Sent message: 42ccc384ccc384bbb
Sending message: 385
Sent message: 42ccc385ccc385bbb
Sending message: 386
Sent message: 42ccc386ccc386bbb
Sending message: 387
Sent message: 42ccc387ccc387bbb
Sending message: 388
Sent message: 42ccc388ccc388bbb
Sending message: 389
Sent message: 42ccc389ccc389bbb
Sending message: 390
Sent message: 42ccc390ccc390bbb
Sending message: 391
Sent message: 42ccc391ccc391bbb
Sending message: 392
Sent message: 42ccc392ccc392bbb
Sending message: 393
Sent message: 42ccc393ccc393bbb
Sending message: 394
Sent message: 42ccc394ccc394bbb
Sending message: 395
Sent message: 42ccc395ccc395bbb
Sending message: 396
Sent message: 42ccc396ccc396bbb
Sending message: 397
Sent message: 42ccc397ccc397bbb
Sending message: 398
Sent message: 42ccc398ccc398bbb
Sending message: 399
Sent message: 42ccc399ccc399bbb
Sending message: 400
Sent message: 42ccc400ccc400bbb
Sending message: 401
Sent message: 42ccc401ccc401bbb
Sending message: 402
Sent message: 42ccc402ccc402bbb
Sending message: 403
Sent message: 42ccc403ccc403bbb
Sending message: 404
Sent message: 42ccc404ccc404bbb
Sending message: 405
Sent message: 42ccc405ccc405bbb
Sending message: 406
Sent message: 42ccc406ccc406bbb
Sending message: 407
Sent message: 42ccc407ccc407bbb
Sending message: 408
Sent message: 42ccc408ccc408bbb
Sending message: 409
Sent message: 42ccc409ccc409bbb
Sending message: 410
Sent message: 42ccc410ccc410bbb
Sending message: 411
Sent message: 42ccc411ccc411bbb
Sending message: 412
Sent message: 42ccc412ccc412bbb
Sending message: 413
Sent message: 42ccc413ccc413bbb
Sending message: 414
Sent message: 42ccc414ccc414bbb
Sending message: 415
Sent message: 42ccc415ccc415bbb
Sending message: 416
Sent message: 42ccc416ccc416bbb
Sending message: 417
Sent message: 42ccc417ccc417bbb
Sending message: 418
Sent message: 42ccc418ccc418bbb
Sending message: 419
Sent message: 42ccc419ccc419bbb
Sending message: 420
Sent message: 42ccc420ccc420bbb
Sending message: 421
Sent message: 42ccc421ccc421bbb
Sending message: 422
Sent message: 42ccc422ccc422bbb
Sending message: 423
Sent message: 42ccc423ccc423bbb
Sending message: 424
Sent message: 42ccc424ccc424bbb
Sending message: 425
Sent message: 42ccc425ccc425bbb
Sending message: 426
Sent message: 42ccc426ccc426bbb
Sending message: 427
Sent message: 42ccc427ccc427bbb
Sending message: 428
Sent message: 42ccc428ccc428bbb
Sending message: 429
Sent message: 42ccc429ccc429bbb
Sending message: 430
Sent message: 42ccc430ccc430bbb
Sending message: 431
Sent message: 42ccc431ccc431bbb
Sending message: 432
Sent message: 42ccc432ccc432bbb
Sending message: 433
Sent message: 42ccc433ccc433bbb
Sending message: 434
Sent message: 42ccc434ccc434bbb
Sending message: 435
Sent message: 42ccc435ccc435bbb
Sending message: 436
Sent message: 42ccc436ccc436bbb
Sending message: 437
Sent message: 42ccc437ccc437bbb
Sending message: 438
Sent message: 42ccc438ccc438bbb
Sending message: 439
Sent message: 42ccc439ccc439bbb
Sending message: 440
Sent message: 42ccc440ccc440bbb
Sending message: 441
Sent message: 42ccc441ccc441bbb
Sending message: 442
Sent message: 42ccc442ccc442bbb
Sending message: 443
Sent message: 42ccc443ccc443bbb
Sending message: 444
Sent message: 42ccc444ccc444bbb
Sending message: 445
Sent message: 42ccc445ccc445bbb
Sending message: 446
Sent message: 42ccc446ccc446bbb
Sending message: 447
Sent message: 42ccc447ccc447bbb
Sending message: 448
Sent message: 42ccc448ccc448bbb
Sending message: 449
Sent message: 42ccc449ccc449bbb
Sending message: 450
Sent message: 42ccc450ccc450bbb
Sending message: 451
Sent message: 42ccc451ccc451bbb
Sending message: 452
Sent message: 42ccc452ccc452bbb
Sending message: 453
Sent message: 42ccc453ccc453bbb
Sending message: 454
Sent message: 42ccc454ccc454bbb
Sending message: 455
Sent message: 42ccc455ccc455bbb
Sending message: 456
Sent message: 42ccc456ccc456bbb
Sending message: 457
Sent message: 42ccc457ccc457bbb
Sending message: 458
Sent message: 42ccc458ccc458bbb
Sending message: 459
Sent message: 42ccc459ccc459bbb
Sending message: 460
Sent message: 42ccc460ccc460bbb
Sending message: 461
Sent message: 42ccc461ccc461bbb
Sending message: 462
Sent message: 42ccc462ccc462bbb
Sending message: 463
Sent message: 42ccc463ccc463bbb
Sending message: 464
Sent message: 42ccc464ccc464bbb
Sending message: 465
Sent message: 42ccc465ccc465bbb
Sending message: 466
Sent message: 42ccc466ccc466bbb
Sending message: 467
Sent message: 42ccc467ccc467bbb
Sending message: 468
Sent message: 42ccc468ccc468bbb
Sending message: 469
Sent message: 42ccc469ccc469bbb
Sending message: 470
Sent message: 42ccc470ccc470bbb
Sending message: 471
Sent message: 42ccc471ccc471bbb
Sending message: 472
Sent message: 42ccc472ccc472bbb
Sending message: 473
Sent message: 42ccc473ccc473bbb
Sending message: 474
Sent message: 42ccc474ccc474bbb
Sending message: 475
Sent message: 42ccc475ccc475bbb
Sending message: 476
Sent message: 42ccc476ccc476bbb
Sending message: 477
Sent message: 42ccc477ccc477bbb
Sending message: 478
Sent message: 42ccc478ccc478bbb
Sending message: 479
Sent message: 42ccc479ccc479bbb
Sending message: 480
Sent message: 42ccc480ccc480bbb
Sending message: 481
Sent message: 42ccc481ccc481bbb
Sending message: 482
Sent message: 42ccc482ccc482bbb
Sending message: 483
Sent message: 42ccc483ccc483bbb
Sending message: 484
Sent message: 42ccc484ccc484bbb
Sending message: 485
Sent message: 42ccc485ccc485bbb
Sending message: 486
Sent message: 42ccc486ccc486bbb
Sending message: 487
Sent message: 42ccc487ccc487bbb
Sending message: 488
Sent message: 42ccc488ccc488bbb
Sending message: 489
Sent message: 42ccc489ccc489bbb
Sending message: 490
Sent message: 42ccc490ccc490bbb
Sending message: 491
Sent message: 42ccc491ccc491bbb
Sending message: 492
Sent message: 42ccc492ccc492bbb
Sending message: 493
Sent message: 42ccc493ccc493bbb
Sending message: 494
Sent message: 42ccc494ccc494bbb
Sending message: 495
Sent message: 42ccc495ccc495bbb
Sending message: 496
Sent message: 42ccc496ccc496bbb
Sending message: 497
Sent message: 42ccc497ccc497bbb
Sending message: 498
Sent message: 42ccc498ccc498bbb
Sending message: 499
Sent message: 42ccc499ccc499bbb
Sending message: 500
Sent message: 42ccc500ccc500bbb
Sending message: 501
Sent message: 42ccc501ccc501bbb
Sending message: 502
Sent message: 42ccc502ccc502bbb
Sending message: 503
Sent message: 42ccc503ccc503bbb
Sending message: 504
Sent message: 42ccc504ccc504bbb
Sending message: 505
Sent message: 42ccc505ccc505bbb
Sending message: 506
Sent message: 42ccc506ccc506bbb
Sending message: 507
Sent message: 42ccc507ccc507bbb
Sending message: 508
Sent message: 42ccc508ccc508bbb
Sending message: 509
Sent message: 42ccc509ccc509bbb
Sending message: 510
Sent message: 42ccc510ccc510bbb
Sending message: 511
Sent message: 42ccc511ccc511bbb
Sending message: 512
Sent message: 42ccc512ccc512bbb
Sending message: 513
Sent message: 42ccc513ccc513bbb
Sending message: 514
Sent message: 42ccc514ccc514bbb
Sending message: 515
Sent message: 42ccc515ccc515bbb
Sending message: 516
Sent message: 42ccc516ccc516bbb
Sending message: 517
Sent message: 42ccc517ccc517bbb
Sending message: 518
Sent message: 42ccc518ccc518bbb
Sending message: 519
Sent message: 42ccc519ccc519bbb
Sending message: 520
Sent message: 42ccc520ccc520bbb
Sending message: 521
Sent message: 42ccc521ccc521bbb
Sending message: 522
Sent message: 42ccc522ccc522bbb
Sending message: 523
Sent message: 42ccc523ccc523bbb
Sending message: 524
Sent message: 42ccc524ccc524bbb
Sending message: 525
Sent message: 42ccc525ccc525bbb
Sending message: 526
Sent message: 42ccc526ccc526bbb
Sending message: 527
Sent message: 42ccc527ccc527bbb
Sending message: 528
Sent message: 42ccc528ccc528bbb
Sending message: 529
Sent message: 42ccc529ccc529bbb
Sending message: 530
Sent message: 42ccc530ccc530bbb
Sending message: 531
Sent message: 42ccc531ccc531bbb
Sending message: 532
Sent message: 42ccc532ccc532bbb
Sending message: 533
Sent message: 42ccc533ccc533bbb
Sending message: 534
Sent message: 42ccc534ccc534bbb
Sending message: 535
Sent message: 42ccc535ccc535bbb
Sending message: 536
Sent message: 42ccc536ccc536bbb
Sending message: 537
Sent message: 42ccc537ccc537bbb
Sending message: 538
Sent message: 42ccc538ccc538bbb
Sending message: 539
Sent message: 42ccc539ccc539bbb
Sending message: 540
Sent message: 42ccc540ccc540bbb
Sending message: 541
Sent message: 42ccc541ccc541bbb
Sending message: 542
Sent message: 42ccc542ccc542bbb
Sending message: 543
Sent message: 42ccc543ccc543bbb
Sending message: 544
Sent message: 42ccc544ccc544bbb
Sending message: 545
Sent message: 42ccc545ccc545bbb
Sending message: 546
Sent message: 42ccc546ccc546bbb
Sending message: 547
Sent message: 42ccc547ccc547bbb
Sending message: 548
Sent message: 42ccc548ccc548bbb
Sending message: 549
Sent message: 42ccc549ccc549bbb
Sending message: 550
Sent message: 42ccc550ccc550bbb
Sending message: 551
Sent message: 42ccc551ccc551bbb
Sending message: 552
Sent message: 42ccc552ccc552bbb
Sending message: 553
Sent message: 42ccc553ccc553bbb
Sending message: 554
Sent message: 42ccc554ccc554bbb
Sending message: 555
Sent message: 42ccc555ccc555bbb
Sending message: 556
Sent message: 42ccc556ccc556bbb
Sending message: 557
Sent message: 42ccc557ccc557bbb
Sending message: 558
Sent message: 42ccc558ccc558bbb
Sending message: 559
Sent message: 42ccc559ccc559bbb
Sending message: 560
Sent message: 42ccc560ccc560bbb
Sending message: 561
Sent message: 42ccc561ccc561bbb
Sending message: 562
Sent message: 42ccc562ccc562bbb
Sending message: 563
Sent message: 42ccc563ccc563bbb
Sending message: 564
Sent message: 42ccc564ccc564bbb
Sending message: 565
Sent message: 42ccc565ccc565bbb
Sending message: 566
Sent message: 42ccc566ccc566bbb
Sending message: 567
Sent message: 42ccc567ccc567bbb
Sending message: 568
Sent message: 42ccc568ccc568bbb
Sending message: 569
Sent message: 42ccc569ccc569bbb
Sending message: 570
Sent message: 42ccc570ccc570bbb
Sending message: 571
Sent message: 42ccc571ccc571bbb
Sending message: 572
Sent message: 42ccc572ccc572bbb
Sending message: 573
Sent message: 42ccc573ccc573bbb
Sending message: 574
Sent message: 42ccc574ccc574bbb
Sending message: 575
Sent message: 42ccc575ccc575bbb
Sending message: 576
Sent message: 42ccc576ccc576bbb
Sending message: 577
Sent message: 42ccc577ccc577bbb
Sending message: 578
Sent message: 42ccc578ccc578bbb
Sending message: 579
Sent message: 42ccc579ccc579bbb
Sending message: 580
Sent message: 42ccc580ccc580bbb
Sending message: 581
Sent message: 42ccc581ccc581bbb
Sending message: 582
Sent message: 42ccc582ccc582bbb
Sending message: 583
Sent message: 42ccc583ccc583bbb
Sending message: 584
Sent message: 42ccc584ccc584bbb
Sending message: 585
Sent message: 42ccc585ccc585bbb
Sending message: 586
Sent message: 42ccc586ccc586bbb
Sending message: 587
Sent message: 42ccc587ccc587bbb
Sending message: 588
Sent message: 42ccc588ccc588bbb
Sending message: 589
Sent message: 42ccc589ccc589bbb
Sending message: 590
Sent message: 42ccc590ccc590bbb
Sending message: 591
Sent message: 42ccc591ccc591bbb
Sending message: 592
Sent message: 42ccc592ccc592bbb
Sending message: 593
Sent message: 42ccc593ccc593bbb
Sending message: 594
Sent message: 42ccc594ccc594bbb
Sending message: 595
Sent message: 42ccc595ccc595bbb
Sending message: 596
Sent message: 42ccc596ccc596bbb
Sending message: 597
Sent message: 42ccc597ccc597bbb
Sending message: 598
Sent message: 42ccc598ccc598bbb
Sending message: 599
Sent message: 42ccc599ccc599bbb
Sending message: 600
Sent message: 42ccc600ccc600bbb
Sending message: 601
Sent message: 42ccc601ccc601bbb
Sending message: 602
Sent message: 42ccc602ccc602bbb
Sending message: 603
Sent message: 42ccc603ccc603bbb
Sending message: 604
Sent message: 42ccc604ccc604bbb
Sending message: 605
Sent message: 42ccc605ccc605bbb
Sending message: 606
Sent message: 42ccc606ccc606bbb
Sending message: 607
Sent message: 42ccc607ccc607bbb
Sending message: 608
Sent message: 42ccc608ccc608bbb
Sending message: 609
Sent message: 42ccc609ccc609bbb
Sending message: 610
Sent message: 42ccc610ccc610bbb
Sending message: 611
Sent message: 42ccc611ccc611bbb
Sending message: 612
Sent message: 42ccc612ccc612bbb
Sending message: 613
Sent message: 42ccc613ccc613bbb
Sending message: 614
Sent message: 42ccc614ccc614bbb
Sending message: 615
Sent message: 42ccc615ccc615bbb
Sending message: 616
Sent message: 42ccc616ccc616bbb
Sending message: 617
Sent message: 42ccc617ccc617bbb
Sending message: 618
Sent message: 42ccc618ccc618bbb
Sending message: 619
Sent message: 42ccc619ccc619bbb
Sending message: 620
Sent message: 42ccc620ccc620bbb
Sending message: 621
Sent message: 42ccc621ccc621bbb
Sending message: 622
Sent message: 42ccc622ccc622bbb
Sending message: 623
Sent message: 42ccc623ccc623bbb
Sending message: 624
Sent message: 42ccc624ccc624bbb
Sending message: 625
Sent message: 42ccc625ccc625bbb
Sending message: 626
Sent message: 42ccc626ccc626bbb
Sending message: 627
Sent message: 42ccc627ccc627bbb
Sending message: 628
Sent message: 42ccc628ccc628bbb
Sending message: 629
Sent message: 42ccc629ccc629bbb
Sending message: 630
Sent message: 42ccc630ccc630bbb
Sending message: 631
Sent message: 42ccc631ccc631bbb
Sending message: 632
Sent message: 42ccc632ccc632bbb
Sending message: 633
Sent message: 42ccc633ccc633bbb
Sending message: 634
Sent message: 42ccc634ccc634bbb
Sending message: 635
Sent message: 42ccc635ccc635bbb
Sending message: 636
Sent message: 42ccc636ccc636bbb
Sending message: 637
Sent message: 42ccc637ccc637bbb
Sending message: 638
Sent message: 42ccc638ccc638bbb
Sending message: 639
Sent message: 42ccc639ccc639bbb
Sending message: 640
Sent message: 42ccc640ccc640bbb
Sending message: 641
Sent message: 42ccc641ccc641bbb
Sending message: 642
Sent message: 42ccc642ccc642bbb
Sending message: 643
Sent message: 42ccc643ccc643bbb
Sending message: 644
Sent message: 42ccc644ccc644bbb
Sending message: 645
Sent message: 42ccc645ccc645bbb
Sending message: 646
Sent message: 42ccc646ccc646bbb
Sending message: 647
Sent message: 42ccc647ccc647bbb
Sending message: 648
Sent message: 42ccc648ccc648bbb
Sending message: 649
Sent message: 42ccc649ccc649bbb
Sending message: 650
Sent message: 42ccc650ccc650bbb
Sending message: 651
Sent message: 42ccc651ccc651bbb
Sending message: 652
Sent message: 42ccc652ccc652bbb
Sending message: 653
Sent message: 42ccc653ccc653bbb
Sending message: 654
Sent message: 42ccc654ccc654bbb
Sending message: 655
Sent message: 42ccc655ccc655bbb
Sending message: 656
Sent message: 42ccc656ccc656bbb
Sending message: 657
Sent message: 42ccc657ccc657bbb
Sending message: 658
Sent message: 42ccc658ccc658bbb
Sending message: 659
Sent message: 42ccc659ccc659bbb
Sending message: 660
Sent message: 42ccc660ccc660bbb
Sending message: 661
Sent message: 42ccc661ccc661bbb
Sending message: 662
Sent message: 42ccc662ccc662bbb
Sending message: 663
Sent message: 42ccc663ccc663bbb
Sending message: 664
Sent message: 42ccc664ccc664bbb
Sending message: 665
Sent message: 42ccc665ccc665bbb
Sending message: 666
Sent message: 42ccc666ccc666bbb
Sending message: 667
Sent message: 42ccc667ccc667bbb
Sending message: 668
Sent message: 42ccc668ccc668bbb
Sending message: 669
Sent message: 42ccc669ccc669bbb
Sending message: 670
Sent message: 42ccc670ccc670bbb
Sending message: 671
Sent message: 42ccc671ccc671bbb
Sending message: 672
Sent message: 42ccc672ccc672bbb
Sending message: 673
Sent message: 42ccc673ccc673bbb
Sending message: 674
Sent message: 42ccc674ccc674bbb
Sending message: 675
Sent message: 42ccc675ccc675bbb
Sending message: 676
Sent message: 42ccc676ccc676bbb
Sending message: 677
Sent message: 42ccc677ccc677bbb
Sending message: 678
Sent message: 42ccc678ccc678bbb
Sending message: 679
Sent message: 42ccc679ccc679bbb
Sending message: 680
Sent message: 42ccc680ccc680bbb
Sending message: 681
Sent message: 42ccc681ccc681bbb
Sending message: 682
Sent message: 42ccc682ccc682bbb
Sending message: 683
Sent message: 42ccc683ccc683bbb
Sending message: 684
Sent message: 42ccc684ccc684bbb
Sending message: 685
Sent message: 42ccc685ccc685bbb
Sending message: 686
Sent message: 42ccc686ccc686bbb
Sending message: 687
Sent message: 42ccc687ccc687bbb
Sending message: 688
Sent message: 42ccc688ccc688bbb
Sending message: 689
Sent message: 42ccc689ccc689bbb
Sending message: 690
Sent message: 42ccc690ccc690bbb
Sending message: 691
Sent message: 42ccc691ccc691bbb
Sending message: 692
Sent message: 42ccc692ccc692bbb
Sending message: 693
Sent message: 42ccc693ccc693bbb
Sending message: 694
Sent message: 42ccc694ccc694bbb
Sending message: 695
Sent message: 42ccc695ccc695bbb
Sending message: 696
Sent message: 42ccc696ccc696bbb
Sending message: 697
Sent message: 42ccc697ccc697bbb
Sending message: 698
Sent message: 42ccc698ccc698bbb
Sending message: 699
Sent message: 42ccc699ccc699bbb
Sending message: 700
Sent message: 42ccc700ccc700bbb
Sending message: 701
Sent message: 42ccc701ccc701bbb
Sending message: 702
Sent message: 42ccc702ccc702bbb
Sending message: 703
Sent message: 42ccc703ccc703bbb
Sending message: 704
Sent message: 42ccc704ccc704bbb
Sending message: 705
Sent message: 42ccc705ccc705bbb
Sending message: 706
Sent message: 42ccc706ccc706bbb
Sending message: 707
Sent message: 42ccc707ccc707bbb
Sending message: 708
Sent message: 42ccc708ccc708bbb
Sending message: 709
Sent message: 42ccc709ccc709bbb
Sending message: 710
Sent message: 42ccc710ccc710bbb
Sending message: 711
Sent message: 42ccc711ccc711bbb
Sending message: 712
Sent message: 42ccc712ccc712bbb
Sending message: 713
Sent message: 42ccc713ccc713bbb
Sending message: 714
Sent message: 42ccc714ccc714bbb
Sending message: 715
Sent message: 42ccc715ccc715bbb
Sending message: 716
Sent message: 42ccc716ccc716bbb
Sending message: 717
Sent message: 42ccc717ccc717bbb
Sending message: 718
Sent message: 42ccc718ccc718bbb
Sending message: 719
Sent message: 42ccc719ccc719bbb
Sending message: 720
Sent message: 42ccc720ccc720bbb
Sending message: 721
Sent message: 42ccc721ccc721bbb
Sending message: 722
Sent message: 42ccc722ccc722bbb
Sending message: 723
Sent message: 42ccc723ccc723bbb
Sending message: 724
Sent message: 42ccc724ccc724bbb
Sending message: 725
Sent message: 42ccc725ccc725bbb
Sending message: 726
Sent message: 42ccc726ccc726bbb
Sending message: 727
Sent message: 42ccc727ccc727bbb
Sending message: 728
Sent message: 42ccc728ccc728bbb
Sending message: 729
Sent message: 42ccc729ccc729bbb
Sending message: 730
Sent message: 42ccc730ccc730bbb
Sending message: 731
Sent message: 42ccc731ccc731bbb
Sending message: 732
Sent message: 42ccc732ccc732bbb
Sending message: 733
Sent message: 42ccc733ccc733bbb
Sending message: 734
Sent message: 42ccc734ccc734bbb
Sending message: 735
Sent message: 42ccc735ccc735bbb
Sending message: 736
Sent message: 42ccc736ccc736bbb
Sending message: 737
Sent message: 42ccc737ccc737bbb
Sending message: 738
Sent message: 42ccc738ccc738bbb
Sending message: 739
Sent message: 42ccc739ccc739bbb
Sending message: 740
Sent message: 42ccc740ccc740bbb
Sending message: 741
Sent message: 42ccc741ccc741bbb
Sending message: 742
Sent message: 42ccc742ccc742bbb
Sending message: 743
Sent message: 42ccc743ccc743bbb
Sending message: 744
Sent message: 42ccc744ccc744bbb
Sending message: 745
Sent message: 42ccc745ccc745bbb
Sending message: 746
Sent message: 42ccc746ccc746bbb
Sending message: 747
Sent message: 42ccc747ccc747bbb
Sending message: 748
Sent message: 42ccc748ccc748bbb
Sending message: 749
Sent message: 42ccc749ccc749bbb
Sending message: 750
Sent message: 42ccc750ccc750bbb
Sending message: 751
Sent message: 42ccc751ccc751bbb
Sending message: 752
Sent message: 42ccc752ccc752bbb
Sending message: 753
Sent message: 42ccc753ccc753bbb
Sending message: 754
Sent message: 42ccc754ccc754bbb
Sending message: 755
Sent message: 42ccc755ccc755bbb
Sending message: 756
Sent message: 42ccc756ccc756bbb
Sending message: 757
Sent message: 42ccc757ccc757bbb
Sending message: 758
Sent message: 42ccc758ccc758bbb
Sending message: 759
Sent message: 42ccc759ccc759bbb
Sending message: 760
Sent message: 42ccc760ccc760bbb
Sending message: 761
Sent message: 42ccc761ccc761bbb
Sending message: 762
Sent message: 42ccc762ccc762bbb
Sending message: 763
Sent message: 42ccc763ccc763bbb
Sending message: 764
Sent message: 42ccc764ccc764bbb
Sending message: 765
Sent message: 42ccc765ccc765bbb
Sending message: 766
Sent message: 42ccc766ccc766bbb
Sending message: 767
Sent message: 42ccc767ccc767bbb
Sending message: 768
Sent message: 42ccc768ccc768bbb
Sending message: 769
Sent message: 42ccc769ccc769bbb
Immediately stopping network packet processing.
Writing output.
Sending message: 770
Sent message: 42ccc770ccc770bbb