My PID: 1968

From a new terminal type `kill -SIGINT 1968` or `kill -SIGTERM 1968` to stop processing packets

My ID: 10

List of resolved hosts is:
==========================
1
Human-readable IP: 127.0.0.1
Human-readable Port: 11001

2
Human-readable IP: 127.0.0.1
Human-readable Port: 11002

3
Human-readable IP: 127.0.0.1
Human-readable Port: 11003

4
Human-readable IP: 127.0.0.1
Human-readable Port: 11004

5
Human-readable IP: 127.0.0.1
Human-readable Port: 11005

6
Human-readable IP: 127.0.0.1
Human-readable Port: 11006

7
Human-readable IP: 127.0.0.1
Human-readable Port: 11007

8
Human-readable IP: 127.0.0.1
Human-readable Port: 11008

9
Human-readable IP: 127.0.0.1
Human-readable Port: 11009

10
Human-readable IP: 127.0.0.1
Human-readable Port: 11010


Path to output:
===============
/mnt/c/repo/CS451-2023-project/template_java/bin/proc10.output

Path to config:
===============
./bin/config

Doing some initialization

Broadcasting and delivering messages...

Number of messages: 1000000
Receiver ID: 1
I am one of the senders
Sending message: 1
Sent message: 10#1#
Sending message: 2
Sent message: 10#2#
Sending message: 3
Sent message: 10#3#
Sending message: 4
Sent message: 10#4#
Sending message: 5
Sent message: 10#5#
Sending message: 6
Sent message: 10#6#
Sending message: 7
Sent message: 10#7#
Sending message: 8
Sent message: 10#8#
Sending message: 9
Sent message: 10#9#
Sending message: 10
Sent message: 10#10#
Sending message: 11
Sent message: 10#11#
Sending message: 12
Sent message: 10#12#
Sending message: 13
Sent message: 10#13#
Sending message: 14
Sent message: 10#14#
Sending message: 15
Sent message: 10#15#
Sending message: 16
Sent message: 10#16#
Sending message: 17
Sent message: 10#17#
Sending message: 18
Sent message: 10#18#
Sending message: 19
Sent message: 10#19#
Sending message: 20
Sent message: 10#20#
Sending message: 21
Sent message: 10#21#
Sending message: 22
Sent message: 10#22#
Sending message: 23
Sent message: 10#23#
Sending message: 24
Sent message: 10#24#
Sending message: 25
Sent message: 10#25#
Sending message: 26
Sent message: 10#26#
Sending message: 27
Sent message: 10#27#
Sending message: 28
Sent message: 10#28#
Sending message: 29
Sent message: 10#29#
Sending message: 30
Sent message: 10#30#
Sending message: 31
Sent message: 10#31#
Sending message: 32
Sent message: 10#32#
Sending message: 33
Sent message: 10#33#
Sending message: 34
Sent message: 10#34#
Sending message: 35
Sent message: 10#35#
Sending message: 36
Sent message: 10#36#
Sending message: 37
Sent message: 10#37#
Sending message: 38
Sent message: 10#38#
Sending message: 39
Sent message: 10#39#
Sending message: 40
Sent message: 10#40#
Sending message: 41
Sent message: 10#41#
Sending message: 42
Sent message: 10#42#
Sending message: 43
Sent message: 10#43#
Sending message: 44
Sent message: 10#44#
Sending message: 45
Sent message: 10#45#
Sending message: 46
Sent message: 10#46#
Sending message: 47
Sent message: 10#47#
Sending message: 48
Sent message: 10#48#
Sending message: 49
Sent message: 10#49#
Sending message: 50
Sent message: 10#50#
Sending message: 51
Sent message: 10#51#
Sending message: 52
Sent message: 10#52#
Sending message: 53
Sent message: 10#53#
Sending message: 54
Sent message: 10#54#
Sending message: 55
Sent message: 10#55#
Sending message: 56
Sent message: 10#56#
Sending message: 57
Sent message: 10#57#
Sending message: 58
Sent message: 10#58#
Sending message: 59
Sent message: 10#59#
Sending message: 60
Sent message: 10#60#
Sending message: 61
Sent message: 10#61#
Sending message: 62
Sent message: 10#62#
Sending message: 63
Sent message: 10#63#
Sending message: 64
Sent message: 10#64#
Sending message: 65
Sent message: 10#65#
Sending message: 66
Sent message: 10#66#
Sending message: 67
Sent message: 10#67#
Sending message: 68
Sent message: 10#68#
Sending message: 69
Sent message: 10#69#
Sending message: 70
Sent message: 10#70#
Sending message: 71
Sent message: 10#71#
Sending message: 72
Sent message: 10#72#
Sending message: 73
Sent message: 10#73#
Sending message: 74
Sent message: 10#74#
Sending message: 75
Sent message: 10#75#
Sending message: 76
Sent message: 10#76#
Sending message: 77
Sent message: 10#77#
Sending message: 78
Sent message: 10#78#
Sending message: 79
Sent message: 10#79#
Sending message: 80
Sent message: 10#80#
Sending message: 81
Sent message: 10#81#
Sending message: 82
Sent message: 10#82#
Sending message: 83
Sent message: 10#83#
Sending message: 84
Sent message: 10#84#
Sending message: 85
Sent message: 10#85#
Sending message: 86
Sent message: 10#86#
Sending message: 87
Sent message: 10#87#
Sending message: 88
Sent message: 10#88#
Sending message: 89
Sent message: 10#89#
Sending message: 90
Sent message: 10#90#
Sending message: 91
Sent message: 10#91#
Sending message: 92
Sent message: 10#92#
Sending message: 93
Sent message: 10#93#
Sending message: 94
Sent message: 10#94#
Sending message: 95
Sent message: 10#95#
Sending message: 96
Sent message: 10#96#
Sending message: 97
Sent message: 10#97#
Sending message: 98
Sent message: 10#98#
Sending message: 99
Sent message: 10#99#
Sending message: 100
Sent message: 10#100#
Sending message: 101
Sent message: 10#101#
Sending message: 102
Sent message: 10#102#
Sending message: 103
Sent message: 10#103#
Sending message: 104
Sent message: 10#104#
Sending message: 105
Sent message: 10#105#
Sending message: 106
Sent message: 10#106#
Sending message: 107
Sent message: 10#107#
Sending message: 108
Sent message: 10#108#
Sending message: 109
Sent message: 10#109#
Sending message: 110
Sent message: 10#110#
Sending message: 111
Sent message: 10#111#
Sending message: 112
Sent message: 10#112#
Sending message: 113
Sent message: 10#113#
Sending message: 114
Sent message: 10#114#
Sending message: 115
Sent message: 10#115#
Sending message: 116
Sent message: 10#116#
Sending message: 117
Sent message: 10#117#
Sending message: 118
Sent message: 10#118#
Sending message: 119
Sent message: 10#119#
Sending message: 120
Sent message: 10#120#
Sending message: 121
Sent message: 10#121#
Sending message: 122
Sent message: 10#122#
Sending message: 123
Sent message: 10#123#
Sending message: 124
Sent message: 10#124#
Sending message: 125
Sent message: 10#125#
Sending message: 126
Sent message: 10#126#
Sending message: 127
Sent message: 10#127#
Sending message: 128
Sent message: 10#128#
Sending message: 129
Sent message: 10#129#
Sending message: 130
Sent message: 10#130#
Sending message: 131
Sent message: 10#131#
Sending message: 132
Sent message: 10#132#
Sending message: 133
Sent message: 10#133#
Sending message: 134
Sent message: 10#134#
Sending message: 135
Sent message: 10#135#
Sending message: 136
Sent message: 10#136#
Sending message: 137
Sent message: 10#137#
Sending message: 138
Sent message: 10#138#
Sending message: 139
Sent message: 10#139#
Sending message: 140
Sent message: 10#140#
Sending message: 141
Sent message: 10#141#
Sending message: 142
Sent message: 10#142#
Sending message: 143
Sent message: 10#143#
Sending message: 144
Sent message: 10#144#
Sending message: 145
Sent message: 10#145#
Sending message: 146
Sent message: 10#146#
Sending message: 147
Sent message: 10#147#
Sending message: 148
Sent message: 10#148#
Sending message: 149
Sent message: 10#149#
Sending message: 150
Sent message: 10#150#
Sending message: 151
Sent message: 10#151#
Sending message: 152
Sent message: 10#152#
Sending message: 153
Sent message: 10#153#
Sending message: 154
Sent message: 10#154#
Sending message: 155
Sent message: 10#155#
Sending message: 156
Sent message: 10#156#
Sending message: 157
Sent message: 10#157#
Sending message: 158
Sent message: 10#158#
Sending message: 159
Sent message: 10#159#
Sending message: 160
Sent message: 10#160#
Sending message: 161
Sent message: 10#161#
Sending message: 162
Sent message: 10#162#
Sending message: 163
Sent message: 10#163#
Sending message: 164
Sent message: 10#164#
Sending message: 165
Sent message: 10#165#
Sending message: 166
Sent message: 10#166#
Sending message: 167
Sent message: 10#167#
Sending message: 168
Sent message: 10#168#
Sending message: 169
Sent message: 10#169#
Sending message: 170
Sent message: 10#170#
Sending message: 171
Sent message: 10#171#
Sending message: 172
Sent message: 10#172#
Sending message: 173
Sent message: 10#173#
Sending message: 174
Sent message: 10#174#
Sending message: 175
Sent message: 10#175#
Sending message: 176
Sent message: 10#176#
Sending message: 177
Sent message: 10#177#
Sending message: 178
Sent message: 10#178#
Sending message: 179
Sent message: 10#179#
Sending message: 180
Sent message: 10#180#
Sending message: 181
Sent message: 10#181#
Sending message: 182
Sent message: 10#182#
Sending message: 183
Sent message: 10#183#
Sending message: 184
Sent message: 10#184#
Sending message: 185
Sent message: 10#185#
Sending message: 186
Sent message: 10#186#
Sending message: 187
Sent message: 10#187#
Sending message: 188
Sent message: 10#188#
Sending message: 189
Sent message: 10#189#
Sending message: 190
Sent message: 10#190#
Sending message: 191
Sent message: 10#191#
Sending message: 192
Sent message: 10#192#
Sending message: 193
Sent message: 10#193#
Sending message: 194
Sent message: 10#194#
Sending message: 195
Sent message: 10#195#
Sending message: 196
Sent message: 10#196#
Sending message: 197
Sent message: 10#197#
Sending message: 198
Sent message: 10#198#
Sending message: 199
Sent message: 10#199#
Sending message: 200
Sent message: 10#200#
Sending message: 201
Sent message: 10#201#
Sending message: 202
Sent message: 10#202#
Sending message: 203
Sent message: 10#203#
Sending message: 204
Sent message: 10#204#
Sending message: 205
Sent message: 10#205#
Sending message: 206
Sent message: 10#206#
Sending message: 207
Sent message: 10#207#
Sending message: 208
Sent message: 10#208#
Sending message: 209
Sent message: 10#209#
Sending message: 210
Sent message: 10#210#
Sending message: 211
Sent message: 10#211#
Sending message: 212
Sent message: 10#212#
Sending message: 213
Sent message: 10#213#
Sending message: 214
Sent message: 10#214#
Sending message: 215
Sent message: 10#215#
Sending message: 216
Sent message: 10#216#
Sending message: 217
Sent message: 10#217#
Sending message: 218
Sent message: 10#218#
Sending message: 219
Sent message: 10#219#
Sending message: 220
Sent message: 10#220#
Sending message: 221
Sent message: 10#221#
Sending message: 222
Sent message: 10#222#
Sending message: 223
Sent message: 10#223#
Sending message: 224
Sent message: 10#224#
Sending message: 225
Sent message: 10#225#
Sending message: 226
Sent message: 10#226#
Sending message: 227
Sent message: 10#227#
Sending message: 228
Sent message: 10#228#
Sending message: 229
Sent message: 10#229#
Sending message: 230
Sent message: 10#230#
Sending message: 231
Sent message: 10#231#
Sending message: 232
Sent message: 10#232#
Sending message: 233
Sent message: 10#233#
Sending message: 234
Sent message: 10#234#
Sending message: 235
Sent message: 10#235#
Sending message: 236
Sent message: 10#236#
Sending message: 237
Sent message: 10#237#
Sending message: 238
Sent message: 10#238#
Sending message: 239
Sent message: 10#239#
Sending message: 240
Sent message: 10#240#
Sending message: 241
Sent message: 10#241#
Sending message: 242
Sent message: 10#242#
Sending message: 243
Sent message: 10#243#
Sending message: 244
Sent message: 10#244#
Sending message: 245
Sent message: 10#245#
Sending message: 246
Sent message: 10#246#
Sending message: 247
Sent message: 10#247#
Sending message: 248
Sent message: 10#248#
Sending message: 249
Sent message: 10#249#
Sending message: 250
Sent message: 10#250#
Sending message: 251
Sent message: 10#251#
Sending message: 252
Sent message: 10#252#
Sending message: 253
Sent message: 10#253#
Sending message: 254
Sent message: 10#254#
Sending message: 255
Sent message: 10#255#
Sending message: 256
Sent message: 10#256#
Sending message: 257
Sent message: 10#257#
Sending message: 258
Sent message: 10#258#
Sending message: 259
Sent message: 10#259#
Sending message: 260
Sent message: 10#260#
Sending message: 261
Sent message: 10#261#
Sending message: 262
Sent message: 10#262#
Sending message: 263
Sent message: 10#263#
Sending message: 264
Sent message: 10#264#
Sending message: 265
Sent message: 10#265#
Sending message: 266
Sent message: 10#266#
Sending message: 267
Sent message: 10#267#
Sending message: 268
Sent message: 10#268#
Sending message: 269
Sent message: 10#269#
Sending message: 270
Sent message: 10#270#
Sending message: 271
Sent message: 10#271#
Sending message: 272
Sent message: 10#272#
Sending message: 273
Sent message: 10#273#
Sending message: 274
Sent message: 10#274#
Sending message: 275
Sent message: 10#275#
Sending message: 276
Sent message: 10#276#
Sending message: 277
Sent message: 10#277#
Sending message: 278
Sent message: 10#278#
Sending message: 279
Sent message: 10#279#
Sending message: 280
Sent message: 10#280#
Sending message: 281
Sent message: 10#281#
Sending message: 282
Sent message: 10#282#
Sending message: 283
Sent message: 10#283#
Sending message: 284
Sent message: 10#284#
Sending message: 285
Sent message: 10#285#
Sending message: 286
Sent message: 10#286#
Sending message: 287
Sent message: 10#287#
Sending message: 288
Sent message: 10#288#
Sending message: 289
Sent message: 10#289#
Sending message: 290
Sent message: 10#290#
Sending message: 291
Sent message: 10#291#
Sending message: 292
Sent message: 10#292#
Sending message: 293
Sent message: 10#293#
Sending message: 294
Sent message: 10#294#
Sending message: 295
Sent message: 10#295#
Sending message: 296
Sent message: 10#296#
Sending message: 297
Sent message: 10#297#
Sending message: 298
Sent message: 10#298#
Sending message: 299
Sent message: 10#299#
Sending message: 300
Sent message: 10#300#
Sending message: 301
Sent message: 10#301#
Sending message: 302
Sent message: 10#302#
Sending message: 303
Sent message: 10#303#
Sending message: 304
Sent message: 10#304#
Sending message: 305
Sent message: 10#305#
Sending message: 306
Sent message: 10#306#
Sending message: 307
Sent message: 10#307#
Sending message: 308
Sent message: 10#308#
Sending message: 309
Sent message: 10#309#
Sending message: 310
Sent message: 10#310#
Sending message: 311
Sent message: 10#311#
Sending message: 312
Sent message: 10#312#
Sending message: 313
Sent message: 10#313#
Sending message: 314
Sent message: 10#314#
Sending message: 315
Sent message: 10#315#
Sending message: 316
Sent message: 10#316#
Sending message: 317
Sent message: 10#317#
Sending message: 318
Sent message: 10#318#
Sending message: 319
Sent message: 10#319#
Sending message: 320
Sent message: 10#320#
Sending message: 321
Sent message: 10#321#
Sending message: 322
Sent message: 10#322#
Sending message: 323
Sent message: 10#323#
Sending message: 324
Sent message: 10#324#
Sending message: 325
Sent message: 10#325#
Sending message: 326
Sent message: 10#326#
Sending message: 327
Sent message: 10#327#
Sending message: 328
Sent message: 10#328#
Sending message: 329
Sent message: 10#329#
Sending message: 330
Sent message: 10#330#
Sending message: 331
Sent message: 10#331#
Sending message: 332
Sent message: 10#332#
Sending message: 333
Sent message: 10#333#
Sending message: 334
Sent message: 10#334#
Sending message: 335
Sent message: 10#335#
Sending message: 336
Sent message: 10#336#
Sending message: 337
Sent message: 10#337#
Sending message: 338
Sent message: 10#338#
Sending message: 339
Sent message: 10#339#
Sending message: 340
Sent message: 10#340#
Sending message: 341
Sent message: 10#341#
Sending message: 342
Sent message: 10#342#
Sending message: 343
Sent message: 10#343#
Sending message: 344
Sent message: 10#344#
Sending message: 345
Sent message: 10#345#
Sending message: 346
Sent message: 10#346#
Sending message: 347
Sent message: 10#347#
Sending message: 348
Sent message: 10#348#
Sending message: 349
Sent message: 10#349#
Sending message: 350
Sent message: 10#350#
Sending message: 351
Sent message: 10#351#
Sending message: 352
Sent message: 10#352#
Immediately stopping network packet processing.
Sending message: 353
Writing output.
Sent message: 10#353#
Sending message: 354
Sent message: 10#354#
Sending message: 355
Sent message: 10#355#
Sending message: 356
Sent message: 10#356#
Sending message: 357
Sent message: 10#357#
Sending message: 358
Sent message: 10#358#
Sending message: 359