My PID: 1861

From a new terminal type `kill -SIGINT 1861` or `kill -SIGTERM 1861` to stop processing packets

My ID: 3

List of resolved hosts is:
==========================
1
Human-readable IP: 127.0.0.1
Human-readable Port: 11001

2
Human-readable IP: 127.0.0.1
Human-readable Port: 11002

3
Human-readable IP: 127.0.0.1
Human-readable Port: 11003

4
Human-readable IP: 127.0.0.1
Human-readable Port: 11004

5
Human-readable IP: 127.0.0.1
Human-readable Port: 11005

6
Human-readable IP: 127.0.0.1
Human-readable Port: 11006

7
Human-readable IP: 127.0.0.1
Human-readable Port: 11007

8
Human-readable IP: 127.0.0.1
Human-readable Port: 11008

9
Human-readable IP: 127.0.0.1
Human-readable Port: 11009

10
Human-readable IP: 127.0.0.1
Human-readable Port: 11010


Path to output:
===============
/mnt/c/repo/CS451-2023-project/template_java/bin/proc03.output

Path to config:
===============
./bin/config

Doing some initialization

Broadcasting and delivering messages...

Number of messages: 1000000
Receiver ID: 1
I am one of the senders
Sending message: 1
Sent message: 3#1#
Sending message: 2
Sent message: 3#2#
Sending message: 3
Sent message: 3#3#
Sending message: 4
Sent message: 3#4#
Sending message: 5
Sent message: 3#5#
Sending message: 6
Sent message: 3#6#
Sending message: 7
Sent message: 3#7#
Sending message: 8
Sent message: 3#8#
Sending message: 9
Sent message: 3#9#
Sending message: 10
Sent message: 3#10#
Sending message: 11
Sent message: 3#11#
Sending message: 12
Sent message: 3#12#
Sending message: 13
Sent message: 3#13#
Sending message: 14
Sent message: 3#14#
Sending message: 15
Sent message: 3#15#
Sending message: 16
Sent message: 3#16#
Sending message: 17
Sent message: 3#17#
Sending message: 18
Sent message: 3#18#
Sending message: 19
Sent message: 3#19#
Sending message: 20
Sent message: 3#20#
Sending message: 21
Sent message: 3#21#
Sending message: 22
Sent message: 3#22#
Sending message: 23
Sent message: 3#23#
Sending message: 24
Sent message: 3#24#
Sending message: 25
Sent message: 3#25#
Sending message: 26
Sent message: 3#26#
Sending message: 27
Sent message: 3#27#
Sending message: 28
Sent message: 3#28#
Sending message: 29
Sent message: 3#29#
Sending message: 30
Sent message: 3#30#
Sending message: 31
Sent message: 3#31#
Sending message: 32
Sent message: 3#32#
Sending message: 33
Sent message: 3#33#
Sending message: 34
Sent message: 3#34#
Sending message: 35
Sent message: 3#35#
Sending message: 36
Sent message: 3#36#
Sending message: 37
Sent message: 3#37#
Sending message: 38
Sent message: 3#38#
Sending message: 39
Sent message: 3#39#
Sending message: 40
Sent message: 3#40#
Sending message: 41
Sent message: 3#41#
Sending message: 42
Sent message: 3#42#
Sending message: 43
Sent message: 3#43#
Sending message: 44
Sent message: 3#44#
Sending message: 45
Sent message: 3#45#
Sending message: 46
Sent message: 3#46#
Sending message: 47
Sent message: 3#47#
Sending message: 48
Sent message: 3#48#
Sending message: 49
Sent message: 3#49#
Sending message: 50
Sent message: 3#50#
Sending message: 51
Sent message: 3#51#
Sending message: 52
Sent message: 3#52#
Sending message: 53
Sent message: 3#53#
Sending message: 54
Sent message: 3#54#
Sending message: 55
Sent message: 3#55#
Sending message: 56
Sent message: 3#56#
Sending message: 57
Sent message: 3#57#
Sending message: 58
Sent message: 3#58#
Sending message: 59
Sent message: 3#59#
Sending message: 60
Sent message: 3#60#
Sending message: 61
Sent message: 3#61#
Sending message: 62
Sent message: 3#62#
Sending message: 63
Sent message: 3#63#
Sending message: 64
Sent message: 3#64#
Sending message: 65
Sent message: 3#65#
Sending message: 66
Sent message: 3#66#
Sending message: 67
Sent message: 3#67#
Sending message: 68
Sent message: 3#68#
Sending message: 69
Sent message: 3#69#
Sending message: 70
Sent message: 3#70#
Sending message: 71
Sent message: 3#71#
Sending message: 72
Sent message: 3#72#
Sending message: 73
Sent message: 3#73#
Sending message: 74
Sent message: 3#74#
Sending message: 75
Sent message: 3#75#
Sending message: 76
Sent message: 3#76#
Sending message: 77
Sent message: 3#77#
Sending message: 78
Sent message: 3#78#
Sending message: 79
Sent message: 3#79#
Sending message: 80
Sent message: 3#80#
Sending message: 81
Sent message: 3#81#
Sending message: 82
Sent message: 3#82#
Sending message: 83
Sent message: 3#83#
Sending message: 84
Sent message: 3#84#
Sending message: 85
Sent message: 3#85#
Sending message: 86
Sent message: 3#86#
Sending message: 87
Sent message: 3#87#
Sending message: 88
Sent message: 3#88#
Sending message: 89
Sent message: 3#89#
Sending message: 90
Sent message: 3#90#
Sending message: 91
Sent message: 3#91#
Sending message: 92
Sent message: 3#92#
Sending message: 93
Sent message: 3#93#
Sending message: 94
Sent message: 3#94#
Sending message: 95
Sent message: 3#95#
Sending message: 96
Sent message: 3#96#
Sending message: 97
Sent message: 3#97#
Sending message: 98
Sent message: 3#98#
Sending message: 99
Sent message: 3#99#
Sending message: 100
Sent message: 3#100#
Sending message: 101
Sent message: 3#101#
Sending message: 102
Sent message: 3#102#
Sending message: 103
Sent message: 3#103#
Sending message: 104
Sent message: 3#104#
Sending message: 105
Sent message: 3#105#
Sending message: 106
Sent message: 3#106#
Sending message: 107
Sent message: 3#107#
Sending message: 108
Sent message: 3#108#
Sending message: 109
Sent message: 3#109#
Sending message: 110
Sent message: 3#110#
Sending message: 111
Sent message: 3#111#
Sending message: 112
Sent message: 3#112#
Sending message: 113
Sent message: 3#113#
Sending message: 114
Sent message: 3#114#
Sending message: 115
Sent message: 3#115#
Sending message: 116
Sent message: 3#116#
Sending message: 117
Sent message: 3#117#
Sending message: 118
Sent message: 3#118#
Sending message: 119
Sent message: 3#119#
Sending message: 120
Sent message: 3#120#
Sending message: 121
Sent message: 3#121#
Sending message: 122
Sent message: 3#122#
Sending message: 123
Sent message: 3#123#
Sending message: 124
Sent message: 3#124#
Sending message: 125
Sent message: 3#125#
Sending message: 126
Sent message: 3#126#
Sending message: 127
Sent message: 3#127#
Sending message: 128
Sent message: 3#128#
Sending message: 129
Sent message: 3#129#
Sending message: 130
Sent message: 3#130#
Sending message: 131
Sent message: 3#131#
Sending message: 132
Sent message: 3#132#
Sending message: 133
Sent message: 3#133#
Sending message: 134
Sent message: 3#134#
Sending message: 135
Sent message: 3#135#
Sending message: 136
Sent message: 3#136#
Sending message: 137
Sent message: 3#137#
Sending message: 138
Sent message: 3#138#
Sending message: 139
Sent message: 3#139#
Sending message: 140
Sent message: 3#140#
Sending message: 141
Sent message: 3#141#
Sending message: 142
Sent message: 3#142#
Sending message: 143
Sent message: 3#143#
Sending message: 144
Sent message: 3#144#
Sending message: 145
Sent message: 3#145#
Sending message: 146
Sent message: 3#146#
Sending message: 147
Sent message: 3#147#
Sending message: 148
Sent message: 3#148#
Sending message: 149
Sent message: 3#149#
Sending message: 150
Sent message: 3#150#
Sending message: 151
Sent message: 3#151#
Sending message: 152
Sent message: 3#152#
Sending message: 153
Sent message: 3#153#
Sending message: 154
Sent message: 3#154#
Sending message: 155
Sent message: 3#155#
Sending message: 156
Sent message: 3#156#
Sending message: 157
Sent message: 3#157#
Sending message: 158
Sent message: 3#158#
Sending message: 159
Sent message: 3#159#
Sending message: 160
Sent message: 3#160#
Sending message: 161
Sent message: 3#161#
Sending message: 162
Sent message: 3#162#
Sending message: 163
Sent message: 3#163#
Sending message: 164
Sent message: 3#164#
Sending message: 165
Sent message: 3#165#
Sending message: 166
Sent message: 3#166#
Sending message: 167
Sent message: 3#167#
Sending message: 168
Sent message: 3#168#
Sending message: 169
Sent message: 3#169#
Sending message: 170
Sent message: 3#170#
Sending message: 171
Sent message: 3#171#
Sending message: 172
Sent message: 3#172#
Sending message: 173
Sent message: 3#173#
Sending message: 174
Sent message: 3#174#
Sending message: 175
Sent message: 3#175#
Sending message: 176
Sent message: 3#176#
Sending message: 177
Sent message: 3#177#
Sending message: 178
Sent message: 3#178#
Sending message: 179
Sent message: 3#179#
Sending message: 180
Sent message: 3#180#
Sending message: 181
Sent message: 3#181#
Sending message: 182
Sent message: 3#182#
Sending message: 183
Sent message: 3#183#
Sending message: 184
Sent message: 3#184#
Sending message: 185
Sent message: 3#185#
Sending message: 186
Sent message: 3#186#
Sending message: 187
Sent message: 3#187#
Sending message: 188
Sent message: 3#188#
Sending message: 189
Sent message: 3#189#
Sending message: 190
Sent message: 3#190#
Sending message: 191
Sent message: 3#191#
Sending message: 192
Sent message: 3#192#
Sending message: 193
Sent message: 3#193#
Sending message: 194
Sent message: 3#194#
Sending message: 195
Sent message: 3#195#
Sending message: 196
Sent message: 3#196#
Sending message: 197
Sent message: 3#197#
Sending message: 198
Sent message: 3#198#
Sending message: 199
Sent message: 3#199#
Sending message: 200
Sent message: 3#200#
Sending message: 201
Sent message: 3#201#
Sending message: 202
Sent message: 3#202#
Sending message: 203
Sent message: 3#203#
Sending message: 204
Sent message: 3#204#
Sending message: 205
Sent message: 3#205#
Sending message: 206
Sent message: 3#206#
Sending message: 207
Sent message: 3#207#
Sending message: 208
Sent message: 3#208#
Sending message: 209
Sent message: 3#209#
Sending message: 210
Sent message: 3#210#
Sending message: 211
Sent message: 3#211#
Sending message: 212
Sent message: 3#212#
Sending message: 213
Sent message: 3#213#
Sending message: 214
Sent message: 3#214#
Sending message: 215
Sent message: 3#215#
Sending message: 216
Sent message: 3#216#
Sending message: 217
Sent message: 3#217#
Sending message: 218
Sent message: 3#218#
Sending message: 219
Sent message: 3#219#
Sending message: 220
Sent message: 3#220#
Sending message: 221
Sent message: 3#221#
Sending message: 222
Sent message: 3#222#
Sending message: 223
Sent message: 3#223#
Sending message: 224
Sent message: 3#224#
Sending message: 225
Sent message: 3#225#
Sending message: 226
Sent message: 3#226#
Sending message: 227
Sent message: 3#227#
Sending message: 228
Sent message: 3#228#
Sending message: 229
Sent message: 3#229#
Sending message: 230
Sent message: 3#230#
Sending message: 231
Sent message: 3#231#
Sending message: 232
Sent message: 3#232#
Sending message: 233
Sent message: 3#233#
Sending message: 234
Sent message: 3#234#
Sending message: 235
Sent message: 3#235#
Sending message: 236
Sent message: 3#236#
Sending message: 237
Sent message: 3#237#
Sending message: 238
Sent message: 3#238#
Sending message: 239
Sent message: 3#239#
Sending message: 240
Sent message: 3#240#
Sending message: 241
Sent message: 3#241#
Sending message: 242
Sent message: 3#242#
Sending message: 243
Sent message: 3#243#
Sending message: 244
Sent message: 3#244#
Sending message: 245
Sent message: 3#245#
Sending message: 246
Sent message: 3#246#
Sending message: 247
Sent message: 3#247#
Sending message: 248
Sent message: 3#248#
Sending message: 249
Sent message: 3#249#
Sending message: 250
Sent message: 3#250#
Sending message: 251
Sent message: 3#251#
Sending message: 252
Sent message: 3#252#
Sending message: 253
Sent message: 3#253#
Sending message: 254
Sent message: 3#254#
Sending message: 255
Sent message: 3#255#
Sending message: 256
Sent message: 3#256#
Sending message: 257
Sent message: 3#257#
Sending message: 258
Sent message: 3#258#
Sending message: 259
Sent message: 3#259#
Sending message: 260
Sent message: 3#260#
Sending message: 261
Sent message: 3#261#
Sending message: 262
Sent message: 3#262#
Sending message: 263
Sent message: 3#263#
Sending message: 264
Sent message: 3#264#
Sending message: 265
Sent message: 3#265#
Sending message: 266
Sent message: 3#266#
Sending message: 267
Sent message: 3#267#
Sending message: 268
Sent message: 3#268#
Sending message: 269
Sent message: 3#269#
Sending message: 270
Sent message: 3#270#
Sending message: 271
Sent message: 3#271#
Sending message: 272
Sent message: 3#272#
Sending message: 273
Sent message: 3#273#
Sending message: 274
Sent message: 3#274#
Sending message: 275
Sent message: 3#275#
Sending message: 276
Sent message: 3#276#
Sending message: 277
Sent message: 3#277#
Sending message: 278
Sent message: 3#278#
Sending message: 279
Sent message: 3#279#
Sending message: 280
Sent message: 3#280#
Sending message: 281
Sent message: 3#281#
Sending message: 282
Sent message: 3#282#
Sending message: 283
Sent message: 3#283#
Sending message: 284
Sent message: 3#284#
Sending message: 285
Sent message: 3#285#
Sending message: 286
Sent message: 3#286#
Sending message: 287
Sent message: 3#287#
Sending message: 288
Sent message: 3#288#
Sending message: 289
Sent message: 3#289#
Sending message: 290
Sent message: 3#290#
Sending message: 291
Sent message: 3#291#
Sending message: 292
Sent message: 3#292#
Sending message: 293
Sent message: 3#293#
Sending message: 294
Sent message: 3#294#
Sending message: 295
Sent message: 3#295#
Sending message: 296
Sent message: 3#296#
Sending message: 297
Sent message: 3#297#
Sending message: 298
Sent message: 3#298#
Sending message: 299
Sent message: 3#299#
Sending message: 300
Sent message: 3#300#
Sending message: 301
Sent message: 3#301#
Sending message: 302
Sent message: 3#302#
Sending message: 303
Sent message: 3#303#
Sending message: 304
Sent message: 3#304#
Sending message: 305
Sent message: 3#305#
Sending message: 306
Sent message: 3#306#
Sending message: 307
Sent message: 3#307#
Sending message: 308
Sent message: 3#308#
Sending message: 309
Sent message: 3#309#
Sending message: 310
Sent message: 3#310#
Sending message: 311
Sent message: 3#311#
Sending message: 312
Sent message: 3#312#
Sending message: 313
Sent message: 3#313#
Sending message: 314
Sent message: 3#314#
Sending message: 315
Sent message: 3#315#
Sending message: 316
Sent message: 3#316#
Sending message: 317
Sent message: 3#317#
Sending message: 318
Sent message: 3#318#
Sending message: 319
Sent message: 3#319#
Sending message: 320
Sent message: 3#320#
Sending message: 321
Sent message: 3#321#
Sending message: 322
Sent message: 3#322#
Sending message: 323
Sent message: 3#323#
Sending message: 324
Sent message: 3#324#
Sending message: 325
Sent message: 3#325#
Sending message: 326
Sent message: 3#326#
Sending message: 327
Sent message: 3#327#
Sending message: 328
Sent message: 3#328#
Sending message: 329
Sent message: 3#329#
Sending message: 330
Sent message: 3#330#
Sending message: 331
Sent message: 3#331#
Sending message: 332
Sent message: 3#332#
Sending message: 333
Sent message: 3#333#
Sending message: 334
Sent message: 3#334#
Sending message: 335
Sent message: 3#335#
Sending message: 336
Sent message: 3#336#
Sending message: 337
Sent message: 3#337#
Sending message: 338
Sent message: 3#338#
Sending message: 339
Sent message: 3#339#
Sending message: 340
Sent message: 3#340#
Sending message: 341
Sent message: 3#341#
Sending message: 342
Sent message: 3#342#
Sending message: 343
Sent message: 3#343#
Sending message: 344
Sent message: 3#344#
Sending message: 345
Sent message: 3#345#
Sending message: 346
Sent message: 3#346#
Sending message: 347
Sent message: 3#347#
Sending message: 348
Sent message: 3#348#
Sending message: 349
Sent message: 3#349#
Sending message: 350
Sent message: 3#350#
Sending message: 351
Sent message: 3#351#
Sending message: 352
Sent message: 3#352#
Sending message: 353
Sent message: 3#353#
Sending message: 354
Sent message: 3#354#
Sending message: 355
Sent message: 3#355#
Sending message: 356
Sent message: 3#356#
Sending message: 357
Sent message: 3#357#
Sending message: 358
Sent message: 3#358#
Sending message: 359
Sent message: 3#359#
Sending message: 360
Sent message: 3#360#
Sending message: 361
Sent message: 3#361#
Sending message: 362
Sent message: 3#362#
Sending message: 363
Sent message: 3#363#
Sending message: 364
Sent message: 3#364#
Sending message: 365
Sent message: 3#365#
Sending message: 366
Sent message: 3#366#
Sending message: 367
Sent message: 3#367#
Sending message: 368
Sent message: 3#368#
Sending message: 369
Sent message: 3#369#
Sending message: 370
Sent message: 3#370#
Sending message: 371
Sent message: 3#371#
Sending message: 372
Sent message: 3#372#
Sending message: 373
Sent message: 3#373#
Sending message: 374
Sent message: 3#374#
Sending message: 375
Sent message: 3#375#
Sending message: 376
Sent message: 3#376#
Sending message: 377
Sent message: 3#377#
Sending message: 378
Sent message: 3#378#
Sending message: 379
Sent message: 3#379#
Sending message: 380
Sent message: 3#380#
Sending message: 381
Sent message: 3#381#
Sending message: 382
Sent message: 3#382#
Sending message: 383
Sent message: 3#383#
Sending message: 384
Sent message: 3#384#
Sending message: 385
Sent message: 3#385#
Sending message: 386
Sent message: 3#386#
Sending message: 387
Sent message: 3#387#
Sending message: 388
Sent message: 3#388#
Sending message: 389
Sent message: 3#389#
Sending message: 390
Sent message: 3#390#
Sending message: 391
Sent message: 3#391#
Sending message: 392
Sent message: 3#392#
Sending message: 393
Sent message: 3#393#
Sending message: 394
Sent message: 3#394#
Sending message: 395
Sent message: 3#395#
Sending message: 396
Sent message: 3#396#
Sending message: 397
Sent message: 3#397#
Sending message: 398
Sent message: 3#398#
Sending message: 399
Sent message: 3#399#
Sending message: 400
Sent message: 3#400#
Sending message: 401
Sent message: 3#401#
Sending message: 402
Sent message: 3#402#
Sending message: 403
Sent message: 3#403#
Sending message: 404
Sent message: 3#404#
Sending message: 405
Sent message: 3#405#
Sending message: 406
Sent message: 3#406#
Sending message: 407
Sent message: 3#407#
Sending message: 408
Sent message: 3#408#
Sending message: 409
Sent message: 3#409#
Sending message: 410
Sent message: 3#410#
Sending message: 411
Sent message: 3#411#
Sending message: 412
Sent message: 3#412#
Sending message: 413
Sent message: 3#413#
Sending message: 414
Sent message: 3#414#
Sending message: 415
Sent message: 3#415#
Sending message: 416
Sent message: 3#416#
Sending message: 417
Sent message: 3#417#
Sending message: 418
Sent message: 3#418#
Sending message: 419
Sent message: 3#419#
Sending message: 420
Sent message: 3#420#
Sending message: 421
Sent message: 3#421#
Sending message: 422
Sent message: 3#422#
Sending message: 423
Sent message: 3#423#
Sending message: 424
Sent message: 3#424#
Sending message: 425
Sent message: 3#425#
Sending message: 426
Sent message: 3#426#
Sending message: 427
Sent message: 3#427#
Sending message: 428
Sent message: 3#428#
Sending message: 429
Sent message: 3#429#
Sending message: 430
Sent message: 3#430#
Sending message: 431
Sent message: 3#431#
Sending message: 432
Sent message: 3#432#
Sending message: 433
Sent message: 3#433#
Sending message: 434
Sent message: 3#434#
Sending message: 435
Sent message: 3#435#
Sending message: 436
Sent message: 3#436#
Sending message: 437
Sent message: 3#437#
Sending message: 438
Sent message: 3#438#
Sending message: 439
Sent message: 3#439#
Sending message: 440
Sent message: 3#440#
Sending message: 441
Sent message: 3#441#
Sending message: 442
Sent message: 3#442#
Sending message: 443
Sent message: 3#443#
Sending message: 444
Sent message: 3#444#
Sending message: 445
Sent message: 3#445#
Sending message: 446
Sent message: 3#446#
Sending message: 447
Sent message: 3#447#
Sending message: 448
Sent message: 3#448#
Sending message: 449
Sent message: 3#449#
Sending message: 450
Sent message: 3#450#
Sending message: 451
Sent message: 3#451#
Sending message: 452
Sent message: 3#452#
Sending message: 453
Sent message: 3#453#
Sending message: 454
Sent message: 3#454#
Sending message: 455
Sent message: 3#455#
Sending message: 456
Sent message: 3#456#
Sending message: 457
Sent message: 3#457#
Sending message: 458
Sent message: 3#458#
Sending message: 459
Sent message: 3#459#
Sending message: 460
Sent message: 3#460#
Sending message: 461
Sent message: 3#461#
Sending message: 462
Sent message: 3#462#
Sending message: 463
Sent message: 3#463#
Sending message: 464
Sent message: 3#464#
Sending message: 465
Sent message: 3#465#
Sending message: 466
Sent message: 3#466#
Sending message: 467
Sent message: 3#467#
Sending message: 468
Sent message: 3#468#
Sending message: 469
Sent message: 3#469#
Sending message: 470
Sent message: 3#470#
Sending message: 471
Sent message: 3#471#
Sending message: 472
Sent message: 3#472#
Sending message: 473
Sent message: 3#473#
Sending message: 474
Sent message: 3#474#
Sending message: 475
Sent message: 3#475#
Sending message: 476
Sent message: 3#476#
Sending message: 477
Sent message: 3#477#
Sending message: 478
Sent message: 3#478#
Sending message: 479
Sent message: 3#479#
Sending message: 480
Sent message: 3#480#
Sending message: 481
Sent message: 3#481#
Sending message: 482
Sent message: 3#482#
Sending message: 483
Sent message: 3#483#
Sending message: 484
Immediately stopping network packet processing.
Sent message: 3#484#
Sending message: 485
Writing output.
Sent message: 3#485#
Sending message: 486
Sent message: 3#486#
Sending message: 487
Sent message: 3#487#
Sending message: 488
Sent message: 3#488#
Sending message: 489
Sent message: 3#489#
Sending message: 490
Sent message: 3#490#
Sending message: 491