My PID: 7424

From a new terminal type `kill -SIGINT 7424` or `kill -SIGTERM 7424` to stop processing packets

My ID: 36

List of resolved hosts is:
==========================
1
Human-readable IP: 127.0.0.1
Human-readable Port: 11001

2
Human-readable IP: 127.0.0.1
Human-readable Port: 11002

3
Human-readable IP: 127.0.0.1
Human-readable Port: 11003

4
Human-readable IP: 127.0.0.1
Human-readable Port: 11004

5
Human-readable IP: 127.0.0.1
Human-readable Port: 11005

6
Human-readable IP: 127.0.0.1
Human-readable Port: 11006

7
Human-readable IP: 127.0.0.1
Human-readable Port: 11007

8
Human-readable IP: 127.0.0.1
Human-readable Port: 11008

9
Human-readable IP: 127.0.0.1
Human-readable Port: 11009

10
Human-readable IP: 127.0.0.1
Human-readable Port: 11010

11
Human-readable IP: 127.0.0.1
Human-readable Port: 11011

12
Human-readable IP: 127.0.0.1
Human-readable Port: 11012

13
Human-readable IP: 127.0.0.1
Human-readable Port: 11013

14
Human-readable IP: 127.0.0.1
Human-readable Port: 11014

15
Human-readable IP: 127.0.0.1
Human-readable Port: 11015

16
Human-readable IP: 127.0.0.1
Human-readable Port: 11016

17
Human-readable IP: 127.0.0.1
Human-readable Port: 11017

18
Human-readable IP: 127.0.0.1
Human-readable Port: 11018

19
Human-readable IP: 127.0.0.1
Human-readable Port: 11019

20
Human-readable IP: 127.0.0.1
Human-readable Port: 11020

21
Human-readable IP: 127.0.0.1
Human-readable Port: 11021

22
Human-readable IP: 127.0.0.1
Human-readable Port: 11022

23
Human-readable IP: 127.0.0.1
Human-readable Port: 11023

24
Human-readable IP: 127.0.0.1
Human-readable Port: 11024

25
Human-readable IP: 127.0.0.1
Human-readable Port: 11025

26
Human-readable IP: 127.0.0.1
Human-readable Port: 11026

27
Human-readable IP: 127.0.0.1
Human-readable Port: 11027

28
Human-readable IP: 127.0.0.1
Human-readable Port: 11028

29
Human-readable IP: 127.0.0.1
Human-readable Port: 11029

30
Human-readable IP: 127.0.0.1
Human-readable Port: 11030

31
Human-readable IP: 127.0.0.1
Human-readable Port: 11031

32
Human-readable IP: 127.0.0.1
Human-readable Port: 11032

33
Human-readable IP: 127.0.0.1
Human-readable Port: 11033

34
Human-readable IP: 127.0.0.1
Human-readable Port: 11034

35
Human-readable IP: 127.0.0.1
Human-readable Port: 11035

36
Human-readable IP: 127.0.0.1
Human-readable Port: 11036

37
Human-readable IP: 127.0.0.1
Human-readable Port: 11037

38
Human-readable IP: 127.0.0.1
Human-readable Port: 11038

39
Human-readable IP: 127.0.0.1
Human-readable Port: 11039

40
Human-readable IP: 127.0.0.1
Human-readable Port: 11040

41
Human-readable IP: 127.0.0.1
Human-readable Port: 11041

42
Human-readable IP: 127.0.0.1
Human-readable Port: 11042

43
Human-readable IP: 127.0.0.1
Human-readable Port: 11043

44
Human-readable IP: 127.0.0.1
Human-readable Port: 11044

45
Human-readable IP: 127.0.0.1
Human-readable Port: 11045

46
Human-readable IP: 127.0.0.1
Human-readable Port: 11046

47
Human-readable IP: 127.0.0.1
Human-readable Port: 11047

48
Human-readable IP: 127.0.0.1
Human-readable Port: 11048

49
Human-readable IP: 127.0.0.1
Human-readable Port: 11049

50
Human-readable IP: 127.0.0.1
Human-readable Port: 11050

51
Human-readable IP: 127.0.0.1
Human-readable Port: 11051

52
Human-readable IP: 127.0.0.1
Human-readable Port: 11052

53
Human-readable IP: 127.0.0.1
Human-readable Port: 11053

54
Human-readable IP: 127.0.0.1
Human-readable Port: 11054

55
Human-readable IP: 127.0.0.1
Human-readable Port: 11055

56
Human-readable IP: 127.0.0.1
Human-readable Port: 11056

57
Human-readable IP: 127.0.0.1
Human-readable Port: 11057

58
Human-readable IP: 127.0.0.1
Human-readable Port: 11058

59
Human-readable IP: 127.0.0.1
Human-readable Port: 11059

60
Human-readable IP: 127.0.0.1
Human-readable Port: 11060

61
Human-readable IP: 127.0.0.1
Human-readable Port: 11061

62
Human-readable IP: 127.0.0.1
Human-readable Port: 11062

63
Human-readable IP: 127.0.0.1
Human-readable Port: 11063

64
Human-readable IP: 127.0.0.1
Human-readable Port: 11064

65
Human-readable IP: 127.0.0.1
Human-readable Port: 11065

66
Human-readable IP: 127.0.0.1
Human-readable Port: 11066

67
Human-readable IP: 127.0.0.1
Human-readable Port: 11067

68
Human-readable IP: 127.0.0.1
Human-readable Port: 11068

69
Human-readable IP: 127.0.0.1
Human-readable Port: 11069

70
Human-readable IP: 127.0.0.1
Human-readable Port: 11070

71
Human-readable IP: 127.0.0.1
Human-readable Port: 11071

72
Human-readable IP: 127.0.0.1
Human-readable Port: 11072

73
Human-readable IP: 127.0.0.1
Human-readable Port: 11073

74
Human-readable IP: 127.0.0.1
Human-readable Port: 11074

75
Human-readable IP: 127.0.0.1
Human-readable Port: 11075

76
Human-readable IP: 127.0.0.1
Human-readable Port: 11076

77
Human-readable IP: 127.0.0.1
Human-readable Port: 11077

78
Human-readable IP: 127.0.0.1
Human-readable Port: 11078

79
Human-readable IP: 127.0.0.1
Human-readable Port: 11079

80
Human-readable IP: 127.0.0.1
Human-readable Port: 11080

81
Human-readable IP: 127.0.0.1
Human-readable Port: 11081

82
Human-readable IP: 127.0.0.1
Human-readable Port: 11082

83
Human-readable IP: 127.0.0.1
Human-readable Port: 11083

84
Human-readable IP: 127.0.0.1
Human-readable Port: 11084

85
Human-readable IP: 127.0.0.1
Human-readable Port: 11085

86
Human-readable IP: 127.0.0.1
Human-readable Port: 11086

87
Human-readable IP: 127.0.0.1
Human-readable Port: 11087

88
Human-readable IP: 127.0.0.1
Human-readable Port: 11088

89
Human-readable IP: 127.0.0.1
Human-readable Port: 11089

90
Human-readable IP: 127.0.0.1
Human-readable Port: 11090

91
Human-readable IP: 127.0.0.1
Human-readable Port: 11091

92
Human-readable IP: 127.0.0.1
Human-readable Port: 11092

93
Human-readable IP: 127.0.0.1
Human-readable Port: 11093

94
Human-readable IP: 127.0.0.1
Human-readable Port: 11094

95
Human-readable IP: 127.0.0.1
Human-readable Port: 11095

96
Human-readable IP: 127.0.0.1
Human-readable Port: 11096

97
Human-readable IP: 127.0.0.1
Human-readable Port: 11097

98
Human-readable IP: 127.0.0.1
Human-readable Port: 11098

99
Human-readable IP: 127.0.0.1
Human-readable Port: 11099

100
Human-readable IP: 127.0.0.1
Human-readable Port: 11100


Path to output:
===============
/mnt/c/repo/CS451-2023-project/template_java/bin/proc36.output

Path to config:
===============
./bin/config

Doing some initialization

Broadcasting and delivering messages...

Number of messages: 100000
Receiver ID: 1
I am one of the senders
Sending message: 1
Sent message: 36ccc1ccc1bbb
Sending message: 2
Sent message: 36ccc2ccc2bbb
Sending message: 3
Sent message: 36ccc3ccc3bbb
Sending message: 4
Sent message: 36ccc4ccc4bbb
Sending message: 5
Sent message: 36ccc5ccc5bbb
Sending message: 6
Sent message: 36ccc6ccc6bbb
Sending message: 7
Sent message: 36ccc7ccc7bbb
Sending message: 8
Sent message: 36ccc8ccc8bbb
Sending message: 9
Sent message: 36ccc9ccc9bbb
Sending message: 10
Sent message: 36ccc10ccc10bbb
Sending message: 11
Sent message: 36ccc11ccc11bbb
Sending message: 12
Sent message: 36ccc12ccc12bbb
Sending message: 13
Sent message: 36ccc13ccc13bbb
Sending message: 14
Sent message: 36ccc14ccc14bbb
Sending message: 15
Sent message: 36ccc15ccc15bbb
Sending message: 16
Sent message: 36ccc16ccc16bbb
Sending message: 17
Sent message: 36ccc17ccc17bbb
Sending message: 18
Sent message: 36ccc18ccc18bbb
Sending message: 19
Sent message: 36ccc19ccc19bbb
Sending message: 20
Sent message: 36ccc20ccc20bbb
Sending message: 21
Sent message: 36ccc21ccc21bbb
Sending message: 22
Sent message: 36ccc22ccc22bbb
Sending message: 23
Sent message: 36ccc23ccc23bbb
Sending message: 24
Sent message: 36ccc24ccc24bbb
Sending message: 25
Sent message: 36ccc25ccc25bbb
Sending message: 26
Sent message: 36ccc26ccc26bbb
Sending message: 27
Sent message: 36ccc27ccc27bbb
Sending message: 28
Sent message: 36ccc28ccc28bbb
Sending message: 29
Sent message: 36ccc29ccc29bbb
Sending message: 30
Sent message: 36ccc30ccc30bbb
Sending message: 31
Sent message: 36ccc31ccc31bbb
Sending message: 32
Sent message: 36ccc32ccc32bbb
Sending message: 33
Sent message: 36ccc33ccc33bbb
Sending message: 34
Sent message: 36ccc34ccc34bbb
Sending message: 35
Sent message: 36ccc35ccc35bbb
Sending message: 36
Sent message: 36ccc36ccc36bbb
Sending message: 37
Sent message: 36ccc37ccc37bbb
Sending message: 38
Sent message: 36ccc38ccc38bbb
Sending message: 39
Sent message: 36ccc39ccc39bbb
Sending message: 40
Sent message: 36ccc40ccc40bbb
Sending message: 41
Sent message: 36ccc41ccc41bbb
Sending message: 42
Sent message: 36ccc42ccc42bbb
Sending message: 43
Sent message: 36ccc43ccc43bbb
Sending message: 44
Sent message: 36ccc44ccc44bbb
Sending message: 45
Sent message: 36ccc45ccc45bbb
Sending message: 46
Sent message: 36ccc46ccc46bbb
Sending message: 47
Sent message: 36ccc47ccc47bbb
Sending message: 48
Sent message: 36ccc48ccc48bbb
Sending message: 49
Sent message: 36ccc49ccc49bbb
Sending message: 50
Sent message: 36ccc50ccc50bbb
Sending message: 51
Sent message: 36ccc51ccc51bbb
Sending message: 52
Sent message: 36ccc52ccc52bbb
Sending message: 53
Sent message: 36ccc53ccc53bbb
Sending message: 54
Sent message: 36ccc54ccc54bbb
Sending message: 55
Sent message: 36ccc55ccc55bbb
Sending message: 56
Sent message: 36ccc56ccc56bbb
Sending message: 57
Sent message: 36ccc57ccc57bbb
Sending message: 58
Sent message: 36ccc58ccc58bbb
Sending message: 59
Sent message: 36ccc59ccc59bbb
Sending message: 60
Sent message: 36ccc60ccc60bbb
Sending message: 61
Sent message: 36ccc61ccc61bbb
Sending message: 62
Sent message: 36ccc62ccc62bbb
Sending message: 63
Sent message: 36ccc63ccc63bbb
Sending message: 64
Sent message: 36ccc64ccc64bbb
Sending message: 65
Sent message: 36ccc65ccc65bbb
Sending message: 66
Sent message: 36ccc66ccc66bbb
Sending message: 67
Sent message: 36ccc67ccc67bbb
Sending message: 68
Sent message: 36ccc68ccc68bbb
Sending message: 69
Sent message: 36ccc69ccc69bbb
Sending message: 70
Sent message: 36ccc70ccc70bbb
Sending message: 71
Sent message: 36ccc71ccc71bbb
Sending message: 72
Sent message: 36ccc72ccc72bbb
Sending message: 73
Sent message: 36ccc73ccc73bbb
Sending message: 74
Sent message: 36ccc74ccc74bbb
Sending message: 75
Sent message: 36ccc75ccc75bbb
Sending message: 76
Sent message: 36ccc76ccc76bbb
Sending message: 77
Sent message: 36ccc77ccc77bbb
Sending message: 78
Sent message: 36ccc78ccc78bbb
Sending message: 79
Sent message: 36ccc79ccc79bbb
Sending message: 80
Sent message: 36ccc80ccc80bbb
Sending message: 81
Sent message: 36ccc81ccc81bbb
Sending message: 82
Sent message: 36ccc82ccc82bbb
Sending message: 83
Sent message: 36ccc83ccc83bbb
Sending message: 84
Sent message: 36ccc84ccc84bbb
Sending message: 85
Sent message: 36ccc85ccc85bbb
Sending message: 86
Sent message: 36ccc86ccc86bbb
Sending message: 87
Sent message: 36ccc87ccc87bbb
Sending message: 88
Sent message: 36ccc88ccc88bbb
Sending message: 89
Sent message: 36ccc89ccc89bbb
Sending message: 90
Sent message: 36ccc90ccc90bbb
Sending message: 91
Sent message: 36ccc91ccc91bbb
Sending message: 92
Sent message: 36ccc92ccc92bbb
Sending message: 93
Sent message: 36ccc93ccc93bbb
Sending message: 94
Sent message: 36ccc94ccc94bbb
Sending message: 95
Sent message: 36ccc95ccc95bbb
Immediately stopping network packet processing.
Writing output.
Sending message: 96
Sent message: 36ccc96ccc96bbb
Sending message: 97