My PID: 8254

From a new terminal type `kill -SIGINT 8254` or `kill -SIGTERM 8254` to stop processing packets

My ID: 76

List of resolved hosts is:
==========================
1
Human-readable IP: 127.0.0.1
Human-readable Port: 11001

2
Human-readable IP: 127.0.0.1
Human-readable Port: 11002

3
Human-readable IP: 127.0.0.1
Human-readable Port: 11003

4
Human-readable IP: 127.0.0.1
Human-readable Port: 11004

5
Human-readable IP: 127.0.0.1
Human-readable Port: 11005

6
Human-readable IP: 127.0.0.1
Human-readable Port: 11006

7
Human-readable IP: 127.0.0.1
Human-readable Port: 11007

8
Human-readable IP: 127.0.0.1
Human-readable Port: 11008

9
Human-readable IP: 127.0.0.1
Human-readable Port: 11009

10
Human-readable IP: 127.0.0.1
Human-readable Port: 11010

11
Human-readable IP: 127.0.0.1
Human-readable Port: 11011

12
Human-readable IP: 127.0.0.1
Human-readable Port: 11012

13
Human-readable IP: 127.0.0.1
Human-readable Port: 11013

14
Human-readable IP: 127.0.0.1
Human-readable Port: 11014

15
Human-readable IP: 127.0.0.1
Human-readable Port: 11015

16
Human-readable IP: 127.0.0.1
Human-readable Port: 11016

17
Human-readable IP: 127.0.0.1
Human-readable Port: 11017

18
Human-readable IP: 127.0.0.1
Human-readable Port: 11018

19
Human-readable IP: 127.0.0.1
Human-readable Port: 11019

20
Human-readable IP: 127.0.0.1
Human-readable Port: 11020

21
Human-readable IP: 127.0.0.1
Human-readable Port: 11021

22
Human-readable IP: 127.0.0.1
Human-readable Port: 11022

23
Human-readable IP: 127.0.0.1
Human-readable Port: 11023

24
Human-readable IP: 127.0.0.1
Human-readable Port: 11024

25
Human-readable IP: 127.0.0.1
Human-readable Port: 11025

26
Human-readable IP: 127.0.0.1
Human-readable Port: 11026

27
Human-readable IP: 127.0.0.1
Human-readable Port: 11027

28
Human-readable IP: 127.0.0.1
Human-readable Port: 11028

29
Human-readable IP: 127.0.0.1
Human-readable Port: 11029

30
Human-readable IP: 127.0.0.1
Human-readable Port: 11030

31
Human-readable IP: 127.0.0.1
Human-readable Port: 11031

32
Human-readable IP: 127.0.0.1
Human-readable Port: 11032

33
Human-readable IP: 127.0.0.1
Human-readable Port: 11033

34
Human-readable IP: 127.0.0.1
Human-readable Port: 11034

35
Human-readable IP: 127.0.0.1
Human-readable Port: 11035

36
Human-readable IP: 127.0.0.1
Human-readable Port: 11036

37
Human-readable IP: 127.0.0.1
Human-readable Port: 11037

38
Human-readable IP: 127.0.0.1
Human-readable Port: 11038

39
Human-readable IP: 127.0.0.1
Human-readable Port: 11039

40
Human-readable IP: 127.0.0.1
Human-readable Port: 11040

41
Human-readable IP: 127.0.0.1
Human-readable Port: 11041

42
Human-readable IP: 127.0.0.1
Human-readable Port: 11042

43
Human-readable IP: 127.0.0.1
Human-readable Port: 11043

44
Human-readable IP: 127.0.0.1
Human-readable Port: 11044

45
Human-readable IP: 127.0.0.1
Human-readable Port: 11045

46
Human-readable IP: 127.0.0.1
Human-readable Port: 11046

47
Human-readable IP: 127.0.0.1
Human-readable Port: 11047

48
Human-readable IP: 127.0.0.1
Human-readable Port: 11048

49
Human-readable IP: 127.0.0.1
Human-readable Port: 11049

50
Human-readable IP: 127.0.0.1
Human-readable Port: 11050

51
Human-readable IP: 127.0.0.1
Human-readable Port: 11051

52
Human-readable IP: 127.0.0.1
Human-readable Port: 11052

53
Human-readable IP: 127.0.0.1
Human-readable Port: 11053

54
Human-readable IP: 127.0.0.1
Human-readable Port: 11054

55
Human-readable IP: 127.0.0.1
Human-readable Port: 11055

56
Human-readable IP: 127.0.0.1
Human-readable Port: 11056

57
Human-readable IP: 127.0.0.1
Human-readable Port: 11057

58
Human-readable IP: 127.0.0.1
Human-readable Port: 11058

59
Human-readable IP: 127.0.0.1
Human-readable Port: 11059

60
Human-readable IP: 127.0.0.1
Human-readable Port: 11060

61
Human-readable IP: 127.0.0.1
Human-readable Port: 11061

62
Human-readable IP: 127.0.0.1
Human-readable Port: 11062

63
Human-readable IP: 127.0.0.1
Human-readable Port: 11063

64
Human-readable IP: 127.0.0.1
Human-readable Port: 11064

65
Human-readable IP: 127.0.0.1
Human-readable Port: 11065

66
Human-readable IP: 127.0.0.1
Human-readable Port: 11066

67
Human-readable IP: 127.0.0.1
Human-readable Port: 11067

68
Human-readable IP: 127.0.0.1
Human-readable Port: 11068

69
Human-readable IP: 127.0.0.1
Human-readable Port: 11069

70
Human-readable IP: 127.0.0.1
Human-readable Port: 11070

71
Human-readable IP: 127.0.0.1
Human-readable Port: 11071

72
Human-readable IP: 127.0.0.1
Human-readable Port: 11072

73
Human-readable IP: 127.0.0.1
Human-readable Port: 11073

74
Human-readable IP: 127.0.0.1
Human-readable Port: 11074

75
Human-readable IP: 127.0.0.1
Human-readable Port: 11075

76
Human-readable IP: 127.0.0.1
Human-readable Port: 11076

77
Human-readable IP: 127.0.0.1
Human-readable Port: 11077

78
Human-readable IP: 127.0.0.1
Human-readable Port: 11078

79
Human-readable IP: 127.0.0.1
Human-readable Port: 11079

80
Human-readable IP: 127.0.0.1
Human-readable Port: 11080

81
Human-readable IP: 127.0.0.1
Human-readable Port: 11081

82
Human-readable IP: 127.0.0.1
Human-readable Port: 11082

83
Human-readable IP: 127.0.0.1
Human-readable Port: 11083

84
Human-readable IP: 127.0.0.1
Human-readable Port: 11084

85
Human-readable IP: 127.0.0.1
Human-readable Port: 11085

86
Human-readable IP: 127.0.0.1
Human-readable Port: 11086

87
Human-readable IP: 127.0.0.1
Human-readable Port: 11087

88
Human-readable IP: 127.0.0.1
Human-readable Port: 11088

89
Human-readable IP: 127.0.0.1
Human-readable Port: 11089

90
Human-readable IP: 127.0.0.1
Human-readable Port: 11090

91
Human-readable IP: 127.0.0.1
Human-readable Port: 11091

92
Human-readable IP: 127.0.0.1
Human-readable Port: 11092

93
Human-readable IP: 127.0.0.1
Human-readable Port: 11093

94
Human-readable IP: 127.0.0.1
Human-readable Port: 11094

95
Human-readable IP: 127.0.0.1
Human-readable Port: 11095

96
Human-readable IP: 127.0.0.1
Human-readable Port: 11096

97
Human-readable IP: 127.0.0.1
Human-readable Port: 11097

98
Human-readable IP: 127.0.0.1
Human-readable Port: 11098

99
Human-readable IP: 127.0.0.1
Human-readable Port: 11099

100
Human-readable IP: 127.0.0.1
Human-readable Port: 11100


Path to output:
===============
/mnt/c/repo/CS451-2023-project/template_java/bin/proc76.output

Path to config:
===============
./bin/config

Doing some initialization

Broadcasting and delivering messages...

Number of messages: 100000
Receiver ID: 1
I am one of the senders
Sending message: 1
Sent message: 76ccc1ccc1bbb
Sending message: 2
Sent message: 76ccc2ccc2bbb
Sending message: 3
Sent message: 76ccc3ccc3bbb
Sending message: 4
Sent message: 76ccc4ccc4bbb
Sending message: 5
Sent message: 76ccc5ccc5bbb
Sending message: 6
Sent message: 76ccc6ccc6bbb
Sending message: 7
Sent message: 76ccc7ccc7bbb
Sending message: 8
Sent message: 76ccc8ccc8bbb
Sending message: 9
Sent message: 76ccc9ccc9bbb
Sending message: 10
Sent message: 76ccc10ccc10bbb
Sending message: 11
Sent message: 76ccc11ccc11bbb
Sending message: 12
Sent message: 76ccc12ccc12bbb
Sending message: 13
Sent message: 76ccc13ccc13bbb
Sending message: 14
Sent message: 76ccc14ccc14bbb
Sending message: 15
Sent message: 76ccc15ccc15bbb
Sending message: 16
Sent message: 76ccc16ccc16bbb
Sending message: 17
Sent message: 76ccc17ccc17bbb
Sending message: 18
Sent message: 76ccc18ccc18bbb
Sending message: 19
Sent message: 76ccc19ccc19bbb
Sending message: 20
Sent message: 76ccc20ccc20bbb
Sending message: 21
Sent message: 76ccc21ccc21bbb
Sending message: 22
Sent message: 76ccc22ccc22bbb
Sending message: 23
Sent message: 76ccc23ccc23bbb
Sending message: 24
Sent message: 76ccc24ccc24bbb
Sending message: 25
Sent message: 76ccc25ccc25bbb
Sending message: 26
Sent message: 76ccc26ccc26bbb
Sending message: 27
Sent message: 76ccc27ccc27bbb
Sending message: 28
Sent message: 76ccc28ccc28bbb
Sending message: 29
Sent message: 76ccc29ccc29bbb
Sending message: 30
Sent message: 76ccc30ccc30bbb
Sending message: 31
Sent message: 76ccc31ccc31bbb
Sending message: 32
Sent message: 76ccc32ccc32bbb
Sending message: 33
Sent message: 76ccc33ccc33bbb
Sending message: 34
Sent message: 76ccc34ccc34bbb
Sending message: 35
Sent message: 76ccc35ccc35bbb
Sending message: 36
Sent message: 76ccc36ccc36bbb
Sending message: 37
Sent message: 76ccc37ccc37bbb
Sending message: 38
Sent message: 76ccc38ccc38bbb
Sending message: 39
Sent message: 76ccc39ccc39bbb
Sending message: 40
Sent message: 76ccc40ccc40bbb
Sending message: 41
Sent message: 76ccc41ccc41bbb
Sending message: 42
Sent message: 76ccc42ccc42bbb
Sending message: 43
Sent message: 76ccc43ccc43bbb
Sending message: 44
Sent message: 76ccc44ccc44bbb
Sending message: 45
Sent message: 76ccc45ccc45bbb
Sending message: 46
Sent message: 76ccc46ccc46bbb
Sending message: 47
Sent message: 76ccc47ccc47bbb
Sending message: 48
Sent message: 76ccc48ccc48bbb
Sending message: 49
Sent message: 76ccc49ccc49bbb
Sending message: 50
Sent message: 76ccc50ccc50bbb
Sending message: 51
Sent message: 76ccc51ccc51bbb
Sending message: 52
Sent message: 76ccc52ccc52bbb
Sending message: 53
Sent message: 76ccc53ccc53bbb
Sending message: 54
Sent message: 76ccc54ccc54bbb
Sending message: 55
Sent message: 76ccc55ccc55bbb
Sending message: 56
Sent message: 76ccc56ccc56bbb
Sending message: 57
Sent message: 76ccc57ccc57bbb
Sending message: 58
Sent message: 76ccc58ccc58bbb
Sending message: 59
Sent message: 76ccc59ccc59bbb
Sending message: 60
Sent message: 76ccc60ccc60bbb
Sending message: 61
Sent message: 76ccc61ccc61bbb
Sending message: 62
Sent message: 76ccc62ccc62bbb
Sending message: 63
Sent message: 76ccc63ccc63bbb
Sending message: 64
Sent message: 76ccc64ccc64bbb
Sending message: 65
Sent message: 76ccc65ccc65bbb
Sending message: 66
Sent message: 76ccc66ccc66bbb
Sending message: 67
Sent message: 76ccc67ccc67bbb
Sending message: 68
Sent message: 76ccc68ccc68bbb
Sending message: 69
Sent message: 76ccc69ccc69bbb
Sending message: 70
Sent message: 76ccc70ccc70bbb
Sending message: 71
Sent message: 76ccc71ccc71bbb
Sending message: 72
Sent message: 76ccc72ccc72bbb
Sending message: 73
Sent message: 76ccc73ccc73bbb
Sending message: 74
Sent message: 76ccc74ccc74bbb
Sending message: 75
Sent message: 76ccc75ccc75bbb
Sending message: 76
Sent message: 76ccc76ccc76bbb
Sending message: 77
Sent message: 76ccc77ccc77bbb
Sending message: 78
Sent message: 76ccc78ccc78bbb
Sending message: 79
Sent message: 76ccc79ccc79bbb
Sending message: 80
Sent message: 76ccc80ccc80bbb
Sending message: 81
Sent message: 76ccc81ccc81bbb
Sending message: 82
Sent message: 76ccc82ccc82bbb
Sending message: 83
Sent message: 76ccc83ccc83bbb
Sending message: 84
Sent message: 76ccc84ccc84bbb
Sending message: 85
Sent message: 76ccc85ccc85bbb
Sending message: 86
Sent message: 76ccc86ccc86bbb
Sending message: 87
Sent message: 76ccc87ccc87bbb
Sending message: 88
Sent message: 76ccc88ccc88bbb
Sending message: 89
Sent message: 76ccc89ccc89bbb
Sending message: 90
Sent message: 76ccc90ccc90bbb
Sending message: 91
Sent message: 76ccc91ccc91bbb
Sending message: 92
Sent message: 76ccc92ccc92bbb
Sending message: 93
Sent message: 76ccc93ccc93bbb
Sending message: 94
Sent message: 76ccc94ccc94bbb
Sending message: 95
Sent message: 76ccc95ccc95bbb
Sending message: 96
Sent message: 76ccc96ccc96bbb
Sending message: 97
Sent message: 76ccc97ccc97bbb
Sending message: 98
Sent message: 76ccc98ccc98bbb
Sending message: 99
Sent message: 76ccc99ccc99bbb
Sending message: 100
Sent message: 76ccc100ccc100bbb
Sending message: 101
Sent message: 76ccc101ccc101bbb
Sending message: 102
Sent message: 76ccc102ccc102bbb
Sending message: 103
Sent message: 76ccc103ccc103bbb
Sending message: 104
Sent message: 76ccc104ccc104bbb
Sending message: 105
Sent message: 76ccc105ccc105bbb
Sending message: 106
Sent message: 76ccc106ccc106bbb
Sending message: 107
Sent message: 76ccc107ccc107bbb
Sending message: 108
Sent message: 76ccc108ccc108bbb
Sending message: 109
Sent message: 76ccc109ccc109bbb
Sending message: 110
Sent message: 76ccc110ccc110bbb
Sending message: 111
Sent message: 76ccc111ccc111bbb
Sending message: 112
Sent message: 76ccc112ccc112bbb
Sending message: 113
Sent message: 76ccc113ccc113bbb
Sending message: 114
Sent message: 76ccc114ccc114bbb
Sending message: 115
Sent message: 76ccc115ccc115bbb
Sending message: 116
Sent message: 76ccc116ccc116bbb
Sending message: 117
Sent message: 76ccc117ccc117bbb
Sending message: 118
Sent message: 76ccc118ccc118bbb
Sending message: 119
Sent message: 76ccc119ccc119bbb
Sending message: 120
Sent message: 76ccc120ccc120bbb
Sending message: 121
Sent message: 76ccc121ccc121bbb
Sending message: 122
Sent message: 76ccc122ccc122bbb
Sending message: 123
Sent message: 76ccc123ccc123bbb
Sending message: 124
Sent message: 76ccc124ccc124bbb
Sending message: 125
Sent message: 76ccc125ccc125bbb
Sending message: 126
Sent message: 76ccc126ccc126bbb
Sending message: 127
Sent message: 76ccc127ccc127bbb
Sending message: 128
Sent message: 76ccc128ccc128bbb
Sending message: 129
Sent message: 76ccc129ccc129bbb
Sending message: 130
Sent message: 76ccc130ccc130bbb
Sending message: 131
Sent message: 76ccc131ccc131bbb
Sending message: 132
Sent message: 76ccc132ccc132bbb
Sending message: 133
Sent message: 76ccc133ccc133bbb
Sending message: 134
Sent message: 76ccc134ccc134bbb
Sending message: 135
Sent message: 76ccc135ccc135bbb
Sending message: 136
Sent message: 76ccc136ccc136bbb
Sending message: 137
Sent message: 76ccc137ccc137bbb
Sending message: 138
Sent message: 76ccc138ccc138bbb
Sending message: 139
Sent message: 76ccc139ccc139bbb
Sending message: 140
Sent message: 76ccc140ccc140bbb
Sending message: 141
Sent message: 76ccc141ccc141bbb
Sending message: 142
Sent message: 76ccc142ccc142bbb
Sending message: 143
Sent message: 76ccc143ccc143bbb
Sending message: 144
Sent message: 76ccc144ccc144bbb
Sending message: 145
Sent message: 76ccc145ccc145bbb
Sending message: 146
Sent message: 76ccc146ccc146bbb
Sending message: 147
Sent message: 76ccc147ccc147bbb
Sending message: 148
Sent message: 76ccc148ccc148bbb
Sending message: 149
Sent message: 76ccc149ccc149bbb
Sending message: 150
Sent message: 76ccc150ccc150bbb
Sending message: 151
Sent message: 76ccc151ccc151bbb
Sending message: 152
Sent message: 76ccc152ccc152bbb
Sending message: 153
Sent message: 76ccc153ccc153bbb
Sending message: 154
Sent message: 76ccc154ccc154bbb
Sending message: 155
Sent message: 76ccc155ccc155bbb
Sending message: 156
Sent message: 76ccc156ccc156bbb
Sending message: 157
Sent message: 76ccc157ccc157bbb
Sending message: 158
Sent message: 76ccc158ccc158bbb
Sending message: 159
Sent message: 76ccc159ccc159bbb
Sending message: 160
Sent message: 76ccc160ccc160bbb
Sending message: 161
Sent message: 76ccc161ccc161bbb
Sending message: 162
Sent message: 76ccc162ccc162bbb
Sending message: 163
Sent message: 76ccc163ccc163bbb
Sending message: 164
Sent message: 76ccc164ccc164bbb
Sending message: 165
Sent message: 76ccc165ccc165bbb
Sending message: 166
Sent message: 76ccc166ccc166bbb
Sending message: 167
Sent message: 76ccc167ccc167bbb
Sending message: 168
Sent message: 76ccc168ccc168bbb
Sending message: 169
Sent message: 76ccc169ccc169bbb
Sending message: 170
Sent message: 76ccc170ccc170bbb
Sending message: 171
Sent message: 76ccc171ccc171bbb
Sending message: 172
Sent message: 76ccc172ccc172bbb
Sending message: 173
Sent message: 76ccc173ccc173bbb
Sending message: 174
Sent message: 76ccc174ccc174bbb
Sending message: 175
Sent message: 76ccc175ccc175bbb
Sending message: 176
Sent message: 76ccc176ccc176bbb
Sending message: 177
Sent message: 76ccc177ccc177bbb
Sending message: 178
Sent message: 76ccc178ccc178bbb
Sending message: 179
Sent message: 76ccc179ccc179bbb
Sending message: 180
Sent message: 76ccc180ccc180bbb
Sending message: 181
Sent message: 76ccc181ccc181bbb
Sending message: 182
Sent message: 76ccc182ccc182bbb
Sending message: 183
Sent message: 76ccc183ccc183bbb
Sending message: 184
Sent message: 76ccc184ccc184bbb
Sending message: 185
Sent message: 76ccc185ccc185bbb
Sending message: 186
Sent message: 76ccc186ccc186bbb
Sending message: 187
Sent message: 76ccc187ccc187bbb
Sending message: 188
Sent message: 76ccc188ccc188bbb
Sending message: 189
Sent message: 76ccc189ccc189bbb
Sending message: 190
Sent message: 76ccc190ccc190bbb
Sending message: 191
Sent message: 76ccc191ccc191bbb
Sending message: 192
Sent message: 76ccc192ccc192bbb
Sending message: 193
Sent message: 76ccc193ccc193bbb
Sending message: 194
Sent message: 76ccc194ccc194bbb
Sending message: 195
Sent message: 76ccc195ccc195bbb
Sending message: 196
Sent message: 76ccc196ccc196bbb
Sending message: 197
Sent message: 76ccc197ccc197bbb
Sending message: 198
Sent message: 76ccc198ccc198bbb
Sending message: 199
Sent message: 76ccc199ccc199bbb
Sending message: 200
Sent message: 76ccc200ccc200bbb
Sending message: 201
Sent message: 76ccc201ccc201bbb
Sending message: 202
Sent message: 76ccc202ccc202bbb
Sending message: 203
Sent message: 76ccc203ccc203bbb
Sending message: 204
Sent message: 76ccc204ccc204bbb
Sending message: 205
Sent message: 76ccc205ccc205bbb
Sending message: 206
Sent message: 76ccc206ccc206bbb
Sending message: 207
Sent message: 76ccc207ccc207bbb
Sending message: 208
Sent message: 76ccc208ccc208bbb
Sending message: 209
Sent message: 76ccc209ccc209bbb
Sending message: 210
Sent message: 76ccc210ccc210bbb
Sending message: 211
Sent message: 76ccc211ccc211bbb
Sending message: 212
Sent message: 76ccc212ccc212bbb
Sending message: 213
Sent message: 76ccc213ccc213bbb
Sending message: 214
Sent message: 76ccc214ccc214bbb
Sending message: 215
Sent message: 76ccc215ccc215bbb
Sending message: 216
Sent message: 76ccc216ccc216bbb
Sending message: 217
Sent message: 76ccc217ccc217bbb
Sending message: 218
Sent message: 76ccc218ccc218bbb
Sending message: 219
Sent message: 76ccc219ccc219bbb
Sending message: 220
Sent message: 76ccc220ccc220bbb
Sending message: 221
Sent message: 76ccc221ccc221bbb
Sending message: 222
Sent message: 76ccc222ccc222bbb
Sending message: 223
Sent message: 76ccc223ccc223bbb
Sending message: 224
Sent message: 76ccc224ccc224bbb
Sending message: 225
Sent message: 76ccc225ccc225bbb
Sending message: 226
Sent message: 76ccc226ccc226bbb
Sending message: 227
Sent message: 76ccc227ccc227bbb
Sending message: 228
Sent message: 76ccc228ccc228bbb
Sending message: 229
Sent message: 76ccc229ccc229bbb
Sending message: 230
Sent message: 76ccc230ccc230bbb
Sending message: 231
Sent message: 76ccc231ccc231bbb
Sending message: 232
Sent message: 76ccc232ccc232bbb
Sending message: 233
Sent message: 76ccc233ccc233bbb
Sending message: 234
Sent message: 76ccc234ccc234bbb
Sending message: 235
Sent message: 76ccc235ccc235bbb
Sending message: 236
Sent message: 76ccc236ccc236bbb
Sending message: 237
Sent message: 76ccc237ccc237bbb
Sending message: 238
Sent message: 76ccc238ccc238bbb
Sending message: 239
Sent message: 76ccc239ccc239bbb
Sending message: 240
Sent message: 76ccc240ccc240bbb
Sending message: 241
Sent message: 76ccc241ccc241bbb
Sending message: 242
Sent message: 76ccc242ccc242bbb
Sending message: 243
Sent message: 76ccc243ccc243bbb
Sending message: 244
Sent message: 76ccc244ccc244bbb
Sending message: 245
Sent message: 76ccc245ccc245bbb
Sending message: 246
Sent message: 76ccc246ccc246bbb
Sending message: 247
Sent message: 76ccc247ccc247bbb
Sending message: 248
Sent message: 76ccc248ccc248bbb
Sending message: 249
Sent message: 76ccc249ccc249bbb
Sending message: 250
Sent message: 76ccc250ccc250bbb
Sending message: 251
Sent message: 76ccc251ccc251bbb
Sending message: 252
Sent message: 76ccc252ccc252bbb
Sending message: 253
Sent message: 76ccc253ccc253bbb
Sending message: 254
Sent message: 76ccc254ccc254bbb
Sending message: 255
Sent message: 76ccc255ccc255bbb
Sending message: 256
Sent message: 76ccc256ccc256bbb
Sending message: 257
Sent message: 76ccc257ccc257bbb
Sending message: 258
Sent message: 76ccc258ccc258bbb
Sending message: 259
Sent message: 76ccc259ccc259bbb
Sending message: 260
Sent message: 76ccc260ccc260bbb
Sending message: 261
Sent message: 76ccc261ccc261bbb
Sending message: 262
Sent message: 76ccc262ccc262bbb
Sending message: 263
Sent message: 76ccc263ccc263bbb
Sending message: 264
Sent message: 76ccc264ccc264bbb
Sending message: 265
Sent message: 76ccc265ccc265bbb
Sending message: 266
Sent message: 76ccc266ccc266bbb
Sending message: 267
Sent message: 76ccc267ccc267bbb
Sending message: 268
Sent message: 76ccc268ccc268bbb
Sending message: 269
Sent message: 76ccc269ccc269bbb
Sending message: 270
Sent message: 76ccc270ccc270bbb
Sending message: 271
Sent message: 76ccc271ccc271bbb
Sending message: 272
Sent message: 76ccc272ccc272bbb
Sending message: 273
Sent message: 76ccc273ccc273bbb
Sending message: 274
Sent message: 76ccc274ccc274bbb
Sending message: 275
Sent message: 76ccc275ccc275bbb
Sending message: 276
Sent message: 76ccc276ccc276bbb
Sending message: 277
Sent message: 76ccc277ccc277bbb
Sending message: 278
Sent message: 76ccc278ccc278bbb
Sending message: 279
Sent message: 76ccc279ccc279bbb
Sending message: 280
Sent message: 76ccc280ccc280bbb
Sending message: 281
Sent message: 76ccc281ccc281bbb
Sending message: 282
Sent message: 76ccc282ccc282bbb
Sending message: 283
Sent message: 76ccc283ccc283bbb
Sending message: 284
Sent message: 76ccc284ccc284bbb
Sending message: 285
Sent message: 76ccc285ccc285bbb
Sending message: 286
Sent message: 76ccc286ccc286bbb
Sending message: 287
Sent message: 76ccc287ccc287bbb
Sending message: 288
Sent message: 76ccc288ccc288bbb
Sending message: 289
Sent message: 76ccc289ccc289bbb
Sending message: 290
Sent message: 76ccc290ccc290bbb
Sending message: 291
Sent message: 76ccc291ccc291bbb
Sending message: 292
Sent message: 76ccc292ccc292bbb
Sending message: 293
Sent message: 76ccc293ccc293bbb
Sending message: 294
Sent message: 76ccc294ccc294bbb
Sending message: 295
Sent message: 76ccc295ccc295bbb
Sending message: 296
Sent message: 76ccc296ccc296bbb
Sending message: 297
Sent message: 76ccc297ccc297bbb
Sending message: 298
Sent message: 76ccc298ccc298bbb
Sending message: 299
Sent message: 76ccc299ccc299bbb
Sending message: 300
Sent message: 76ccc300ccc300bbb
Sending message: 301
Sent message: 76ccc301ccc301bbb
Sending message: 302
Sent message: 76ccc302ccc302bbb
Sending message: 303
Sent message: 76ccc303ccc303bbb
Sending message: 304
Sent message: 76ccc304ccc304bbb
Sending message: 305
Sent message: 76ccc305ccc305bbb
Sending message: 306
Sent message: 76ccc306ccc306bbb
Sending message: 307
Sent message: 76ccc307ccc307bbb
Sending message: 308
Sent message: 76ccc308ccc308bbb
Sending message: 309
Sent message: 76ccc309ccc309bbb
Sending message: 310
Sent message: 76ccc310ccc310bbb
Sending message: 311
Sent message: 76ccc311ccc311bbb
Sending message: 312
Sent message: 76ccc312ccc312bbb
Sending message: 313
Sent message: 76ccc313ccc313bbb
Sending message: 314
Sent message: 76ccc314ccc314bbb
Sending message: 315
Sent message: 76ccc315ccc315bbb
Sending message: 316
Sent message: 76ccc316ccc316bbb
Sending message: 317
Sent message: 76ccc317ccc317bbb
Sending message: 318
Sent message: 76ccc318ccc318bbb
Sending message: 319
Sent message: 76ccc319ccc319bbb
Sending message: 320
Sent message: 76ccc320ccc320bbb
Sending message: 321
Sent message: 76ccc321ccc321bbb
Sending message: 322
Sent message: 76ccc322ccc322bbb
Sending message: 323
Sent message: 76ccc323ccc323bbb
Sending message: 324
Sent message: 76ccc324ccc324bbb
Sending message: 325
Sent message: 76ccc325ccc325bbb
Sending message: 326
Sent message: 76ccc326ccc326bbb
Sending message: 327
Sent message: 76ccc327ccc327bbb
Sending message: 328
Sent message: 76ccc328ccc328bbb
Sending message: 329
Sent message: 76ccc329ccc329bbb
Sending message: 330
Sent message: 76ccc330ccc330bbb
Sending message: 331
Sent message: 76ccc331ccc331bbb
Sending message: 332
Sent message: 76ccc332ccc332bbb
Sending message: 333
Sent message: 76ccc333ccc333bbb
Sending message: 334
Sent message: 76ccc334ccc334bbb
Sending message: 335
Sent message: 76ccc335ccc335bbb
Sending message: 336
Sent message: 76ccc336ccc336bbb
Sending message: 337
Sent message: 76ccc337ccc337bbb
Sending message: 338
Sent message: 76ccc338ccc338bbb
Sending message: 339
Sent message: 76ccc339ccc339bbb
Sending message: 340
Sent message: 76ccc340ccc340bbb
Sending message: 341
Sent message: 76ccc341ccc341bbb
Sending message: 342
Sent message: 76ccc342ccc342bbb
Sending message: 343
Sent message: 76ccc343ccc343bbb
Sending message: 344
Sent message: 76ccc344ccc344bbb
Sending message: 345
Sent message: 76ccc345ccc345bbb
Sending message: 346
Sent message: 76ccc346ccc346bbb
Sending message: 347
Sent message: 76ccc347ccc347bbb
Sending message: 348
Sent message: 76ccc348ccc348bbb
Sending message: 349
Sent message: 76ccc349ccc349bbb
Sending message: 350
Sent message: 76ccc350ccc350bbb
Sending message: 351
Sent message: 76ccc351ccc351bbb
Sending message: 352
Sent message: 76ccc352ccc352bbb
Sending message: 353
Sent message: 76ccc353ccc353bbb
Sending message: 354
Sent message: 76ccc354ccc354bbb
Sending message: 355
Sent message: 76ccc355ccc355bbb
Sending message: 356
Sent message: 76ccc356ccc356bbb
Sending message: 357
Sent message: 76ccc357ccc357bbb
Sending message: 358
Sent message: 76ccc358ccc358bbb
Sending message: 359
Sent message: 76ccc359ccc359bbb
Sending message: 360
Sent message: 76ccc360ccc360bbb
Sending message: 361
Sent message: 76ccc361ccc361bbb
Sending message: 362
Sent message: 76ccc362ccc362bbb
Sending message: 363
Sent message: 76ccc363ccc363bbb
Sending message: 364
Sent message: 76ccc364ccc364bbb
Sending message: 365
Sent message: 76ccc365ccc365bbb
Sending message: 366
Sent message: 76ccc366ccc366bbb
Sending message: 367
Sent message: 76ccc367ccc367bbb
Sending message: 368
Sent message: 76ccc368ccc368bbb
Sending message: 369
Sent message: 76ccc369ccc369bbb
Sending message: 370
Sent message: 76ccc370ccc370bbb
Sending message: 371
Sent message: 76ccc371ccc371bbb
Sending message: 372
Sent message: 76ccc372ccc372bbb
Sending message: 373
Sent message: 76ccc373ccc373bbb
Sending message: 374
Sent message: 76ccc374ccc374bbb
Sending message: 375
Sent message: 76ccc375ccc375bbb
Sending message: 376
Sent message: 76ccc376ccc376bbb
Sending message: 377
Sent message: 76ccc377ccc377bbb
Sending message: 378
Sent message: 76ccc378ccc378bbb
Sending message: 379
Sent message: 76ccc379ccc379bbb
Sending message: 380
Sent message: 76ccc380ccc380bbb
Sending message: 381
Sent message: 76ccc381ccc381bbb
Sending message: 382
Sent message: 76ccc382ccc382bbb
Sending message: 383
Sent message: 76ccc383ccc383bbb
Sending message: 384
Sent message: 76ccc384ccc384bbb
Sending message: 385
Sent message: 76ccc385ccc385bbb
Sending message: 386
Sent message: 76ccc386ccc386bbb
Sending message: 387
Sent message: 76ccc387ccc387bbb
Sending message: 388
Sent message: 76ccc388ccc388bbb
Sending message: 389
Sent message: 76ccc389ccc389bbb
Sending message: 390
Sent message: 76ccc390ccc390bbb
Sending message: 391
Sent message: 76ccc391ccc391bbb
Sending message: 392
Sent message: 76ccc392ccc392bbb
Sending message: 393
Sent message: 76ccc393ccc393bbb
Sending message: 394
Sent message: 76ccc394ccc394bbb
Sending message: 395
Sent message: 76ccc395ccc395bbb
Sending message: 396
Sent message: 76ccc396ccc396bbb
Sending message: 397
Sent message: 76ccc397ccc397bbb
Sending message: 398
Sent message: 76ccc398ccc398bbb
Sending message: 399
Sent message: 76ccc399ccc399bbb
Sending message: 400
Sent message: 76ccc400ccc400bbb
Sending message: 401
Sent message: 76ccc401ccc401bbb
Sending message: 402
Sent message: 76ccc402ccc402bbb
Sending message: 403
Sent message: 76ccc403ccc403bbb
Sending message: 404
Sent message: 76ccc404ccc404bbb
Sending message: 405
Sent message: 76ccc405ccc405bbb
Sending message: 406
Sent message: 76ccc406ccc406bbb
Sending message: 407
Sent message: 76ccc407ccc407bbb
Sending message: 408
Sent message: 76ccc408ccc408bbb
Sending message: 409
Sent message: 76ccc409ccc409bbb
Sending message: 410
Sent message: 76ccc410ccc410bbb
Sending message: 411
Sent message: 76ccc411ccc411bbb
Sending message: 412
Sent message: 76ccc412ccc412bbb
Sending message: 413
Sent message: 76ccc413ccc413bbb
Sending message: 414
Sent message: 76ccc414ccc414bbb
Sending message: 415
Sent message: 76ccc415ccc415bbb
Sending message: 416
Sent message: 76ccc416ccc416bbb
Sending message: 417
Sent message: 76ccc417ccc417bbb
Sending message: 418
Sent message: 76ccc418ccc418bbb
Sending message: 419
Sent message: 76ccc419ccc419bbb
Sending message: 420
Sent message: 76ccc420ccc420bbb
Sending message: 421
Sent message: 76ccc421ccc421bbb
Sending message: 422
Sent message: 76ccc422ccc422bbb
Sending message: 423
Sent message: 76ccc423ccc423bbb
Sending message: 424
Sent message: 76ccc424ccc424bbb
Sending message: 425
Sent message: 76ccc425ccc425bbb
Sending message: 426
Sent message: 76ccc426ccc426bbb
Sending message: 427
Sent message: 76ccc427ccc427bbb
Sending message: 428
Sent message: 76ccc428ccc428bbb
Sending message: 429
Sent message: 76ccc429ccc429bbb
Sending message: 430
Sent message: 76ccc430ccc430bbb
Sending message: 431
Sent message: 76ccc431ccc431bbb
Sending message: 432
Sent message: 76ccc432ccc432bbb
Sending message: 433
Sent message: 76ccc433ccc433bbb
Sending message: 434
Sent message: 76ccc434ccc434bbb
Sending message: 435
Sent message: 76ccc435ccc435bbb
Sending message: 436
Sent message: 76ccc436ccc436bbb
Sending message: 437
Sent message: 76ccc437ccc437bbb
Sending message: 438
Sent message: 76ccc438ccc438bbb
Sending message: 439
Sent message: 76ccc439ccc439bbb
Sending message: 440
Sent message: 76ccc440ccc440bbb
Sending message: 441
Sent message: 76ccc441ccc441bbb
Sending message: 442
Sent message: 76ccc442ccc442bbb
Sending message: 443
Sent message: 76ccc443ccc443bbb
Sending message: 444
Sent message: 76ccc444ccc444bbb
Sending message: 445
Sent message: 76ccc445ccc445bbb
Sending message: 446
Sent message: 76ccc446ccc446bbb
Sending message: 447
Sent message: 76ccc447ccc447bbb
Sending message: 448
Sent message: 76ccc448ccc448bbb
Sending message: 449
Sent message: 76ccc449ccc449bbb
Sending message: 450
Sent message: 76ccc450ccc450bbb
Sending message: 451
Sent message: 76ccc451ccc451bbb
Sending message: 452
Sent message: 76ccc452ccc452bbb
Sending message: 453
Sent message: 76ccc453ccc453bbb
Sending message: 454
Sent message: 76ccc454ccc454bbb
Sending message: 455
Sent message: 76ccc455ccc455bbb
Sending message: 456
Sent message: 76ccc456ccc456bbb
Sending message: 457
Sent message: 76ccc457ccc457bbb
Sending message: 458
Sent message: 76ccc458ccc458bbb
Sending message: 459
Sent message: 76ccc459ccc459bbb
Sending message: 460
Sent message: 76ccc460ccc460bbb
Sending message: 461
Sent message: 76ccc461ccc461bbb
Sending message: 462
Sent message: 76ccc462ccc462bbb
Sending message: 463
Sent message: 76ccc463ccc463bbb
Sending message: 464
Sent message: 76ccc464ccc464bbb
Sending message: 465
Sent message: 76ccc465ccc465bbb
Sending message: 466
Sent message: 76ccc466ccc466bbb
Sending message: 467
Sent message: 76ccc467ccc467bbb
Sending message: 468
Sent message: 76ccc468ccc468bbb
Sending message: 469
Sent message: 76ccc469ccc469bbb
Sending message: 470
Sent message: 76ccc470ccc470bbb
Sending message: 471
Sent message: 76ccc471ccc471bbb
Sending message: 472
Sent message: 76ccc472ccc472bbb
Sending message: 473
Sent message: 76ccc473ccc473bbb
Sending message: 474
Sent message: 76ccc474ccc474bbb
Sending message: 475
Sent message: 76ccc475ccc475bbb
Sending message: 476
Sent message: 76ccc476ccc476bbb
Sending message: 477
Sent message: 76ccc477ccc477bbb
Sending message: 478
Sent message: 76ccc478ccc478bbb
Sending message: 479
Sent message: 76ccc479ccc479bbb
Sending message: 480
Sent message: 76ccc480ccc480bbb
Sending message: 481
Sent message: 76ccc481ccc481bbb
Sending message: 482
Sent message: 76ccc482ccc482bbb
Sending message: 483
Sent message: 76ccc483ccc483bbb
Sending message: 484
Sent message: 76ccc484ccc484bbb
Sending message: 485
Sent message: 76ccc485ccc485bbb
Sending message: 486
Sent message: 76ccc486ccc486bbb
Sending message: 487
Sent message: 76ccc487ccc487bbb
Sending message: 488
Sent message: 76ccc488ccc488bbb
Sending message: 489
Sent message: 76ccc489ccc489bbb
Sending message: 490
Sent message: 76ccc490ccc490bbb
Sending message: 491
Sent message: 76ccc491ccc491bbb
Sending message: 492
Sent message: 76ccc492ccc492bbb
Sending message: 493
Sent message: 76ccc493ccc493bbb
Sending message: 494
Sent message: 76ccc494ccc494bbb
Sending message: 495
Sent message: 76ccc495ccc495bbb
Sending message: 496
Sent message: 76ccc496ccc496bbb
Sending message: 497
Sent message: 76ccc497ccc497bbb
Sending message: 498
Sent message: 76ccc498ccc498bbb
Sending message: 499
Sent message: 76ccc499ccc499bbb
Sending message: 500
Sent message: 76ccc500ccc500bbb
Sending message: 501
Sent message: 76ccc501ccc501bbb
Sending message: 502
Sent message: 76ccc502ccc502bbb
Sending message: 503
Sent message: 76ccc503ccc503bbb
Sending message: 504
Sent message: 76ccc504ccc504bbb
Sending message: 505
Sent message: 76ccc505ccc505bbb
Sending message: 506
Sent message: 76ccc506ccc506bbb
Sending message: 507
Sent message: 76ccc507ccc507bbb
Sending message: 508
Sent message: 76ccc508ccc508bbb
Sending message: 509
Sent message: 76ccc509ccc509bbb
Sending message: 510
Sent message: 76ccc510ccc510bbb
Sending message: 511
Sent message: 76ccc511ccc511bbb
Sending message: 512
Sent message: 76ccc512ccc512bbb
Sending message: 513
Sent message: 76ccc513ccc513bbb
Sending message: 514
Sent message: 76ccc514ccc514bbb
Sending message: 515
Sent message: 76ccc515ccc515bbb
Sending message: 516
Sent message: 76ccc516ccc516bbb
Sending message: 517
Sent message: 76ccc517ccc517bbb
Sending message: 518
Sent message: 76ccc518ccc518bbb
Sending message: 519
Sent message: 76ccc519ccc519bbb
Sending message: 520
Sent message: 76ccc520ccc520bbb
Sending message: 521
Sent message: 76ccc521ccc521bbb
Sending message: 522
Sent message: 76ccc522ccc522bbb
Sending message: 523
Sent message: 76ccc523ccc523bbb
Sending message: 524
Sent message: 76ccc524ccc524bbb
Sending message: 525
Sent message: 76ccc525ccc525bbb
Sending message: 526
Sent message: 76ccc526ccc526bbb
Sending message: 527
Sent message: 76ccc527ccc527bbb
Sending message: 528
Sent message: 76ccc528ccc528bbb
Sending message: 529
Sent message: 76ccc529ccc529bbb
Sending message: 530
Sent message: 76ccc530ccc530bbb
Sending message: 531
Sent message: 76ccc531ccc531bbb
Sending message: 532
Sent message: 76ccc532ccc532bbb
Sending message: 533
Sent message: 76ccc533ccc533bbb
Sending message: 534
Sent message: 76ccc534ccc534bbb
Sending message: 535
Sent message: 76ccc535ccc535bbb
Sending message: 536
Sent message: 76ccc536ccc536bbb
Sending message: 537
Sent message: 76ccc537ccc537bbb
Sending message: 538
Sent message: 76ccc538ccc538bbb
Sending message: 539
Sent message: 76ccc539ccc539bbb
Sending message: 540
Sent message: 76ccc540ccc540bbb
Sending message: 541
Sent message: 76ccc541ccc541bbb
Sending message: 542
Sent message: 76ccc542ccc542bbb
Sending message: 543
Sent message: 76ccc543ccc543bbb
Sending message: 544
Sent message: 76ccc544ccc544bbb
Sending message: 545
Sent message: 76ccc545ccc545bbb
Sending message: 546
Sent message: 76ccc546ccc546bbb
Sending message: 547
Sent message: 76ccc547ccc547bbb
Sending message: 548
Sent message: 76ccc548ccc548bbb
Sending message: 549
Sent message: 76ccc549ccc549bbb
Sending message: 550
Sent message: 76ccc550ccc550bbb
Sending message: 551
Sent message: 76ccc551ccc551bbb
Sending message: 552
Sent message: 76ccc552ccc552bbb
Sending message: 553
Sent message: 76ccc553ccc553bbb
Sending message: 554
Sent message: 76ccc554ccc554bbb
Sending message: 555
Sent message: 76ccc555ccc555bbb
Sending message: 556
Sent message: 76ccc556ccc556bbb
Sending message: 557
Sent message: 76ccc557ccc557bbb
Sending message: 558
Sent message: 76ccc558ccc558bbb
Sending message: 559
Sent message: 76ccc559ccc559bbb
Sending message: 560
Sent message: 76ccc560ccc560bbb
Sending message: 561
Sent message: 76ccc561ccc561bbb
Sending message: 562
Sent message: 76ccc562ccc562bbb
Sending message: 563
Sent message: 76ccc563ccc563bbb
Sending message: 564
Sent message: 76ccc564ccc564bbb
Sending message: 565
Sent message: 76ccc565ccc565bbb
Sending message: 566
Sent message: 76ccc566ccc566bbb
Sending message: 567
Sent message: 76ccc567ccc567bbb
Sending message: 568
Sent message: 76ccc568ccc568bbb
Sending message: 569
Sent message: 76ccc569ccc569bbb
Sending message: 570
Sent message: 76ccc570ccc570bbb
Sending message: 571
Sent message: 76ccc571ccc571bbb
Sending message: 572
Sent message: 76ccc572ccc572bbb
Sending message: 573
Sent message: 76ccc573ccc573bbb
Sending message: 574
Sent message: 76ccc574ccc574bbb
Sending message: 575
Sent message: 76ccc575ccc575bbb
Sending message: 576
Sent message: 76ccc576ccc576bbb
Sending message: 577
Sent message: 76ccc577ccc577bbb
Sending message: 578
Sent message: 76ccc578ccc578bbb
Sending message: 579
Sent message: 76ccc579ccc579bbb
Sending message: 580
Sent message: 76ccc580ccc580bbb
Sending message: 581
Sent message: 76ccc581ccc581bbb
Sending message: 582
Sent message: 76ccc582ccc582bbb
Sending message: 583
Sent message: 76ccc583ccc583bbb
Sending message: 584
Sent message: 76ccc584ccc584bbb
Sending message: 585
Sent message: 76ccc585ccc585bbb
Sending message: 586
Sent message: 76ccc586ccc586bbb
Sending message: 587
Sent message: 76ccc587ccc587bbb
Sending message: 588
Sent message: 76ccc588ccc588bbb
Sending message: 589
Sent message: 76ccc589ccc589bbb
Sending message: 590
Sent message: 76ccc590ccc590bbb
Sending message: 591
Sent message: 76ccc591ccc591bbb
Sending message: 592
Sent message: 76ccc592ccc592bbb
Sending message: 593
Sent message: 76ccc593ccc593bbb
Sending message: 594
Sent message: 76ccc594ccc594bbb
Sending message: 595
Sent message: 76ccc595ccc595bbb
Sending message: 596
Sent message: 76ccc596ccc596bbb
Sending message: 597
Sent message: 76ccc597ccc597bbb
Sending message: 598
Sent message: 76ccc598ccc598bbb
Sending message: 599
Sent message: 76ccc599ccc599bbb
Sending message: 600
Sent message: 76ccc600ccc600bbb
Sending message: 601
Sent message: 76ccc601ccc601bbb
Sending message: 602
Sent message: 76ccc602ccc602bbb
Sending message: 603
Sent message: 76ccc603ccc603bbb
Sending message: 604
Sent message: 76ccc604ccc604bbb
Sending message: 605
Sent message: 76ccc605ccc605bbb
Sending message: 606
Sent message: 76ccc606ccc606bbb
Sending message: 607
Sent message: 76ccc607ccc607bbb
Sending message: 608
Sent message: 76ccc608ccc608bbb
Sending message: 609
Sent message: 76ccc609ccc609bbb
Sending message: 610
Sent message: 76ccc610ccc610bbb
Sending message: 611
Sent message: 76ccc611ccc611bbb
Sending message: 612
Sent message: 76ccc612ccc612bbb
Sending message: 613
Sent message: 76ccc613ccc613bbb
Sending message: 614
Sent message: 76ccc614ccc614bbb
Sending message: 615
Sent message: 76ccc615ccc615bbb
Sending message: 616
Sent message: 76ccc616ccc616bbb
Sending message: 617
Sent message: 76ccc617ccc617bbb
Sending message: 618
Sent message: 76ccc618ccc618bbb
Sending message: 619
Sent message: 76ccc619ccc619bbb
Sending message: 620
Sent message: 76ccc620ccc620bbb
Sending message: 621
Sent message: 76ccc621ccc621bbb
Sending message: 622
Sent message: 76ccc622ccc622bbb
Sending message: 623
Sent message: 76ccc623ccc623bbb
Sending message: 624
Sent message: 76ccc624ccc624bbb
Sending message: 625
Sent message: 76ccc625ccc625bbb
Sending message: 626
Immediately stopping network packet processing.
Writing output.
Sent message: 76ccc626ccc626bbb
Sending message: 627
