b 1
b 2
b 3
b 4
b 5
b 6
b 7
b 8
b 9
b 10
b 11
b 12
b 13
b 14
b 15
b 16
b 17
b 18
b 19
b 20
b 21
b 22
b 23
b 24
b 25
b 26
b 27
b 28
b 29
b 30
b 31
b 32
b 33
b 34
b 35
b 36
b 37
b 38
b 39
b 40
b 41
b 42
b 43
b 44
b 45
b 46
b 47
b 48
b 49
b 50
b 51
b 52
b 53
b 54
b 55
b 56
b 57
b 58
b 59
b 60
b 61
b 62
b 63
b 64
b 65
b 66
b 67
b 68
b 69
b 70
b 71
b 72
b 73
b 74
b 75
b 76
b 77
b 78
b 79
b 80
b 81
b 82
b 83
b 84
b 85
b 86
b 87
b 88
b 89
b 90
b 91
b 92
b 93
b 94
b 95
b 96
b 97
b 98
b 99
b 100
b 101
b 102
b 103
b 104
b 105
b 106
b 107
b 108
b 109
b 110
b 111
b 112
b 113
b 114
b 115
b 116
b 117
b 118
b 119
b 120
b 121
b 122
b 123
b 124
b 125
b 126
b 127
b 128
b 129
b 130
b 131
b 132
b 133
b 134
b 135
b 136
b 137
b 138
b 139
b 140
b 141
b 142
b 143
b 144
b 145
b 146
b 147
b 148
b 149
b 150
b 151
b 152
b 153
b 154
b 155
b 156
b 157
b 158
b 159
b 160
b 161
b 162
b 163
b 164
b 165
b 166
b 167
b 168
b 169
b 170
b 171
b 172
b 173
b 174
b 175
b 176
b 177
b 178
b 179
b 180
b 181
b 182
b 183
b 184
b 185
b 186
b 187
b 188
b 189
b 190
b 191
b 192
b 193
b 194
b 195
b 196
b 197
b 198
b 199
b 200
b 201
b 202
b 203
b 204
b 205
b 206
b 207
b 208
b 209
b 210
b 211
b 212
b 213
b 214
b 215
b 216
b 217
b 218
b 219
b 220
b 221
b 222
b 223
b 224
b 225
b 226
b 227
b 228
b 229
b 230
b 231
b 232
b 233
b 234
b 235
b 236
b 237
b 238
b 239
b 240
b 241
b 242
b 243
b 244
b 245
b 246
b 247
b 248
b 249
b 250
b 251
b 252
b 253
b 254
b 255
b 256
b 257
b 258
b 259
b 260
b 261
b 262
b 263
b 264
b 265
b 266
b 267
b 268
b 269
b 270
b 271
b 272
b 273
b 274
b 275
b 276
b 277
b 278
b 279
b 280
b 281
b 282
b 283
b 284
b 285
b 286
b 287
b 288
b 289
b 290
b 291
b 292
b 293
b 294
b 295
b 296
b 297
b 298
b 299
b 300
b 301
b 302
b 303
b 304
b 305
b 306
b 307
b 308
b 309
b 310
b 311
b 312
b 313
b 314
b 315
b 316
b 317
b 318
b 319
b 320
b 321
b 322
b 323
b 324
b 325
b 326
b 327
b 328
b 329
b 330
b 331
b 332
b 333
b 334
b 335
b 336
b 337
b 338
b 339
b 340
b 341
b 342
b 343
b 344
b 345
b 346
b 347
b 348
b 349
b 350
b 351
b 352
b 353
b 354
b 355
b 356
b 357
b 358
b 359
b 360
b 361
b 362
b 363
b 364
b 365
b 366
b 367
b 368
b 369
b 370
b 371
b 372
b 373
b 374
b 375
b 376
b 377
b 378
b 379
b 380
b 381
b 382
b 383
b 384
b 385
b 386
b 387
b 388
b 389
b 390
b 391
b 392
b 393
b 394
b 395
b 396
b 397
b 398
b 399
b 400
b 401
b 402
b 403
b 404
b 405
b 406
b 407
b 408
b 409
b 410
b 411
b 412
b 413
b 414
b 415
b 416
b 417
b 418
b 419
b 420
b 421
b 422
b 423
b 424
b 425
b 426
b 427
b 428
b 429
b 430
b 431
b 432
b 433
b 434
b 435
b 436
b 437
b 438
b 439
b 440
b 441
b 442
b 443
b 444
b 445
b 446
b 447
b 448
b 449
b 450
b 451
b 452
b 453
b 454
b 455
b 456
b 457
b 458
b 459
b 460
b 461
b 462
b 463
b 464
b 465
b 466
b 467
b 468
b 469
b 470
b 471
b 472
b 473
b 474
b 475
b 476
b 477
b 478
b 479
b 480
b 481
b 482
b 483
b 484
b 485
b 486
b 487
b 488
b 489
b 490
b 491
b 492
b 493
b 494
b 495
b 496
b 497
b 498
b 499
b 500
b 501
b 502
b 503
b 504
b 505
b 506
b 507
b 508
b 509
b 510
b 511
b 512
b 513
b 514
b 515
b 516
b 517
b 518
b 519
b 520
b 521
b 522
b 523
b 524
b 525
b 526
b 527
b 528
b 529
b 530
b 531
b 532
b 533
b 534
b 535
b 536
b 537
b 538
b 539
b 540
b 541
b 542
b 543
b 544
b 545
b 546
b 547
b 548
b 549
b 550
b 551
b 552
b 553
b 554
b 555
b 556
b 557
b 558
b 559
b 560
b 561
b 562
b 563
b 564
b 565
b 566
b 567
b 568
b 569
b 570
b 571
b 572
b 573
b 574
b 575
b 576
b 577
b 578
b 579
b 580
b 581
b 582
b 583
b 584
b 585
b 586
b 587
b 588
b 589
b 590
b 591
b 592
b 593
b 594
b 595
b 596
b 597
b 598
b 599
b 600
b 601
b 602
b 603
b 604
b 605
b 606
b 607
b 608
b 609
b 610
b 611
b 612
b 613
b 614
b 615
b 616
b 617
b 618
b 619
b 620
b 621
b 622
b 623
b 624
b 625
b 626
b 627
b 628
b 629
b 630
b 631
b 632
b 633
b 634
b 635
b 636
b 637
b 638
b 639
b 640
b 641
b 642
b 643
b 644
b 645
b 646
b 647
b 648
b 649
b 650
b 651
b 652
b 653
b 654
b 655
b 656
b 657
b 658
b 659
b 660
b 661
b 662
b 663
b 664
b 665
b 666
b 667
b 668
b 669
b 670
b 671
b 672
b 673
b 674
b 675
b 676
b 677
b 678
b 679
b 680
b 681
b 682
b 683
b 684
b 685
b 686
b 687
b 688
b 689
b 690
b 691
b 692
b 693
b 694
b 695
b 696
b 697
b 698
b 699
b 700
b 701
b 702
b 703
b 704
b 705
b 706
b 707
b 708
b 709
b 710
b 711
b 712
b 713
b 714
b 715
b 716
b 717
b 718
b 719
b 720
b 721
b 722
b 723
b 724
b 725
b 726
b 727
b 728
b 729
b 730
b 731
b 732
b 733
b 734
b 735
b 736
b 737
b 738
b 739
b 740
b 741
b 742
b 743
b 744
b 745
b 746
b 747
b 748
b 749
b 750
b 751
b 752
b 753
b 754
b 755
b 756
b 757
b 758
b 759
b 760
b 761
b 762
b 763
b 764
b 765
b 766
b 767
b 768
b 769
b 770
b 771
b 772
b 773
b 774
b 775
b 776
b 777
b 778
b 779
b 780
b 781
b 782
b 783
b 784
b 785
b 786
b 787
b 788
b 789
b 790
b 791
b 792
b 793
b 794
b 795
b 796
b 797
b 798
b 799
b 800
b 801
b 802
b 803
b 804
b 805
b 806
b 807
b 808
b 809
b 810
b 811
b 812
b 813
b 814
b 815
b 816
b 817
b 818
b 819
b 820
b 821
b 822
b 823
b 824
b 825
b 826
b 827
b 828
b 829
b 830
b 831
b 832
b 833
b 834
b 835
b 836
b 837
b 838
b 839
b 840
b 841
b 842
b 843
b 844
b 845
b 846
b 847
b 848
b 849
b 850
b 851
b 852
b 853
b 854
b 855
b 856
b 857
b 858
b 859
b 860
b 861
b 862
b 863
b 864
b 865
b 866
b 867
b 868
b 869
b 870
b 871
b 872
b 873
b 874
b 875
b 876
b 877
b 878
b 879
b 880
b 881
b 882
b 883
b 884
b 885
b 886
b 887
b 888
b 889
b 890
b 891
b 892
b 893
b 894
b 895
b 896
b 897
b 898
b 899
b 900
b 901
b 902
b 903
b 904
b 905
b 906
b 907
b 908
b 909
b 910
b 911
b 912
b 913
b 914
b 915
b 916
b 917
b 918
b 919
b 920
b 921
b 922
b 923
b 924
b 925
b 926
b 927
b 928
b 929
b 930
b 931
b 932
b 933
b 934
b 935
b 936
b 937
b 938
b 939
b 940
b 941
b 942
b 943
b 944
b 945
b 946
b 947
b 948
b 949
b 950
b 951
b 952
b 953
b 954
b 955
b 956
b 957
b 958
b 959
b 960
b 961
b 962
b 963
b 964
b 965
b 966
b 967
b 968
b 969
b 970
b 971
b 972
b 973
b 974
b 975
b 976
b 977
b 978
b 979
b 980
b 981
b 982
b 983
b 984
b 985
b 986
b 987
b 988
b 989
b 990
b 991
b 992
b 993
b 994
b 995
b 996
b 997
b 998
b 999
b 1000
b 1001
b 1002
b 1003
b 1004
b 1005
b 1006
b 1007
b 1008
b 1009
b 1010
b 1011
b 1012
b 1013
b 1014
b 1015
b 1016
b 1017
b 1018
b 1019
b 1020
b 1021
b 1022
b 1023
b 1024
b 1025
b 1026
b 1027
b 1028
b 1029
b 1030
b 1031
b 1032
b 1033
b 1034
b 1035
b 1036
b 1037
b 1038
b 1039
b 1040
b 1041
b 1042
b 1043
b 1044
b 1045
b 1046
b 1047
b 1048
b 1049
b 1050
b 1051
b 1052
b 1053
b 1054
b 1055
b 1056
b 1057
b 1058
b 1059
b 1060
b 1061
b 1062
b 1063
b 1064
b 1065
b 1066
b 1067
b 1068
b 1069
b 1070
b 1071
b 1072
b 1073
b 1074
b 1075
b 1076
b 1077
b 1078
b 1079
b 1080
b 1081
b 1082
b 1083
b 1084
b 1085
b 1086
b 1087
b 1088
b 1089
b 1090
b 1091
b 1092
b 1093
b 1094
b 1095
b 1096
b 1097
b 1098
b 1099
b 1100
b 1101
b 1102
b 1103
b 1104
b 1105
b 1106
b 1107
b 1108
b 1109
b 1110
b 1111
b 1112
b 1113
b 1114
b 1115
b 1116
b 1117
b 1118
b 1119
b 1120
b 1121
b 1122
b 1123
b 1124
b 1125
b 1126
b 1127
b 1128
b 1129
b 1130
b 1131
b 1132
b 1133
b 1134
b 1135
b 1136
b 1137
b 1138
b 1139
b 1140
b 1141
b 1142
b 1143
b 1144
b 1145
b 1146
b 1147
b 1148
b 1149
b 1150
b 1151
b 1152
b 1153
b 1154
b 1155
b 1156
b 1157
b 1158
b 1159
b 1160
b 1161
b 1162
b 1163
b 1164
b 1165
b 1166
b 1167
b 1168
b 1169
b 1170
b 1171
b 1172
b 1173
b 1174
b 1175
b 1176
b 1177
b 1178
b 1179
b 1180
b 1181
b 1182
b 1183
b 1184
b 1185
b 1186
b 1187
b 1188
b 1189
b 1190
b 1191
b 1192
b 1193
b 1194
b 1195
b 1196
b 1197
b 1198
b 1199
b 1200
b 1201
b 1202
b 1203
b 1204
b 1205
b 1206
b 1207
b 1208
b 1209
b 1210
b 1211
b 1212
b 1213
b 1214
b 1215
b 1216
b 1217
b 1218
b 1219
b 1220
b 1221
b 1222
b 1223
b 1224
b 1225
b 1226
b 1227
b 1228
b 1229
b 1230
b 1231
b 1232
b 1233
b 1234
b 1235
b 1236
b 1237
b 1238
b 1239
b 1240
b 1241
b 1242
b 1243
b 1244
b 1245
b 1246
b 1247
b 1248
b 1249
b 1250
b 1251
b 1252
b 1253
b 1254
b 1255
b 1256
b 1257
b 1258
b 1259
b 1260
b 1261
b 1262
b 1263
b 1264
b 1265
b 1266
b 1267
b 1268
b 1269
b 1270
b 1271
b 1272
b 1273
b 1274
b 1275
b 1276
b 1277
b 1278
b 1279
b 1280
b 1281
b 1282
b 1283
b 1284
b 1285
b 1286
b 1287
b 1288
b 1289
b 1290
b 1291
b 1292
b 1293
b 1294
b 1295
b 1296
b 1297
b 1298
b 1299
b 1300
b 1301
b 1302
b 1303
b 1304
b 1305
b 1306
b 1307
b 1308
b 1309
b 1310
b 1311
b 1312
b 1313
b 1314
b 1315
b 1316
b 1317
b 1318
b 1319
b 1320
b 1321
b 1322
b 1323
b 1324
b 1325
b 1326
b 1327
b 1328
b 1329
b 1330
b 1331
b 1332
b 1333
b 1334
b 1335
b 1336
b 1337
b 1338
b 1339
b 1340
b 1341
b 1342
b 1343
b 1344
b 1345
b 1346
b 1347
b 1348
b 1349
b 1350
b 1351
b 1352
b 1353
b 1354
b 1355
b 1356
b 1357
b 1358
b 1359
b 1360
b 1361
b 1362
b 1363
b 1364
b 1365
b 1366
b 1367
b 1368
b 1369
b 1370
b 1371
b 1372
b 1373
b 1374
b 1375
b 1376
b 1377
b 1378
b 1379
b 1380
b 1381
b 1382
b 1383
b 1384
b 1385
b 1386
b 1387
b 1388
b 1389
b 1390
b 1391
b 1392
b 1393
b 1394
b 1395
b 1396
b 1397
b 1398
b 1399
b 1400
b 1401
b 1402
b 1403
b 1404
b 1405
b 1406
b 1407
b 1408
b 1409
b 1410
b 1411
b 1412
b 1413
b 1414
b 1415
b 1416
b 1417
b 1418
b 1419
b 1420
b 1421
b 1422
b 1423
b 1424
b 1425
b 1426
b 1427
b 1428
b 1429
b 1430
b 1431
b 1432
b 1433
b 1434
b 1435
b 1436
b 1437
b 1438
b 1439
b 1440
b 1441
b 1442
b 1443
b 1444
b 1445
b 1446
b 1447
b 1448
b 1449
b 1450
b 1451
b 1452
b 1453
b 1454
b 1455
b 1456
b 1457
b 1458
b 1459
b 1460
b 1461
b 1462
b 1463
b 1464
b 1465
b 1466
b 1467
b 1468
b 1469
b 1470
b 1471
b 1472
b 1473
b 1474
b 1475
b 1476
b 1477
b 1478
b 1479
b 1480
b 1481
b 1482
b 1483
b 1484
b 1485
b 1486
b 1487
b 1488
b 1489
b 1490
b 1491
b 1492
b 1493
b 1494
b 1495
b 1496
b 1497
b 1498
b 1499
b 1500
b 1501
b 1502
b 1503
b 1504
b 1505
b 1506
b 1507
b 1508
b 1509
b 1510
b 1511
b 1512
b 1513
b 1514
b 1515
b 1516
b 1517
b 1518
b 1519
b 1520
b 1521
b 1522
b 1523
b 1524
b 1525
b 1526
b 1527
b 1528
b 1529
b 1530
b 1531
b 1532
b 1533
b 1534
b 1535
b 1536
b 1537
b 1538
b 1539
b 1540
b 1541
b 1542
b 1543
b 1544
b 1545
b 1546
b 1547
b 1548
b 1549
b 1550
b 1551
b 1552
b 1553
b 1554
b 1555
b 1556
b 1557
b 1558
b 1559
b 1560
b 1561
b 1562
b 1563
b 1564
b 1565
b 1566
b 1567
b 1568
b 1569
b 1570
b 1571
b 1572
b 1573
b 1574
b 1575
b 1576
b 1577
b 1578
b 1579
b 1580
b 1581
b 1582
b 1583
b 1584
b 1585
b 1586
b 1587
b 1588
b 1589
b 1590
b 1591
b 1592
b 1593
b 1594
b 1595
b 1596
b 1597
b 1598
b 1599
b 1600
b 1601
b 1602
b 1603
b 1604
b 1605
b 1606
b 1607
b 1608
b 1609
b 1610
b 1611
b 1612
b 1613
b 1614
b 1615
b 1616
b 1617
b 1618
b 1619
b 1620
b 1621
b 1622
b 1623
b 1624
b 1625
b 1626
b 1627
b 1628
b 1629
b 1630
b 1631
b 1632
b 1633
b 1634
b 1635
b 1636
b 1637
b 1638
b 1639
b 1640
b 1641
b 1642
b 1643
b 1644
b 1645
b 1646
b 1647
b 1648
b 1649
b 1650
b 1651
b 1652
b 1653
b 1654
b 1655
b 1656
b 1657
b 1658
b 1659
b 1660
b 1661
b 1662
b 1663
b 1664
b 1665
b 1666
b 1667
b 1668
b 1669
b 1670
b 1671
b 1672
b 1673
b 1674
b 1675
b 1676
b 1677
b 1678
b 1679
b 1680
b 1681
b 1682
b 1683
b 1684
b 1685
b 1686
b 1687
b 1688
b 1689
b 1690
b 1691
b 1692
b 1693
b 1694
b 1695
b 1696
b 1697
b 1698
b 1699
b 1700
b 1701
b 1702
b 1703
b 1704
b 1705
b 1706
b 1707
b 1708
b 1709
b 1710
b 1711
b 1712
b 1713
b 1714
b 1715
b 1716
b 1717
b 1718
b 1719
b 1720
b 1721
b 1722
b 1723
b 1724
b 1725
b 1726
b 1727
b 1728
b 1729
b 1730
b 1731
b 1732
b 1733
b 1734
b 1735
b 1736
b 1737
b 1738
b 1739
b 1740
b 1741
b 1742
b 1743
b 1744
b 1745
b 1746
b 1747
b 1748
b 1749
b 1750
b 1751
b 1752
b 1753
b 1754
b 1755
b 1756
b 1757
b 1758
b 1759
b 1760
b 1761
b 1762
b 1763
b 1764
b 1765
b 1766
b 1767
b 1768
b 1769
b 1770
b 1771
b 1772
b 1773
b 1774
b 1775
b 1776
b 1777
b 1778
b 1779
b 1780
b 1781
b 1782
b 1783
b 1784
b 1785
b 1786
b 1787
b 1788
b 1789
b 1790
b 1791
b 1792
b 1793
b 1794
b 1795
b 1796
b 1797
b 1798
b 1799
b 1800
b 1801
b 1802
b 1803
b 1804
b 1805
b 1806
b 1807
b 1808
b 1809
b 1810
b 1811
b 1812
b 1813
b 1814
b 1815
b 1816
b 1817
b 1818
b 1819
b 1820
b 1821
b 1822
b 1823
b 1824
b 1825
b 1826
b 1827
b 1828
b 1829
b 1830
b 1831
b 1832
b 1833
b 1834
b 1835
b 1836
b 1837
b 1838
b 1839
b 1840
b 1841
b 1842
b 1843
b 1844
b 1845
b 1846
b 1847
b 1848
b 1849
b 1850
b 1851
b 1852
b 1853
b 1854
b 1855
b 1856
b 1857
b 1858
b 1859
b 1860
b 1861
b 1862
b 1863
b 1864
b 1865
b 1866
b 1867
b 1868
b 1869
b 1870
b 1871
b 1872
b 1873
b 1874
b 1875
b 1876
b 1877
b 1878
b 1879
b 1880
b 1881
b 1882
b 1883
b 1884
b 1885
b 1886
b 1887
b 1888
b 1889
b 1890
b 1891
b 1892
b 1893
b 1894
b 1895
b 1896
b 1897
b 1898
b 1899
b 1900
b 1901
b 1902
b 1903
b 1904
b 1905
b 1906
b 1907
b 1908
b 1909
b 1910
b 1911
b 1912
b 1913
b 1914
b 1915
b 1916
b 1917
b 1918
b 1919
b 1920
b 1921
b 1922
b 1923
b 1924
b 1925
b 1926
b 1927
b 1928
b 1929
b 1930
b 1931
b 1932
b 1933
b 1934
b 1935
b 1936
b 1937
b 1938
b 1939
b 1940
b 1941
b 1942
b 1943
b 1944
b 1945
b 1946
b 1947
b 1948
b 1949
b 1950
b 1951
b 1952
b 1953
b 1954
b 1955
b 1956
b 1957
b 1958
b 1959
b 1960
b 1961
b 1962
b 1963
b 1964
b 1965
b 1966
b 1967
b 1968
b 1969
b 1970
b 1971
b 1972
b 1973
b 1974
b 1975
b 1976
b 1977
b 1978
b 1979
b 1980
b 1981
b 1982
b 1983
b 1984
b 1985
b 1986
b 1987
b 1988
b 1989
b 1990
b 1991
b 1992
b 1993
b 1994
b 1995
b 1996
b 1997
b 1998
b 1999
b 2000
b 2001
b 2002
b 2003
b 2004
b 2005
b 2006
b 2007
b 2008
b 2009
b 2010
b 2011
b 2012
b 2013
b 2014
b 2015
b 2016
b 2017
b 2018
b 2019
b 2020
b 2021
b 2022
b 2023
b 2024
b 2025
b 2026
b 2027
b 2028
b 2029
b 2030
b 2031
b 2032
b 2033
b 2034
b 2035
b 2036
b 2037
b 2038
b 2039
b 2040
b 2041
b 2042
b 2043
b 2044
b 2045
b 2046
b 2047
b 2048
b 2049
b 2050
b 2051
b 2052
b 2053
b 2054
b 2055
b 2056
b 2057
b 2058
b 2059
b 2060
b 2061
b 2062
b 2063
b 2064
b 2065
b 2066
b 2067
b 2068
b 2069
b 2070
b 2071
b 2072
b 2073
b 2074
b 2075
b 2076
b 2077
b 2078
b 2079
b 2080
b 2081
b 2082
b 2083
b 2084
b 2085
b 2086
b 2087
b 2088
b 2089
b 2090
b 2091
b 2092
b 2093
b 2094
b 2095
b 2096
b 2097
b 2098
b 2099
b 2100
b 2101
b 2102
b 2103
b 2104
b 2105
b 2106
b 2107
b 2108
b 2109
b 2110
b 2111
b 2112
b 2113
b 2114
b 2115
b 2116
b 2117
b 2118
b 2119
b 2120
b 2121
b 2122
b 2123
b 2124
b 2125
b 2126
b 2127
b 2128
b 2129
b 2130
b 2131
b 2132
b 2133
b 2134
b 2135
b 2136
b 2137
b 2138
b 2139
b 2140
b 2141
b 2142
b 2143
b 2144
b 2145
b 2146
b 2147
b 2148
b 2149
b 2150
b 2151
b 2152
b 2153
b 2154
b 2155
b 2156
b 2157
b 2158
b 2159
b 2160
b 2161
b 2162
b 2163
b 2164
b 2165
b 2166
b 2167
b 2168
b 2169
b 2170
b 2171
b 2172
b 2173
b 2174
b 2175
b 2176
b 2177
b 2178
b 2179
b 2180
b 2181
b 2182
b 2183
b 2184
b 2185
b 2186
b 2187
b 2188
b 2189
b 2190
b 2191
b 2192
b 2193
b 2194
b 2195
b 2196
b 2197
b 2198
b 2199
b 2200
b 2201
b 2202
b 2203
b 2204
b 2205
b 2206
b 2207
b 2208
b 2209
b 2210
b 2211
b 2212
b 2213
b 2214
b 2215
b 2216
b 2217
b 2218
b 2219
b 2220
b 2221
b 2222
b 2223
b 2224
b 2225
b 2226
b 2227
b 2228
b 2229
b 2230
b 2231
b 2232
b 2233
b 2234
b 2235
b 2236
b 2237
b 2238
b 2239
b 2240
b 2241
b 2242
b 2243
b 2244
b 2245
b 2246
b 2247
b 2248
b 2249
b 2250
b 2251
b 2252
b 2253
b 2254
b 2255
b 2256
b 2257
b 2258
b 2259
b 2260
b 2261
b 2262
b 2263
b 2264
b 2265
b 2266
b 2267
b 2268
b 2269
b 2270
b 2271
b 2272
b 2273
b 2274
b 2275
b 2276
b 2277
b 2278
b 2279
b 2280
b 2281
b 2282
b 2283
b 2284
b 2285
b 2286
b 2287
b 2288
b 2289
b 2290
b 2291
b 2292
b 2293
b 2294
b 2295
b 2296
b 2297
b 2298
b 2299
b 2300
b 2301
b 2302
b 2303
b 2304
b 2305
b 2306
b 2307
b 2308
b 2309
b 2310
b 2311
b 2312
b 2313
b 2314
b 2315
b 2316
b 2317
b 2318
b 2319
b 2320
b 2321
b 2322
b 2323
b 2324
b 2325
b 2326
b 2327
b 2328
b 2329
b 2330
b 2331
b 2332
b 2333
b 2334
b 2335
b 2336
b 2337
b 2338
b 2339
b 2340
b 2341
b 2342
b 2343
b 2344
b 2345
b 2346
b 2347
b 2348
b 2349
b 2350
b 2351
b 2352
b 2353
b 2354
b 2355
b 2356
b 2357
b 2358
b 2359
b 2360
b 2361
b 2362
b 2363
b 2364
b 2365
b 2366
b 2367
b 2368
b 2369
b 2370
b 2371
b 2372
b 2373
b 2374
b 2375
b 2376
b 2377
b 2378
b 2379
b 2380
b 2381
b 2382
b 2383
b 2384
b 2385
b 2386
b 2387
b 2388
b 2389
b 2390
b 2391
b 2392
b 2393
b 2394
b 2395
b 2396
b 2397
b 2398
b 2399
b 2400
b 2401
b 2402
b 2403
b 2404
b 2405
b 2406
b 2407
b 2408
b 2409
b 2410
b 2411
b 2412
b 2413
b 2414
b 2415
b 2416
b 2417
b 2418
b 2419
b 2420
b 2421
b 2422
b 2423
b 2424
b 2425
b 2426
b 2427
b 2428
b 2429
b 2430
b 2431
b 2432
b 2433
b 2434
b 2435
b 2436
b 2437
b 2438
b 2439
b 2440
b 2441
b 2442
b 2443
b 2444
b 2445
b 2446
b 2447
b 2448
b 2449
b 2450
b 2451
b 2452
b 2453
b 2454
b 2455
b 2456
b 2457
b 2458
b 2459
b 2460
b 2461
b 2462
b 2463
b 2464
b 2465
b 2466
b 2467
b 2468
b 2469
b 2470
b 2471
b 2472
b 2473
b 2474
b 2475
b 2476
b 2477
b 2478
b 2479
b 2480
b 2481
b 2482
b 2483
b 2484
b 2485
b 2486
b 2487
b 2488
b 2489
b 2490
b 2491
b 2492
b 2493
b 2494
b 2495
b 2496
b 2497
b 2498
b 2499
b 2500
b 2501
b 2502
b 2503
b 2504
b 2505
b 2506
b 2507
b 2508
b 2509
b 2510
b 2511
b 2512
b 2513
b 2514
b 2515
b 2516
b 2517
b 2518
b 2519
b 2520
b 2521
b 2522
b 2523
b 2524
b 2525
b 2526
b 2527
b 2528
b 2529
b 2530
b 2531
b 2532
b 2533
b 2534
b 2535
b 2536
b 2537
b 2538
b 2539
b 2540
b 2541
b 2542
b 2543
b 2544
b 2545
b 2546
b 2547
b 2548
b 2549
b 2550
b 2551
b 2552
b 2553
b 2554
b 2555
b 2556
b 2557
b 2558
b 2559
b 2560
b 2561
b 2562
b 2563
b 2564
b 2565
b 2566
b 2567
b 2568
b 2569
b 2570
b 2571
b 2572
b 2573
b 2574
b 2575
b 2576
b 2577
b 2578
b 2579
b 2580
b 2581
b 2582
b 2583
b 2584
b 2585
b 2586
b 2587
b 2588
b 2589
b 2590
b 2591
b 2592
b 2593
b 2594
b 2595
b 2596
b 2597
b 2598
b 2599
b 2600
b 2601
b 2602
b 2603
b 2604
b 2605
b 2606
b 2607
b 2608
b 2609
b 2610
b 2611
b 2612
b 2613
b 2614
b 2615
b 2616
b 2617
b 2618
b 2619
b 2620
b 2621
b 2622
b 2623
b 2624
b 2625
b 2626
b 2627
b 2628
b 2629
b 2630
b 2631
b 2632
b 2633
b 2634
b 2635
b 2636
b 2637
b 2638
b 2639
b 2640
b 2641
b 2642
b 2643
b 2644
b 2645
b 2646
b 2647
b 2648
b 2649
b 2650
b 2651
b 2652
b 2653
b 2654
b 2655
b 2656
b 2657
b 2658
b 2659
b 2660
b 2661
b 2662
b 2663
b 2664
b 2665
b 2666
b 2667
b 2668
b 2669
b 2670
b 2671
b 2672
b 2673
b 2674
b 2675
b 2676
b 2677
b 2678
b 2679
b 2680
b 2681
b 2682
b 2683
b 2684
b 2685
b 2686
b 2687
b 2688
b 2689
b 2690
b 2691
b 2692
b 2693
b 2694
b 2695
b 2696
b 2697
b 2698
b 2699
b 2700
b 2701
b 2702
b 2703
b 2704
b 2705
b 2706
b 2707
b 2708
b 2709
b 2710
b 2711
b 2712
b 2713
b 2714
b 2715
b 2716
b 2717
b 2718
b 2719
b 2720
b 2721
b 2722
b 2723
b 2724
