My PID: 1875

From a new terminal type `kill -SIGINT 1875` or `kill -SIGTERM 1875` to stop processing packets

My ID: 4

List of resolved hosts is:
==========================
1
Human-readable IP: 127.0.0.1
Human-readable Port: 11001

2
Human-readable IP: 127.0.0.1
Human-readable Port: 11002

3
Human-readable IP: 127.0.0.1
Human-readable Port: 11003

4
Human-readable IP: 127.0.0.1
Human-readable Port: 11004

5
Human-readable IP: 127.0.0.1
Human-readable Port: 11005

6
Human-readable IP: 127.0.0.1
Human-readable Port: 11006

7
Human-readable IP: 127.0.0.1
Human-readable Port: 11007

8
Human-readable IP: 127.0.0.1
Human-readable Port: 11008

9
Human-readable IP: 127.0.0.1
Human-readable Port: 11009

10
Human-readable IP: 127.0.0.1
Human-readable Port: 11010


Path to output:
===============
/mnt/c/repo/CS451-2023-project/template_java/bin/proc04.output

Path to config:
===============
./bin/config

Doing some initialization

Broadcasting and delivering messages...

Number of messages: 1000000
Receiver ID: 1
I am one of the senders
Sending message: 1
Sent message: 4#1#
Sending message: 2
Sent message: 4#2#
Sending message: 3
Sent message: 4#3#
Sending message: 4
Sent message: 4#4#
Sending message: 5
Sent message: 4#5#
Sending message: 6
Sent message: 4#6#
Sending message: 7
Sent message: 4#7#
Sending message: 8
Sent message: 4#8#
Sending message: 9
Sent message: 4#9#
Sending message: 10
Sent message: 4#10#
Sending message: 11
Sent message: 4#11#
Sending message: 12
Sent message: 4#12#
Sending message: 13
Sent message: 4#13#
Sending message: 14
Sent message: 4#14#
Sending message: 15
Sent message: 4#15#
Sending message: 16
Sent message: 4#16#
Sending message: 17
Sent message: 4#17#
Sending message: 18
Sent message: 4#18#
Sending message: 19
Sent message: 4#19#
Sending message: 20
Sent message: 4#20#
Sending message: 21
Sent message: 4#21#
Sending message: 22
Sent message: 4#22#
Sending message: 23
Sent message: 4#23#
Sending message: 24
Sent message: 4#24#
Sending message: 25
Sent message: 4#25#
Sending message: 26
Sent message: 4#26#
Sending message: 27
Sent message: 4#27#
Sending message: 28
Sent message: 4#28#
Sending message: 29
Sent message: 4#29#
Sending message: 30
Sent message: 4#30#
Sending message: 31
Sent message: 4#31#
Sending message: 32
Sent message: 4#32#
Sending message: 33
Sent message: 4#33#
Sending message: 34
Sent message: 4#34#
Sending message: 35
Sent message: 4#35#
Sending message: 36
Sent message: 4#36#
Sending message: 37
Sent message: 4#37#
Sending message: 38
Sent message: 4#38#
Sending message: 39
Sent message: 4#39#
Sending message: 40
Sent message: 4#40#
Sending message: 41
Sent message: 4#41#
Sending message: 42
Sent message: 4#42#
Sending message: 43
Sent message: 4#43#
Sending message: 44
Sent message: 4#44#
Sending message: 45
Sent message: 4#45#
Sending message: 46
Sent message: 4#46#
Sending message: 47
Sent message: 4#47#
Sending message: 48
Sent message: 4#48#
Sending message: 49
Sent message: 4#49#
Sending message: 50
Sent message: 4#50#
Sending message: 51
Sent message: 4#51#
Sending message: 52
Sent message: 4#52#
Sending message: 53
Sent message: 4#53#
Sending message: 54
Sent message: 4#54#
Sending message: 55
Sent message: 4#55#
Sending message: 56
Sent message: 4#56#
Sending message: 57
Sent message: 4#57#
Sending message: 58
Sent message: 4#58#
Sending message: 59
Sent message: 4#59#
Sending message: 60
Sent message: 4#60#
Sending message: 61
Sent message: 4#61#
Sending message: 62
Sent message: 4#62#
Sending message: 63
Sent message: 4#63#
Sending message: 64
Sent message: 4#64#
Sending message: 65
Sent message: 4#65#
Sending message: 66
Sent message: 4#66#
Sending message: 67
Sent message: 4#67#
Sending message: 68
Sent message: 4#68#
Sending message: 69
Sent message: 4#69#
Sending message: 70
Sent message: 4#70#
Sending message: 71
Sent message: 4#71#
Sending message: 72
Sent message: 4#72#
Sending message: 73
Sent message: 4#73#
Sending message: 74
Sent message: 4#74#
Sending message: 75
Sent message: 4#75#
Sending message: 76
Sent message: 4#76#
Sending message: 77
Sent message: 4#77#
Sending message: 78
Sent message: 4#78#
Sending message: 79
Sent message: 4#79#
Sending message: 80
Sent message: 4#80#
Sending message: 81
Sent message: 4#81#
Sending message: 82
Sent message: 4#82#
Sending message: 83
Sent message: 4#83#
Sending message: 84
Sent message: 4#84#
Sending message: 85
Sent message: 4#85#
Sending message: 86
Sent message: 4#86#
Sending message: 87
Sent message: 4#87#
Sending message: 88
Sent message: 4#88#
Sending message: 89
Sent message: 4#89#
Sending message: 90
Sent message: 4#90#
Sending message: 91
Sent message: 4#91#
Sending message: 92
Sent message: 4#92#
Sending message: 93
Sent message: 4#93#
Sending message: 94
Sent message: 4#94#
Sending message: 95
Sent message: 4#95#
Sending message: 96
Sent message: 4#96#
Sending message: 97
Sent message: 4#97#
Sending message: 98
Sent message: 4#98#
Sending message: 99
Sent message: 4#99#
Sending message: 100
Sent message: 4#100#
Sending message: 101
Sent message: 4#101#
Sending message: 102
Sent message: 4#102#
Sending message: 103
Sent message: 4#103#
Sending message: 104
Sent message: 4#104#
Sending message: 105
Sent message: 4#105#
Sending message: 106
Sent message: 4#106#
Sending message: 107
Sent message: 4#107#
Sending message: 108
Sent message: 4#108#
Sending message: 109
Sent message: 4#109#
Sending message: 110
Sent message: 4#110#
Sending message: 111
Sent message: 4#111#
Sending message: 112
Sent message: 4#112#
Sending message: 113
Sent message: 4#113#
Sending message: 114
Sent message: 4#114#
Sending message: 115
Sent message: 4#115#
Sending message: 116
Sent message: 4#116#
Sending message: 117
Sent message: 4#117#
Sending message: 118
Sent message: 4#118#
Sending message: 119
Sent message: 4#119#
Sending message: 120
Sent message: 4#120#
Sending message: 121
Sent message: 4#121#
Sending message: 122
Sent message: 4#122#
Sending message: 123
Sent message: 4#123#
Sending message: 124
Sent message: 4#124#
Sending message: 125
Sent message: 4#125#
Sending message: 126
Sent message: 4#126#
Sending message: 127
Sent message: 4#127#
Sending message: 128
Sent message: 4#128#
Sending message: 129
Sent message: 4#129#
Sending message: 130
Sent message: 4#130#
Sending message: 131
Sent message: 4#131#
Sending message: 132
Sent message: 4#132#
Sending message: 133
Sent message: 4#133#
Sending message: 134
Sent message: 4#134#
Sending message: 135
Sent message: 4#135#
Sending message: 136
Sent message: 4#136#
Sending message: 137
Sent message: 4#137#
Sending message: 138
Sent message: 4#138#
Sending message: 139
Sent message: 4#139#
Sending message: 140
Sent message: 4#140#
Sending message: 141
Sent message: 4#141#
Sending message: 142
Sent message: 4#142#
Sending message: 143
Sent message: 4#143#
Sending message: 144
Sent message: 4#144#
Sending message: 145
Sent message: 4#145#
Sending message: 146
Sent message: 4#146#
Sending message: 147
Sent message: 4#147#
Sending message: 148
Sent message: 4#148#
Sending message: 149
Sent message: 4#149#
Sending message: 150
Sent message: 4#150#
Sending message: 151
Sent message: 4#151#
Sending message: 152
Sent message: 4#152#
Sending message: 153
Sent message: 4#153#
Sending message: 154
Sent message: 4#154#
Sending message: 155
Sent message: 4#155#
Sending message: 156
Sent message: 4#156#
Sending message: 157
Sent message: 4#157#
Sending message: 158
Sent message: 4#158#
Sending message: 159
Sent message: 4#159#
Sending message: 160
Sent message: 4#160#
Sending message: 161
Sent message: 4#161#
Sending message: 162
Sent message: 4#162#
Sending message: 163
Sent message: 4#163#
Sending message: 164
Sent message: 4#164#
Sending message: 165
Sent message: 4#165#
Sending message: 166
Sent message: 4#166#
Sending message: 167
Sent message: 4#167#
Sending message: 168
Sent message: 4#168#
Sending message: 169
Sent message: 4#169#
Sending message: 170
Sent message: 4#170#
Sending message: 171
Sent message: 4#171#
Sending message: 172
Sent message: 4#172#
Sending message: 173
Sent message: 4#173#
Sending message: 174
Sent message: 4#174#
Sending message: 175
Sent message: 4#175#
Sending message: 176
Sent message: 4#176#
Sending message: 177
Sent message: 4#177#
Sending message: 178
Sent message: 4#178#
Sending message: 179
Sent message: 4#179#
Sending message: 180
Sent message: 4#180#
Sending message: 181
Sent message: 4#181#
Sending message: 182
Sent message: 4#182#
Sending message: 183
Sent message: 4#183#
Sending message: 184
Sent message: 4#184#
Sending message: 185
Sent message: 4#185#
Sending message: 186
Sent message: 4#186#
Sending message: 187
Sent message: 4#187#
Sending message: 188
Sent message: 4#188#
Sending message: 189
Sent message: 4#189#
Sending message: 190
Sent message: 4#190#
Sending message: 191
Sent message: 4#191#
Sending message: 192
Sent message: 4#192#
Sending message: 193
Sent message: 4#193#
Sending message: 194
Sent message: 4#194#
Sending message: 195
Sent message: 4#195#
Sending message: 196
Sent message: 4#196#
Sending message: 197
Sent message: 4#197#
Sending message: 198
Sent message: 4#198#
Sending message: 199
Sent message: 4#199#
Sending message: 200
Sent message: 4#200#
Sending message: 201
Sent message: 4#201#
Sending message: 202
Sent message: 4#202#
Sending message: 203
Sent message: 4#203#
Sending message: 204
Sent message: 4#204#
Sending message: 205
Sent message: 4#205#
Sending message: 206
Sent message: 4#206#
Sending message: 207
Sent message: 4#207#
Sending message: 208
Sent message: 4#208#
Sending message: 209
Sent message: 4#209#
Sending message: 210
Sent message: 4#210#
Sending message: 211
Sent message: 4#211#
Sending message: 212
Sent message: 4#212#
Sending message: 213
Sent message: 4#213#
Sending message: 214
Sent message: 4#214#
Sending message: 215
Sent message: 4#215#
Sending message: 216
Sent message: 4#216#
Sending message: 217
Sent message: 4#217#
Sending message: 218
Sent message: 4#218#
Sending message: 219
Sent message: 4#219#
Sending message: 220
Sent message: 4#220#
Sending message: 221
Sent message: 4#221#
Sending message: 222
Sent message: 4#222#
Sending message: 223
Sent message: 4#223#
Sending message: 224
Sent message: 4#224#
Sending message: 225
Sent message: 4#225#
Sending message: 226
Sent message: 4#226#
Sending message: 227
Sent message: 4#227#
Sending message: 228
Sent message: 4#228#
Sending message: 229
Sent message: 4#229#
Sending message: 230
Sent message: 4#230#
Sending message: 231
Sent message: 4#231#
Sending message: 232
Sent message: 4#232#
Sending message: 233
Sent message: 4#233#
Sending message: 234
Sent message: 4#234#
Sending message: 235
Sent message: 4#235#
Sending message: 236
Sent message: 4#236#
Sending message: 237
Sent message: 4#237#
Sending message: 238
Sent message: 4#238#
Sending message: 239
Sent message: 4#239#
Sending message: 240
Sent message: 4#240#
Sending message: 241
Sent message: 4#241#
Sending message: 242
Sent message: 4#242#
Sending message: 243
Sent message: 4#243#
Sending message: 244
Sent message: 4#244#
Sending message: 245
Sent message: 4#245#
Sending message: 246
Sent message: 4#246#
Sending message: 247
Sent message: 4#247#
Sending message: 248
Sent message: 4#248#
Sending message: 249
Sent message: 4#249#
Sending message: 250
Sent message: 4#250#
Sending message: 251
Sent message: 4#251#
Sending message: 252
Sent message: 4#252#
Sending message: 253
Sent message: 4#253#
Sending message: 254
Sent message: 4#254#
Sending message: 255
Sent message: 4#255#
Sending message: 256
Sent message: 4#256#
Sending message: 257
Sent message: 4#257#
Sending message: 258
Sent message: 4#258#
Sending message: 259
Sent message: 4#259#
Sending message: 260
Sent message: 4#260#
Sending message: 261
Sent message: 4#261#
Sending message: 262
Sent message: 4#262#
Sending message: 263
Sent message: 4#263#
Sending message: 264
Immediately stopping network packet processing.
Writing output.
Sent message: 4#264#
Sending message: 265
Sent message: 4#265#
Sending message: 266
Sent message: 4#266#
Sending message: 267
Sent message: 4#267#
Sending message: 268
Sent message: 4#268#
Sending message: 269
Sent message: 4#269#
Sending message: 270