My PID: 1889

From a new terminal type `kill -SIGINT 1889` or `kill -SIGTERM 1889` to stop processing packets

My ID: 5

List of resolved hosts is:
==========================
1
Human-readable IP: 127.0.0.1
Human-readable Port: 11001

2
Human-readable IP: 127.0.0.1
Human-readable Port: 11002

3
Human-readable IP: 127.0.0.1
Human-readable Port: 11003

4
Human-readable IP: 127.0.0.1
Human-readable Port: 11004

5
Human-readable IP: 127.0.0.1
Human-readable Port: 11005

6
Human-readable IP: 127.0.0.1
Human-readable Port: 11006

7
Human-readable IP: 127.0.0.1
Human-readable Port: 11007

8
Human-readable IP: 127.0.0.1
Human-readable Port: 11008

9
Human-readable IP: 127.0.0.1
Human-readable Port: 11009

10
Human-readable IP: 127.0.0.1
Human-readable Port: 11010


Path to output:
===============
/mnt/c/repo/CS451-2023-project/template_java/bin/proc05.output

Path to config:
===============
./bin/config

Doing some initialization

Broadcasting and delivering messages...

Number of messages: 1000000
Receiver ID: 1
I am one of the senders
Sending message: 1
Sent message: 5#1#
Sending message: 2
Sent message: 5#2#
Sending message: 3
Sent message: 5#3#
Sending message: 4
Sent message: 5#4#
Sending message: 5
Sent message: 5#5#
Sending message: 6
Sent message: 5#6#
Sending message: 7
Sent message: 5#7#
Sending message: 8
Sent message: 5#8#
Sending message: 9
Sent message: 5#9#
Sending message: 10
Sent message: 5#10#
Sending message: 11
Sent message: 5#11#
Sending message: 12
Sent message: 5#12#
Sending message: 13
Sent message: 5#13#
Sending message: 14
Sent message: 5#14#
Sending message: 15
Sent message: 5#15#
Sending message: 16
Sent message: 5#16#
Sending message: 17
Sent message: 5#17#
Sending message: 18
Sent message: 5#18#
Sending message: 19
Sent message: 5#19#
Sending message: 20
Sent message: 5#20#
Sending message: 21
Sent message: 5#21#
Sending message: 22
Sent message: 5#22#
Sending message: 23
Sent message: 5#23#
Sending message: 24
Sent message: 5#24#
Sending message: 25
Sent message: 5#25#
Sending message: 26
Sent message: 5#26#
Sending message: 27
Sent message: 5#27#
Sending message: 28
Sent message: 5#28#
Sending message: 29
Sent message: 5#29#
Sending message: 30
Sent message: 5#30#
Sending message: 31
Sent message: 5#31#
Sending message: 32
Sent message: 5#32#
Sending message: 33
Sent message: 5#33#
Sending message: 34
Sent message: 5#34#
Sending message: 35
Sent message: 5#35#
Sending message: 36
Sent message: 5#36#
Sending message: 37
Sent message: 5#37#
Sending message: 38
Sent message: 5#38#
Sending message: 39
Sent message: 5#39#
Sending message: 40
Sent message: 5#40#
Sending message: 41
Sent message: 5#41#
Sending message: 42
Sent message: 5#42#
Sending message: 43
Sent message: 5#43#
Sending message: 44
Sent message: 5#44#
Sending message: 45
Sent message: 5#45#
Sending message: 46
Sent message: 5#46#
Sending message: 47
Sent message: 5#47#
Sending message: 48
Sent message: 5#48#
Sending message: 49
Sent message: 5#49#
Sending message: 50
Sent message: 5#50#
Sending message: 51
Sent message: 5#51#
Sending message: 52
Sent message: 5#52#
Sending message: 53
Sent message: 5#53#
Sending message: 54
Sent message: 5#54#
Sending message: 55
Sent message: 5#55#
Sending message: 56
Sent message: 5#56#
Sending message: 57
Sent message: 5#57#
Sending message: 58
Sent message: 5#58#
Sending message: 59
Sent message: 5#59#
Sending message: 60
Sent message: 5#60#
Sending message: 61
Sent message: 5#61#
Sending message: 62
Sent message: 5#62#
Sending message: 63
Sent message: 5#63#
Sending message: 64
Sent message: 5#64#
Sending message: 65
Sent message: 5#65#
Sending message: 66
Sent message: 5#66#
Sending message: 67
Sent message: 5#67#
Sending message: 68
Sent message: 5#68#
Sending message: 69
Sent message: 5#69#
Sending message: 70
Sent message: 5#70#
Sending message: 71
Sent message: 5#71#
Sending message: 72
Sent message: 5#72#
Sending message: 73
Sent message: 5#73#
Sending message: 74
Sent message: 5#74#
Sending message: 75
Sent message: 5#75#
Sending message: 76
Sent message: 5#76#
Sending message: 77
Sent message: 5#77#
Sending message: 78
Sent message: 5#78#
Sending message: 79
Sent message: 5#79#
Sending message: 80
Sent message: 5#80#
Sending message: 81
Sent message: 5#81#
Sending message: 82
Sent message: 5#82#
Sending message: 83
Sent message: 5#83#
Sending message: 84
Sent message: 5#84#
Sending message: 85
Sent message: 5#85#
Sending message: 86
Sent message: 5#86#
Sending message: 87
Sent message: 5#87#
Sending message: 88
Sent message: 5#88#
Sending message: 89
Sent message: 5#89#
Sending message: 90
Sent message: 5#90#
Sending message: 91
Sent message: 5#91#
Sending message: 92
Sent message: 5#92#
Sending message: 93
Sent message: 5#93#
Sending message: 94
Sent message: 5#94#
Sending message: 95
Sent message: 5#95#
Sending message: 96
Sent message: 5#96#
Sending message: 97
Sent message: 5#97#
Sending message: 98
Sent message: 5#98#
Sending message: 99
Sent message: 5#99#
Sending message: 100
Sent message: 5#100#
Sending message: 101
Sent message: 5#101#
Sending message: 102
Sent message: 5#102#
Sending message: 103
Sent message: 5#103#
Sending message: 104
Sent message: 5#104#
Sending message: 105
Sent message: 5#105#
Sending message: 106
Sent message: 5#106#
Sending message: 107
Sent message: 5#107#
Sending message: 108
Sent message: 5#108#
Sending message: 109
Sent message: 5#109#
Sending message: 110
Sent message: 5#110#
Sending message: 111
Sent message: 5#111#
Sending message: 112
Sent message: 5#112#
Sending message: 113
Sent message: 5#113#
Sending message: 114
Sent message: 5#114#
Sending message: 115
Sent message: 5#115#
Sending message: 116
Sent message: 5#116#
Sending message: 117
Sent message: 5#117#
Sending message: 118
Sent message: 5#118#
Sending message: 119
Sent message: 5#119#
Sending message: 120
Sent message: 5#120#
Sending message: 121
Sent message: 5#121#
Sending message: 122
Sent message: 5#122#
Sending message: 123
Sent message: 5#123#
Sending message: 124
Sent message: 5#124#
Sending message: 125
Sent message: 5#125#
Sending message: 126
Sent message: 5#126#
Sending message: 127
Sent message: 5#127#
Sending message: 128
Sent message: 5#128#
Sending message: 129
Sent message: 5#129#
Sending message: 130
Sent message: 5#130#
Sending message: 131
Sent message: 5#131#
Sending message: 132
Sent message: 5#132#
Sending message: 133
Sent message: 5#133#
Sending message: 134
Sent message: 5#134#
Sending message: 135
Sent message: 5#135#
Sending message: 136
Sent message: 5#136#
Sending message: 137
Sent message: 5#137#
Sending message: 138
Sent message: 5#138#
Sending message: 139
Sent message: 5#139#
Sending message: 140
Sent message: 5#140#
Sending message: 141
Sent message: 5#141#
Sending message: 142
Sent message: 5#142#
Sending message: 143
Sent message: 5#143#
Sending message: 144
Sent message: 5#144#
Sending message: 145
Sent message: 5#145#
Sending message: 146
Sent message: 5#146#
Sending message: 147
Sent message: 5#147#
Sending message: 148
Sent message: 5#148#
Sending message: 149
Sent message: 5#149#
Sending message: 150
Sent message: 5#150#
Sending message: 151
Sent message: 5#151#
Sending message: 152
Sent message: 5#152#
Sending message: 153
Sent message: 5#153#
Sending message: 154
Sent message: 5#154#
Sending message: 155
Sent message: 5#155#
Sending message: 156
Sent message: 5#156#
Sending message: 157
Sent message: 5#157#
Sending message: 158
Sent message: 5#158#
Sending message: 159
Sent message: 5#159#
Sending message: 160
Sent message: 5#160#
Sending message: 161
Sent message: 5#161#
Sending message: 162
Sent message: 5#162#
Sending message: 163
Sent message: 5#163#
Sending message: 164
Sent message: 5#164#
Sending message: 165
Sent message: 5#165#
Sending message: 166
Sent message: 5#166#
Sending message: 167
Sent message: 5#167#
Sending message: 168
Sent message: 5#168#
Sending message: 169
Sent message: 5#169#
Sending message: 170
Sent message: 5#170#
Sending message: 171
Sent message: 5#171#
Sending message: 172
Sent message: 5#172#
Sending message: 173
Sent message: 5#173#
Sending message: 174
Sent message: 5#174#
Sending message: 175
Sent message: 5#175#
Sending message: 176
Sent message: 5#176#
Sending message: 177
Sent message: 5#177#
Sending message: 178
Sent message: 5#178#
Sending message: 179
Sent message: 5#179#
Sending message: 180
Sent message: 5#180#
Sending message: 181
Sent message: 5#181#
Sending message: 182
Sent message: 5#182#
Sending message: 183
Sent message: 5#183#
Sending message: 184
Sent message: 5#184#
Sending message: 185
Sent message: 5#185#
Sending message: 186
Sent message: 5#186#
Sending message: 187
Sent message: 5#187#
Sending message: 188
Sent message: 5#188#
Sending message: 189
Sent message: 5#189#
Sending message: 190
Sent message: 5#190#
Sending message: 191
Sent message: 5#191#
Sending message: 192
Sent message: 5#192#
Sending message: 193
Sent message: 5#193#
Sending message: 194
Sent message: 5#194#
Sending message: 195
Sent message: 5#195#
Sending message: 196
Sent message: 5#196#
Sending message: 197
Sent message: 5#197#
Sending message: 198
Sent message: 5#198#
Sending message: 199
Sent message: 5#199#
Sending message: 200
Sent message: 5#200#
Sending message: 201
Sent message: 5#201#
Sending message: 202
Sent message: 5#202#
Sending message: 203
Sent message: 5#203#
Sending message: 204
Sent message: 5#204#
Sending message: 205
Sent message: 5#205#
Sending message: 206
Sent message: 5#206#
Sending message: 207
Sent message: 5#207#
Sending message: 208
Sent message: 5#208#
Sending message: 209
Sent message: 5#209#
Sending message: 210
Sent message: 5#210#
Sending message: 211
Sent message: 5#211#
Sending message: 212
Sent message: 5#212#
Sending message: 213
Sent message: 5#213#
Sending message: 214
Sent message: 5#214#
Sending message: 215
Sent message: 5#215#
Sending message: 216
Sent message: 5#216#
Sending message: 217
Sent message: 5#217#
Sending message: 218
Sent message: 5#218#
Sending message: 219
Sent message: 5#219#
Sending message: 220
Sent message: 5#220#
Sending message: 221
Sent message: 5#221#
Sending message: 222
Sent message: 5#222#
Sending message: 223
Sent message: 5#223#
Sending message: 224
Sent message: 5#224#
Sending message: 225
Sent message: 5#225#
Sending message: 226
Sent message: 5#226#
Sending message: 227
Sent message: 5#227#
Sending message: 228
Sent message: 5#228#
Sending message: 229
Sent message: 5#229#
Sending message: 230
Sent message: 5#230#
Sending message: 231
Sent message: 5#231#
Sending message: 232
Sent message: 5#232#
Sending message: 233
Sent message: 5#233#
Sending message: 234
Sent message: 5#234#
Sending message: 235
Sent message: 5#235#
Sending message: 236
Sent message: 5#236#
Sending message: 237
Sent message: 5#237#
Sending message: 238
Sent message: 5#238#
Sending message: 239
Sent message: 5#239#
Sending message: 240
Sent message: 5#240#
Sending message: 241
Sent message: 5#241#
Sending message: 242
Sent message: 5#242#
Sending message: 243
Sent message: 5#243#
Sending message: 244
Sent message: 5#244#
Sending message: 245
Sent message: 5#245#
Sending message: 246
Sent message: 5#246#
Sending message: 247
Sent message: 5#247#
Sending message: 248
Sent message: 5#248#
Sending message: 249
Sent message: 5#249#
Sending message: 250
Sent message: 5#250#
Sending message: 251
Sent message: 5#251#
Sending message: 252
Sent message: 5#252#
Sending message: 253
Sent message: 5#253#
Sending message: 254
Sent message: 5#254#
Sending message: 255
Sent message: 5#255#
Sending message: 256
Sent message: 5#256#
Sending message: 257
Sent message: 5#257#
Sending message: 258
Sent message: 5#258#
Sending message: 259
Sent message: 5#259#
Sending message: 260
Sent message: 5#260#
Sending message: 261
Sent message: 5#261#
Sending message: 262
Sent message: 5#262#
Sending message: 263
Sent message: 5#263#
Sending message: 264
Sent message: 5#264#
Sending message: 265
Sent message: 5#265#
Sending message: 266
Sent message: 5#266#
Sending message: 267
Sent message: 5#267#
Sending message: 268
Sent message: 5#268#
Sending message: 269
Sent message: 5#269#
Sending message: 270
Sent message: 5#270#
Sending message: 271
Sent message: 5#271#
Sending message: 272
Sent message: 5#272#
Sending message: 273
Sent message: 5#273#
Sending message: 274
Sent message: 5#274#
Sending message: 275
Sent message: 5#275#
Sending message: 276
Sent message: 5#276#
Sending message: 277
Sent message: 5#277#
Sending message: 278
Sent message: 5#278#
Sending message: 279
Sent message: 5#279#
Sending message: 280
Sent message: 5#280#
Sending message: 281
Sent message: 5#281#
Sending message: 282
Sent message: 5#282#
Sending message: 283
Sent message: 5#283#
Sending message: 284
Sent message: 5#284#
Sending message: 285
Sent message: 5#285#
Sending message: 286
Sent message: 5#286#
Sending message: 287
Sent message: 5#287#
Sending message: 288
Sent message: 5#288#
Sending message: 289
Sent message: 5#289#
Sending message: 290
Sent message: 5#290#
Sending message: 291
Sent message: 5#291#
Sending message: 292
Sent message: 5#292#
Sending message: 293
Sent message: 5#293#
Sending message: 294
Sent message: 5#294#
Sending message: 295
Sent message: 5#295#
Sending message: 296
Sent message: 5#296#
Sending message: 297
Sent message: 5#297#
Sending message: 298
Sent message: 5#298#
Sending message: 299
Sent message: 5#299#
Sending message: 300
Sent message: 5#300#
Sending message: 301
Sent message: 5#301#
Sending message: 302
Sent message: 5#302#
Sending message: 303
Sent message: 5#303#
Sending message: 304
Sent message: 5#304#
Sending message: 305
Sent message: 5#305#
Sending message: 306
Sent message: 5#306#
Sending message: 307
Sent message: 5#307#
Sending message: 308
Sent message: 5#308#
Sending message: 309
Sent message: 5#309#
Sending message: 310
Sent message: 5#310#
Sending message: 311
Sent message: 5#311#
Sending message: 312
Sent message: 5#312#
Sending message: 313
Sent message: 5#313#
Sending message: 314
Sent message: 5#314#
Sending message: 315
Sent message: 5#315#
Sending message: 316
Sent message: 5#316#
Sending message: 317
Sent message: 5#317#
Sending message: 318
Sent message: 5#318#
Sending message: 319
Sent message: 5#319#
Sending message: 320
Sent message: 5#320#
Sending message: 321
Sent message: 5#321#
Sending message: 322
Sent message: 5#322#
Sending message: 323
Sent message: 5#323#
Sending message: 324
Sent message: 5#324#
Sending message: 325
Sent message: 5#325#
Sending message: 326
Sent message: 5#326#
Sending message: 327
Sent message: 5#327#
Sending message: 328
Sent message: 5#328#
Sending message: 329
Sent message: 5#329#
Sending message: 330
Sent message: 5#330#
Sending message: 331
Sent message: 5#331#
Sending message: 332
Sent message: 5#332#
Sending message: 333
Sent message: 5#333#
Sending message: 334
Sent message: 5#334#
Sending message: 335
Sent message: 5#335#
Sending message: 336
Sent message: 5#336#
Sending message: 337
Sent message: 5#337#
Sending message: 338
Sent message: 5#338#
Sending message: 339
Sent message: 5#339#
Sending message: 340
Sent message: 5#340#
Sending message: 341
Sent message: 5#341#
Sending message: 342
Sent message: 5#342#
Sending message: 343
Sent message: 5#343#
Sending message: 344
Sent message: 5#344#
Sending message: 345
Sent message: 5#345#
Sending message: 346
Sent message: 5#346#
Sending message: 347
Sent message: 5#347#
Sending message: 348
Sent message: 5#348#
Sending message: 349
Sent message: 5#349#
Sending message: 350
Sent message: 5#350#
Sending message: 351
Sent message: 5#351#
Sending message: 352
Sent message: 5#352#
Sending message: 353
Sent message: 5#353#
Sending message: 354
Sent message: 5#354#
Sending message: 355
Sent message: 5#355#
Sending message: 356
Sent message: 5#356#
Sending message: 357
Sent message: 5#357#
Sending message: 358
Sent message: 5#358#
Sending message: 359
Sent message: 5#359#
Sending message: 360
Sent message: 5#360#
Sending message: 361
Sent message: 5#361#
Sending message: 362
Sent message: 5#362#
Sending message: 363
Sent message: 5#363#
Sending message: 364
Sent message: 5#364#
Sending message: 365
Sent message: 5#365#
Sending message: 366
Sent message: 5#366#
Sending message: 367
Sent message: 5#367#
Sending message: 368
Sent message: 5#368#
Sending message: 369
Sent message: 5#369#
Sending message: 370
Sent message: 5#370#
Sending message: 371
Sent message: 5#371#
Sending message: 372
Sent message: 5#372#
Sending message: 373
Sent message: 5#373#
Sending message: 374
Sent message: 5#374#
Sending message: 375
Sent message: 5#375#
Sending message: 376
Sent message: 5#376#
Sending message: 377
Sent message: 5#377#
Sending message: 378
Sent message: 5#378#
Sending message: 379
Sent message: 5#379#
Sending message: 380
Sent message: 5#380#
Sending message: 381
Sent message: 5#381#
Sending message: 382
Sent message: 5#382#
Sending message: 383
Sent message: 5#383#
Sending message: 384
Sent message: 5#384#
Sending message: 385
Sent message: 5#385#
Sending message: 386
Sent message: 5#386#
Sending message: 387
Sent message: 5#387#
Sending message: 388
Sent message: 5#388#
Sending message: 389
Sent message: 5#389#
Sending message: 390
Sent message: 5#390#
Sending message: 391
Sent message: 5#391#
Sending message: 392
Sent message: 5#392#
Sending message: 393
Sent message: 5#393#
Sending message: 394
Sent message: 5#394#
Sending message: 395
Sent message: 5#395#
Sending message: 396
Sent message: 5#396#
Sending message: 397
Sent message: 5#397#
Sending message: 398
Sent message: 5#398#
Sending message: 399
Sent message: 5#399#
Sending message: 400
Sent message: 5#400#
Sending message: 401
Sent message: 5#401#
Sending message: 402
Sent message: 5#402#
Sending message: 403
Sent message: 5#403#
Sending message: 404
Sent message: 5#404#
Sending message: 405
Sent message: 5#405#
Sending message: 406
Sent message: 5#406#
Sending message: 407
Sent message: 5#407#
Sending message: 408
Sent message: 5#408#
Sending message: 409
Sent message: 5#409#
Sending message: 410
Sent message: 5#410#
Sending message: 411
Sent message: 5#411#
Sending message: 412
Sent message: 5#412#
Sending message: 413
Sent message: 5#413#
Sending message: 414
Sent message: 5#414#
Sending message: 415
Sent message: 5#415#
Sending message: 416
Sent message: 5#416#
Sending message: 417
Sent message: 5#417#
Sending message: 418
Sent message: 5#418#
Sending message: 419
Sent message: 5#419#
Sending message: 420
Sent message: 5#420#
Sending message: 421
Sent message: 5#421#
Sending message: 422
Sent message: 5#422#
Sending message: 423
Sent message: 5#423#
Sending message: 424
Sent message: 5#424#
Sending message: 425
Sent message: 5#425#
Sending message: 426
Sent message: 5#426#
Sending message: 427
Sent message: 5#427#
Sending message: 428
Sent message: 5#428#
Sending message: 429
Sent message: 5#429#
Sending message: 430
Sent message: 5#430#
Sending message: 431
Sent message: 5#431#
Sending message: 432
Sent message: 5#432#
Sending message: 433
Sent message: 5#433#
Sending message: 434
Sent message: 5#434#
Sending message: 435
Sent message: 5#435#
Sending message: 436
Sent message: 5#436#
Sending message: 437
Sent message: 5#437#
Sending message: 438
Sent message: 5#438#
Sending message: 439
Sent message: 5#439#
Sending message: 440
Sent message: 5#440#
Sending message: 441
Sent message: 5#441#
Sending message: 442
Sent message: 5#442#
Sending message: 443
Sent message: 5#443#
Sending message: 444
Sent message: 5#444#
Sending message: 445
Sent message: 5#445#
Sending message: 446
Sent message: 5#446#
Sending message: 447
Sent message: 5#447#
Sending message: 448
Sent message: 5#448#
Sending message: 449
Sent message: 5#449#
Sending message: 450
Sent message: 5#450#
Sending message: 451
Sent message: 5#451#
Sending message: 452
Sent message: 5#452#
Sending message: 453
Sent message: 5#453#
Sending message: 454
Sent message: 5#454#
Sending message: 455
Sent message: 5#455#
Sending message: 456
Sent message: 5#456#
Sending message: 457
Sent message: 5#457#
Sending message: 458
Sent message: 5#458#
Sending message: 459
Sent message: 5#459#
Sending message: 460
Sent message: 5#460#
Sending message: 461
Sent message: 5#461#
Sending message: 462
Sent message: 5#462#
Sending message: 463
Sent message: 5#463#
Sending message: 464
Sent message: 5#464#
Sending message: 465
Sent message: 5#465#
Sending message: 466
Sent message: 5#466#
Sending message: 467
Sent message: 5#467#
Sending message: 468
Sent message: 5#468#
Sending message: 469
Sent message: 5#469#
Sending message: 470
Sent message: 5#470#
Sending message: 471
Sent message: 5#471#
Sending message: 472
Sent message: 5#472#
Sending message: 473
Sent message: 5#473#
Sending message: 474
Sent message: 5#474#
Sending message: 475
Sent message: 5#475#
Sending message: 476
Sent message: 5#476#
Sending message: 477
Sent message: 5#477#
Sending message: 478
Sent message: 5#478#
Sending message: 479
Sent message: 5#479#
Sending message: 480
Sent message: 5#480#
Sending message: 481
Sent message: 5#481#
Sending message: 482
Sent message: 5#482#
Sending message: 483
Sent message: 5#483#
Sending message: 484
Sent message: 5#484#
Sending message: 485
Sent message: 5#485#
Sending message: 486
Sent message: 5#486#
Sending message: 487
Sent message: 5#487#
Sending message: 488
Sent message: 5#488#
Sending message: 489
Sent message: 5#489#
Sending message: 490
Sent message: 5#490#
Sending message: 491
Sent message: 5#491#
Sending message: 492
Sent message: 5#492#
Sending message: 493
Sent message: 5#493#
Sending message: 494
Sent message: 5#494#
Sending message: 495
Sent message: 5#495#
Sending message: 496
Sent message: 5#496#
Sending message: 497
Sent message: 5#497#
Sending message: 498
Sent message: 5#498#
Sending message: 499
Sent message: 5#499#
Sending message: 500
Sent message: 5#500#
Sending message: 501
Sent message: 5#501#
Sending message: 502
Sent message: 5#502#
Sending message: 503
Sent message: 5#503#
Sending message: 504
Sent message: 5#504#
Sending message: 505
Sent message: 5#505#
Sending message: 506
Sent message: 5#506#
Sending message: 507
Sent message: 5#507#
Sending message: 508
Sent message: 5#508#
Sending message: 509
Sent message: 5#509#
Sending message: 510
Sent message: 5#510#
Sending message: 511
Sent message: 5#511#
Sending message: 512
Sent message: 5#512#
Sending message: 513
Sent message: 5#513#
Sending message: 514
Sent message: 5#514#
Sending message: 515
Sent message: 5#515#
Sending message: 516
Sent message: 5#516#
Sending message: 517
Sent message: 5#517#
Sending message: 518
Sent message: 5#518#
Sending message: 519
Sent message: 5#519#
Sending message: 520
Sent message: 5#520#
Sending message: 521
Sent message: 5#521#
Sending message: 522
Sent message: 5#522#
Sending message: 523
Sent message: 5#523#
Sending message: 524
Sent message: 5#524#
Sending message: 525
Sent message: 5#525#
Sending message: 526
Sent message: 5#526#
Sending message: 527
Sent message: 5#527#
Sending message: 528
Sent message: 5#528#
Sending message: 529
Sent message: 5#529#
Sending message: 530
Sent message: 5#530#
Sending message: 531
Sent message: 5#531#
Sending message: 532
Sent message: 5#532#
Sending message: 533
Sent message: 5#533#
Sending message: 534
Sent message: 5#534#
Sending message: 535
Sent message: 5#535#
Sending message: 536
Sent message: 5#536#
Sending message: 537
Sent message: 5#537#
Sending message: 538
Sent message: 5#538#
Sending message: 539
Sent message: 5#539#
Sending message: 540
Sent message: 5#540#
Sending message: 541
Sent message: 5#541#
Sending message: 542
Sent message: 5#542#
Sending message: 543
Sent message: 5#543#
Sending message: 544
Sent message: 5#544#
Sending message: 545
Sent message: 5#545#
Sending message: 546
Sent message: 5#546#
Sending message: 547
Sent message: 5#547#
Sending message: 548
Sent message: 5#548#
Sending message: 549
Sent message: 5#549#
Sending message: 550
Sent message: 5#550#
Sending message: 551
Sent message: 5#551#
Sending message: 552
Sent message: 5#552#
Sending message: 553
Sent message: 5#553#
Sending message: 554
Sent message: 5#554#
Sending message: 555
Sent message: 5#555#
Sending message: 556
Sent message: 5#556#
Sending message: 557
Sent message: 5#557#
Sending message: 558
Sent message: 5#558#
Sending message: 559
Sent message: 5#559#
Sending message: 560
Sent message: 5#560#
Sending message: 561
Sent message: 5#561#
Sending message: 562
Sent message: 5#562#
Sending message: 563
Sent message: 5#563#
Sending message: 564
Sent message: 5#564#
Sending message: 565
Sent message: 5#565#
Sending message: 566
Sent message: 5#566#
Sending message: 567
Sent message: 5#567#
Sending message: 568
Sent message: 5#568#
Sending message: 569
Sent message: 5#569#
Sending message: 570
Sent message: 5#570#
Sending message: 571
Sent message: 5#571#
Sending message: 572
Sent message: 5#572#
Sending message: 573
Sent message: 5#573#
Sending message: 574
Sent message: 5#574#
Sending message: 575
Sent message: 5#575#
Sending message: 576
Sent message: 5#576#
Sending message: 577
Sent message: 5#577#
Sending message: 578
Sent message: 5#578#
Sending message: 579
Sent message: 5#579#
Sending message: 580
Sent message: 5#580#
Sending message: 581
Sent message: 5#581#
Sending message: 582
Sent message: 5#582#
Sending message: 583
Sent message: 5#583#
Sending message: 584
Sent message: 5#584#
Sending message: 585
Sent message: 5#585#
Sending message: 586
Sent message: 5#586#
Sending message: 587
Sent message: 5#587#
Sending message: 588
Sent message: 5#588#
Sending message: 589
Sent message: 5#589#
Sending message: 590
Sent message: 5#590#
Sending message: 591
Sent message: 5#591#
Sending message: 592
Sent message: 5#592#
Sending message: 593
Sent message: 5#593#
Sending message: 594
Sent message: 5#594#
Sending message: 595
Sent message: 5#595#
Sending message: 596
Sent message: 5#596#
Sending message: 597
Sent message: 5#597#
Sending message: 598
Sent message: 5#598#
Sending message: 599
Sent message: 5#599#
Sending message: 600
Sent message: 5#600#
Sending message: 601
Sent message: 5#601#
Sending message: 602
Sent message: 5#602#
Sending message: 603
Sent message: 5#603#
Sending message: 604
Sent message: 5#604#
Sending message: 605
Sent message: 5#605#
Sending message: 606
Sent message: 5#606#
Sending message: 607
Sent message: 5#607#
Sending message: 608
Sent message: 5#608#
Sending message: 609
Sent message: 5#609#
Sending message: 610
Sent message: 5#610#
Sending message: 611
Sent message: 5#611#
Sending message: 612
Sent message: 5#612#
Sending message: 613
Sent message: 5#613#
Sending message: 614
Sent message: 5#614#
Sending message: 615
Sent message: 5#615#
Sending message: 616
Sent message: 5#616#
Sending message: 617
Sent message: 5#617#
Sending message: 618
Sent message: 5#618#
Sending message: 619
Sent message: 5#619#
Sending message: 620
Sent message: 5#620#
Sending message: 621
Sent message: 5#621#
Sending message: 622
Sent message: 5#622#
Sending message: 623
Sent message: 5#623#
Sending message: 624
Sent message: 5#624#
Sending message: 625
Sent message: 5#625#
Sending message: 626
Sent message: 5#626#
Sending message: 627
Sent message: 5#627#
Sending message: 628
Sent message: 5#628#
Sending message: 629
Sent message: 5#629#
Sending message: 630
Sent message: 5#630#
Sending message: 631
Sent message: 5#631#
Sending message: 632
Sent message: 5#632#
Sending message: 633
Sent message: 5#633#
Sending message: 634
Sent message: 5#634#
Sending message: 635
Sent message: 5#635#
Sending message: 636
Sent message: 5#636#
Sending message: 637
Sent message: 5#637#
Sending message: 638
Sent message: 5#638#
Sending message: 639
Sent message: 5#639#
Sending message: 640
Sent message: 5#640#
Sending message: 641
Sent message: 5#641#
Sending message: 642
Sent message: 5#642#
Sending message: 643
Sent message: 5#643#
Sending message: 644
Sent message: 5#644#
Sending message: 645
Sent message: 5#645#
Sending message: 646
Sent message: 5#646#
Sending message: 647
Sent message: 5#647#
Sending message: 648
Sent message: 5#648#
Sending message: 649
Sent message: 5#649#
Sending message: 650
Sent message: 5#650#
Sending message: 651
Sent message: 5#651#
Sending message: 652
Sent message: 5#652#
Sending message: 653
Sent message: 5#653#
Sending message: 654
Sent message: 5#654#
Sending message: 655
Sent message: 5#655#
Sending message: 656
Sent message: 5#656#
Sending message: 657
Sent message: 5#657#
Sending message: 658
Sent message: 5#658#
Sending message: 659
Sent message: 5#659#
Sending message: 660
Sent message: 5#660#
Sending message: 661
Sent message: 5#661#
Sending message: 662
Sent message: 5#662#
Sending message: 663
Sent message: 5#663#
Sending message: 664
Sent message: 5#664#
Sending message: 665
Sent message: 5#665#
Sending message: 666
Sent message: 5#666#
Sending message: 667
Sent message: 5#667#
Sending message: 668
Sent message: 5#668#
Sending message: 669
Sent message: 5#669#
Sending message: 670
Sent message: 5#670#
Sending message: 671
Sent message: 5#671#
Sending message: 672
Sent message: 5#672#
Sending message: 673
Sent message: 5#673#
Sending message: 674
Sent message: 5#674#
Sending message: 675
Sent message: 5#675#
Sending message: 676
Sent message: 5#676#
Sending message: 677
Sent message: 5#677#
Sending message: 678
Sent message: 5#678#
Sending message: 679
Sent message: 5#679#
Sending message: 680
Sent message: 5#680#
Sending message: 681
Sent message: 5#681#
Sending message: 682
Sent message: 5#682#
Sending message: 683
Sent message: 5#683#
Sending message: 684
Sent message: 5#684#
Sending message: 685
Sent message: 5#685#
Sending message: 686
Sent message: 5#686#
Sending message: 687
Sent message: 5#687#
Sending message: 688
Sent message: 5#688#
Sending message: 689
Sent message: 5#689#
Sending message: 690
Sent message: 5#690#
Sending message: 691
Sent message: 5#691#
Sending message: 692
Sent message: 5#692#
Sending message: 693
Sent message: 5#693#
Sending message: 694
Sent message: 5#694#
Sending message: 695
Sent message: 5#695#
Sending message: 696
Sent message: 5#696#
Sending message: 697
Sent message: 5#697#
Sending message: 698
Sent message: 5#698#
Sending message: 699
Sent message: 5#699#
Sending message: 700
Sent message: 5#700#
Sending message: 701
Sent message: 5#701#
Sending message: 702
Sent message: 5#702#
Sending message: 703
Sent message: 5#703#
Sending message: 704
Sent message: 5#704#
Sending message: 705
Sent message: 5#705#
Sending message: 706
Sent message: 5#706#
Sending message: 707
Sent message: 5#707#
Sending message: 708
Sent message: 5#708#
Sending message: 709
Sent message: 5#709#
Sending message: 710
Sent message: 5#710#
Sending message: 711
Sent message: 5#711#
Sending message: 712
Sent message: 5#712#
Sending message: 713
Sent message: 5#713#
Sending message: 714
Sent message: 5#714#
Sending message: 715
Sent message: 5#715#
Sending message: 716
Sent message: 5#716#
Sending message: 717
Sent message: 5#717#
Sending message: 718
Sent message: 5#718#
Sending message: 719
Sent message: 5#719#
Sending message: 720
Sent message: 5#720#
Sending message: 721
Sent message: 5#721#
Sending message: 722
Sent message: 5#722#
Sending message: 723
Sent message: 5#723#
Sending message: 724
Sent message: 5#724#
Sending message: 725
Sent message: 5#725#
Sending message: 726
Sent message: 5#726#
Sending message: 727
Sent message: 5#727#
Sending message: 728
Sent message: 5#728#
Sending message: 729
Sent message: 5#729#
Sending message: 730
Sent message: 5#730#
Sending message: 731
Sent message: 5#731#
Sending message: 732
Sent message: 5#732#
Sending message: 733
Sent message: 5#733#
Sending message: 734
Sent message: 5#734#
Sending message: 735
Sent message: 5#735#
Sending message: 736
Sent message: 5#736#
Sending message: 737
Sent message: 5#737#
Sending message: 738
Sent message: 5#738#
Sending message: 739
Sent message: 5#739#
Sending message: 740
Sent message: 5#740#
Sending message: 741
Sent message: 5#741#
Sending message: 742
Sent message: 5#742#
Sending message: 743
Sent message: 5#743#
Sending message: 744
Sent message: 5#744#
Sending message: 745
Sent message: 5#745#
Sending message: 746
Sent message: 5#746#
Sending message: 747
Sent message: 5#747#
Sending message: 748
Sent message: 5#748#
Sending message: 749
Sent message: 5#749#
Sending message: 750
Sent message: 5#750#
Sending message: 751
Sent message: 5#751#
Sending message: 752
Sent message: 5#752#
Sending message: 753
Sent message: 5#753#
Sending message: 754
Sent message: 5#754#
Sending message: 755
Sent message: 5#755#
Sending message: 756
Sent message: 5#756#
Sending message: 757
Sent message: 5#757#
Sending message: 758
Sent message: 5#758#
Sending message: 759
Sent message: 5#759#
Sending message: 760
Sent message: 5#760#
Sending message: 761
Sent message: 5#761#
Sending message: 762
Sent message: 5#762#
Sending message: 763
Sent message: 5#763#
Sending message: 764
Sent message: 5#764#
Sending message: 765
Sent message: 5#765#
Sending message: 766
Sent message: 5#766#
Sending message: 767
Sent message: 5#767#
Sending message: 768
Sent message: 5#768#
Sending message: 769
Sent message: 5#769#
Sending message: 770
Sent message: 5#770#
Sending message: 771
Sent message: 5#771#
Sending message: 772
Sent message: 5#772#
Sending message: 773
Sent message: 5#773#
Sending message: 774
Sent message: 5#774#
Sending message: 775
Sent message: 5#775#
Sending message: 776
Sent message: 5#776#
Sending message: 777
Sent message: 5#777#
Sending message: 778
Sent message: 5#778#
Sending message: 779
Sent message: 5#779#
Sending message: 780
Sent message: 5#780#
Sending message: 781
Sent message: 5#781#
Sending message: 782
Sent message: 5#782#
Sending message: 783
Sent message: 5#783#
Sending message: 784
Sent message: 5#784#
Sending message: 785
Sent message: 5#785#
Sending message: 786
Sent message: 5#786#
Sending message: 787
Sent message: 5#787#
Sending message: 788
Sent message: 5#788#
Sending message: 789
Sent message: 5#789#
Sending message: 790
Sent message: 5#790#
Sending message: 791
Sent message: 5#791#
Sending message: 792
Sent message: 5#792#
Sending message: 793
Sent message: 5#793#
Sending message: 794
Sent message: 5#794#
Sending message: 795
Sent message: 5#795#
Sending message: 796
Sent message: 5#796#
Sending message: 797
Sent message: 5#797#
Sending message: 798
Sent message: 5#798#
Sending message: 799
Sent message: 5#799#
Sending message: 800
Sent message: 5#800#
Sending message: 801
Sent message: 5#801#
Sending message: 802
Sent message: 5#802#
Sending message: 803
Sent message: 5#803#
Sending message: 804
Sent message: 5#804#
Sending message: 805
Sent message: 5#805#
Sending message: 806
Sent message: 5#806#
Sending message: 807
Sent message: 5#807#
Sending message: 808
Sent message: 5#808#
Sending message: 809
Sent message: 5#809#
Sending message: 810
Sent message: 5#810#
Sending message: 811
Sent message: 5#811#
Sending message: 812
Sent message: 5#812#
Sending message: 813
Sent message: 5#813#
Sending message: 814
Sent message: 5#814#
Sending message: 815
Sent message: 5#815#
Sending message: 816
Sent message: 5#816#
Sending message: 817
Sent message: 5#817#
Sending message: 818
Sent message: 5#818#
Sending message: 819
Sent message: 5#819#
Sending message: 820
Sent message: 5#820#
Sending message: 821
Sent message: 5#821#
Sending message: 822
Sent message: 5#822#
Sending message: 823
Sent message: 5#823#
Sending message: 824
Sent message: 5#824#
Sending message: 825
Sent message: 5#825#
Sending message: 826
Sent message: 5#826#
Sending message: 827
Sent message: 5#827#
Sending message: 828
Sent message: 5#828#
Sending message: 829
Sent message: 5#829#
Sending message: 830
Sent message: 5#830#
Sending message: 831
Sent message: 5#831#
Sending message: 832
Sent message: 5#832#
Sending message: 833
Sent message: 5#833#
Sending message: 834
Sent message: 5#834#
Sending message: 835
Sent message: 5#835#
Sending message: 836
Sent message: 5#836#
Sending message: 837
Sent message: 5#837#
Sending message: 838
Sent message: 5#838#
Sending message: 839
Sent message: 5#839#
Sending message: 840
Sent message: 5#840#
Sending message: 841
Sent message: 5#841#
Sending message: 842
Sent message: 5#842#
Sending message: 843
Sent message: 5#843#
Sending message: 844
Sent message: 5#844#
Sending message: 845
Sent message: 5#845#
Sending message: 846
Sent message: 5#846#
Sending message: 847
Sent message: 5#847#
Sending message: 848
Sent message: 5#848#
Sending message: 849
Sent message: 5#849#
Sending message: 850
Sent message: 5#850#
Sending message: 851
Sent message: 5#851#
Sending message: 852
Sent message: 5#852#
Sending message: 853
Sent message: 5#853#
Sending message: 854
Sent message: 5#854#
Sending message: 855
Sent message: 5#855#
Sending message: 856
Sent message: 5#856#
Sending message: 857
Sent message: 5#857#
Sending message: 858
Sent message: 5#858#
Sending message: 859
Sent message: 5#859#
Sending message: 860
Sent message: 5#860#
Sending message: 861
Sent message: 5#861#
Sending message: 862
Sent message: 5#862#
Sending message: 863
Sent message: 5#863#
Sending message: 864
Sent message: 5#864#
Sending message: 865
Sent message: 5#865#
Sending message: 866
Sent message: 5#866#
Sending message: 867
Sent message: 5#867#
Sending message: 868
Sent message: 5#868#
Sending message: 869
Sent message: 5#869#
Sending message: 870
Sent message: 5#870#
Sending message: 871
Sent message: 5#871#
Sending message: 872
Sent message: 5#872#
Sending message: 873
Sent message: 5#873#
Sending message: 874
Sent message: 5#874#
Sending message: 875
Sent message: 5#875#
Sending message: 876
Sent message: 5#876#
Sending message: 877
Sent message: 5#877#
Sending message: 878
Sent message: 5#878#
Sending message: 879
Sent message: 5#879#
Sending message: 880
Sent message: 5#880#
Sending message: 881
Sent message: 5#881#
Sending message: 882
Sent message: 5#882#
Sending message: 883
Sent message: 5#883#
Sending message: 884
Sent message: 5#884#
Sending message: 885
Sent message: 5#885#
Sending message: 886
Sent message: 5#886#
Sending message: 887
Sent message: 5#887#
Sending message: 888
Sent message: 5#888#
Sending message: 889
Sent message: 5#889#
Sending message: 890
Sent message: 5#890#
Sending message: 891
Sent message: 5#891#
Sending message: 892
Sent message: 5#892#
Sending message: 893
Sent message: 5#893#
Sending message: 894
Sent message: 5#894#
Sending message: 895
Sent message: 5#895#
Sending message: 896
Sent message: 5#896#
Sending message: 897
Sent message: 5#897#
Sending message: 898
Sent message: 5#898#
Sending message: 899
Sent message: 5#899#
Sending message: 900
Sent message: 5#900#
Sending message: 901
Sent message: 5#901#
Sending message: 902
Sent message: 5#902#
Sending message: 903
Sent message: 5#903#
Sending message: 904
Sent message: 5#904#
Sending message: 905
Sent message: 5#905#
Sending message: 906
Sent message: 5#906#
Sending message: 907
Sent message: 5#907#
Sending message: 908
Sent message: 5#908#
Sending message: 909
Sent message: 5#909#
Sending message: 910
Sent message: 5#910#
Sending message: 911
Sent message: 5#911#
Sending message: 912
Sent message: 5#912#
Sending message: 913
Sent message: 5#913#
Sending message: 914
Sent message: 5#914#
Sending message: 915
Sent message: 5#915#
Sending message: 916
Sent message: 5#916#
Sending message: 917
Sent message: 5#917#
Sending message: 918
Sent message: 5#918#
Sending message: 919
Sent message: 5#919#
Sending message: 920
Sent message: 5#920#
Sending message: 921
Sent message: 5#921#
Sending message: 922
Sent message: 5#922#
Sending message: 923
Sent message: 5#923#
Sending message: 924
Sent message: 5#924#
Sending message: 925
Sent message: 5#925#
Sending message: 926
Sent message: 5#926#
Sending message: 927
Sent message: 5#927#
Sending message: 928
Sent message: 5#928#
Sending message: 929
Sent message: 5#929#
Sending message: 930
Sent message: 5#930#
Sending message: 931
Sent message: 5#931#
Sending message: 932
Sent message: 5#932#
Sending message: 933
Sent message: 5#933#
Sending message: 934
Sent message: 5#934#
Sending message: 935
Sent message: 5#935#
Sending message: 936
Sent message: 5#936#
Sending message: 937
Sent message: 5#937#
Sending message: 938
Sent message: 5#938#
Sending message: 939
Sent message: 5#939#
Sending message: 940
Sent message: 5#940#
Sending message: 941
Sent message: 5#941#
Sending message: 942
Sent message: 5#942#
Sending message: 943
Sent message: 5#943#
Sending message: 944
Sent message: 5#944#
Sending message: 945
Sent message: 5#945#
Sending message: 946
Sent message: 5#946#
Sending message: 947
Sent message: 5#947#
Sending message: 948
Sent message: 5#948#
Sending message: 949
Sent message: 5#949#
Sending message: 950
Sent message: 5#950#
Sending message: 951
Sent message: 5#951#
Sending message: 952
Sent message: 5#952#
Sending message: 953
Sent message: 5#953#
Sending message: 954
Sent message: 5#954#
Sending message: 955
Sent message: 5#955#
Sending message: 956
Sent message: 5#956#
Sending message: 957
Sent message: 5#957#
Sending message: 958
Sent message: 5#958#
Sending message: 959
Sent message: 5#959#
Sending message: 960
Sent message: 5#960#
Sending message: 961
Sent message: 5#961#
Sending message: 962
Sent message: 5#962#
Sending message: 963
Sent message: 5#963#
Sending message: 964
Sent message: 5#964#
Sending message: 965
Sent message: 5#965#
Sending message: 966
Sent message: 5#966#
Sending message: 967
Sent message: 5#967#
Sending message: 968
Sent message: 5#968#
Sending message: 969
Sent message: 5#969#
Sending message: 970
Sent message: 5#970#
Sending message: 971
Sent message: 5#971#
Sending message: 972
Sent message: 5#972#
Sending message: 973
Sent message: 5#973#
Sending message: 974
Sent message: 5#974#
Sending message: 975
Sent message: 5#975#
Sending message: 976
Sent message: 5#976#
Sending message: 977
Sent message: 5#977#
Sending message: 978
Sent message: 5#978#
Sending message: 979
Sent message: 5#979#
Sending message: 980
Sent message: 5#980#
Sending message: 981
Sent message: 5#981#
Sending message: 982
Sent message: 5#982#
Sending message: 983
Sent message: 5#983#
Sending message: 984
Sent message: 5#984#
Sending message: 985
Sent message: 5#985#
Sending message: 986
Sent message: 5#986#
Sending message: 987
Sent message: 5#987#
Sending message: 988
Sent message: 5#988#
Sending message: 989
Sent message: 5#989#
Sending message: 990
Sent message: 5#990#
Sending message: 991
Sent message: 5#991#
Sending message: 992
Sent message: 5#992#
Sending message: 993
Sent message: 5#993#
Sending message: 994
Sent message: 5#994#
Sending message: 995
Sent message: 5#995#
Sending message: 996
Sent message: 5#996#
Sending message: 997
Sent message: 5#997#
Sending message: 998
Sent message: 5#998#
Sending message: 999
Sent message: 5#999#
Sending message: 1000
Sent message: 5#1000#
Sending message: 1001
Sent message: 5#1001#
Sending message: 1002
Sent message: 5#1002#
Sending message: 1003
Sent message: 5#1003#
Sending message: 1004
Sent message: 5#1004#
Sending message: 1005
Sent message: 5#1005#
Sending message: 1006
Sent message: 5#1006#
Sending message: 1007
Sent message: 5#1007#
Sending message: 1008
Sent message: 5#1008#
Sending message: 1009
Sent message: 5#1009#
Sending message: 1010
Sent message: 5#1010#
Sending message: 1011
Sent message: 5#1011#
Sending message: 1012
Sent message: 5#1012#
Sending message: 1013
Sent message: 5#1013#
Sending message: 1014
Sent message: 5#1014#
Sending message: 1015
Sent message: 5#1015#
Sending message: 1016
Sent message: 5#1016#
Sending message: 1017
Sent message: 5#1017#
Sending message: 1018
Sent message: 5#1018#
Sending message: 1019
Sent message: 5#1019#
Sending message: 1020
Sent message: 5#1020#
Sending message: 1021
Sent message: 5#1021#
Sending message: 1022
Sent message: 5#1022#
Sending message: 1023
Sent message: 5#1023#
Sending message: 1024
Sent message: 5#1024#
Sending message: 1025
Sent message: 5#1025#
Sending message: 1026
Sent message: 5#1026#
Sending message: 1027
Sent message: 5#1027#
Sending message: 1028
Sent message: 5#1028#
Sending message: 1029
Sent message: 5#1029#
Sending message: 1030
Sent message: 5#1030#
Sending message: 1031
Sent message: 5#1031#
Sending message: 1032
Sent message: 5#1032#
Sending message: 1033
Sent message: 5#1033#
Sending message: 1034
Sent message: 5#1034#
Sending message: 1035
Sent message: 5#1035#
Sending message: 1036
Sent message: 5#1036#
Sending message: 1037
Sent message: 5#1037#
Sending message: 1038
Sent message: 5#1038#
Sending message: 1039
Sent message: 5#1039#
Sending message: 1040
Sent message: 5#1040#
Sending message: 1041
Sent message: 5#1041#
Sending message: 1042
Sent message: 5#1042#
Sending message: 1043
Sent message: 5#1043#
Sending message: 1044
Sent message: 5#1044#
Sending message: 1045
Sent message: 5#1045#
Sending message: 1046
Sent message: 5#1046#
Sending message: 1047
Sent message: 5#1047#
Sending message: 1048
Sent message: 5#1048#
Sending message: 1049
Sent message: 5#1049#
Sending message: 1050
Sent message: 5#1050#
Sending message: 1051
Sent message: 5#1051#
Sending message: 1052
Sent message: 5#1052#
Sending message: 1053
Sent message: 5#1053#
Sending message: 1054
Sent message: 5#1054#
Sending message: 1055
Sent message: 5#1055#
Sending message: 1056
Sent message: 5#1056#
Sending message: 1057
Sent message: 5#1057#
Sending message: 1058
Sent message: 5#1058#
Sending message: 1059
Sent message: 5#1059#
Sending message: 1060
Sent message: 5#1060#
Sending message: 1061
Sent message: 5#1061#
Sending message: 1062
Sent message: 5#1062#
Sending message: 1063
Sent message: 5#1063#
Sending message: 1064
Sent message: 5#1064#
Sending message: 1065
Sent message: 5#1065#
Sending message: 1066
Sent message: 5#1066#
Sending message: 1067
Sent message: 5#1067#
Sending message: 1068
Sent message: 5#1068#
Sending message: 1069
Sent message: 5#1069#
Sending message: 1070
Sent message: 5#1070#
Sending message: 1071
Sent message: 5#1071#
Sending message: 1072
Sent message: 5#1072#
Sending message: 1073
Sent message: 5#1073#
Sending message: 1074
Sent message: 5#1074#
Sending message: 1075
Sent message: 5#1075#
Sending message: 1076
Sent message: 5#1076#
Sending message: 1077
Sent message: 5#1077#
Sending message: 1078
Sent message: 5#1078#
Sending message: 1079
Sent message: 5#1079#
Sending message: 1080
Sent message: 5#1080#
Sending message: 1081
Sent message: 5#1081#
Sending message: 1082
Sent message: 5#1082#
Sending message: 1083
Sent message: 5#1083#
Sending message: 1084
Sent message: 5#1084#
Sending message: 1085
Sent message: 5#1085#
Sending message: 1086
Sent message: 5#1086#
Sending message: 1087
Sent message: 5#1087#
Sending message: 1088
Sent message: 5#1088#
Sending message: 1089
Sent message: 5#1089#
Sending message: 1090
Sent message: 5#1090#
Sending message: 1091
Sent message: 5#1091#
Sending message: 1092
Sent message: 5#1092#
Sending message: 1093
Sent message: 5#1093#
Sending message: 1094
Sent message: 5#1094#
Sending message: 1095
Sent message: 5#1095#
Sending message: 1096
Sent message: 5#1096#
Sending message: 1097
Sent message: 5#1097#
Sending message: 1098
Sent message: 5#1098#
Sending message: 1099
Sent message: 5#1099#
Sending message: 1100
Sent message: 5#1100#
Sending message: 1101
Sent message: 5#1101#
Sending message: 1102
Sent message: 5#1102#
Sending message: 1103
Sent message: 5#1103#
Sending message: 1104
Sent message: 5#1104#
Sending message: 1105
Sent message: 5#1105#
Sending message: 1106
Sent message: 5#1106#
Sending message: 1107
Sent message: 5#1107#
Sending message: 1108
Sent message: 5#1108#
Sending message: 1109
Sent message: 5#1109#
Sending message: 1110
Sent message: 5#1110#
Sending message: 1111
Sent message: 5#1111#
Sending message: 1112
Sent message: 5#1112#
Sending message: 1113
Sent message: 5#1113#
Sending message: 1114
Sent message: 5#1114#
Sending message: 1115
Sent message: 5#1115#
Sending message: 1116
Sent message: 5#1116#
Sending message: 1117
Sent message: 5#1117#
Sending message: 1118
Sent message: 5#1118#
Sending message: 1119
Sent message: 5#1119#
Sending message: 1120
Sent message: 5#1120#
Sending message: 1121
Sent message: 5#1121#
Sending message: 1122
Sent message: 5#1122#
Sending message: 1123
Sent message: 5#1123#
Sending message: 1124
Sent message: 5#1124#
Sending message: 1125
Sent message: 5#1125#
Sending message: 1126
Sent message: 5#1126#
Sending message: 1127
Sent message: 5#1127#
Sending message: 1128
Sent message: 5#1128#
Sending message: 1129
Sent message: 5#1129#
Sending message: 1130
Sent message: 5#1130#
Sending message: 1131
Sent message: 5#1131#
Sending message: 1132
Sent message: 5#1132#
Sending message: 1133
Sent message: 5#1133#
Sending message: 1134
Sent message: 5#1134#
Sending message: 1135
Sent message: 5#1135#
Sending message: 1136
Sent message: 5#1136#
Sending message: 1137
Sent message: 5#1137#
Sending message: 1138
Sent message: 5#1138#
Sending message: 1139
Sent message: 5#1139#
Sending message: 1140
Sent message: 5#1140#
Sending message: 1141
Sent message: 5#1141#
Sending message: 1142
Sent message: 5#1142#
Sending message: 1143
Sent message: 5#1143#
Sending message: 1144
Sent message: 5#1144#
Sending message: 1145
Sent message: 5#1145#
Sending message: 1146
Sent message: 5#1146#
Sending message: 1147
Sent message: 5#1147#
Sending message: 1148
Sent message: 5#1148#
Sending message: 1149
Sent message: 5#1149#
Sending message: 1150
Sent message: 5#1150#
Sending message: 1151
Sent message: 5#1151#
Sending message: 1152
Sent message: 5#1152#
Sending message: 1153
Sent message: 5#1153#
Sending message: 1154
Sent message: 5#1154#
Sending message: 1155
Sent message: 5#1155#
Sending message: 1156
Sent message: 5#1156#
Sending message: 1157
Sent message: 5#1157#
Sending message: 1158
Sent message: 5#1158#
Sending message: 1159
Sent message: 5#1159#
Sending message: 1160
Sent message: 5#1160#
Sending message: 1161
Sent message: 5#1161#
Sending message: 1162
Sent message: 5#1162#
Sending message: 1163
Sent message: 5#1163#
Sending message: 1164
Sent message: 5#1164#
Sending message: 1165
Sent message: 5#1165#
Sending message: 1166
Sent message: 5#1166#
Sending message: 1167
Sent message: 5#1167#
Sending message: 1168
Sent message: 5#1168#
Sending message: 1169
Sent message: 5#1169#
Sending message: 1170
Sent message: 5#1170#
Sending message: 1171
Sent message: 5#1171#
Sending message: 1172
Sent message: 5#1172#
Sending message: 1173
Sent message: 5#1173#
Sending message: 1174
Sent message: 5#1174#
Sending message: 1175
Sent message: 5#1175#
Sending message: 1176
Sent message: 5#1176#
Sending message: 1177
Sent message: 5#1177#
Sending message: 1178
Sent message: 5#1178#
Sending message: 1179
Sent message: 5#1179#
Sending message: 1180
Sent message: 5#1180#
Sending message: 1181
Sent message: 5#1181#
Sending message: 1182
Sent message: 5#1182#
Sending message: 1183
Sent message: 5#1183#
Sending message: 1184
Sent message: 5#1184#
Sending message: 1185
Sent message: 5#1185#
Sending message: 1186
Sent message: 5#1186#
Sending message: 1187
Sent message: 5#1187#
Sending message: 1188
Sent message: 5#1188#
Sending message: 1189
Sent message: 5#1189#
Sending message: 1190
Sent message: 5#1190#
Sending message: 1191
Sent message: 5#1191#
Sending message: 1192
Sent message: 5#1192#
Sending message: 1193
Sent message: 5#1193#
Sending message: 1194
Sent message: 5#1194#
Sending message: 1195
Sent message: 5#1195#
Sending message: 1196
Sent message: 5#1196#
Sending message: 1197
Sent message: 5#1197#
Sending message: 1198
Sent message: 5#1198#
Sending message: 1199
Sent message: 5#1199#
Sending message: 1200
Sent message: 5#1200#
Sending message: 1201
Sent message: 5#1201#
Sending message: 1202
Sent message: 5#1202#
Sending message: 1203
Sent message: 5#1203#
Sending message: 1204
Sent message: 5#1204#
Sending message: 1205
Sent message: 5#1205#
Sending message: 1206
Sent message: 5#1206#
Sending message: 1207
Sent message: 5#1207#
Sending message: 1208
Sent message: 5#1208#
Sending message: 1209
Sent message: 5#1209#
Sending message: 1210
Sent message: 5#1210#
Sending message: 1211
Sent message: 5#1211#
Sending message: 1212
Sent message: 5#1212#
Sending message: 1213
Sent message: 5#1213#
Sending message: 1214
Sent message: 5#1214#
Sending message: 1215
Sent message: 5#1215#
Sending message: 1216
Sent message: 5#1216#
Sending message: 1217
Sent message: 5#1217#
Sending message: 1218
Sent message: 5#1218#
Sending message: 1219
Sent message: 5#1219#
Sending message: 1220
Sent message: 5#1220#
Sending message: 1221
Sent message: 5#1221#
Sending message: 1222
Sent message: 5#1222#
Sending message: 1223
Sent message: 5#1223#
Sending message: 1224
Sent message: 5#1224#
Sending message: 1225
Sent message: 5#1225#
Sending message: 1226
Sent message: 5#1226#
Sending message: 1227
Sent message: 5#1227#
Sending message: 1228
Sent message: 5#1228#
Sending message: 1229
Sent message: 5#1229#
Sending message: 1230
Sent message: 5#1230#
Sending message: 1231
Sent message: 5#1231#
Sending message: 1232
Sent message: 5#1232#
Sending message: 1233
Sent message: 5#1233#
Sending message: 1234
Sent message: 5#1234#
Sending message: 1235
Sent message: 5#1235#
Sending message: 1236
Sent message: 5#1236#
Sending message: 1237
Sent message: 5#1237#
Sending message: 1238
Sent message: 5#1238#
Sending message: 1239
Sent message: 5#1239#
Sending message: 1240
Sent message: 5#1240#
Sending message: 1241
Sent message: 5#1241#
Sending message: 1242
Sent message: 5#1242#
Sending message: 1243
Sent message: 5#1243#
Sending message: 1244
Sent message: 5#1244#
Sending message: 1245
Sent message: 5#1245#
Sending message: 1246
Sent message: 5#1246#
Sending message: 1247
Sent message: 5#1247#
Sending message: 1248
Sent message: 5#1248#
Sending message: 1249
Sent message: 5#1249#
Sending message: 1250
Sent message: 5#1250#
Sending message: 1251
Sent message: 5#1251#
Sending message: 1252
Sent message: 5#1252#
Sending message: 1253
Sent message: 5#1253#
Sending message: 1254
Sent message: 5#1254#
Sending message: 1255
Sent message: 5#1255#
Sending message: 1256
Sent message: 5#1256#
Sending message: 1257
Sent message: 5#1257#
Sending message: 1258
Sent message: 5#1258#
Sending message: 1259
Sent message: 5#1259#
Sending message: 1260
Sent message: 5#1260#
Sending message: 1261
Sent message: 5#1261#
Sending message: 1262
Sent message: 5#1262#
Sending message: 1263
Sent message: 5#1263#
Sending message: 1264
Sent message: 5#1264#
Sending message: 1265
Sent message: 5#1265#
Sending message: 1266
Sent message: 5#1266#
Sending message: 1267
Sent message: 5#1267#
Sending message: 1268
Sent message: 5#1268#
Sending message: 1269
Sent message: 5#1269#
Sending message: 1270
Sent message: 5#1270#
Sending message: 1271
Sent message: 5#1271#
Sending message: 1272
Sent message: 5#1272#
Sending message: 1273
Sent message: 5#1273#
Sending message: 1274
Sent message: 5#1274#
Sending message: 1275
Sent message: 5#1275#
Sending message: 1276
Sent message: 5#1276#
Sending message: 1277
Sent message: 5#1277#
Sending message: 1278
Sent message: 5#1278#
Sending message: 1279
Sent message: 5#1279#
Sending message: 1280
Sent message: 5#1280#
Sending message: 1281
Sent message: 5#1281#
Sending message: 1282
Sent message: 5#1282#
Sending message: 1283
Sent message: 5#1283#
Sending message: 1284
Sent message: 5#1284#
Sending message: 1285
Sent message: 5#1285#
Sending message: 1286
Sent message: 5#1286#
Sending message: 1287
Sent message: 5#1287#
Sending message: 1288
Sent message: 5#1288#
Sending message: 1289
Sent message: 5#1289#
Sending message: 1290
Sent message: 5#1290#
Sending message: 1291
Sent message: 5#1291#
Sending message: 1292
Sent message: 5#1292#
Sending message: 1293
Sent message: 5#1293#
Sending message: 1294
Sent message: 5#1294#
Sending message: 1295
Sent message: 5#1295#
Sending message: 1296
Sent message: 5#1296#
Sending message: 1297
Sent message: 5#1297#
Sending message: 1298
Sent message: 5#1298#
Sending message: 1299
Sent message: 5#1299#
Sending message: 1300
Sent message: 5#1300#
Sending message: 1301
Sent message: 5#1301#
Sending message: 1302
Sent message: 5#1302#
Sending message: 1303
Sent message: 5#1303#
Sending message: 1304
Sent message: 5#1304#
Sending message: 1305
Sent message: 5#1305#
Sending message: 1306
Sent message: 5#1306#
Sending message: 1307
Sent message: 5#1307#
Sending message: 1308
Sent message: 5#1308#
Sending message: 1309
Sent message: 5#1309#
Sending message: 1310
Sent message: 5#1310#
Sending message: 1311
Sent message: 5#1311#
Sending message: 1312
Sent message: 5#1312#
Sending message: 1313
Sent message: 5#1313#
Sending message: 1314
Sent message: 5#1314#
Sending message: 1315
Sent message: 5#1315#
Sending message: 1316
Sent message: 5#1316#
Sending message: 1317
Sent message: 5#1317#
Sending message: 1318
Sent message: 5#1318#
Sending message: 1319
Sent message: 5#1319#
Sending message: 1320
Sent message: 5#1320#
Sending message: 1321
Sent message: 5#1321#
Sending message: 1322
Sent message: 5#1322#
Sending message: 1323
Sent message: 5#1323#
Sending message: 1324
Sent message: 5#1324#
Sending message: 1325
Sent message: 5#1325#
Sending message: 1326
Sent message: 5#1326#
Sending message: 1327
Sent message: 5#1327#
Sending message: 1328
Sent message: 5#1328#
Sending message: 1329
Sent message: 5#1329#
Sending message: 1330
Sent message: 5#1330#
Sending message: 1331
Sent message: 5#1331#
Sending message: 1332
Sent message: 5#1332#
Sending message: 1333
Sent message: 5#1333#
Sending message: 1334
Sent message: 5#1334#
Sending message: 1335
Sent message: 5#1335#
Sending message: 1336
Sent message: 5#1336#
Sending message: 1337
Sent message: 5#1337#
Sending message: 1338
Sent message: 5#1338#
Sending message: 1339
Sent message: 5#1339#
Sending message: 1340
Sent message: 5#1340#
Sending message: 1341
Sent message: 5#1341#
Sending message: 1342
Sent message: 5#1342#
Sending message: 1343
Sent message: 5#1343#
Sending message: 1344
Sent message: 5#1344#
Sending message: 1345
Sent message: 5#1345#
Sending message: 1346
Sent message: 5#1346#
Sending message: 1347
Sent message: 5#1347#
Sending message: 1348
Sent message: 5#1348#
Sending message: 1349
Sent message: 5#1349#
Sending message: 1350
Sent message: 5#1350#
Sending message: 1351
Sent message: 5#1351#
Sending message: 1352
Sent message: 5#1352#
Sending message: 1353
Sent message: 5#1353#
Sending message: 1354
Sent message: 5#1354#
Sending message: 1355
Sent message: 5#1355#
Sending message: 1356
Sent message: 5#1356#
Sending message: 1357
Sent message: 5#1357#
Sending message: 1358
Sent message: 5#1358#
Sending message: 1359
Sent message: 5#1359#
Sending message: 1360
Sent message: 5#1360#
Sending message: 1361
Sent message: 5#1361#
Sending message: 1362
Sent message: 5#1362#
Sending message: 1363
Sent message: 5#1363#
Sending message: 1364
Sent message: 5#1364#
Sending message: 1365
Sent message: 5#1365#
Sending message: 1366
Sent message: 5#1366#
Sending message: 1367
Sent message: 5#1367#
Sending message: 1368
Sent message: 5#1368#
Sending message: 1369
Sent message: 5#1369#
Sending message: 1370
Sent message: 5#1370#
Sending message: 1371
Sent message: 5#1371#
Sending message: 1372
Sent message: 5#1372#
Sending message: 1373
Sent message: 5#1373#
Sending message: 1374
Sent message: 5#1374#
Sending message: 1375
Sent message: 5#1375#
Sending message: 1376
Sent message: 5#1376#
Sending message: 1377
Sent message: 5#1377#
Sending message: 1378
Sent message: 5#1378#
Sending message: 1379
Sent message: 5#1379#
Sending message: 1380
Sent message: 5#1380#
Sending message: 1381
Sent message: 5#1381#
Sending message: 1382
Sent message: 5#1382#
Sending message: 1383
Sent message: 5#1383#
Sending message: 1384
Sent message: 5#1384#
Sending message: 1385
Sent message: 5#1385#
Sending message: 1386
Sent message: 5#1386#
Sending message: 1387
Sent message: 5#1387#
Sending message: 1388
Sent message: 5#1388#
Sending message: 1389
Sent message: 5#1389#
Sending message: 1390
Sent message: 5#1390#
Sending message: 1391
Sent message: 5#1391#
Sending message: 1392
Sent message: 5#1392#
Sending message: 1393
Sent message: 5#1393#
Sending message: 1394
Sent message: 5#1394#
Sending message: 1395
Sent message: 5#1395#
Sending message: 1396
Sent message: 5#1396#
Sending message: 1397
Sent message: 5#1397#
Sending message: 1398
Sent message: 5#1398#
Sending message: 1399
Sent message: 5#1399#
Sending message: 1400
Sent message: 5#1400#
Sending message: 1401
Sent message: 5#1401#
Sending message: 1402
Sent message: 5#1402#
Sending message: 1403
Sent message: 5#1403#
Sending message: 1404
Sent message: 5#1404#
Sending message: 1405
Sent message: 5#1405#
Sending message: 1406
Sent message: 5#1406#
Sending message: 1407
Sent message: 5#1407#
Sending message: 1408
Sent message: 5#1408#
Sending message: 1409
Sent message: 5#1409#
Sending message: 1410
Sent message: 5#1410#
Sending message: 1411
Sent message: 5#1411#
Sending message: 1412
Sent message: 5#1412#
Sending message: 1413
Sent message: 5#1413#
Sending message: 1414
Sent message: 5#1414#
Sending message: 1415
Sent message: 5#1415#
Sending message: 1416
Sent message: 5#1416#
Sending message: 1417
Sent message: 5#1417#
Sending message: 1418
Sent message: 5#1418#
Sending message: 1419
Sent message: 5#1419#
Sending message: 1420
Sent message: 5#1420#
Sending message: 1421
Sent message: 5#1421#
Sending message: 1422
Sent message: 5#1422#
Sending message: 1423
Sent message: 5#1423#
Sending message: 1424
Sent message: 5#1424#
Sending message: 1425
Sent message: 5#1425#
Sending message: 1426
Sent message: 5#1426#
Sending message: 1427
Sent message: 5#1427#
Sending message: 1428
Sent message: 5#1428#
Sending message: 1429
Sent message: 5#1429#
Sending message: 1430
Sent message: 5#1430#
Sending message: 1431
Sent message: 5#1431#
Sending message: 1432
Sent message: 5#1432#
Sending message: 1433
Sent message: 5#1433#
Sending message: 1434
Sent message: 5#1434#
Sending message: 1435
Sent message: 5#1435#
Sending message: 1436
Sent message: 5#1436#
Sending message: 1437
Sent message: 5#1437#
Sending message: 1438
Sent message: 5#1438#
Sending message: 1439
Sent message: 5#1439#
Sending message: 1440
Sent message: 5#1440#
Sending message: 1441
Sent message: 5#1441#
Sending message: 1442
Sent message: 5#1442#
Sending message: 1443
Sent message: 5#1443#
Sending message: 1444
Sent message: 5#1444#
Sending message: 1445
Sent message: 5#1445#
Sending message: 1446
Sent message: 5#1446#
Sending message: 1447
Sent message: 5#1447#
Sending message: 1448
Sent message: 5#1448#
Sending message: 1449
Sent message: 5#1449#
Sending message: 1450
Sent message: 5#1450#
Sending message: 1451
Sent message: 5#1451#
Sending message: 1452
Sent message: 5#1452#
Sending message: 1453
Sent message: 5#1453#
Sending message: 1454
Sent message: 5#1454#
Sending message: 1455
Sent message: 5#1455#
Sending message: 1456
Sent message: 5#1456#
Sending message: 1457
Sent message: 5#1457#
Sending message: 1458
Sent message: 5#1458#
Sending message: 1459
Sent message: 5#1459#
Sending message: 1460
Sent message: 5#1460#
Sending message: 1461
Sent message: 5#1461#
Sending message: 1462
Sent message: 5#1462#
Sending message: 1463
Sent message: 5#1463#
Sending message: 1464
Sent message: 5#1464#
Sending message: 1465
Sent message: 5#1465#
Sending message: 1466
Sent message: 5#1466#
Sending message: 1467
Sent message: 5#1467#
Sending message: 1468
Sent message: 5#1468#
Sending message: 1469
Sent message: 5#1469#
Sending message: 1470
Sent message: 5#1470#
Sending message: 1471
Sent message: 5#1471#
Sending message: 1472
Sent message: 5#1472#
Sending message: 1473
Sent message: 5#1473#
Sending message: 1474
Sent message: 5#1474#
Sending message: 1475
Sent message: 5#1475#
Sending message: 1476
Sent message: 5#1476#
Sending message: 1477
Sent message: 5#1477#
Sending message: 1478
Sent message: 5#1478#
Sending message: 1479
Sent message: 5#1479#
Sending message: 1480
Sent message: 5#1480#
Sending message: 1481
Sent message: 5#1481#
Sending message: 1482
Sent message: 5#1482#
Sending message: 1483
Sent message: 5#1483#
Sending message: 1484
Sent message: 5#1484#
Sending message: 1485
Sent message: 5#1485#
Sending message: 1486
Sent message: 5#1486#
Sending message: 1487
Sent message: 5#1487#
Sending message: 1488
Sent message: 5#1488#
Sending message: 1489
Sent message: 5#1489#
Sending message: 1490
Sent message: 5#1490#
Sending message: 1491
Sent message: 5#1491#
Sending message: 1492
Sent message: 5#1492#
Sending message: 1493
Sent message: 5#1493#
Sending message: 1494
Sent message: 5#1494#
Sending message: 1495
Sent message: 5#1495#
Sending message: 1496
Sent message: 5#1496#
Sending message: 1497
Sent message: 5#1497#
Sending message: 1498
Sent message: 5#1498#
Sending message: 1499
Sent message: 5#1499#
Sending message: 1500
Sent message: 5#1500#
Sending message: 1501
Sent message: 5#1501#
Sending message: 1502
Sent message: 5#1502#
Sending message: 1503
Sent message: 5#1503#
Sending message: 1504
Sent message: 5#1504#
Sending message: 1505
Sent message: 5#1505#
Sending message: 1506
Sent message: 5#1506#
Sending message: 1507
Sent message: 5#1507#
Sending message: 1508
Sent message: 5#1508#
Sending message: 1509
Sent message: 5#1509#
Sending message: 1510
Sent message: 5#1510#
Sending message: 1511
Sent message: 5#1511#
Sending message: 1512
Sent message: 5#1512#
Sending message: 1513
Sent message: 5#1513#
Sending message: 1514
Sent message: 5#1514#
Sending message: 1515
Sent message: 5#1515#
Sending message: 1516
Sent message: 5#1516#
Sending message: 1517
Sent message: 5#1517#
Sending message: 1518
Sent message: 5#1518#
Sending message: 1519
Sent message: 5#1519#
Sending message: 1520
Sent message: 5#1520#
Sending message: 1521
Sent message: 5#1521#
Sending message: 1522
Sent message: 5#1522#
Sending message: 1523
Sent message: 5#1523#
Sending message: 1524
Sent message: 5#1524#
Sending message: 1525
Sent message: 5#1525#
Sending message: 1526
Sent message: 5#1526#
Sending message: 1527
Sent message: 5#1527#
Sending message: 1528
Sent message: 5#1528#
Sending message: 1529
Sent message: 5#1529#
Sending message: 1530
Sent message: 5#1530#
Sending message: 1531
Sent message: 5#1531#
Sending message: 1532
Sent message: 5#1532#
Sending message: 1533
Sent message: 5#1533#
Sending message: 1534
Sent message: 5#1534#
Sending message: 1535
Sent message: 5#1535#
Sending message: 1536
Sent message: 5#1536#
Sending message: 1537
Sent message: 5#1537#
Sending message: 1538
Sent message: 5#1538#
Sending message: 1539
Sent message: 5#1539#
Sending message: 1540
Sent message: 5#1540#
Sending message: 1541
Sent message: 5#1541#
Sending message: 1542
Sent message: 5#1542#
Sending message: 1543
Sent message: 5#1543#
Sending message: 1544
Sent message: 5#1544#
Sending message: 1545
Sent message: 5#1545#
Sending message: 1546
Sent message: 5#1546#
Sending message: 1547
Sent message: 5#1547#
Sending message: 1548
Sent message: 5#1548#
Sending message: 1549
Sent message: 5#1549#
Sending message: 1550
Sent message: 5#1550#
Sending message: 1551
Sent message: 5#1551#
Sending message: 1552
Sent message: 5#1552#
Sending message: 1553
Sent message: 5#1553#
Sending message: 1554
Sent message: 5#1554#
Sending message: 1555
Sent message: 5#1555#
Sending message: 1556
Sent message: 5#1556#
Sending message: 1557
Sent message: 5#1557#
Sending message: 1558
Sent message: 5#1558#
Sending message: 1559
Sent message: 5#1559#
Sending message: 1560
Sent message: 5#1560#
Sending message: 1561
Sent message: 5#1561#
Sending message: 1562
Sent message: 5#1562#
Sending message: 1563
Sent message: 5#1563#
Sending message: 1564
Sent message: 5#1564#
Sending message: 1565
Sent message: 5#1565#
Sending message: 1566
Sent message: 5#1566#
Sending message: 1567
Sent message: 5#1567#
Sending message: 1568
Sent message: 5#1568#
Sending message: 1569
Sent message: 5#1569#
Sending message: 1570
Sent message: 5#1570#
Sending message: 1571
Sent message: 5#1571#
Sending message: 1572
Sent message: 5#1572#
Sending message: 1573
Sent message: 5#1573#
Sending message: 1574
Sent message: 5#1574#
Sending message: 1575
Sent message: 5#1575#
Sending message: 1576
Sent message: 5#1576#
Sending message: 1577
Sent message: 5#1577#
Sending message: 1578
Sent message: 5#1578#
Sending message: 1579
Sent message: 5#1579#
Sending message: 1580
Sent message: 5#1580#
Sending message: 1581
Sent message: 5#1581#
Sending message: 1582
Sent message: 5#1582#
Sending message: 1583
Sent message: 5#1583#
Sending message: 1584
Sent message: 5#1584#
Sending message: 1585
Sent message: 5#1585#
Sending message: 1586
Sent message: 5#1586#
Sending message: 1587
Sent message: 5#1587#
Sending message: 1588
Sent message: 5#1588#
Sending message: 1589
Sent message: 5#1589#
Sending message: 1590
Sent message: 5#1590#
Sending message: 1591
Sent message: 5#1591#
Sending message: 1592
Sent message: 5#1592#
Sending message: 1593
Sent message: 5#1593#
Sending message: 1594
Sent message: 5#1594#
Sending message: 1595
Sent message: 5#1595#
Sending message: 1596
Sent message: 5#1596#
Sending message: 1597
Sent message: 5#1597#
Sending message: 1598
Sent message: 5#1598#
Sending message: 1599
Sent message: 5#1599#
Sending message: 1600
Sent message: 5#1600#
Sending message: 1601
Sent message: 5#1601#
Sending message: 1602
Sent message: 5#1602#
Sending message: 1603
Sent message: 5#1603#
Sending message: 1604
Sent message: 5#1604#
Sending message: 1605
Sent message: 5#1605#
Sending message: 1606
Sent message: 5#1606#
Sending message: 1607
Sent message: 5#1607#
Sending message: 1608
Sent message: 5#1608#
Sending message: 1609
Sent message: 5#1609#
Sending message: 1610
Sent message: 5#1610#
Sending message: 1611
Sent message: 5#1611#
Sending message: 1612
Sent message: 5#1612#
Sending message: 1613
Sent message: 5#1613#
Sending message: 1614
Sent message: 5#1614#
Sending message: 1615
Sent message: 5#1615#
Sending message: 1616
Sent message: 5#1616#
Sending message: 1617
Sent message: 5#1617#
Sending message: 1618
Sent message: 5#1618#
Sending message: 1619
Sent message: 5#1619#
Sending message: 1620
Sent message: 5#1620#
Sending message: 1621
Sent message: 5#1621#
Sending message: 1622
Sent message: 5#1622#
Sending message: 1623
Sent message: 5#1623#
Sending message: 1624
Sent message: 5#1624#
Sending message: 1625
Sent message: 5#1625#
Sending message: 1626
Sent message: 5#1626#
Sending message: 1627
Sent message: 5#1627#
Sending message: 1628
Sent message: 5#1628#
Sending message: 1629
Sent message: 5#1629#
Sending message: 1630
Sent message: 5#1630#
Sending message: 1631
Sent message: 5#1631#
Sending message: 1632
Sent message: 5#1632#
Sending message: 1633
Sent message: 5#1633#
Sending message: 1634
Sent message: 5#1634#
Sending message: 1635
Sent message: 5#1635#
Sending message: 1636
Sent message: 5#1636#
Sending message: 1637
Sent message: 5#1637#
Sending message: 1638
Sent message: 5#1638#
Sending message: 1639
Sent message: 5#1639#
Sending message: 1640
Sent message: 5#1640#
Sending message: 1641
Sent message: 5#1641#
Sending message: 1642
Sent message: 5#1642#
Sending message: 1643
Sent message: 5#1643#
Sending message: 1644
Sent message: 5#1644#
Sending message: 1645
Sent message: 5#1645#
Sending message: 1646
Sent message: 5#1646#
Sending message: 1647
Sent message: 5#1647#
Sending message: 1648
Sent message: 5#1648#
Sending message: 1649
Sent message: 5#1649#
Sending message: 1650
Sent message: 5#1650#
Sending message: 1651
Sent message: 5#1651#
Sending message: 1652
Sent message: 5#1652#
Sending message: 1653
Sent message: 5#1653#
Sending message: 1654
Sent message: 5#1654#
Sending message: 1655
Sent message: 5#1655#
Sending message: 1656
Sent message: 5#1656#
Sending message: 1657
Sent message: 5#1657#
Sending message: 1658
Sent message: 5#1658#
Sending message: 1659
Sent message: 5#1659#
Sending message: 1660
Sent message: 5#1660#
Sending message: 1661
Sent message: 5#1661#
Sending message: 1662
Sent message: 5#1662#
Sending message: 1663
Sent message: 5#1663#
Sending message: 1664
Sent message: 5#1664#
Sending message: 1665
Sent message: 5#1665#
Sending message: 1666
Sent message: 5#1666#
Sending message: 1667
Sent message: 5#1667#
Sending message: 1668
Sent message: 5#1668#
Sending message: 1669
Sent message: 5#1669#
Sending message: 1670
Sent message: 5#1670#
Sending message: 1671
Sent message: 5#1671#
Sending message: 1672
Sent message: 5#1672#
Sending message: 1673
Sent message: 5#1673#
Sending message: 1674
Sent message: 5#1674#
Sending message: 1675
Sent message: 5#1675#
Sending message: 1676
Sent message: 5#1676#
Sending message: 1677
Sent message: 5#1677#
Sending message: 1678
Sent message: 5#1678#
Sending message: 1679
Sent message: 5#1679#
Sending message: 1680
Sent message: 5#1680#
Sending message: 1681
Sent message: 5#1681#
Sending message: 1682
Sent message: 5#1682#
Sending message: 1683
Sent message: 5#1683#
Sending message: 1684
Sent message: 5#1684#
Sending message: 1685
Sent message: 5#1685#
Sending message: 1686
Sent message: 5#1686#
Sending message: 1687
Sent message: 5#1687#
Sending message: 1688
Sent message: 5#1688#
Sending message: 1689
Sent message: 5#1689#
Sending message: 1690
Sent message: 5#1690#
Sending message: 1691
Sent message: 5#1691#
Sending message: 1692
Sent message: 5#1692#
Sending message: 1693
Sent message: 5#1693#
Sending message: 1694
Sent message: 5#1694#
Sending message: 1695
Sent message: 5#1695#
Sending message: 1696
Sent message: 5#1696#
Sending message: 1697
Sent message: 5#1697#
Sending message: 1698
Sent message: 5#1698#
Sending message: 1699
Sent message: 5#1699#
Sending message: 1700
Sent message: 5#1700#
Sending message: 1701
Sent message: 5#1701#
Sending message: 1702
Sent message: 5#1702#
Sending message: 1703
Sent message: 5#1703#
Sending message: 1704
Sent message: 5#1704#
Sending message: 1705
Sent message: 5#1705#
Sending message: 1706
Sent message: 5#1706#
Sending message: 1707
Sent message: 5#1707#
Sending message: 1708
Sent message: 5#1708#
Sending message: 1709
Sent message: 5#1709#
Sending message: 1710
Sent message: 5#1710#
Sending message: 1711
Sent message: 5#1711#
Sending message: 1712
Sent message: 5#1712#
Sending message: 1713
Sent message: 5#1713#
Sending message: 1714
Sent message: 5#1714#
Sending message: 1715
Sent message: 5#1715#
Sending message: 1716
Sent message: 5#1716#
Sending message: 1717
Sent message: 5#1717#
Sending message: 1718
Sent message: 5#1718#
Sending message: 1719
Sent message: 5#1719#
Sending message: 1720
Sent message: 5#1720#
Sending message: 1721
Sent message: 5#1721#
Sending message: 1722
Sent message: 5#1722#
Sending message: 1723
Sent message: 5#1723#
Sending message: 1724
Sent message: 5#1724#
Sending message: 1725
Sent message: 5#1725#
Sending message: 1726
Sent message: 5#1726#
Sending message: 1727
Sent message: 5#1727#
Sending message: 1728
Sent message: 5#1728#
Sending message: 1729
Sent message: 5#1729#
Sending message: 1730
Sent message: 5#1730#
Sending message: 1731
Sent message: 5#1731#
Sending message: 1732
Sent message: 5#1732#
Sending message: 1733
Sent message: 5#1733#
Sending message: 1734
Sent message: 5#1734#
Sending message: 1735
Sent message: 5#1735#
Sending message: 1736
Sent message: 5#1736#
Sending message: 1737
Sent message: 5#1737#
Sending message: 1738
Sent message: 5#1738#
Sending message: 1739
Sent message: 5#1739#
Sending message: 1740
Sent message: 5#1740#
Sending message: 1741
Sent message: 5#1741#
Sending message: 1742
Sent message: 5#1742#
Sending message: 1743
Sent message: 5#1743#
Sending message: 1744
Sent message: 5#1744#
Sending message: 1745
Sent message: 5#1745#
Sending message: 1746
Sent message: 5#1746#
Sending message: 1747
Sent message: 5#1747#
Sending message: 1748
Sent message: 5#1748#
Sending message: 1749
Sent message: 5#1749#
Sending message: 1750
Sent message: 5#1750#
Sending message: 1751
Sent message: 5#1751#
Sending message: 1752
Sent message: 5#1752#
Sending message: 1753
Sent message: 5#1753#
Sending message: 1754
Sent message: 5#1754#
Sending message: 1755
Sent message: 5#1755#
Sending message: 1756
Sent message: 5#1756#
Sending message: 1757
Sent message: 5#1757#
Sending message: 1758
Sent message: 5#1758#
Sending message: 1759
Sent message: 5#1759#
Sending message: 1760
Sent message: 5#1760#
Sending message: 1761
Sent message: 5#1761#
Sending message: 1762
Sent message: 5#1762#
Sending message: 1763
Sent message: 5#1763#
Sending message: 1764
Sent message: 5#1764#
Sending message: 1765
Sent message: 5#1765#
Sending message: 1766
Sent message: 5#1766#
Sending message: 1767
Sent message: 5#1767#
Sending message: 1768
Sent message: 5#1768#
Sending message: 1769
Sent message: 5#1769#
Sending message: 1770
Sent message: 5#1770#
Sending message: 1771
Sent message: 5#1771#
Sending message: 1772
Sent message: 5#1772#
Sending message: 1773
Sent message: 5#1773#
Sending message: 1774
Sent message: 5#1774#
Sending message: 1775
Sent message: 5#1775#
Sending message: 1776
Sent message: 5#1776#
Sending message: 1777
Sent message: 5#1777#
Sending message: 1778
Sent message: 5#1778#
Sending message: 1779
Sent message: 5#1779#
Sending message: 1780
Sent message: 5#1780#
Sending message: 1781
Sent message: 5#1781#
Sending message: 1782
Sent message: 5#1782#
Sending message: 1783
Sent message: 5#1783#
Sending message: 1784
Sent message: 5#1784#
Sending message: 1785
Sent message: 5#1785#
Sending message: 1786
Sent message: 5#1786#
Sending message: 1787
Sent message: 5#1787#
Sending message: 1788
Sent message: 5#1788#
Sending message: 1789
Sent message: 5#1789#
Sending message: 1790
Sent message: 5#1790#
Sending message: 1791
Sent message: 5#1791#
Sending message: 1792
Sent message: 5#1792#
Sending message: 1793
Sent message: 5#1793#
Sending message: 1794
Sent message: 5#1794#
Sending message: 1795
Sent message: 5#1795#
Sending message: 1796
Sent message: 5#1796#
Sending message: 1797
Sent message: 5#1797#
Sending message: 1798
Sent message: 5#1798#
Sending message: 1799
Sent message: 5#1799#
Sending message: 1800
Sent message: 5#1800#
Sending message: 1801
Sent message: 5#1801#
Sending message: 1802
Sent message: 5#1802#
Sending message: 1803
Sent message: 5#1803#
Sending message: 1804
Sent message: 5#1804#
Sending message: 1805
Sent message: 5#1805#
Sending message: 1806
Sent message: 5#1806#
Sending message: 1807
Sent message: 5#1807#
Sending message: 1808
Sent message: 5#1808#
Sending message: 1809
Sent message: 5#1809#
Sending message: 1810
Sent message: 5#1810#
Sending message: 1811
Sent message: 5#1811#
Sending message: 1812
Sent message: 5#1812#
Sending message: 1813
Sent message: 5#1813#
Sending message: 1814
Sent message: 5#1814#
Sending message: 1815
Sent message: 5#1815#
Sending message: 1816
Sent message: 5#1816#
Sending message: 1817
Sent message: 5#1817#
Sending message: 1818
Sent message: 5#1818#
Sending message: 1819
Sent message: 5#1819#
Sending message: 1820
Sent message: 5#1820#
Sending message: 1821
Sent message: 5#1821#
Sending message: 1822
Sent message: 5#1822#
Sending message: 1823
Sent message: 5#1823#
Sending message: 1824
Sent message: 5#1824#
Sending message: 1825
Sent message: 5#1825#
Sending message: 1826
Sent message: 5#1826#
Sending message: 1827
Sent message: 5#1827#
Sending message: 1828
Sent message: 5#1828#
Sending message: 1829
Sent message: 5#1829#
Sending message: 1830
Sent message: 5#1830#
Sending message: 1831
Sent message: 5#1831#
Sending message: 1832
Sent message: 5#1832#
Sending message: 1833
Sent message: 5#1833#
Sending message: 1834
Sent message: 5#1834#
Sending message: 1835
Sent message: 5#1835#
Sending message: 1836
Sent message: 5#1836#
Sending message: 1837
Sent message: 5#1837#
Sending message: 1838
Sent message: 5#1838#
Sending message: 1839
Sent message: 5#1839#
Sending message: 1840
Sent message: 5#1840#
Sending message: 1841
Sent message: 5#1841#
Sending message: 1842
Sent message: 5#1842#
Sending message: 1843
Sent message: 5#1843#
Sending message: 1844
Sent message: 5#1844#
Sending message: 1845
Sent message: 5#1845#
Sending message: 1846
Sent message: 5#1846#
Sending message: 1847
Sent message: 5#1847#
Sending message: 1848
Sent message: 5#1848#
Sending message: 1849
Sent message: 5#1849#
Sending message: 1850
Sent message: 5#1850#
Sending message: 1851
Sent message: 5#1851#
Sending message: 1852
Sent message: 5#1852#
Sending message: 1853
Sent message: 5#1853#
Sending message: 1854
Sent message: 5#1854#
Sending message: 1855
Sent message: 5#1855#
Sending message: 1856
Sent message: 5#1856#
Sending message: 1857
Sent message: 5#1857#
Sending message: 1858
Sent message: 5#1858#
Sending message: 1859
Sent message: 5#1859#
Sending message: 1860
Sent message: 5#1860#
Sending message: 1861
Sent message: 5#1861#
Sending message: 1862
Sent message: 5#1862#
Sending message: 1863
Sent message: 5#1863#
Sending message: 1864
Sent message: 5#1864#
Sending message: 1865
Sent message: 5#1865#
Sending message: 1866
Sent message: 5#1866#
Sending message: 1867
Sent message: 5#1867#
Sending message: 1868
Sent message: 5#1868#
Sending message: 1869
Sent message: 5#1869#
Sending message: 1870
Sent message: 5#1870#
Sending message: 1871
Sent message: 5#1871#
Sending message: 1872
Sent message: 5#1872#
Sending message: 1873
Sent message: 5#1873#
Sending message: 1874
Sent message: 5#1874#
Sending message: 1875
Sent message: 5#1875#
Sending message: 1876
Sent message: 5#1876#
Sending message: 1877
Sent message: 5#1877#
Sending message: 1878
Sent message: 5#1878#
Sending message: 1879
Sent message: 5#1879#
Sending message: 1880
Sent message: 5#1880#
Sending message: 1881
Sent message: 5#1881#
Sending message: 1882
Sent message: 5#1882#
Sending message: 1883
Sent message: 5#1883#
Sending message: 1884
Sent message: 5#1884#
Sending message: 1885
Sent message: 5#1885#
Sending message: 1886
Sent message: 5#1886#
Sending message: 1887
Sent message: 5#1887#
Sending message: 1888
Sent message: 5#1888#
Sending message: 1889
Sent message: 5#1889#
Sending message: 1890
Sent message: 5#1890#
Sending message: 1891
Sent message: 5#1891#
Sending message: 1892
Sent message: 5#1892#
Sending message: 1893
Sent message: 5#1893#
Sending message: 1894
Sent message: 5#1894#
Sending message: 1895
Sent message: 5#1895#
Sending message: 1896
Sent message: 5#1896#
Sending message: 1897
Sent message: 5#1897#
Sending message: 1898
Sent message: 5#1898#
Sending message: 1899
Sent message: 5#1899#
Sending message: 1900
Sent message: 5#1900#
Sending message: 1901
Sent message: 5#1901#
Sending message: 1902
Sent message: 5#1902#
Sending message: 1903
Sent message: 5#1903#
Sending message: 1904
Sent message: 5#1904#
Sending message: 1905
Sent message: 5#1905#
Sending message: 1906
Sent message: 5#1906#
Sending message: 1907
Sent message: 5#1907#
Sending message: 1908
Sent message: 5#1908#
Sending message: 1909
Sent message: 5#1909#
Sending message: 1910
Sent message: 5#1910#
Sending message: 1911
Sent message: 5#1911#
Sending message: 1912
Sent message: 5#1912#
Sending message: 1913
Sent message: 5#1913#
Sending message: 1914
Sent message: 5#1914#
Sending message: 1915
Sent message: 5#1915#
Sending message: 1916
Sent message: 5#1916#
Sending message: 1917
Sent message: 5#1917#
Sending message: 1918
Sent message: 5#1918#
Sending message: 1919
Sent message: 5#1919#
Sending message: 1920
Sent message: 5#1920#
Sending message: 1921
Sent message: 5#1921#
Sending message: 1922
Sent message: 5#1922#
Sending message: 1923
Sent message: 5#1923#
Sending message: 1924
Sent message: 5#1924#
Sending message: 1925
Sent message: 5#1925#
Sending message: 1926
Sent message: 5#1926#
Sending message: 1927
Sent message: 5#1927#
Sending message: 1928
Sent message: 5#1928#
Sending message: 1929
Sent message: 5#1929#
Sending message: 1930
Sent message: 5#1930#
Sending message: 1931
Sent message: 5#1931#
Sending message: 1932
Sent message: 5#1932#
Sending message: 1933
Sent message: 5#1933#
Sending message: 1934
Sent message: 5#1934#
Sending message: 1935
Sent message: 5#1935#
Sending message: 1936
Sent message: 5#1936#
Sending message: 1937
Sent message: 5#1937#
Sending message: 1938
Sent message: 5#1938#
Sending message: 1939
Sent message: 5#1939#
Sending message: 1940
Sent message: 5#1940#
Sending message: 1941
Sent message: 5#1941#
Sending message: 1942
Sent message: 5#1942#
Sending message: 1943
Sent message: 5#1943#
Sending message: 1944
Sent message: 5#1944#
Sending message: 1945
Sent message: 5#1945#
Sending message: 1946
Sent message: 5#1946#
Sending message: 1947
Sent message: 5#1947#
Sending message: 1948
Sent message: 5#1948#
Sending message: 1949
Sent message: 5#1949#
Sending message: 1950
Sent message: 5#1950#
Sending message: 1951
Sent message: 5#1951#
Sending message: 1952
Sent message: 5#1952#
Sending message: 1953
Sent message: 5#1953#
Sending message: 1954
Sent message: 5#1954#
Sending message: 1955
Sent message: 5#1955#
Sending message: 1956
Sent message: 5#1956#
Sending message: 1957
Sent message: 5#1957#
Sending message: 1958
Sent message: 5#1958#
Sending message: 1959
Sent message: 5#1959#
Sending message: 1960
Sent message: 5#1960#
Sending message: 1961
Sent message: 5#1961#
Sending message: 1962
Sent message: 5#1962#
Sending message: 1963
Sent message: 5#1963#
Sending message: 1964
Sent message: 5#1964#
Sending message: 1965
Sent message: 5#1965#
Sending message: 1966
Sent message: 5#1966#
Sending message: 1967
Sent message: 5#1967#
Sending message: 1968
Sent message: 5#1968#
Sending message: 1969
Sent message: 5#1969#
Sending message: 1970
Sent message: 5#1970#
Sending message: 1971
Sent message: 5#1971#
Sending message: 1972
Sent message: 5#1972#
Sending message: 1973
Sent message: 5#1973#
Sending message: 1974
Sent message: 5#1974#
Sending message: 1975
Sent message: 5#1975#
Sending message: 1976
Sent message: 5#1976#
Sending message: 1977
Sent message: 5#1977#
Sending message: 1978
Sent message: 5#1978#
Sending message: 1979
Sent message: 5#1979#
Sending message: 1980
Sent message: 5#1980#
Sending message: 1981
Sent message: 5#1981#
Sending message: 1982
Sent message: 5#1982#
Sending message: 1983
Sent message: 5#1983#
Sending message: 1984
Sent message: 5#1984#
Sending message: 1985
Sent message: 5#1985#
Sending message: 1986
Sent message: 5#1986#
Sending message: 1987
Sent message: 5#1987#
Sending message: 1988
Sent message: 5#1988#
Sending message: 1989
Sent message: 5#1989#
Sending message: 1990
Sent message: 5#1990#
Sending message: 1991
Sent message: 5#1991#
Sending message: 1992
Sent message: 5#1992#
Sending message: 1993
Sent message: 5#1993#
Sending message: 1994
Sent message: 5#1994#
Sending message: 1995
Sent message: 5#1995#
Sending message: 1996
Sent message: 5#1996#
Sending message: 1997
Sent message: 5#1997#
Sending message: 1998
Sent message: 5#1998#
Sending message: 1999
Sent message: 5#1999#
Sending message: 2000
Sent message: 5#2000#
Sending message: 2001
Sent message: 5#2001#
Sending message: 2002
Sent message: 5#2002#
Sending message: 2003
Sent message: 5#2003#
Sending message: 2004
Sent message: 5#2004#
Sending message: 2005
Sent message: 5#2005#
Sending message: 2006
Sent message: 5#2006#
Sending message: 2007
Sent message: 5#2007#
Sending message: 2008
Sent message: 5#2008#
Sending message: 2009
Sent message: 5#2009#
Sending message: 2010
Sent message: 5#2010#
Sending message: 2011
Sent message: 5#2011#
Sending message: 2012
Sent message: 5#2012#
Sending message: 2013
Sent message: 5#2013#
Sending message: 2014
Sent message: 5#2014#
Sending message: 2015
Sent message: 5#2015#
Sending message: 2016
Sent message: 5#2016#
Sending message: 2017
Sent message: 5#2017#
Sending message: 2018
Sent message: 5#2018#
Sending message: 2019
Sent message: 5#2019#
Sending message: 2020
Sent message: 5#2020#
Sending message: 2021
Sent message: 5#2021#
Sending message: 2022
Sent message: 5#2022#
Sending message: 2023
Sent message: 5#2023#
Sending message: 2024
Sent message: 5#2024#
Sending message: 2025
Sent message: 5#2025#
Sending message: 2026
Sent message: 5#2026#
Sending message: 2027
Sent message: 5#2027#
Sending message: 2028
Sent message: 5#2028#
Sending message: 2029
Sent message: 5#2029#
Sending message: 2030
Sent message: 5#2030#
Sending message: 2031
Sent message: 5#2031#
Sending message: 2032
Sent message: 5#2032#
Sending message: 2033
Sent message: 5#2033#
Sending message: 2034
Sent message: 5#2034#
Sending message: 2035
Sent message: 5#2035#
Sending message: 2036
Sent message: 5#2036#
Sending message: 2037
Sent message: 5#2037#
Sending message: 2038
Sent message: 5#2038#
Sending message: 2039
Sent message: 5#2039#
Sending message: 2040
Sent message: 5#2040#
Sending message: 2041
Sent message: 5#2041#
Sending message: 2042
Sent message: 5#2042#
Sending message: 2043
Sent message: 5#2043#
Sending message: 2044
Sent message: 5#2044#
Sending message: 2045
Sent message: 5#2045#
Sending message: 2046
Sent message: 5#2046#
Sending message: 2047
Sent message: 5#2047#
Sending message: 2048
Sent message: 5#2048#
Sending message: 2049
Sent message: 5#2049#
Sending message: 2050
Sent message: 5#2050#
Sending message: 2051
Sent message: 5#2051#
Sending message: 2052
Sent message: 5#2052#
Sending message: 2053
Sent message: 5#2053#
Sending message: 2054
Sent message: 5#2054#
Sending message: 2055
Sent message: 5#2055#
Sending message: 2056
Sent message: 5#2056#
Sending message: 2057
Sent message: 5#2057#
Sending message: 2058
Sent message: 5#2058#
Sending message: 2059
Sent message: 5#2059#
Sending message: 2060
Sent message: 5#2060#
Sending message: 2061
Sent message: 5#2061#
Sending message: 2062
Sent message: 5#2062#
Sending message: 2063
Sent message: 5#2063#
Sending message: 2064
Sent message: 5#2064#
Sending message: 2065
Sent message: 5#2065#
Sending message: 2066
Sent message: 5#2066#
Sending message: 2067
Sent message: 5#2067#
Sending message: 2068
Sent message: 5#2068#
Sending message: 2069
Sent message: 5#2069#
Sending message: 2070
Sent message: 5#2070#
Sending message: 2071
Sent message: 5#2071#
Sending message: 2072
Sent message: 5#2072#
Sending message: 2073
Sent message: 5#2073#
Sending message: 2074
Sent message: 5#2074#
Sending message: 2075
Sent message: 5#2075#
Sending message: 2076
Sent message: 5#2076#
Sending message: 2077
Sent message: 5#2077#
Sending message: 2078
Sent message: 5#2078#
Sending message: 2079
Sent message: 5#2079#
Sending message: 2080
Sent message: 5#2080#
Sending message: 2081
Sent message: 5#2081#
Sending message: 2082
Sent message: 5#2082#
Sending message: 2083
Sent message: 5#2083#
Sending message: 2084
Sent message: 5#2084#
Sending message: 2085
Sent message: 5#2085#
Sending message: 2086
Sent message: 5#2086#
Sending message: 2087
Sent message: 5#2087#
Sending message: 2088
Sent message: 5#2088#
Sending message: 2089
Sent message: 5#2089#
Sending message: 2090
Sent message: 5#2090#
Sending message: 2091
Sent message: 5#2091#
Sending message: 2092
Sent message: 5#2092#
Sending message: 2093
Sent message: 5#2093#
Sending message: 2094
Sent message: 5#2094#
Sending message: 2095
Sent message: 5#2095#
Sending message: 2096
Sent message: 5#2096#
Sending message: 2097
Sent message: 5#2097#
Sending message: 2098
Sent message: 5#2098#
Sending message: 2099
Sent message: 5#2099#
Sending message: 2100
Sent message: 5#2100#
Sending message: 2101
Sent message: 5#2101#
Sending message: 2102
Sent message: 5#2102#
Sending message: 2103
Sent message: 5#2103#
Sending message: 2104
Sent message: 5#2104#
Sending message: 2105
Sent message: 5#2105#
Sending message: 2106
Sent message: 5#2106#
Sending message: 2107
Sent message: 5#2107#
Sending message: 2108
Sent message: 5#2108#
Sending message: 2109
Sent message: 5#2109#
Sending message: 2110
Sent message: 5#2110#
Sending message: 2111
Sent message: 5#2111#
Sending message: 2112
Sent message: 5#2112#
Sending message: 2113
Sent message: 5#2113#
Sending message: 2114
Sent message: 5#2114#
Sending message: 2115
Sent message: 5#2115#
Sending message: 2116
Sent message: 5#2116#
Sending message: 2117
Sent message: 5#2117#
Sending message: 2118
Sent message: 5#2118#
Sending message: 2119
Sent message: 5#2119#
Sending message: 2120
Sent message: 5#2120#
Sending message: 2121
Sent message: 5#2121#
Sending message: 2122
Sent message: 5#2122#
Sending message: 2123
Sent message: 5#2123#
Sending message: 2124
Sent message: 5#2124#
Sending message: 2125
Sent message: 5#2125#
Sending message: 2126
Sent message: 5#2126#
Sending message: 2127
Sent message: 5#2127#
Sending message: 2128
Sent message: 5#2128#
Sending message: 2129
Sent message: 5#2129#
Sending message: 2130
Sent message: 5#2130#
Sending message: 2131
Sent message: 5#2131#
Sending message: 2132
Sent message: 5#2132#
Sending message: 2133
Sent message: 5#2133#
Sending message: 2134
Sent message: 5#2134#
Sending message: 2135
Sent message: 5#2135#
Sending message: 2136
Sent message: 5#2136#
Sending message: 2137
Sent message: 5#2137#
Sending message: 2138
Sent message: 5#2138#
Sending message: 2139
Sent message: 5#2139#
Sending message: 2140
Sent message: 5#2140#
Sending message: 2141
Sent message: 5#2141#
Sending message: 2142
Sent message: 5#2142#
Sending message: 2143
Sent message: 5#2143#
Sending message: 2144
Sent message: 5#2144#
Sending message: 2145
Sent message: 5#2145#
Sending message: 2146
Sent message: 5#2146#
Sending message: 2147
Sent message: 5#2147#
Sending message: 2148
Sent message: 5#2148#
Sending message: 2149
Sent message: 5#2149#
Sending message: 2150
Sent message: 5#2150#
Sending message: 2151
Sent message: 5#2151#
Sending message: 2152
Sent message: 5#2152#
Sending message: 2153
Sent message: 5#2153#
Sending message: 2154
Sent message: 5#2154#
Sending message: 2155
Sent message: 5#2155#
Sending message: 2156
Sent message: 5#2156#
Sending message: 2157
Sent message: 5#2157#
Sending message: 2158
Sent message: 5#2158#
Sending message: 2159
Sent message: 5#2159#
Sending message: 2160
Sent message: 5#2160#
Sending message: 2161
Sent message: 5#2161#
Sending message: 2162
Sent message: 5#2162#
Sending message: 2163
Sent message: 5#2163#
Sending message: 2164
Sent message: 5#2164#
Sending message: 2165
Sent message: 5#2165#
Sending message: 2166
Sent message: 5#2166#
Sending message: 2167
Sent message: 5#2167#
Sending message: 2168
Sent message: 5#2168#
Sending message: 2169
Sent message: 5#2169#
Sending message: 2170
Sent message: 5#2170#
Sending message: 2171
Sent message: 5#2171#
Sending message: 2172
Sent message: 5#2172#
Sending message: 2173
Sent message: 5#2173#
Sending message: 2174
Sent message: 5#2174#
Sending message: 2175
Sent message: 5#2175#
Sending message: 2176
Sent message: 5#2176#
Sending message: 2177
Sent message: 5#2177#
Sending message: 2178
Sent message: 5#2178#
Sending message: 2179
Sent message: 5#2179#
Sending message: 2180
Sent message: 5#2180#
Sending message: 2181
Sent message: 5#2181#
Sending message: 2182
Sent message: 5#2182#
Sending message: 2183
Sent message: 5#2183#
Sending message: 2184
Sent message: 5#2184#
Sending message: 2185
Sent message: 5#2185#
Sending message: 2186
Sent message: 5#2186#
Sending message: 2187
Sent message: 5#2187#
Sending message: 2188
Sent message: 5#2188#
Sending message: 2189
Sent message: 5#2189#
Sending message: 2190
Sent message: 5#2190#
Sending message: 2191
Sent message: 5#2191#
Sending message: 2192
Immediately stopping network packet processing.
Writing output.
Sent message: 5#2192#
Sending message: 2193
Sent message: 5#2193#
Sending message: 2194
Sent message: 5#2194#
Sending message: 2195
Sent message: 5#2195#
Sending message: 2196
Sent message: 5#2196#
Sending message: 2197
Sent message: 5#2197#
Sending message: 2198
Sent message: 5#2198#
Sending message: 2199
Sent message: 5#2199#
Sending message: 2200
Sent message: 5#2200#
Sending message: 2201
Sent message: 5#2201#
Sending message: 2202
Sent message: 5#2202#
Sending message: 2203
Sent message: 5#2203#
Sending message: 2204
