My PID: 1919

From a new terminal type `kill -SIGINT 1919` or `kill -SIGTERM 1919` to stop processing packets

My ID: 7

List of resolved hosts is:
==========================
1
Human-readable IP: 127.0.0.1
Human-readable Port: 11001

2
Human-readable IP: 127.0.0.1
Human-readable Port: 11002

3
Human-readable IP: 127.0.0.1
Human-readable Port: 11003

4
Human-readable IP: 127.0.0.1
Human-readable Port: 11004

5
Human-readable IP: 127.0.0.1
Human-readable Port: 11005

6
Human-readable IP: 127.0.0.1
Human-readable Port: 11006

7
Human-readable IP: 127.0.0.1
Human-readable Port: 11007

8
Human-readable IP: 127.0.0.1
Human-readable Port: 11008

9
Human-readable IP: 127.0.0.1
Human-readable Port: 11009

10
Human-readable IP: 127.0.0.1
Human-readable Port: 11010


Path to output:
===============
/mnt/c/repo/CS451-2023-project/template_java/bin/proc07.output

Path to config:
===============
./bin/config

Doing some initialization

Broadcasting and delivering messages...

Number of messages: 1000000
Receiver ID: 1
I am one of the senders
Sending message: 1
Sent message: 7#1#
Sending message: 2
Sent message: 7#2#
Sending message: 3
Sent message: 7#3#
Sending message: 4
Sent message: 7#4#
Sending message: 5
Sent message: 7#5#
Sending message: 6
Sent message: 7#6#
Sending message: 7
Sent message: 7#7#
Sending message: 8
Sent message: 7#8#
Sending message: 9
Sent message: 7#9#
Sending message: 10
Sent message: 7#10#
Sending message: 11
Sent message: 7#11#
Sending message: 12
Sent message: 7#12#
Sending message: 13
Sent message: 7#13#
Sending message: 14
Sent message: 7#14#
Sending message: 15
Sent message: 7#15#
Sending message: 16
Sent message: 7#16#
Sending message: 17
Sent message: 7#17#
Sending message: 18
Sent message: 7#18#
Sending message: 19
Sent message: 7#19#
Sending message: 20
Sent message: 7#20#
Sending message: 21
Sent message: 7#21#
Sending message: 22
Sent message: 7#22#
Sending message: 23
Sent message: 7#23#
Sending message: 24
Sent message: 7#24#
Sending message: 25
Sent message: 7#25#
Sending message: 26
Sent message: 7#26#
Sending message: 27
Sent message: 7#27#
Sending message: 28
Sent message: 7#28#
Sending message: 29
Sent message: 7#29#
Sending message: 30
Sent message: 7#30#
Sending message: 31
Sent message: 7#31#
Sending message: 32
Sent message: 7#32#
Sending message: 33
Sent message: 7#33#
Sending message: 34
Sent message: 7#34#
Sending message: 35
Sent message: 7#35#
Sending message: 36
Sent message: 7#36#
Sending message: 37
Sent message: 7#37#
Sending message: 38
Sent message: 7#38#
Sending message: 39
Sent message: 7#39#
Sending message: 40
Sent message: 7#40#
Sending message: 41
Sent message: 7#41#
Sending message: 42
Sent message: 7#42#
Sending message: 43
Sent message: 7#43#
Sending message: 44
Sent message: 7#44#
Sending message: 45
Sent message: 7#45#
Sending message: 46
Sent message: 7#46#
Sending message: 47
Sent message: 7#47#
Sending message: 48
Sent message: 7#48#
Sending message: 49
Sent message: 7#49#
Sending message: 50
Sent message: 7#50#
Sending message: 51
Sent message: 7#51#
Sending message: 52
Sent message: 7#52#
Sending message: 53
Sent message: 7#53#
Sending message: 54
Sent message: 7#54#
Sending message: 55
Sent message: 7#55#
Sending message: 56
Sent message: 7#56#
Sending message: 57
Sent message: 7#57#
Sending message: 58
Sent message: 7#58#
Sending message: 59
Sent message: 7#59#
Sending message: 60
Sent message: 7#60#
Sending message: 61
Sent message: 7#61#
Sending message: 62
Sent message: 7#62#
Sending message: 63
Sent message: 7#63#
Sending message: 64
Sent message: 7#64#
Sending message: 65
Sent message: 7#65#
Sending message: 66
Sent message: 7#66#
Sending message: 67
Sent message: 7#67#
Sending message: 68
Sent message: 7#68#
Sending message: 69
Sent message: 7#69#
Sending message: 70
Sent message: 7#70#
Sending message: 71
Sent message: 7#71#
Sending message: 72
Sent message: 7#72#
Sending message: 73
Sent message: 7#73#
Sending message: 74
Sent message: 7#74#
Sending message: 75
Sent message: 7#75#
Sending message: 76
Sent message: 7#76#
Sending message: 77
Sent message: 7#77#
Sending message: 78
Sent message: 7#78#
Sending message: 79
Sent message: 7#79#
Sending message: 80
Sent message: 7#80#
Sending message: 81
Sent message: 7#81#
Sending message: 82
Sent message: 7#82#
Sending message: 83
Sent message: 7#83#
Sending message: 84
Sent message: 7#84#
Sending message: 85
Sent message: 7#85#
Sending message: 86
Sent message: 7#86#
Sending message: 87
Sent message: 7#87#
Sending message: 88
Sent message: 7#88#
Sending message: 89
Sent message: 7#89#
Sending message: 90
Sent message: 7#90#
Sending message: 91
Sent message: 7#91#
Sending message: 92
Sent message: 7#92#
Sending message: 93
Sent message: 7#93#
Sending message: 94
Sent message: 7#94#
Sending message: 95
Sent message: 7#95#
Sending message: 96
Sent message: 7#96#
Sending message: 97
Sent message: 7#97#
Sending message: 98
Sent message: 7#98#
Sending message: 99
Sent message: 7#99#
Sending message: 100
Sent message: 7#100#
Sending message: 101
Sent message: 7#101#
Sending message: 102
Sent message: 7#102#
Sending message: 103
Sent message: 7#103#
Sending message: 104
Sent message: 7#104#
Sending message: 105
Sent message: 7#105#
Sending message: 106
Sent message: 7#106#
Sending message: 107
Sent message: 7#107#
Sending message: 108
Sent message: 7#108#
Sending message: 109
Sent message: 7#109#
Sending message: 110
Sent message: 7#110#
Sending message: 111
Sent message: 7#111#
Sending message: 112
Sent message: 7#112#
Sending message: 113
Sent message: 7#113#
Sending message: 114
Sent message: 7#114#
Sending message: 115
Sent message: 7#115#
Sending message: 116
Sent message: 7#116#
Sending message: 117
Sent message: 7#117#
Sending message: 118
Sent message: 7#118#
Sending message: 119
Sent message: 7#119#
Sending message: 120
Sent message: 7#120#
Sending message: 121
Sent message: 7#121#
Sending message: 122
Sent message: 7#122#
Sending message: 123
Sent message: 7#123#
Sending message: 124
Sent message: 7#124#
Sending message: 125
Sent message: 7#125#
Sending message: 126
Sent message: 7#126#
Sending message: 127
Sent message: 7#127#
Sending message: 128
Sent message: 7#128#
Sending message: 129
Sent message: 7#129#
Sending message: 130
Sent message: 7#130#
Sending message: 131
Sent message: 7#131#
Sending message: 132
Sent message: 7#132#
Sending message: 133
Sent message: 7#133#
Sending message: 134
Sent message: 7#134#
Sending message: 135
Sent message: 7#135#
Sending message: 136
Sent message: 7#136#
Sending message: 137
Sent message: 7#137#
Sending message: 138
Sent message: 7#138#
Sending message: 139
Sent message: 7#139#
Sending message: 140
Sent message: 7#140#
Sending message: 141
Sent message: 7#141#
Sending message: 142
Sent message: 7#142#
Sending message: 143
Sent message: 7#143#
Sending message: 144
Sent message: 7#144#
Sending message: 145
Sent message: 7#145#
Sending message: 146
Sent message: 7#146#
Sending message: 147
Sent message: 7#147#
Sending message: 148
Sent message: 7#148#
Sending message: 149
Sent message: 7#149#
Sending message: 150
Sent message: 7#150#
Sending message: 151
Sent message: 7#151#
Sending message: 152
Sent message: 7#152#
Sending message: 153
Sent message: 7#153#
Sending message: 154
Sent message: 7#154#
Sending message: 155
Sent message: 7#155#
Sending message: 156
Sent message: 7#156#
Sending message: 157
Sent message: 7#157#
Sending message: 158
Sent message: 7#158#
Sending message: 159
Sent message: 7#159#
Sending message: 160
Sent message: 7#160#
Sending message: 161
Sent message: 7#161#
Sending message: 162
Sent message: 7#162#
Sending message: 163
Sent message: 7#163#
Sending message: 164
Sent message: 7#164#
Sending message: 165
Sent message: 7#165#
Sending message: 166
Sent message: 7#166#
Sending message: 167
Sent message: 7#167#
Sending message: 168
Sent message: 7#168#
Sending message: 169
Sent message: 7#169#
Sending message: 170
Sent message: 7#170#
Sending message: 171
Sent message: 7#171#
Sending message: 172
Sent message: 7#172#
Sending message: 173
Sent message: 7#173#
Sending message: 174
Sent message: 7#174#
Sending message: 175
Sent message: 7#175#
Sending message: 176
Sent message: 7#176#
Sending message: 177
Sent message: 7#177#
Sending message: 178
Sent message: 7#178#
Sending message: 179
Sent message: 7#179#
Sending message: 180
Sent message: 7#180#
Sending message: 181
Sent message: 7#181#
Sending message: 182
Sent message: 7#182#
Sending message: 183
Sent message: 7#183#
Sending message: 184
Sent message: 7#184#
Sending message: 185
Sent message: 7#185#
Sending message: 186
Sent message: 7#186#
Sending message: 187
Sent message: 7#187#
Sending message: 188
Sent message: 7#188#
Sending message: 189
Sent message: 7#189#
Sending message: 190
Sent message: 7#190#
Sending message: 191
Sent message: 7#191#
Sending message: 192
Sent message: 7#192#
Sending message: 193
Sent message: 7#193#
Sending message: 194
Sent message: 7#194#
Sending message: 195
Sent message: 7#195#
Sending message: 196
Sent message: 7#196#
Sending message: 197
Sent message: 7#197#
Sending message: 198
Sent message: 7#198#
Sending message: 199
Sent message: 7#199#
Sending message: 200
Sent message: 7#200#
Sending message: 201
Sent message: 7#201#
Sending message: 202
Sent message: 7#202#
Sending message: 203
Sent message: 7#203#
Sending message: 204
Sent message: 7#204#
Sending message: 205
Sent message: 7#205#
Sending message: 206
Sent message: 7#206#
Sending message: 207
Sent message: 7#207#
Sending message: 208
Sent message: 7#208#
Sending message: 209
Sent message: 7#209#
Sending message: 210
Sent message: 7#210#
Sending message: 211
Sent message: 7#211#
Sending message: 212
Sent message: 7#212#
Sending message: 213
Sent message: 7#213#
Sending message: 214
Sent message: 7#214#
Sending message: 215
Sent message: 7#215#
Sending message: 216
Sent message: 7#216#
Sending message: 217
Sent message: 7#217#
Sending message: 218
Sent message: 7#218#
Sending message: 219
Sent message: 7#219#
Sending message: 220
Sent message: 7#220#
Sending message: 221
Sent message: 7#221#
Sending message: 222
Sent message: 7#222#
Sending message: 223
Sent message: 7#223#
Sending message: 224
Sent message: 7#224#
Sending message: 225
Sent message: 7#225#
Sending message: 226
Sent message: 7#226#
Sending message: 227
Sent message: 7#227#
Sending message: 228
Sent message: 7#228#
Sending message: 229
Sent message: 7#229#
Sending message: 230
Sent message: 7#230#
Sending message: 231
Sent message: 7#231#
Sending message: 232
Sent message: 7#232#
Sending message: 233
Sent message: 7#233#
Sending message: 234
Sent message: 7#234#
Sending message: 235
Sent message: 7#235#
Sending message: 236
Sent message: 7#236#
Sending message: 237
Sent message: 7#237#
Sending message: 238
Sent message: 7#238#
Sending message: 239
Sent message: 7#239#
Sending message: 240
Sent message: 7#240#
Sending message: 241
Sent message: 7#241#
Sending message: 242
Sent message: 7#242#
Sending message: 243
Sent message: 7#243#
Sending message: 244
Sent message: 7#244#
Sending message: 245
Sent message: 7#245#
Sending message: 246
Sent message: 7#246#
Sending message: 247
Sent message: 7#247#
Sending message: 248
Sent message: 7#248#
Sending message: 249
Sent message: 7#249#
Sending message: 250
Sent message: 7#250#
Sending message: 251
Sent message: 7#251#
Sending message: 252
Sent message: 7#252#
Sending message: 253
Sent message: 7#253#
Sending message: 254
Sent message: 7#254#
Sending message: 255
Sent message: 7#255#
Sending message: 256
Sent message: 7#256#
Sending message: 257
Sent message: 7#257#
Sending message: 258
Sent message: 7#258#
Sending message: 259
Sent message: 7#259#
Sending message: 260
Sent message: 7#260#
Sending message: 261
Sent message: 7#261#
Sending message: 262
Sent message: 7#262#
Sending message: 263
Sent message: 7#263#
Sending message: 264
Sent message: 7#264#
Sending message: 265
Sent message: 7#265#
Sending message: 266
Sent message: 7#266#
Sending message: 267
Sent message: 7#267#
Sending message: 268
Sent message: 7#268#
Sending message: 269
Sent message: 7#269#
Sending message: 270
Sent message: 7#270#
Sending message: 271
Sent message: 7#271#
Sending message: 272
Sent message: 7#272#
Sending message: 273
Sent message: 7#273#
Sending message: 274
Sent message: 7#274#
Sending message: 275
Sent message: 7#275#
Sending message: 276
Sent message: 7#276#
Sending message: 277
Sent message: 7#277#
Sending message: 278
Sent message: 7#278#
Sending message: 279
Sent message: 7#279#
Sending message: 280
Sent message: 7#280#
Sending message: 281
Sent message: 7#281#
Sending message: 282
Sent message: 7#282#
Sending message: 283
Sent message: 7#283#
Sending message: 284
Sent message: 7#284#
Sending message: 285
Sent message: 7#285#
Sending message: 286
Sent message: 7#286#
Sending message: 287
Sent message: 7#287#
Sending message: 288
Sent message: 7#288#
Sending message: 289
Sent message: 7#289#
Sending message: 290
Sent message: 7#290#
Sending message: 291
Sent message: 7#291#
Sending message: 292
Sent message: 7#292#
Sending message: 293
Sent message: 7#293#
Sending message: 294
Sent message: 7#294#
Sending message: 295
Sent message: 7#295#
Sending message: 296
Sent message: 7#296#
Sending message: 297
Sent message: 7#297#
Sending message: 298
Sent message: 7#298#
Sending message: 299
Sent message: 7#299#
Sending message: 300
Sent message: 7#300#
Sending message: 301
Sent message: 7#301#
Sending message: 302
Sent message: 7#302#
Sending message: 303
Sent message: 7#303#
Sending message: 304
Sent message: 7#304#
Sending message: 305
Sent message: 7#305#
Sending message: 306
Sent message: 7#306#
Sending message: 307
Sent message: 7#307#
Sending message: 308
Sent message: 7#308#
Sending message: 309
Sent message: 7#309#
Sending message: 310
Sent message: 7#310#
Sending message: 311
Sent message: 7#311#
Sending message: 312
Sent message: 7#312#
Sending message: 313
Sent message: 7#313#
Sending message: 314
Sent message: 7#314#
Sending message: 315
Sent message: 7#315#
Sending message: 316
Sent message: 7#316#
Sending message: 317
Sent message: 7#317#
Sending message: 318
Sent message: 7#318#
Sending message: 319
Sent message: 7#319#
Sending message: 320
Sent message: 7#320#
Sending message: 321
Sent message: 7#321#
Sending message: 322
Sent message: 7#322#
Sending message: 323
Sent message: 7#323#
Sending message: 324
Sent message: 7#324#
Sending message: 325
Sent message: 7#325#
Sending message: 326
Sent message: 7#326#
Sending message: 327
Sent message: 7#327#
Sending message: 328
Sent message: 7#328#
Sending message: 329
Sent message: 7#329#
Sending message: 330
Sent message: 7#330#
Sending message: 331
Sent message: 7#331#
Sending message: 332
Sent message: 7#332#
Sending message: 333
Sent message: 7#333#
Sending message: 334
Sent message: 7#334#
Sending message: 335
Sent message: 7#335#
Sending message: 336
Sent message: 7#336#
Sending message: 337
Sent message: 7#337#
Sending message: 338
Sent message: 7#338#
Sending message: 339
Sent message: 7#339#
Sending message: 340
Sent message: 7#340#
Sending message: 341
Sent message: 7#341#
Sending message: 342
Sent message: 7#342#
Sending message: 343
Sent message: 7#343#
Sending message: 344
Sent message: 7#344#
Sending message: 345
Sent message: 7#345#
Sending message: 346
Sent message: 7#346#
Sending message: 347
Sent message: 7#347#
Sending message: 348
Sent message: 7#348#
Sending message: 349
Sent message: 7#349#
Sending message: 350
Sent message: 7#350#
Sending message: 351
Sent message: 7#351#
Sending message: 352
Sent message: 7#352#
Sending message: 353
Sent message: 7#353#
Sending message: 354
Sent message: 7#354#
Sending message: 355
Sent message: 7#355#
Sending message: 356
Sent message: 7#356#
Sending message: 357
Sent message: 7#357#
Sending message: 358
Sent message: 7#358#
Sending message: 359
Sent message: 7#359#
Sending message: 360
Sent message: 7#360#
Sending message: 361
Sent message: 7#361#
Sending message: 362
Sent message: 7#362#
Sending message: 363
Sent message: 7#363#
Sending message: 364
Sent message: 7#364#
Sending message: 365
Sent message: 7#365#
Sending message: 366
Sent message: 7#366#
Sending message: 367
Sent message: 7#367#
Sending message: 368
Sent message: 7#368#
Sending message: 369
Sent message: 7#369#
Sending message: 370
Sent message: 7#370#
Sending message: 371
Sent message: 7#371#
Sending message: 372
Sent message: 7#372#
Sending message: 373
Sent message: 7#373#
Sending message: 374
Sent message: 7#374#
Sending message: 375
Sent message: 7#375#
Sending message: 376
Sent message: 7#376#
Sending message: 377
Sent message: 7#377#
Sending message: 378
Sent message: 7#378#
Sending message: 379
Sent message: 7#379#
Sending message: 380
Sent message: 7#380#
Sending message: 381
Sent message: 7#381#
Sending message: 382
Sent message: 7#382#
Sending message: 383
Sent message: 7#383#
Sending message: 384
Sent message: 7#384#
Sending message: 385
Sent message: 7#385#
Sending message: 386
Sent message: 7#386#
Sending message: 387
Sent message: 7#387#
Sending message: 388
Sent message: 7#388#
Sending message: 389
Sent message: 7#389#
Sending message: 390
Sent message: 7#390#
Sending message: 391
Sent message: 7#391#
Sending message: 392
Sent message: 7#392#
Sending message: 393
Sent message: 7#393#
Sending message: 394
Sent message: 7#394#
Sending message: 395
Sent message: 7#395#
Sending message: 396
Sent message: 7#396#
Sending message: 397
Sent message: 7#397#
Sending message: 398
Sent message: 7#398#
Sending message: 399
Sent message: 7#399#
Sending message: 400
Sent message: 7#400#
Sending message: 401
Sent message: 7#401#
Sending message: 402
Sent message: 7#402#
Sending message: 403
Sent message: 7#403#
Sending message: 404
Sent message: 7#404#
Sending message: 405
Sent message: 7#405#
Sending message: 406
Sent message: 7#406#
Sending message: 407
Sent message: 7#407#
Sending message: 408
Sent message: 7#408#
Sending message: 409
Sent message: 7#409#
Sending message: 410
Sent message: 7#410#
Sending message: 411
Sent message: 7#411#
Sending message: 412
Sent message: 7#412#
Sending message: 413
Sent message: 7#413#
Sending message: 414
Sent message: 7#414#
Sending message: 415
Sent message: 7#415#
Sending message: 416
Sent message: 7#416#
Sending message: 417
Sent message: 7#417#
Sending message: 418
Sent message: 7#418#
Sending message: 419
Sent message: 7#419#
Sending message: 420
Sent message: 7#420#
Sending message: 421
Sent message: 7#421#
Sending message: 422
Sent message: 7#422#
Sending message: 423
Sent message: 7#423#
Sending message: 424
Sent message: 7#424#
Sending message: 425
Sent message: 7#425#
Sending message: 426
Sent message: 7#426#
Sending message: 427
Sent message: 7#427#
Sending message: 428
Sent message: 7#428#
Sending message: 429
Sent message: 7#429#
Sending message: 430
Sent message: 7#430#
Sending message: 431
Sent message: 7#431#
Sending message: 432
Sent message: 7#432#
Sending message: 433
Sent message: 7#433#
Sending message: 434
Sent message: 7#434#
Sending message: 435
Sent message: 7#435#
Sending message: 436
Sent message: 7#436#
Sending message: 437
Sent message: 7#437#
Sending message: 438
Sent message: 7#438#
Sending message: 439
Sent message: 7#439#
Sending message: 440
Sent message: 7#440#
Sending message: 441
Sent message: 7#441#
Sending message: 442
Sent message: 7#442#
Sending message: 443
Sent message: 7#443#
Sending message: 444
Sent message: 7#444#
Sending message: 445
Sent message: 7#445#
Sending message: 446
Sent message: 7#446#
Sending message: 447
Sent message: 7#447#
Sending message: 448
Sent message: 7#448#
Sending message: 449
Sent message: 7#449#
Sending message: 450
Sent message: 7#450#
Sending message: 451
Sent message: 7#451#
Sending message: 452
Sent message: 7#452#
Sending message: 453
Sent message: 7#453#
Sending message: 454
Sent message: 7#454#
Sending message: 455
Sent message: 7#455#
Sending message: 456
Sent message: 7#456#
Sending message: 457
Sent message: 7#457#
Sending message: 458
Sent message: 7#458#
Sending message: 459
Sent message: 7#459#
Sending message: 460
Sent message: 7#460#
Sending message: 461
Sent message: 7#461#
Sending message: 462
Sent message: 7#462#
Sending message: 463
Sent message: 7#463#
Sending message: 464
Sent message: 7#464#
Sending message: 465
Sent message: 7#465#
Sending message: 466
Sent message: 7#466#
Sending message: 467
Sent message: 7#467#
Sending message: 468
Sent message: 7#468#
Sending message: 469
Sent message: 7#469#
Sending message: 470
Sent message: 7#470#
Sending message: 471
Sent message: 7#471#
Sending message: 472
Sent message: 7#472#
Sending message: 473
Sent message: 7#473#
Sending message: 474
Sent message: 7#474#
Sending message: 475
Sent message: 7#475#
Sending message: 476
Sent message: 7#476#
Sending message: 477
Sent message: 7#477#
Sending message: 478
Sent message: 7#478#
Sending message: 479
Sent message: 7#479#
Sending message: 480
Sent message: 7#480#
Sending message: 481
Sent message: 7#481#
Sending message: 482
Sent message: 7#482#
Sending message: 483
Sent message: 7#483#
Sending message: 484
Sent message: 7#484#
Sending message: 485
Sent message: 7#485#
Sending message: 486
Sent message: 7#486#
Sending message: 487
Sent message: 7#487#
Sending message: 488
Sent message: 7#488#
Sending message: 489
Sent message: 7#489#
Sending message: 490
Sent message: 7#490#
Sending message: 491
Sent message: 7#491#
Sending message: 492
Sent message: 7#492#
Sending message: 493
Sent message: 7#493#
Sending message: 494
Sent message: 7#494#
Sending message: 495
Sent message: 7#495#
Sending message: 496
Sent message: 7#496#
Sending message: 497
Sent message: 7#497#
Sending message: 498
Sent message: 7#498#
Sending message: 499
Sent message: 7#499#
Sending message: 500
Sent message: 7#500#
Sending message: 501
Sent message: 7#501#
Sending message: 502
Sent message: 7#502#
Sending message: 503
Sent message: 7#503#
Sending message: 504
Sent message: 7#504#
Sending message: 505
Sent message: 7#505#
Sending message: 506
Sent message: 7#506#
Sending message: 507
Sent message: 7#507#
Sending message: 508
Sent message: 7#508#
Sending message: 509
Sent message: 7#509#
Sending message: 510
Sent message: 7#510#
Sending message: 511
Sent message: 7#511#
Sending message: 512
Sent message: 7#512#
Sending message: 513
Sent message: 7#513#
Sending message: 514
Sent message: 7#514#
Sending message: 515
Sent message: 7#515#
Sending message: 516
Sent message: 7#516#
Sending message: 517
Sent message: 7#517#
Sending message: 518
Sent message: 7#518#
Sending message: 519
Sent message: 7#519#
Sending message: 520
Sent message: 7#520#
Sending message: 521
Sent message: 7#521#
Sending message: 522
Sent message: 7#522#
Sending message: 523
Sent message: 7#523#
Sending message: 524
Sent message: 7#524#
Sending message: 525
Sent message: 7#525#
Sending message: 526
Sent message: 7#526#
Sending message: 527
Sent message: 7#527#
Sending message: 528
Sent message: 7#528#
Sending message: 529
Sent message: 7#529#
Sending message: 530
Sent message: 7#530#
Sending message: 531
Sent message: 7#531#
Sending message: 532
Sent message: 7#532#
Sending message: 533
Sent message: 7#533#
Sending message: 534
Sent message: 7#534#
Sending message: 535
Sent message: 7#535#
Sending message: 536
Sent message: 7#536#
Sending message: 537
Sent message: 7#537#
Sending message: 538
Sent message: 7#538#
Sending message: 539
Sent message: 7#539#
Sending message: 540
Sent message: 7#540#
Sending message: 541
Sent message: 7#541#
Sending message: 542
Sent message: 7#542#
Sending message: 543
Sent message: 7#543#
Sending message: 544
Sent message: 7#544#
Sending message: 545
Sent message: 7#545#
Sending message: 546
Sent message: 7#546#
Sending message: 547
Sent message: 7#547#
Sending message: 548
Sent message: 7#548#
Sending message: 549
Sent message: 7#549#
Sending message: 550
Sent message: 7#550#
Sending message: 551
Sent message: 7#551#
Sending message: 552
Sent message: 7#552#
Sending message: 553
Sent message: 7#553#
Sending message: 554
Sent message: 7#554#
Sending message: 555
Sent message: 7#555#
Sending message: 556
Sent message: 7#556#
Sending message: 557
Sent message: 7#557#
Sending message: 558
Sent message: 7#558#
Sending message: 559
Sent message: 7#559#
Sending message: 560
Sent message: 7#560#
Sending message: 561
Sent message: 7#561#
Sending message: 562
Sent message: 7#562#
Sending message: 563
Sent message: 7#563#
Sending message: 564
Sent message: 7#564#
Sending message: 565
Sent message: 7#565#
Sending message: 566
Sent message: 7#566#
Sending message: 567
Sent message: 7#567#
Sending message: 568
Sent message: 7#568#
Sending message: 569
Sent message: 7#569#
Sending message: 570
Sent message: 7#570#
Sending message: 571
Sent message: 7#571#
Sending message: 572
Sent message: 7#572#
Sending message: 573
Sent message: 7#573#
Sending message: 574
Sent message: 7#574#
Sending message: 575
Sent message: 7#575#
Sending message: 576
Sent message: 7#576#
Sending message: 577
Sent message: 7#577#
Sending message: 578
Sent message: 7#578#
Sending message: 579
Sent message: 7#579#
Sending message: 580
Sent message: 7#580#
Sending message: 581
Sent message: 7#581#
Sending message: 582
Sent message: 7#582#
Sending message: 583
Sent message: 7#583#
Sending message: 584
Sent message: 7#584#
Sending message: 585
Sent message: 7#585#
Sending message: 586
Sent message: 7#586#
Sending message: 587
Sent message: 7#587#
Sending message: 588
Sent message: 7#588#
Sending message: 589
Sent message: 7#589#
Sending message: 590
Sent message: 7#590#
Sending message: 591
Sent message: 7#591#
Sending message: 592
Sent message: 7#592#
Sending message: 593
Sent message: 7#593#
Sending message: 594
Sent message: 7#594#
Sending message: 595
Sent message: 7#595#
Sending message: 596
Sent message: 7#596#
Sending message: 597
Sent message: 7#597#
Sending message: 598
Sent message: 7#598#
Sending message: 599
Sent message: 7#599#
Sending message: 600
Sent message: 7#600#
Sending message: 601
Sent message: 7#601#
Sending message: 602
Sent message: 7#602#
Sending message: 603
Sent message: 7#603#
Sending message: 604
Sent message: 7#604#
Sending message: 605
Sent message: 7#605#
Sending message: 606
Sent message: 7#606#
Sending message: 607
Sent message: 7#607#
Sending message: 608
Sent message: 7#608#
Sending message: 609
Sent message: 7#609#
Sending message: 610
Sent message: 7#610#
Sending message: 611
Sent message: 7#611#
Sending message: 612
Sent message: 7#612#
Sending message: 613
Sent message: 7#613#
Sending message: 614
Sent message: 7#614#
Sending message: 615
Sent message: 7#615#
Sending message: 616
Sent message: 7#616#
Sending message: 617
Sent message: 7#617#
Sending message: 618
Sent message: 7#618#
Sending message: 619
Sent message: 7#619#
Sending message: 620
Sent message: 7#620#
Sending message: 621
Sent message: 7#621#
Sending message: 622
Sent message: 7#622#
Sending message: 623
Sent message: 7#623#
Sending message: 624
Sent message: 7#624#
Sending message: 625
Sent message: 7#625#
Sending message: 626
Sent message: 7#626#
Sending message: 627
Sent message: 7#627#
Sending message: 628
Sent message: 7#628#
Sending message: 629
Sent message: 7#629#
Sending message: 630
Sent message: 7#630#
Sending message: 631
Sent message: 7#631#
Sending message: 632
Sent message: 7#632#
Sending message: 633
Sent message: 7#633#
Sending message: 634
Sent message: 7#634#
Sending message: 635
Sent message: 7#635#
Sending message: 636
Sent message: 7#636#
Sending message: 637
Sent message: 7#637#
Sending message: 638
Sent message: 7#638#
Sending message: 639
Sent message: 7#639#
Sending message: 640
Sent message: 7#640#
Sending message: 641
Sent message: 7#641#
Sending message: 642
Sent message: 7#642#
Sending message: 643
Sent message: 7#643#
Sending message: 644
Sent message: 7#644#
Sending message: 645
Sent message: 7#645#
Sending message: 646
Sent message: 7#646#
Sending message: 647
Sent message: 7#647#
Sending message: 648
Sent message: 7#648#
Sending message: 649
Sent message: 7#649#
Sending message: 650
Sent message: 7#650#
Sending message: 651
Sent message: 7#651#
Sending message: 652
Sent message: 7#652#
Sending message: 653
Sent message: 7#653#
Sending message: 654
Sent message: 7#654#
Sending message: 655
Sent message: 7#655#
Sending message: 656
Sent message: 7#656#
Sending message: 657
Sent message: 7#657#
Sending message: 658
Sent message: 7#658#
Sending message: 659
Sent message: 7#659#
Sending message: 660
Sent message: 7#660#
Sending message: 661
Sent message: 7#661#
Sending message: 662
Sent message: 7#662#
Sending message: 663
Sent message: 7#663#
Sending message: 664
Sent message: 7#664#
Sending message: 665
Sent message: 7#665#
Sending message: 666
Sent message: 7#666#
Sending message: 667
Sent message: 7#667#
Sending message: 668
Sent message: 7#668#
Sending message: 669
Sent message: 7#669#
Sending message: 670
Sent message: 7#670#
Sending message: 671
Sent message: 7#671#
Sending message: 672
Sent message: 7#672#
Sending message: 673
Sent message: 7#673#
Sending message: 674
Sent message: 7#674#
Sending message: 675
Sent message: 7#675#
Sending message: 676
Sent message: 7#676#
Sending message: 677
Sent message: 7#677#
Sending message: 678
Sent message: 7#678#
Sending message: 679
Sent message: 7#679#
Sending message: 680
Sent message: 7#680#
Sending message: 681
Sent message: 7#681#
Sending message: 682
Sent message: 7#682#
Sending message: 683
Sent message: 7#683#
Sending message: 684
Sent message: 7#684#
Sending message: 685
Sent message: 7#685#
Sending message: 686
Sent message: 7#686#
Sending message: 687
Sent message: 7#687#
Sending message: 688
Sent message: 7#688#
Sending message: 689
Sent message: 7#689#
Sending message: 690
Sent message: 7#690#
Sending message: 691
Sent message: 7#691#
Sending message: 692
Sent message: 7#692#
Sending message: 693
Sent message: 7#693#
Sending message: 694
Sent message: 7#694#
Sending message: 695
Sent message: 7#695#
Sending message: 696
Sent message: 7#696#
Sending message: 697
Sent message: 7#697#
Sending message: 698
Sent message: 7#698#
Sending message: 699
Sent message: 7#699#
Sending message: 700
Sent message: 7#700#
Sending message: 701
Sent message: 7#701#
Sending message: 702
Sent message: 7#702#
Sending message: 703
Sent message: 7#703#
Sending message: 704
Sent message: 7#704#
Sending message: 705
Sent message: 7#705#
Sending message: 706
Sent message: 7#706#
Sending message: 707
Sent message: 7#707#
Sending message: 708
Sent message: 7#708#
Sending message: 709
Sent message: 7#709#
Sending message: 710
Sent message: 7#710#
Sending message: 711
Sent message: 7#711#
Sending message: 712
Sent message: 7#712#
Sending message: 713
Sent message: 7#713#
Sending message: 714
Sent message: 7#714#
Sending message: 715
Sent message: 7#715#
Sending message: 716
Sent message: 7#716#
Sending message: 717
Sent message: 7#717#
Sending message: 718
Sent message: 7#718#
Sending message: 719
Sent message: 7#719#
Sending message: 720
Sent message: 7#720#
Sending message: 721
Sent message: 7#721#
Sending message: 722
Sent message: 7#722#
Sending message: 723
Sent message: 7#723#
Sending message: 724
Sent message: 7#724#
Sending message: 725
Sent message: 7#725#
Sending message: 726
Sent message: 7#726#
Sending message: 727
Sent message: 7#727#
Sending message: 728
Sent message: 7#728#
Sending message: 729
Sent message: 7#729#
Sending message: 730
Sent message: 7#730#
Sending message: 731
Sent message: 7#731#
Sending message: 732
Sent message: 7#732#
Sending message: 733
Sent message: 7#733#
Sending message: 734
Sent message: 7#734#
Sending message: 735
Sent message: 7#735#
Sending message: 736
Sent message: 7#736#
Sending message: 737
Sent message: 7#737#
Sending message: 738
Sent message: 7#738#
Sending message: 739
Sent message: 7#739#
Sending message: 740
Sent message: 7#740#
Sending message: 741
Sent message: 7#741#
Sending message: 742
Sent message: 7#742#
Sending message: 743
Sent message: 7#743#
Sending message: 744
Sent message: 7#744#
Sending message: 745
Sent message: 7#745#
Sending message: 746
Sent message: 7#746#
Sending message: 747
Sent message: 7#747#
Sending message: 748
Sent message: 7#748#
Sending message: 749
Sent message: 7#749#
Sending message: 750
Sent message: 7#750#
Sending message: 751
Sent message: 7#751#
Sending message: 752
Sent message: 7#752#
Sending message: 753
Sent message: 7#753#
Sending message: 754
Sent message: 7#754#
Sending message: 755
Sent message: 7#755#
Sending message: 756
Sent message: 7#756#
Sending message: 757
Sent message: 7#757#
Sending message: 758
Sent message: 7#758#
Sending message: 759
Sent message: 7#759#
Sending message: 760
Sent message: 7#760#
Sending message: 761
Sent message: 7#761#
Sending message: 762
Sent message: 7#762#
Sending message: 763
Sent message: 7#763#
Sending message: 764
Sent message: 7#764#
Sending message: 765
Sent message: 7#765#
Sending message: 766
Sent message: 7#766#
Sending message: 767
Sent message: 7#767#
Sending message: 768
Sent message: 7#768#
Sending message: 769
Sent message: 7#769#
Sending message: 770
Sent message: 7#770#
Sending message: 771
Sent message: 7#771#
Sending message: 772
Sent message: 7#772#
Sending message: 773
Sent message: 7#773#
Sending message: 774
Sent message: 7#774#
Sending message: 775
Sent message: 7#775#
Sending message: 776
Sent message: 7#776#
Sending message: 777
Sent message: 7#777#
Sending message: 778
Sent message: 7#778#
Sending message: 779
Sent message: 7#779#
Sending message: 780
Sent message: 7#780#
Sending message: 781
Sent message: 7#781#
Sending message: 782
Sent message: 7#782#
Sending message: 783
Sent message: 7#783#
Sending message: 784
Sent message: 7#784#
Sending message: 785
Sent message: 7#785#
Sending message: 786
Sent message: 7#786#
Sending message: 787
Sent message: 7#787#
Sending message: 788
Sent message: 7#788#
Sending message: 789
Sent message: 7#789#
Sending message: 790
Sent message: 7#790#
Sending message: 791
Sent message: 7#791#
Sending message: 792
Sent message: 7#792#
Sending message: 793
Sent message: 7#793#
Sending message: 794
Sent message: 7#794#
Sending message: 795
Sent message: 7#795#
Sending message: 796
Sent message: 7#796#
Sending message: 797
Sent message: 7#797#
Sending message: 798
Sent message: 7#798#
Sending message: 799
Sent message: 7#799#
Sending message: 800
Sent message: 7#800#
Sending message: 801
Sent message: 7#801#
Sending message: 802
Sent message: 7#802#
Sending message: 803
Sent message: 7#803#
Sending message: 804
Sent message: 7#804#
Sending message: 805
Sent message: 7#805#
Sending message: 806
Sent message: 7#806#
Sending message: 807
Sent message: 7#807#
Sending message: 808
Sent message: 7#808#
Sending message: 809
Sent message: 7#809#
Sending message: 810
Sent message: 7#810#
Sending message: 811
Sent message: 7#811#
Sending message: 812
Sent message: 7#812#
Sending message: 813
Sent message: 7#813#
Sending message: 814
Sent message: 7#814#
Sending message: 815
Sent message: 7#815#
Sending message: 816
Sent message: 7#816#
Sending message: 817
Sent message: 7#817#
Sending message: 818
Sent message: 7#818#
Sending message: 819
Sent message: 7#819#
Sending message: 820
Sent message: 7#820#
Sending message: 821
Sent message: 7#821#
Sending message: 822
Sent message: 7#822#
Sending message: 823
Sent message: 7#823#
Sending message: 824
Sent message: 7#824#
Sending message: 825
Sent message: 7#825#
Sending message: 826
Sent message: 7#826#
Sending message: 827
Sent message: 7#827#
Sending message: 828
Sent message: 7#828#
Sending message: 829
Sent message: 7#829#
Sending message: 830
Sent message: 7#830#
Sending message: 831
Sent message: 7#831#
Sending message: 832
Sent message: 7#832#
Sending message: 833
Sent message: 7#833#
Sending message: 834
Sent message: 7#834#
Sending message: 835
Sent message: 7#835#
Sending message: 836
Sent message: 7#836#
Sending message: 837
Sent message: 7#837#
Sending message: 838
Sent message: 7#838#
Sending message: 839
Sent message: 7#839#
Sending message: 840
Sent message: 7#840#
Sending message: 841
Sent message: 7#841#
Sending message: 842
Sent message: 7#842#
Sending message: 843
Sent message: 7#843#
Sending message: 844
Sent message: 7#844#
Sending message: 845
Sent message: 7#845#
Sending message: 846
Sent message: 7#846#
Sending message: 847
Sent message: 7#847#
Sending message: 848
Sent message: 7#848#
Sending message: 849
Sent message: 7#849#
Sending message: 850
Sent message: 7#850#
Sending message: 851
Sent message: 7#851#
Sending message: 852
Sent message: 7#852#
Sending message: 853
Sent message: 7#853#
Sending message: 854
Sent message: 7#854#
Sending message: 855
Sent message: 7#855#
Sending message: 856
Sent message: 7#856#
Sending message: 857
Sent message: 7#857#
Sending message: 858
Sent message: 7#858#
Sending message: 859
Sent message: 7#859#
Sending message: 860
Sent message: 7#860#
Sending message: 861
Sent message: 7#861#
Sending message: 862
Sent message: 7#862#
Sending message: 863
Sent message: 7#863#
Sending message: 864
Sent message: 7#864#
Sending message: 865
Sent message: 7#865#
Sending message: 866
Sent message: 7#866#
Sending message: 867
Sent message: 7#867#
Sending message: 868
Sent message: 7#868#
Sending message: 869
Sent message: 7#869#
Sending message: 870
Sent message: 7#870#
Sending message: 871
Sent message: 7#871#
Sending message: 872
Sent message: 7#872#
Sending message: 873
Sent message: 7#873#
Sending message: 874
Sent message: 7#874#
Sending message: 875
Sent message: 7#875#
Sending message: 876
Sent message: 7#876#
Sending message: 877
Sent message: 7#877#
Sending message: 878
Sent message: 7#878#
Sending message: 879
Sent message: 7#879#
Sending message: 880
Sent message: 7#880#
Sending message: 881
Sent message: 7#881#
Sending message: 882
Sent message: 7#882#
Sending message: 883
Sent message: 7#883#
Sending message: 884
Sent message: 7#884#
Sending message: 885
Sent message: 7#885#
Sending message: 886
Sent message: 7#886#
Sending message: 887
Sent message: 7#887#
Sending message: 888
Sent message: 7#888#
Sending message: 889
Sent message: 7#889#
Sending message: 890
Sent message: 7#890#
Sending message: 891
Sent message: 7#891#
Sending message: 892
Sent message: 7#892#
Sending message: 893
Sent message: 7#893#
Sending message: 894
Sent message: 7#894#
Sending message: 895
Sent message: 7#895#
Sending message: 896
Sent message: 7#896#
Sending message: 897
Sent message: 7#897#
Sending message: 898
Sent message: 7#898#
Sending message: 899
Sent message: 7#899#
Sending message: 900
Sent message: 7#900#
Sending message: 901
Sent message: 7#901#
Sending message: 902
Sent message: 7#902#
Sending message: 903
Sent message: 7#903#
Sending message: 904
Sent message: 7#904#
Sending message: 905
Sent message: 7#905#
Sending message: 906
Sent message: 7#906#
Sending message: 907
Sent message: 7#907#
Sending message: 908
Sent message: 7#908#
Sending message: 909
Sent message: 7#909#
Sending message: 910
Sent message: 7#910#
Sending message: 911
Sent message: 7#911#
Sending message: 912
Sent message: 7#912#
Sending message: 913
Sent message: 7#913#
Sending message: 914
Sent message: 7#914#
Sending message: 915
Sent message: 7#915#
Sending message: 916
Sent message: 7#916#
Sending message: 917
Sent message: 7#917#
Sending message: 918
Sent message: 7#918#
Sending message: 919
Sent message: 7#919#
Sending message: 920
Sent message: 7#920#
Sending message: 921
Sent message: 7#921#
Sending message: 922
Sent message: 7#922#
Sending message: 923
Sent message: 7#923#
Sending message: 924
Sent message: 7#924#
Sending message: 925
Sent message: 7#925#
Sending message: 926
Sent message: 7#926#
Sending message: 927
Sent message: 7#927#
Sending message: 928
Sent message: 7#928#
Sending message: 929
Sent message: 7#929#
Sending message: 930
Sent message: 7#930#
Sending message: 931
Sent message: 7#931#
Sending message: 932
Sent message: 7#932#
Sending message: 933
Sent message: 7#933#
Sending message: 934
Sent message: 7#934#
Sending message: 935
Sent message: 7#935#
Sending message: 936
Sent message: 7#936#
Sending message: 937
Sent message: 7#937#
Sending message: 938
Sent message: 7#938#
Sending message: 939
Sent message: 7#939#
Sending message: 940
Sent message: 7#940#
Sending message: 941
Sent message: 7#941#
Sending message: 942
Sent message: 7#942#
Sending message: 943
Sent message: 7#943#
Sending message: 944
Sent message: 7#944#
Sending message: 945
Sent message: 7#945#
Sending message: 946
Sent message: 7#946#
Sending message: 947
Sent message: 7#947#
Sending message: 948
Sent message: 7#948#
Sending message: 949
Sent message: 7#949#
Sending message: 950
Sent message: 7#950#
Sending message: 951
Sent message: 7#951#
Sending message: 952
Sent message: 7#952#
Sending message: 953
Sent message: 7#953#
Sending message: 954
Sent message: 7#954#
Sending message: 955
Sent message: 7#955#
Sending message: 956
Sent message: 7#956#
Sending message: 957
Sent message: 7#957#
Sending message: 958
Sent message: 7#958#
Sending message: 959
Sent message: 7#959#
Sending message: 960
Sent message: 7#960#
Sending message: 961
Sent message: 7#961#
Sending message: 962
Sent message: 7#962#
Sending message: 963
Sent message: 7#963#
Sending message: 964
Sent message: 7#964#
Sending message: 965
Sent message: 7#965#
Sending message: 966
Sent message: 7#966#
Sending message: 967
Sent message: 7#967#
Sending message: 968
Sent message: 7#968#
Sending message: 969
Sent message: 7#969#
Sending message: 970
Sent message: 7#970#
Sending message: 971
Sent message: 7#971#
Sending message: 972
Sent message: 7#972#
Sending message: 973
Sent message: 7#973#
Sending message: 974
Sent message: 7#974#
Sending message: 975
Sent message: 7#975#
Sending message: 976
Sent message: 7#976#
Sending message: 977
Sent message: 7#977#
Sending message: 978
Sent message: 7#978#
Sending message: 979
Sent message: 7#979#
Sending message: 980
Sent message: 7#980#
Sending message: 981
Sent message: 7#981#
Sending message: 982
Sent message: 7#982#
Sending message: 983
Sent message: 7#983#
Sending message: 984
Sent message: 7#984#
Sending message: 985
Sent message: 7#985#
Sending message: 986
Sent message: 7#986#
Sending message: 987
Sent message: 7#987#
Sending message: 988
Sent message: 7#988#
Sending message: 989
Sent message: 7#989#
Sending message: 990
Sent message: 7#990#
Sending message: 991
Sent message: 7#991#
Sending message: 992
Sent message: 7#992#
Sending message: 993
Sent message: 7#993#
Sending message: 994
Sent message: 7#994#
Sending message: 995
Sent message: 7#995#
Sending message: 996
Sent message: 7#996#
Sending message: 997
Sent message: 7#997#
Sending message: 998
Sent message: 7#998#
Sending message: 999
Sent message: 7#999#
Sending message: 1000
Sent message: 7#1000#
Sending message: 1001
Sent message: 7#1001#
Sending message: 1002
Sent message: 7#1002#
Sending message: 1003
Sent message: 7#1003#
Sending message: 1004
Sent message: 7#1004#
Sending message: 1005
Sent message: 7#1005#
Sending message: 1006
Sent message: 7#1006#
Sending message: 1007
Sent message: 7#1007#
Sending message: 1008
Sent message: 7#1008#
Sending message: 1009
Sent message: 7#1009#
Sending message: 1010
Sent message: 7#1010#
Sending message: 1011
Sent message: 7#1011#
Sending message: 1012
Sent message: 7#1012#
Sending message: 1013
Sent message: 7#1013#
Sending message: 1014
Sent message: 7#1014#
Sending message: 1015
Sent message: 7#1015#
Sending message: 1016
Sent message: 7#1016#
Sending message: 1017
Sent message: 7#1017#
Sending message: 1018
Sent message: 7#1018#
Sending message: 1019
Sent message: 7#1019#
Sending message: 1020
Sent message: 7#1020#
Sending message: 1021
Sent message: 7#1021#
Sending message: 1022
Sent message: 7#1022#
Sending message: 1023
Sent message: 7#1023#
Sending message: 1024
Sent message: 7#1024#
Sending message: 1025
Sent message: 7#1025#
Sending message: 1026
Sent message: 7#1026#
Sending message: 1027
Sent message: 7#1027#
Sending message: 1028
Sent message: 7#1028#
Sending message: 1029
Sent message: 7#1029#
Sending message: 1030
Sent message: 7#1030#
Sending message: 1031
Sent message: 7#1031#
Sending message: 1032
Sent message: 7#1032#
Sending message: 1033
Sent message: 7#1033#
Sending message: 1034
Sent message: 7#1034#
Sending message: 1035
Sent message: 7#1035#
Sending message: 1036
Sent message: 7#1036#
Sending message: 1037
Sent message: 7#1037#
Sending message: 1038
Sent message: 7#1038#
Sending message: 1039
Sent message: 7#1039#
Sending message: 1040
Sent message: 7#1040#
Sending message: 1041
Sent message: 7#1041#
Sending message: 1042
Sent message: 7#1042#
Sending message: 1043
Sent message: 7#1043#
Sending message: 1044
Sent message: 7#1044#
Sending message: 1045
Sent message: 7#1045#
Sending message: 1046
Sent message: 7#1046#
Sending message: 1047
Sent message: 7#1047#
Sending message: 1048
Sent message: 7#1048#
Sending message: 1049
Sent message: 7#1049#
Sending message: 1050
Sent message: 7#1050#
Sending message: 1051
Sent message: 7#1051#
Sending message: 1052
Sent message: 7#1052#
Sending message: 1053
Sent message: 7#1053#
Sending message: 1054
Sent message: 7#1054#
Sending message: 1055
Sent message: 7#1055#
Sending message: 1056
Sent message: 7#1056#
Sending message: 1057
Sent message: 7#1057#
Sending message: 1058
Sent message: 7#1058#
Sending message: 1059
Sent message: 7#1059#
Sending message: 1060
Sent message: 7#1060#
Sending message: 1061
Sent message: 7#1061#
Sending message: 1062
Sent message: 7#1062#
Sending message: 1063
Sent message: 7#1063#
Sending message: 1064
Sent message: 7#1064#
Sending message: 1065
Sent message: 7#1065#
Sending message: 1066
Sent message: 7#1066#
Sending message: 1067
Sent message: 7#1067#
Sending message: 1068
Sent message: 7#1068#
Sending message: 1069
Sent message: 7#1069#
Sending message: 1070
Sent message: 7#1070#
Sending message: 1071
Sent message: 7#1071#
Sending message: 1072
Sent message: 7#1072#
Sending message: 1073
Sent message: 7#1073#
Sending message: 1074
Sent message: 7#1074#
Sending message: 1075
Sent message: 7#1075#
Sending message: 1076
Sent message: 7#1076#
Sending message: 1077
Sent message: 7#1077#
Sending message: 1078
Sent message: 7#1078#
Sending message: 1079
Sent message: 7#1079#
Sending message: 1080
Sent message: 7#1080#
Sending message: 1081
Sent message: 7#1081#
Sending message: 1082
Sent message: 7#1082#
Sending message: 1083
Sent message: 7#1083#
Sending message: 1084
Sent message: 7#1084#
Sending message: 1085
Sent message: 7#1085#
Sending message: 1086
Sent message: 7#1086#
Sending message: 1087
Sent message: 7#1087#
Sending message: 1088
Sent message: 7#1088#
Sending message: 1089
Sent message: 7#1089#
Sending message: 1090
Sent message: 7#1090#
Sending message: 1091
Sent message: 7#1091#
Sending message: 1092
Sent message: 7#1092#
Sending message: 1093
Sent message: 7#1093#
Sending message: 1094
Sent message: 7#1094#
Sending message: 1095
Sent message: 7#1095#
Sending message: 1096
Sent message: 7#1096#
Sending message: 1097
Sent message: 7#1097#
Sending message: 1098
Sent message: 7#1098#
Sending message: 1099
Sent message: 7#1099#
Sending message: 1100
Sent message: 7#1100#
Sending message: 1101
Sent message: 7#1101#
Sending message: 1102
Sent message: 7#1102#
Sending message: 1103
Sent message: 7#1103#
Sending message: 1104
Sent message: 7#1104#
Sending message: 1105
Sent message: 7#1105#
Sending message: 1106
Sent message: 7#1106#
Sending message: 1107
Sent message: 7#1107#
Sending message: 1108
Sent message: 7#1108#
Sending message: 1109
Sent message: 7#1109#
Sending message: 1110
Sent message: 7#1110#
Sending message: 1111
Sent message: 7#1111#
Sending message: 1112
Sent message: 7#1112#
Sending message: 1113
Sent message: 7#1113#
Sending message: 1114
Sent message: 7#1114#
Sending message: 1115
Sent message: 7#1115#
Sending message: 1116
Sent message: 7#1116#
Sending message: 1117
Sent message: 7#1117#
Sending message: 1118
Sent message: 7#1118#
Sending message: 1119
Sent message: 7#1119#
Sending message: 1120
Sent message: 7#1120#
Sending message: 1121
Sent message: 7#1121#
Sending message: 1122
Sent message: 7#1122#
Sending message: 1123
Sent message: 7#1123#
Sending message: 1124
Sent message: 7#1124#
Sending message: 1125
Sent message: 7#1125#
Sending message: 1126
Sent message: 7#1126#
Sending message: 1127
Sent message: 7#1127#
Sending message: 1128
Sent message: 7#1128#
Sending message: 1129
Sent message: 7#1129#
Sending message: 1130
Sent message: 7#1130#
Sending message: 1131
Sent message: 7#1131#
Sending message: 1132
Sent message: 7#1132#
Sending message: 1133
Sent message: 7#1133#
Sending message: 1134
Sent message: 7#1134#
Sending message: 1135
Sent message: 7#1135#
Sending message: 1136
Sent message: 7#1136#
Sending message: 1137
Sent message: 7#1137#
Sending message: 1138
Sent message: 7#1138#
Sending message: 1139
Sent message: 7#1139#
Sending message: 1140
Sent message: 7#1140#
Sending message: 1141
Sent message: 7#1141#
Sending message: 1142
Sent message: 7#1142#
Sending message: 1143
Sent message: 7#1143#
Sending message: 1144
Sent message: 7#1144#
Sending message: 1145
Sent message: 7#1145#
Sending message: 1146
Sent message: 7#1146#
Sending message: 1147
Sent message: 7#1147#
Sending message: 1148
Sent message: 7#1148#
Sending message: 1149
Sent message: 7#1149#
Sending message: 1150
Sent message: 7#1150#
Sending message: 1151
Sent message: 7#1151#
Sending message: 1152
Sent message: 7#1152#
Sending message: 1153
Sent message: 7#1153#
Sending message: 1154
Sent message: 7#1154#
Sending message: 1155
Sent message: 7#1155#
Sending message: 1156
Sent message: 7#1156#
Sending message: 1157
Sent message: 7#1157#
Sending message: 1158
Sent message: 7#1158#
Sending message: 1159
Sent message: 7#1159#
Sending message: 1160
Sent message: 7#1160#
Sending message: 1161
Sent message: 7#1161#
Sending message: 1162
Sent message: 7#1162#
Sending message: 1163
Sent message: 7#1163#
Sending message: 1164
Sent message: 7#1164#
Sending message: 1165
Sent message: 7#1165#
Sending message: 1166
Sent message: 7#1166#
Sending message: 1167
Sent message: 7#1167#
Sending message: 1168
Sent message: 7#1168#
Sending message: 1169
Sent message: 7#1169#
Sending message: 1170
Sent message: 7#1170#
Sending message: 1171
Sent message: 7#1171#
Sending message: 1172
Sent message: 7#1172#
Sending message: 1173
Sent message: 7#1173#
Sending message: 1174
Sent message: 7#1174#
Sending message: 1175
Sent message: 7#1175#
Sending message: 1176
Sent message: 7#1176#
Sending message: 1177
Sent message: 7#1177#
Sending message: 1178
Sent message: 7#1178#
Sending message: 1179
Sent message: 7#1179#
Sending message: 1180
Sent message: 7#1180#
Sending message: 1181
Sent message: 7#1181#
Sending message: 1182
Sent message: 7#1182#
Sending message: 1183
Sent message: 7#1183#
Sending message: 1184
Sent message: 7#1184#
Sending message: 1185
Sent message: 7#1185#
Sending message: 1186
Sent message: 7#1186#
Sending message: 1187
Sent message: 7#1187#
Sending message: 1188
Sent message: 7#1188#
Sending message: 1189
Sent message: 7#1189#
Sending message: 1190
Sent message: 7#1190#
Sending message: 1191
Sent message: 7#1191#
Sending message: 1192
Sent message: 7#1192#
Sending message: 1193
Sent message: 7#1193#
Sending message: 1194
Sent message: 7#1194#
Sending message: 1195
Sent message: 7#1195#
Sending message: 1196
Sent message: 7#1196#
Sending message: 1197
Sent message: 7#1197#
Sending message: 1198
Sent message: 7#1198#
Sending message: 1199
Sent message: 7#1199#
Sending message: 1200
Sent message: 7#1200#
Sending message: 1201
Sent message: 7#1201#
Sending message: 1202
Sent message: 7#1202#
Sending message: 1203
Sent message: 7#1203#
Sending message: 1204
Sent message: 7#1204#
Sending message: 1205
Sent message: 7#1205#
Sending message: 1206
Sent message: 7#1206#
Sending message: 1207
Sent message: 7#1207#
Sending message: 1208
Sent message: 7#1208#
Sending message: 1209
Sent message: 7#1209#
Sending message: 1210
Sent message: 7#1210#
Sending message: 1211
Sent message: 7#1211#
Sending message: 1212
Sent message: 7#1212#
Sending message: 1213
Sent message: 7#1213#
Sending message: 1214
Sent message: 7#1214#
Sending message: 1215
Sent message: 7#1215#
Sending message: 1216
Sent message: 7#1216#
Sending message: 1217
Sent message: 7#1217#
Sending message: 1218
Sent message: 7#1218#
Sending message: 1219
Sent message: 7#1219#
Sending message: 1220
Sent message: 7#1220#
Sending message: 1221
Sent message: 7#1221#
Sending message: 1222
Sent message: 7#1222#
Sending message: 1223
Sent message: 7#1223#
Sending message: 1224
Sent message: 7#1224#
Sending message: 1225
Sent message: 7#1225#
Sending message: 1226
Sent message: 7#1226#
Sending message: 1227
Sent message: 7#1227#
Sending message: 1228
Sent message: 7#1228#
Sending message: 1229
Sent message: 7#1229#
Sending message: 1230
Sent message: 7#1230#
Sending message: 1231
Sent message: 7#1231#
Sending message: 1232
Sent message: 7#1232#
Sending message: 1233
Sent message: 7#1233#
Sending message: 1234
Sent message: 7#1234#
Sending message: 1235
Sent message: 7#1235#
Sending message: 1236
Sent message: 7#1236#
Sending message: 1237
Sent message: 7#1237#
Sending message: 1238
Sent message: 7#1238#
Sending message: 1239
Sent message: 7#1239#
Sending message: 1240
Sent message: 7#1240#
Sending message: 1241
Sent message: 7#1241#
Sending message: 1242
Sent message: 7#1242#
Sending message: 1243
Sent message: 7#1243#
Sending message: 1244
Sent message: 7#1244#
Sending message: 1245
Sent message: 7#1245#
Sending message: 1246
Sent message: 7#1246#
Sending message: 1247
Sent message: 7#1247#
Sending message: 1248
Sent message: 7#1248#
Sending message: 1249
Sent message: 7#1249#
Sending message: 1250
Sent message: 7#1250#
Sending message: 1251
Sent message: 7#1251#
Sending message: 1252
Sent message: 7#1252#
Sending message: 1253
Sent message: 7#1253#
Sending message: 1254
Sent message: 7#1254#
Sending message: 1255
Sent message: 7#1255#
Sending message: 1256
Sent message: 7#1256#
Sending message: 1257
Sent message: 7#1257#
Sending message: 1258
Sent message: 7#1258#
Sending message: 1259
Sent message: 7#1259#
Sending message: 1260
Sent message: 7#1260#
Sending message: 1261
Sent message: 7#1261#
Sending message: 1262
Sent message: 7#1262#
Sending message: 1263
Sent message: 7#1263#
Sending message: 1264
Sent message: 7#1264#
Sending message: 1265
Sent message: 7#1265#
Sending message: 1266
Sent message: 7#1266#
Sending message: 1267
Sent message: 7#1267#
Sending message: 1268
Sent message: 7#1268#
Sending message: 1269
Sent message: 7#1269#
Sending message: 1270
Sent message: 7#1270#
Sending message: 1271
Sent message: 7#1271#
Sending message: 1272
Sent message: 7#1272#
Sending message: 1273
Sent message: 7#1273#
Sending message: 1274
Sent message: 7#1274#
Sending message: 1275
Sent message: 7#1275#
Sending message: 1276
Sent message: 7#1276#
Sending message: 1277
Sent message: 7#1277#
Sending message: 1278
Sent message: 7#1278#
Sending message: 1279
Sent message: 7#1279#
Sending message: 1280
Sent message: 7#1280#
Sending message: 1281
Sent message: 7#1281#
Sending message: 1282
Sent message: 7#1282#
Sending message: 1283
Sent message: 7#1283#
Sending message: 1284
Sent message: 7#1284#
Sending message: 1285
Sent message: 7#1285#
Sending message: 1286
Sent message: 7#1286#
Sending message: 1287
Sent message: 7#1287#
Sending message: 1288
Sent message: 7#1288#
Sending message: 1289
Sent message: 7#1289#
Sending message: 1290
Sent message: 7#1290#
Sending message: 1291
Sent message: 7#1291#
Sending message: 1292
Sent message: 7#1292#
Sending message: 1293
Sent message: 7#1293#
Sending message: 1294
Sent message: 7#1294#
Sending message: 1295
Sent message: 7#1295#
Sending message: 1296
Sent message: 7#1296#
Sending message: 1297
Sent message: 7#1297#
Sending message: 1298
Sent message: 7#1298#
Sending message: 1299
Sent message: 7#1299#
Sending message: 1300
Sent message: 7#1300#
Sending message: 1301
Sent message: 7#1301#
Sending message: 1302
Sent message: 7#1302#
Sending message: 1303
Sent message: 7#1303#
Sending message: 1304
Sent message: 7#1304#
Sending message: 1305
Sent message: 7#1305#
Sending message: 1306
Sent message: 7#1306#
Sending message: 1307
Sent message: 7#1307#
Sending message: 1308
Sent message: 7#1308#
Sending message: 1309
Sent message: 7#1309#
Sending message: 1310
Sent message: 7#1310#
Sending message: 1311
Sent message: 7#1311#
Sending message: 1312
Sent message: 7#1312#
Sending message: 1313
Sent message: 7#1313#
Sending message: 1314
Sent message: 7#1314#
Sending message: 1315
Sent message: 7#1315#
Sending message: 1316
Sent message: 7#1316#
Sending message: 1317
Sent message: 7#1317#
Sending message: 1318
Sent message: 7#1318#
Sending message: 1319
Sent message: 7#1319#
Sending message: 1320
Sent message: 7#1320#
Sending message: 1321
Sent message: 7#1321#
Sending message: 1322
Sent message: 7#1322#
Sending message: 1323
Sent message: 7#1323#
Sending message: 1324
Sent message: 7#1324#
Sending message: 1325
Sent message: 7#1325#
Sending message: 1326
Sent message: 7#1326#
Sending message: 1327
Sent message: 7#1327#
Sending message: 1328
Sent message: 7#1328#
Sending message: 1329
Sent message: 7#1329#
Sending message: 1330
Sent message: 7#1330#
Sending message: 1331
Sent message: 7#1331#
Sending message: 1332
Sent message: 7#1332#
Sending message: 1333
Sent message: 7#1333#
Sending message: 1334
Sent message: 7#1334#
Sending message: 1335
Sent message: 7#1335#
Sending message: 1336
Sent message: 7#1336#
Sending message: 1337
Sent message: 7#1337#
Sending message: 1338
Sent message: 7#1338#
Sending message: 1339
Sent message: 7#1339#
Sending message: 1340
Sent message: 7#1340#
Sending message: 1341
Sent message: 7#1341#
Sending message: 1342
Sent message: 7#1342#
Sending message: 1343
Sent message: 7#1343#
Sending message: 1344
Sent message: 7#1344#
Sending message: 1345
Sent message: 7#1345#
Sending message: 1346
Sent message: 7#1346#
Sending message: 1347
Sent message: 7#1347#
Sending message: 1348
Sent message: 7#1348#
Sending message: 1349
Sent message: 7#1349#
Sending message: 1350
Sent message: 7#1350#
Sending message: 1351
Sent message: 7#1351#
Sending message: 1352
Sent message: 7#1352#
Sending message: 1353
Sent message: 7#1353#
Sending message: 1354
Sent message: 7#1354#
Sending message: 1355
Sent message: 7#1355#
Sending message: 1356
Sent message: 7#1356#
Sending message: 1357
Sent message: 7#1357#
Sending message: 1358
Sent message: 7#1358#
Sending message: 1359
Sent message: 7#1359#
Sending message: 1360
Sent message: 7#1360#
Sending message: 1361
Sent message: 7#1361#
Sending message: 1362
Sent message: 7#1362#
Sending message: 1363
Sent message: 7#1363#
Sending message: 1364
Sent message: 7#1364#
Sending message: 1365
Sent message: 7#1365#
Sending message: 1366
Sent message: 7#1366#
Sending message: 1367
Sent message: 7#1367#
Sending message: 1368
Sent message: 7#1368#
Sending message: 1369
Sent message: 7#1369#
Sending message: 1370
Sent message: 7#1370#
Sending message: 1371
Sent message: 7#1371#
Sending message: 1372
Sent message: 7#1372#
Sending message: 1373
Sent message: 7#1373#
Sending message: 1374
Sent message: 7#1374#
Sending message: 1375
Sent message: 7#1375#
Sending message: 1376
Sent message: 7#1376#
Sending message: 1377
Sent message: 7#1377#
Sending message: 1378
Sent message: 7#1378#
Sending message: 1379
Sent message: 7#1379#
Sending message: 1380
Sent message: 7#1380#
Sending message: 1381
Sent message: 7#1381#
Sending message: 1382
Sent message: 7#1382#
Sending message: 1383
Sent message: 7#1383#
Sending message: 1384
Sent message: 7#1384#
Sending message: 1385
Sent message: 7#1385#
Sending message: 1386
Sent message: 7#1386#
Sending message: 1387
Sent message: 7#1387#
Sending message: 1388
Sent message: 7#1388#
Sending message: 1389
Sent message: 7#1389#
Sending message: 1390
Sent message: 7#1390#
Sending message: 1391
Sent message: 7#1391#
Sending message: 1392
Sent message: 7#1392#
Sending message: 1393
Sent message: 7#1393#
Sending message: 1394
Sent message: 7#1394#
Sending message: 1395
Sent message: 7#1395#
Sending message: 1396
Sent message: 7#1396#
Sending message: 1397
Sent message: 7#1397#
Sending message: 1398
Sent message: 7#1398#
Sending message: 1399
Sent message: 7#1399#
Sending message: 1400
Sent message: 7#1400#
Sending message: 1401
Sent message: 7#1401#
Sending message: 1402
Sent message: 7#1402#
Sending message: 1403
Sent message: 7#1403#
Sending message: 1404
Sent message: 7#1404#
Sending message: 1405
Sent message: 7#1405#
Sending message: 1406
Sent message: 7#1406#
Sending message: 1407
Sent message: 7#1407#
Sending message: 1408
Sent message: 7#1408#
Sending message: 1409
Sent message: 7#1409#
Sending message: 1410
Sent message: 7#1410#
Sending message: 1411
Sent message: 7#1411#
Sending message: 1412
Sent message: 7#1412#
Sending message: 1413
Sent message: 7#1413#
Sending message: 1414
Sent message: 7#1414#
Sending message: 1415
Sent message: 7#1415#
Sending message: 1416
Sent message: 7#1416#
Sending message: 1417
Sent message: 7#1417#
Sending message: 1418
Sent message: 7#1418#
Sending message: 1419
Sent message: 7#1419#
Sending message: 1420
Sent message: 7#1420#
Sending message: 1421
Sent message: 7#1421#
Sending message: 1422
Sent message: 7#1422#
Sending message: 1423
Sent message: 7#1423#
Sending message: 1424
Sent message: 7#1424#
Sending message: 1425
Sent message: 7#1425#
Sending message: 1426
Sent message: 7#1426#
Sending message: 1427
Sent message: 7#1427#
Sending message: 1428
Sent message: 7#1428#
Sending message: 1429
Sent message: 7#1429#
Sending message: 1430
Sent message: 7#1430#
Sending message: 1431
Sent message: 7#1431#
Sending message: 1432
Sent message: 7#1432#
Sending message: 1433
Sent message: 7#1433#
Sending message: 1434
Sent message: 7#1434#
Sending message: 1435
Sent message: 7#1435#
Sending message: 1436
Sent message: 7#1436#
Sending message: 1437
Sent message: 7#1437#
Sending message: 1438
Sent message: 7#1438#
Sending message: 1439
Sent message: 7#1439#
Sending message: 1440
Sent message: 7#1440#
Sending message: 1441
Sent message: 7#1441#
Sending message: 1442
Sent message: 7#1442#
Sending message: 1443
Sent message: 7#1443#
Sending message: 1444
Sent message: 7#1444#
Sending message: 1445
Sent message: 7#1445#
Sending message: 1446
Sent message: 7#1446#
Sending message: 1447
Sent message: 7#1447#
Sending message: 1448
Sent message: 7#1448#
Sending message: 1449
Sent message: 7#1449#
Sending message: 1450
Sent message: 7#1450#
Sending message: 1451
Sent message: 7#1451#
Sending message: 1452
Sent message: 7#1452#
Sending message: 1453
Sent message: 7#1453#
Sending message: 1454
Sent message: 7#1454#
Sending message: 1455
Sent message: 7#1455#
Sending message: 1456
Sent message: 7#1456#
Sending message: 1457
Sent message: 7#1457#
Sending message: 1458
Sent message: 7#1458#
Sending message: 1459
Sent message: 7#1459#
Sending message: 1460
Sent message: 7#1460#
Sending message: 1461
Sent message: 7#1461#
Sending message: 1462
Sent message: 7#1462#
Sending message: 1463
Sent message: 7#1463#
Sending message: 1464
Sent message: 7#1464#
Sending message: 1465
Sent message: 7#1465#
Sending message: 1466
Sent message: 7#1466#
Sending message: 1467
Sent message: 7#1467#
Sending message: 1468
Sent message: 7#1468#
Sending message: 1469
Sent message: 7#1469#
Sending message: 1470
Sent message: 7#1470#
Sending message: 1471
Sent message: 7#1471#
Sending message: 1472
Sent message: 7#1472#
Sending message: 1473
Sent message: 7#1473#
Sending message: 1474
Sent message: 7#1474#
Sending message: 1475
Sent message: 7#1475#
Sending message: 1476
Sent message: 7#1476#
Sending message: 1477
Sent message: 7#1477#
Sending message: 1478
Sent message: 7#1478#
Sending message: 1479
Sent message: 7#1479#
Sending message: 1480
Sent message: 7#1480#
Sending message: 1481
Sent message: 7#1481#
Sending message: 1482
Sent message: 7#1482#
Sending message: 1483
Sent message: 7#1483#
Sending message: 1484
Sent message: 7#1484#
Sending message: 1485
Sent message: 7#1485#
Sending message: 1486
Sent message: 7#1486#
Sending message: 1487
Sent message: 7#1487#
Sending message: 1488
Sent message: 7#1488#
Sending message: 1489
Sent message: 7#1489#
Sending message: 1490
Sent message: 7#1490#
Sending message: 1491
Sent message: 7#1491#
Sending message: 1492
Sent message: 7#1492#
Sending message: 1493
Sent message: 7#1493#
Sending message: 1494
Sent message: 7#1494#
Sending message: 1495
Sent message: 7#1495#
Sending message: 1496
Sent message: 7#1496#
Sending message: 1497
Sent message: 7#1497#
Sending message: 1498
Sent message: 7#1498#
Sending message: 1499
Sent message: 7#1499#
Sending message: 1500
Sent message: 7#1500#
Sending message: 1501
Sent message: 7#1501#
Sending message: 1502
Sent message: 7#1502#
Sending message: 1503
Sent message: 7#1503#
Sending message: 1504
Sent message: 7#1504#
Sending message: 1505
Sent message: 7#1505#
Sending message: 1506
Sent message: 7#1506#
Sending message: 1507
Sent message: 7#1507#
Sending message: 1508
Sent message: 7#1508#
Sending message: 1509
Sent message: 7#1509#
Sending message: 1510
Sent message: 7#1510#
Sending message: 1511
Sent message: 7#1511#
Sending message: 1512
Sent message: 7#1512#
Sending message: 1513
Sent message: 7#1513#
Sending message: 1514
Sent message: 7#1514#
Sending message: 1515
Sent message: 7#1515#
Sending message: 1516
Sent message: 7#1516#
Sending message: 1517
Sent message: 7#1517#
Sending message: 1518
Sent message: 7#1518#
Sending message: 1519
Sent message: 7#1519#
Sending message: 1520
Sent message: 7#1520#
Sending message: 1521
Sent message: 7#1521#
Sending message: 1522
Sent message: 7#1522#
Sending message: 1523
Sent message: 7#1523#
Sending message: 1524
Sent message: 7#1524#
Sending message: 1525
Sent message: 7#1525#
Sending message: 1526
Sent message: 7#1526#
Sending message: 1527
Sent message: 7#1527#
Sending message: 1528
Sent message: 7#1528#
Sending message: 1529
Sent message: 7#1529#
Sending message: 1530
Sent message: 7#1530#
Sending message: 1531
Sent message: 7#1531#
Sending message: 1532
Sent message: 7#1532#
Sending message: 1533
Sent message: 7#1533#
Sending message: 1534
Sent message: 7#1534#
Sending message: 1535
Sent message: 7#1535#
Sending message: 1536
Sent message: 7#1536#
Sending message: 1537
Sent message: 7#1537#
Sending message: 1538
Sent message: 7#1538#
Sending message: 1539
Sent message: 7#1539#
Sending message: 1540
Sent message: 7#1540#
Sending message: 1541
Sent message: 7#1541#
Sending message: 1542
Sent message: 7#1542#
Sending message: 1543
Sent message: 7#1543#
Sending message: 1544
Sent message: 7#1544#
Sending message: 1545
Sent message: 7#1545#
Sending message: 1546
Sent message: 7#1546#
Sending message: 1547
Sent message: 7#1547#
Sending message: 1548
Sent message: 7#1548#
Sending message: 1549
Sent message: 7#1549#
Sending message: 1550
Sent message: 7#1550#
Sending message: 1551
Sent message: 7#1551#
Sending message: 1552
Sent message: 7#1552#
Sending message: 1553
Sent message: 7#1553#
Sending message: 1554
Sent message: 7#1554#
Sending message: 1555
Sent message: 7#1555#
Sending message: 1556
Sent message: 7#1556#
Sending message: 1557
Sent message: 7#1557#
Sending message: 1558
Sent message: 7#1558#
Sending message: 1559
Sent message: 7#1559#
Sending message: 1560
Sent message: 7#1560#
Sending message: 1561
Sent message: 7#1561#
Sending message: 1562
Sent message: 7#1562#
Sending message: 1563
Sent message: 7#1563#
Sending message: 1564
Sent message: 7#1564#
Sending message: 1565
Sent message: 7#1565#
Sending message: 1566
Sent message: 7#1566#
Sending message: 1567
Sent message: 7#1567#
Sending message: 1568
Sent message: 7#1568#
Sending message: 1569
Sent message: 7#1569#
Sending message: 1570
Sent message: 7#1570#
Sending message: 1571
Sent message: 7#1571#
Sending message: 1572
Sent message: 7#1572#
Sending message: 1573
Sent message: 7#1573#
Sending message: 1574
Sent message: 7#1574#
Sending message: 1575
Sent message: 7#1575#
Sending message: 1576
Sent message: 7#1576#
Sending message: 1577
Sent message: 7#1577#
Sending message: 1578
Sent message: 7#1578#
Sending message: 1579
Sent message: 7#1579#
Sending message: 1580
Sent message: 7#1580#
Sending message: 1581
Sent message: 7#1581#
Sending message: 1582
Sent message: 7#1582#
Sending message: 1583
Sent message: 7#1583#
Sending message: 1584
Sent message: 7#1584#
Sending message: 1585
Sent message: 7#1585#
Sending message: 1586
Sent message: 7#1586#
Sending message: 1587
Sent message: 7#1587#
Sending message: 1588
Sent message: 7#1588#
Sending message: 1589
Sent message: 7#1589#
Sending message: 1590
Sent message: 7#1590#
Sending message: 1591
Sent message: 7#1591#
Sending message: 1592
Sent message: 7#1592#
Sending message: 1593
Sent message: 7#1593#
Sending message: 1594
Sent message: 7#1594#
Sending message: 1595
Sent message: 7#1595#
Sending message: 1596
Sent message: 7#1596#
Sending message: 1597
Sent message: 7#1597#
Sending message: 1598
Sent message: 7#1598#
Sending message: 1599
Sent message: 7#1599#
Sending message: 1600
Sent message: 7#1600#
Sending message: 1601
Sent message: 7#1601#
Sending message: 1602
Sent message: 7#1602#
Sending message: 1603
Sent message: 7#1603#
Sending message: 1604
Sent message: 7#1604#
Sending message: 1605
Sent message: 7#1605#
Sending message: 1606
Sent message: 7#1606#
Sending message: 1607
Sent message: 7#1607#
Sending message: 1608
Sent message: 7#1608#
Sending message: 1609
Sent message: 7#1609#
Sending message: 1610
Sent message: 7#1610#
Sending message: 1611
Sent message: 7#1611#
Sending message: 1612
Sent message: 7#1612#
Sending message: 1613
Sent message: 7#1613#
Sending message: 1614
Sent message: 7#1614#
Sending message: 1615
Sent message: 7#1615#
Sending message: 1616
Sent message: 7#1616#
Sending message: 1617
Sent message: 7#1617#
Sending message: 1618
Sent message: 7#1618#
Sending message: 1619
Sent message: 7#1619#
Sending message: 1620
Sent message: 7#1620#
Sending message: 1621
Sent message: 7#1621#
Sending message: 1622
Sent message: 7#1622#
Sending message: 1623
Sent message: 7#1623#
Sending message: 1624
Sent message: 7#1624#
Sending message: 1625
Sent message: 7#1625#
Sending message: 1626
Sent message: 7#1626#
Sending message: 1627
Sent message: 7#1627#
Sending message: 1628
Sent message: 7#1628#
Sending message: 1629
Sent message: 7#1629#
Sending message: 1630
Sent message: 7#1630#
Sending message: 1631
Sent message: 7#1631#
Sending message: 1632
Sent message: 7#1632#
Sending message: 1633
Sent message: 7#1633#
Sending message: 1634
Sent message: 7#1634#
Sending message: 1635
Sent message: 7#1635#
Sending message: 1636
Sent message: 7#1636#
Sending message: 1637
Sent message: 7#1637#
Sending message: 1638
Sent message: 7#1638#
Sending message: 1639
Sent message: 7#1639#
Sending message: 1640
Sent message: 7#1640#
Sending message: 1641
Sent message: 7#1641#
Sending message: 1642
Sent message: 7#1642#
Sending message: 1643
Sent message: 7#1643#
Sending message: 1644
Sent message: 7#1644#
Sending message: 1645
Sent message: 7#1645#
Sending message: 1646
Sent message: 7#1646#
Sending message: 1647
Sent message: 7#1647#
Sending message: 1648
Sent message: 7#1648#
Sending message: 1649
Sent message: 7#1649#
Sending message: 1650
Sent message: 7#1650#
Sending message: 1651
Sent message: 7#1651#
Sending message: 1652
Sent message: 7#1652#
Sending message: 1653
Sent message: 7#1653#
Sending message: 1654
Sent message: 7#1654#
Sending message: 1655
Sent message: 7#1655#
Sending message: 1656
Sent message: 7#1656#
Sending message: 1657
Sent message: 7#1657#
Sending message: 1658
Sent message: 7#1658#
Sending message: 1659
Sent message: 7#1659#
Sending message: 1660
Sent message: 7#1660#
Sending message: 1661
Sent message: 7#1661#
Sending message: 1662
Sent message: 7#1662#
Sending message: 1663
Sent message: 7#1663#
Sending message: 1664
Sent message: 7#1664#
Sending message: 1665
Sent message: 7#1665#
Sending message: 1666
Sent message: 7#1666#
Sending message: 1667
Sent message: 7#1667#
Sending message: 1668
Sent message: 7#1668#
Sending message: 1669
Sent message: 7#1669#
Sending message: 1670
Sent message: 7#1670#
Sending message: 1671
Sent message: 7#1671#
Sending message: 1672
Sent message: 7#1672#
Sending message: 1673
Sent message: 7#1673#
Sending message: 1674
Sent message: 7#1674#
Sending message: 1675
Sent message: 7#1675#
Sending message: 1676
Sent message: 7#1676#
Sending message: 1677
Sent message: 7#1677#
Sending message: 1678
Sent message: 7#1678#
Sending message: 1679
Sent message: 7#1679#
Sending message: 1680
Sent message: 7#1680#
Sending message: 1681
Sent message: 7#1681#
Sending message: 1682
Sent message: 7#1682#
Sending message: 1683
Sent message: 7#1683#
Sending message: 1684
Sent message: 7#1684#
Sending message: 1685
Sent message: 7#1685#
Sending message: 1686
Sent message: 7#1686#
Sending message: 1687
Sent message: 7#1687#
Sending message: 1688
Sent message: 7#1688#
Sending message: 1689
Sent message: 7#1689#
Sending message: 1690
Sent message: 7#1690#
Sending message: 1691
Sent message: 7#1691#
Sending message: 1692
Sent message: 7#1692#
Sending message: 1693
Sent message: 7#1693#
Sending message: 1694
Sent message: 7#1694#
Sending message: 1695
Sent message: 7#1695#
Sending message: 1696
Sent message: 7#1696#
Sending message: 1697
Sent message: 7#1697#
Sending message: 1698
Sent message: 7#1698#
Sending message: 1699
Sent message: 7#1699#
Sending message: 1700
Sent message: 7#1700#
Sending message: 1701
Sent message: 7#1701#
Sending message: 1702
Sent message: 7#1702#
Sending message: 1703
Sent message: 7#1703#
Sending message: 1704
Sent message: 7#1704#
Sending message: 1705
Sent message: 7#1705#
Sending message: 1706
Sent message: 7#1706#
Sending message: 1707
Sent message: 7#1707#
Sending message: 1708
Sent message: 7#1708#
Sending message: 1709
Sent message: 7#1709#
Sending message: 1710
Sent message: 7#1710#
Sending message: 1711
Sent message: 7#1711#
Sending message: 1712
Sent message: 7#1712#
Sending message: 1713
Sent message: 7#1713#
Sending message: 1714
Sent message: 7#1714#
Sending message: 1715
Sent message: 7#1715#
Sending message: 1716
Sent message: 7#1716#
Sending message: 1717
Sent message: 7#1717#
Sending message: 1718
Sent message: 7#1718#
Sending message: 1719
Sent message: 7#1719#
Sending message: 1720
Sent message: 7#1720#
Sending message: 1721
Sent message: 7#1721#
Sending message: 1722
Sent message: 7#1722#
Sending message: 1723
Sent message: 7#1723#
Sending message: 1724
Sent message: 7#1724#
Sending message: 1725
Sent message: 7#1725#
Sending message: 1726
Sent message: 7#1726#
Sending message: 1727
Sent message: 7#1727#
Sending message: 1728
Sent message: 7#1728#
Sending message: 1729
Sent message: 7#1729#
Sending message: 1730
Sent message: 7#1730#
Sending message: 1731
Sent message: 7#1731#
Sending message: 1732
Sent message: 7#1732#
Sending message: 1733
Sent message: 7#1733#
Sending message: 1734
Sent message: 7#1734#
Sending message: 1735
Sent message: 7#1735#
Sending message: 1736
Sent message: 7#1736#
Sending message: 1737
Sent message: 7#1737#
Sending message: 1738
Sent message: 7#1738#
Sending message: 1739
Sent message: 7#1739#
Sending message: 1740
Sent message: 7#1740#
Sending message: 1741
Sent message: 7#1741#
Sending message: 1742
Sent message: 7#1742#
Sending message: 1743
Sent message: 7#1743#
Sending message: 1744
Sent message: 7#1744#
Sending message: 1745
Sent message: 7#1745#
Sending message: 1746
Sent message: 7#1746#
Sending message: 1747
Sent message: 7#1747#
Sending message: 1748
Sent message: 7#1748#
Sending message: 1749
Sent message: 7#1749#
Sending message: 1750
Sent message: 7#1750#
Sending message: 1751
Sent message: 7#1751#
Sending message: 1752
Sent message: 7#1752#
Sending message: 1753
Sent message: 7#1753#
Sending message: 1754
Sent message: 7#1754#
Sending message: 1755
Sent message: 7#1755#
Sending message: 1756
Sent message: 7#1756#
Sending message: 1757
Sent message: 7#1757#
Sending message: 1758
Sent message: 7#1758#
Sending message: 1759
Sent message: 7#1759#
Sending message: 1760
Sent message: 7#1760#
Sending message: 1761
Sent message: 7#1761#
Sending message: 1762
Sent message: 7#1762#
Sending message: 1763
Sent message: 7#1763#
Sending message: 1764
Sent message: 7#1764#
Sending message: 1765
Sent message: 7#1765#
Sending message: 1766
Sent message: 7#1766#
Sending message: 1767
Sent message: 7#1767#
Sending message: 1768
Sent message: 7#1768#
Sending message: 1769
Sent message: 7#1769#
Sending message: 1770
Sent message: 7#1770#
Sending message: 1771
Sent message: 7#1771#
Sending message: 1772
Sent message: 7#1772#
Sending message: 1773
Sent message: 7#1773#
Sending message: 1774
Sent message: 7#1774#
Sending message: 1775
Sent message: 7#1775#
Sending message: 1776
Sent message: 7#1776#
Sending message: 1777
Sent message: 7#1777#
Sending message: 1778
Sent message: 7#1778#
Sending message: 1779
Sent message: 7#1779#
Sending message: 1780
Sent message: 7#1780#
Sending message: 1781
Sent message: 7#1781#
Sending message: 1782
Sent message: 7#1782#
Sending message: 1783
Sent message: 7#1783#
Sending message: 1784
Sent message: 7#1784#
Sending message: 1785
Sent message: 7#1785#
Sending message: 1786
Sent message: 7#1786#
Sending message: 1787
Sent message: 7#1787#
Sending message: 1788
Sent message: 7#1788#
Sending message: 1789
Sent message: 7#1789#
Sending message: 1790
Sent message: 7#1790#
Sending message: 1791
Sent message: 7#1791#
Sending message: 1792
Sent message: 7#1792#
Sending message: 1793
Sent message: 7#1793#
Sending message: 1794
Sent message: 7#1794#
Sending message: 1795
Sent message: 7#1795#
Sending message: 1796
Sent message: 7#1796#
Sending message: 1797
Sent message: 7#1797#
Sending message: 1798
Sent message: 7#1798#
Sending message: 1799
Sent message: 7#1799#
Sending message: 1800
Sent message: 7#1800#
Sending message: 1801
Sent message: 7#1801#
Sending message: 1802
Sent message: 7#1802#
Sending message: 1803
Sent message: 7#1803#
Sending message: 1804
Sent message: 7#1804#
Sending message: 1805
Sent message: 7#1805#
Sending message: 1806
Sent message: 7#1806#
Sending message: 1807
Sent message: 7#1807#
Sending message: 1808
Sent message: 7#1808#
Sending message: 1809
Sent message: 7#1809#
Sending message: 1810
Sent message: 7#1810#
Sending message: 1811
Sent message: 7#1811#
Sending message: 1812
Sent message: 7#1812#
Sending message: 1813
Sent message: 7#1813#
Sending message: 1814
Sent message: 7#1814#
Sending message: 1815
Sent message: 7#1815#
Sending message: 1816
Sent message: 7#1816#
Sending message: 1817
Sent message: 7#1817#
Sending message: 1818
Sent message: 7#1818#
Sending message: 1819
Sent message: 7#1819#
Sending message: 1820
Sent message: 7#1820#
Sending message: 1821
Sent message: 7#1821#
Sending message: 1822
Sent message: 7#1822#
Sending message: 1823
Sent message: 7#1823#
Sending message: 1824
Sent message: 7#1824#
Sending message: 1825
Sent message: 7#1825#
Sending message: 1826
Sent message: 7#1826#
Sending message: 1827
Sent message: 7#1827#
Sending message: 1828
Sent message: 7#1828#
Sending message: 1829
Sent message: 7#1829#
Sending message: 1830
Sent message: 7#1830#
Sending message: 1831
Sent message: 7#1831#
Sending message: 1832
Sent message: 7#1832#
Sending message: 1833
Sent message: 7#1833#
Sending message: 1834
Sent message: 7#1834#
Sending message: 1835
Sent message: 7#1835#
Sending message: 1836
Sent message: 7#1836#
Sending message: 1837
Sent message: 7#1837#
Sending message: 1838
Sent message: 7#1838#
Sending message: 1839
Sent message: 7#1839#
Sending message: 1840
Sent message: 7#1840#
Sending message: 1841
Sent message: 7#1841#
Sending message: 1842
Sent message: 7#1842#
Sending message: 1843
Sent message: 7#1843#
Sending message: 1844
Sent message: 7#1844#
Sending message: 1845
Sent message: 7#1845#
Sending message: 1846
Sent message: 7#1846#
Sending message: 1847
Sent message: 7#1847#
Sending message: 1848
Sent message: 7#1848#
Sending message: 1849
Sent message: 7#1849#
Sending message: 1850
Sent message: 7#1850#
Sending message: 1851
Sent message: 7#1851#
Sending message: 1852
Sent message: 7#1852#
Sending message: 1853
Sent message: 7#1853#
Sending message: 1854
Sent message: 7#1854#
Sending message: 1855
Sent message: 7#1855#
Sending message: 1856
Sent message: 7#1856#
Sending message: 1857
Sent message: 7#1857#
Sending message: 1858
Sent message: 7#1858#
Sending message: 1859
Sent message: 7#1859#
Sending message: 1860
Sent message: 7#1860#
Sending message: 1861
Sent message: 7#1861#
Sending message: 1862
Sent message: 7#1862#
Sending message: 1863
Sent message: 7#1863#
Sending message: 1864
Sent message: 7#1864#
Sending message: 1865
Sent message: 7#1865#
Sending message: 1866
Sent message: 7#1866#
Sending message: 1867
Sent message: 7#1867#
Sending message: 1868
Sent message: 7#1868#
Sending message: 1869
Sent message: 7#1869#
Sending message: 1870
Sent message: 7#1870#
Sending message: 1871
Sent message: 7#1871#
Sending message: 1872
Sent message: 7#1872#
Sending message: 1873
Sent message: 7#1873#
Sending message: 1874
Sent message: 7#1874#
Sending message: 1875
Sent message: 7#1875#
Sending message: 1876
Sent message: 7#1876#
Sending message: 1877
Sent message: 7#1877#
Sending message: 1878
Sent message: 7#1878#
Sending message: 1879
Sent message: 7#1879#
Sending message: 1880
Sent message: 7#1880#
Sending message: 1881
Sent message: 7#1881#
Sending message: 1882
Sent message: 7#1882#
Sending message: 1883
Sent message: 7#1883#
Sending message: 1884
Sent message: 7#1884#
Sending message: 1885
Sent message: 7#1885#
Sending message: 1886
Sent message: 7#1886#
Sending message: 1887
Sent message: 7#1887#
Sending message: 1888
Sent message: 7#1888#
Sending message: 1889
Sent message: 7#1889#
Sending message: 1890
Sent message: 7#1890#
Sending message: 1891
Sent message: 7#1891#
Sending message: 1892
Sent message: 7#1892#
Sending message: 1893
Sent message: 7#1893#
Sending message: 1894
Sent message: 7#1894#
Sending message: 1895
Sent message: 7#1895#
Sending message: 1896
Sent message: 7#1896#
Sending message: 1897
Sent message: 7#1897#
Sending message: 1898
Sent message: 7#1898#
Sending message: 1899
Sent message: 7#1899#
Sending message: 1900
Sent message: 7#1900#
Sending message: 1901
Sent message: 7#1901#
Sending message: 1902
Sent message: 7#1902#
Sending message: 1903
Sent message: 7#1903#
Sending message: 1904
Sent message: 7#1904#
Sending message: 1905
Sent message: 7#1905#
Sending message: 1906
Sent message: 7#1906#
Sending message: 1907
Sent message: 7#1907#
Sending message: 1908
Sent message: 7#1908#
Sending message: 1909
Sent message: 7#1909#
Sending message: 1910
Sent message: 7#1910#
Sending message: 1911
Sent message: 7#1911#
Sending message: 1912
Sent message: 7#1912#
Sending message: 1913
Sent message: 7#1913#
Sending message: 1914
Sent message: 7#1914#
Sending message: 1915
Sent message: 7#1915#
Sending message: 1916
Sent message: 7#1916#
Sending message: 1917
Sent message: 7#1917#
Sending message: 1918
Sent message: 7#1918#
Sending message: 1919
Sent message: 7#1919#
Sending message: 1920
Sent message: 7#1920#
Sending message: 1921
Sent message: 7#1921#
Sending message: 1922
Sent message: 7#1922#
Sending message: 1923
Sent message: 7#1923#
Sending message: 1924
Sent message: 7#1924#
Sending message: 1925
Sent message: 7#1925#
Sending message: 1926
Sent message: 7#1926#
Sending message: 1927
Sent message: 7#1927#
Sending message: 1928
Sent message: 7#1928#
Sending message: 1929
Sent message: 7#1929#
Sending message: 1930
Sent message: 7#1930#
Sending message: 1931
Sent message: 7#1931#
Sending message: 1932
Sent message: 7#1932#
Sending message: 1933
Sent message: 7#1933#
Sending message: 1934
Sent message: 7#1934#
Sending message: 1935
Sent message: 7#1935#
Sending message: 1936
Sent message: 7#1936#
Sending message: 1937
Sent message: 7#1937#
Sending message: 1938
Sent message: 7#1938#
Sending message: 1939
Sent message: 7#1939#
Sending message: 1940
Sent message: 7#1940#
Sending message: 1941
Sent message: 7#1941#
Sending message: 1942
Sent message: 7#1942#
Sending message: 1943
Sent message: 7#1943#
Sending message: 1944
Sent message: 7#1944#
Sending message: 1945
Sent message: 7#1945#
Sending message: 1946
Sent message: 7#1946#
Sending message: 1947
Sent message: 7#1947#
Sending message: 1948
Sent message: 7#1948#
Sending message: 1949
Sent message: 7#1949#
Sending message: 1950
Sent message: 7#1950#
Sending message: 1951
Sent message: 7#1951#
Sending message: 1952
Sent message: 7#1952#
Sending message: 1953
Sent message: 7#1953#
Sending message: 1954
Sent message: 7#1954#
Sending message: 1955
Sent message: 7#1955#
Sending message: 1956
Sent message: 7#1956#
Sending message: 1957
Sent message: 7#1957#
Sending message: 1958
Sent message: 7#1958#
Sending message: 1959
Sent message: 7#1959#
Sending message: 1960
Sent message: 7#1960#
Sending message: 1961
Sent message: 7#1961#
Sending message: 1962
Sent message: 7#1962#
Sending message: 1963
Sent message: 7#1963#
Sending message: 1964
Sent message: 7#1964#
Sending message: 1965
Sent message: 7#1965#
Sending message: 1966
Sent message: 7#1966#
Sending message: 1967
Sent message: 7#1967#
Sending message: 1968
Sent message: 7#1968#
Sending message: 1969
Sent message: 7#1969#
Sending message: 1970
Sent message: 7#1970#
Sending message: 1971
Sent message: 7#1971#
Sending message: 1972
Sent message: 7#1972#
Sending message: 1973
Sent message: 7#1973#
Sending message: 1974
Sent message: 7#1974#
Sending message: 1975
Sent message: 7#1975#
Sending message: 1976
Sent message: 7#1976#
Sending message: 1977
Sent message: 7#1977#
Sending message: 1978
Sent message: 7#1978#
Sending message: 1979
Sent message: 7#1979#
Sending message: 1980
Sent message: 7#1980#
Sending message: 1981
Sent message: 7#1981#
Sending message: 1982
Sent message: 7#1982#
Sending message: 1983
Sent message: 7#1983#
Sending message: 1984
Sent message: 7#1984#
Sending message: 1985
Sent message: 7#1985#
Sending message: 1986
Sent message: 7#1986#
Sending message: 1987
Sent message: 7#1987#
Sending message: 1988
Sent message: 7#1988#
Sending message: 1989
Sent message: 7#1989#
Sending message: 1990
Sent message: 7#1990#
Sending message: 1991
Sent message: 7#1991#
Sending message: 1992
Sent message: 7#1992#
Sending message: 1993
Sent message: 7#1993#
Sending message: 1994
Sent message: 7#1994#
Sending message: 1995
Sent message: 7#1995#
Sending message: 1996
Sent message: 7#1996#
Sending message: 1997
Sent message: 7#1997#
Sending message: 1998
Sent message: 7#1998#
Sending message: 1999
Sent message: 7#1999#
Sending message: 2000
Sent message: 7#2000#
Sending message: 2001
Sent message: 7#2001#
Sending message: 2002
Sent message: 7#2002#
Sending message: 2003
Sent message: 7#2003#
Sending message: 2004
Sent message: 7#2004#
Sending message: 2005
Sent message: 7#2005#
Sending message: 2006
Sent message: 7#2006#
Sending message: 2007
Sent message: 7#2007#
Sending message: 2008
Sent message: 7#2008#
Sending message: 2009
Sent message: 7#2009#
Sending message: 2010
Sent message: 7#2010#
Sending message: 2011
Sent message: 7#2011#
Sending message: 2012
Sent message: 7#2012#
Sending message: 2013
Sent message: 7#2013#
Sending message: 2014
Sent message: 7#2014#
Sending message: 2015
Sent message: 7#2015#
Sending message: 2016
Sent message: 7#2016#
Sending message: 2017
Sent message: 7#2017#
Sending message: 2018
Sent message: 7#2018#
Sending message: 2019
Sent message: 7#2019#
Sending message: 2020
Sent message: 7#2020#
Sending message: 2021
Sent message: 7#2021#
Sending message: 2022
Sent message: 7#2022#
Sending message: 2023
Sent message: 7#2023#
Sending message: 2024
Sent message: 7#2024#
Sending message: 2025
Sent message: 7#2025#
Sending message: 2026
Sent message: 7#2026#
Sending message: 2027
Sent message: 7#2027#
Sending message: 2028
Sent message: 7#2028#
Sending message: 2029
Sent message: 7#2029#
Sending message: 2030
Sent message: 7#2030#
Sending message: 2031
Sent message: 7#2031#
Sending message: 2032
Sent message: 7#2032#
Sending message: 2033
Sent message: 7#2033#
Sending message: 2034
Sent message: 7#2034#
Sending message: 2035
Sent message: 7#2035#
Sending message: 2036
Sent message: 7#2036#
Sending message: 2037
Sent message: 7#2037#
Sending message: 2038
Sent message: 7#2038#
Sending message: 2039
Sent message: 7#2039#
Sending message: 2040
Sent message: 7#2040#
Sending message: 2041
Sent message: 7#2041#
Sending message: 2042
Sent message: 7#2042#
Sending message: 2043
Sent message: 7#2043#
Sending message: 2044
Sent message: 7#2044#
Sending message: 2045
Sent message: 7#2045#
Sending message: 2046
Sent message: 7#2046#
Sending message: 2047
Sent message: 7#2047#
Sending message: 2048
Sent message: 7#2048#
Sending message: 2049
Sent message: 7#2049#
Sending message: 2050
Sent message: 7#2050#
Sending message: 2051
Sent message: 7#2051#
Sending message: 2052
Sent message: 7#2052#
Sending message: 2053
Sent message: 7#2053#
Sending message: 2054
Sent message: 7#2054#
Sending message: 2055
Sent message: 7#2055#
Sending message: 2056
Sent message: 7#2056#
Sending message: 2057
Sent message: 7#2057#
Sending message: 2058
Sent message: 7#2058#
Sending message: 2059
Sent message: 7#2059#
Sending message: 2060
Sent message: 7#2060#
Sending message: 2061
Sent message: 7#2061#
Sending message: 2062
Sent message: 7#2062#
Sending message: 2063
Sent message: 7#2063#
Sending message: 2064
Sent message: 7#2064#
Sending message: 2065
Sent message: 7#2065#
Sending message: 2066
Sent message: 7#2066#
Sending message: 2067
Sent message: 7#2067#
Sending message: 2068
Sent message: 7#2068#
Sending message: 2069
Sent message: 7#2069#
Sending message: 2070
Sent message: 7#2070#
Sending message: 2071
Sent message: 7#2071#
Sending message: 2072
Sent message: 7#2072#
Sending message: 2073
Sent message: 7#2073#
Sending message: 2074
Sent message: 7#2074#
Sending message: 2075
Sent message: 7#2075#
Sending message: 2076
Sent message: 7#2076#
Sending message: 2077
Sent message: 7#2077#
Sending message: 2078
Sent message: 7#2078#
Sending message: 2079
Sent message: 7#2079#
Sending message: 2080
Sent message: 7#2080#
Sending message: 2081
Sent message: 7#2081#
Sending message: 2082
Sent message: 7#2082#
Sending message: 2083
Sent message: 7#2083#
Sending message: 2084
Sent message: 7#2084#
Sending message: 2085
Sent message: 7#2085#
Sending message: 2086
Sent message: 7#2086#
Sending message: 2087
Sent message: 7#2087#
Sending message: 2088
Sent message: 7#2088#
Sending message: 2089
Sent message: 7#2089#
Sending message: 2090
Sent message: 7#2090#
Sending message: 2091
Sent message: 7#2091#
Sending message: 2092
Sent message: 7#2092#
Sending message: 2093
Sent message: 7#2093#
Sending message: 2094
Sent message: 7#2094#
Sending message: 2095
Sent message: 7#2095#
Sending message: 2096
Sent message: 7#2096#
Sending message: 2097
Sent message: 7#2097#
Sending message: 2098
Sent message: 7#2098#
Sending message: 2099
Sent message: 7#2099#
Sending message: 2100
Sent message: 7#2100#
Sending message: 2101
Sent message: 7#2101#
Sending message: 2102
Sent message: 7#2102#
Sending message: 2103
Sent message: 7#2103#
Sending message: 2104
Sent message: 7#2104#
Sending message: 2105
Sent message: 7#2105#
Sending message: 2106
Sent message: 7#2106#
Sending message: 2107
Sent message: 7#2107#
Sending message: 2108
Sent message: 7#2108#
Sending message: 2109
Sent message: 7#2109#
Sending message: 2110
Sent message: 7#2110#
Sending message: 2111
Sent message: 7#2111#
Sending message: 2112
Sent message: 7#2112#
Sending message: 2113
Sent message: 7#2113#
Sending message: 2114
Sent message: 7#2114#
Sending message: 2115
Sent message: 7#2115#
Sending message: 2116
Sent message: 7#2116#
Sending message: 2117
Sent message: 7#2117#
Sending message: 2118
Sent message: 7#2118#
Sending message: 2119
Sent message: 7#2119#
Sending message: 2120
Sent message: 7#2120#
Sending message: 2121
Sent message: 7#2121#
Sending message: 2122
Sent message: 7#2122#
Sending message: 2123
Sent message: 7#2123#
Sending message: 2124
Sent message: 7#2124#
Sending message: 2125
Sent message: 7#2125#
Sending message: 2126
Sent message: 7#2126#
Sending message: 2127
Sent message: 7#2127#
Sending message: 2128
Sent message: 7#2128#
Sending message: 2129
Sent message: 7#2129#
Sending message: 2130
Sent message: 7#2130#
Sending message: 2131
Sent message: 7#2131#
Sending message: 2132
Sent message: 7#2132#
Sending message: 2133
Sent message: 7#2133#
Sending message: 2134
Sent message: 7#2134#
Sending message: 2135
Sent message: 7#2135#
Sending message: 2136
Sent message: 7#2136#
Sending message: 2137
Sent message: 7#2137#
Sending message: 2138
Sent message: 7#2138#
Sending message: 2139
Sent message: 7#2139#
Sending message: 2140
Sent message: 7#2140#
Sending message: 2141
Sent message: 7#2141#
Sending message: 2142
Sent message: 7#2142#
Sending message: 2143
Sent message: 7#2143#
Sending message: 2144
Sent message: 7#2144#
Sending message: 2145
Sent message: 7#2145#
Sending message: 2146
Sent message: 7#2146#
Sending message: 2147
Sent message: 7#2147#
Sending message: 2148
Sent message: 7#2148#
Sending message: 2149
Sent message: 7#2149#
Sending message: 2150
Sent message: 7#2150#
Sending message: 2151
Sent message: 7#2151#
Sending message: 2152
Sent message: 7#2152#
Sending message: 2153
Sent message: 7#2153#
Sending message: 2154
Sent message: 7#2154#
Sending message: 2155
Sent message: 7#2155#
Sending message: 2156
Sent message: 7#2156#
Sending message: 2157
Sent message: 7#2157#
Sending message: 2158
Sent message: 7#2158#
Sending message: 2159
Sent message: 7#2159#
Sending message: 2160
Sent message: 7#2160#
Sending message: 2161
Sent message: 7#2161#
Sending message: 2162
Sent message: 7#2162#
Sending message: 2163
Sent message: 7#2163#
Sending message: 2164
Sent message: 7#2164#
Sending message: 2165
Sent message: 7#2165#
Sending message: 2166
Sent message: 7#2166#
Sending message: 2167
Sent message: 7#2167#
Sending message: 2168
Sent message: 7#2168#
Sending message: 2169
Sent message: 7#2169#
Sending message: 2170
Sent message: 7#2170#
Sending message: 2171
Sent message: 7#2171#
Sending message: 2172
Sent message: 7#2172#
Sending message: 2173
Sent message: 7#2173#
Sending message: 2174
Sent message: 7#2174#
Sending message: 2175
Sent message: 7#2175#
Sending message: 2176
Sent message: 7#2176#
Sending message: 2177
Sent message: 7#2177#
Sending message: 2178
Sent message: 7#2178#
Sending message: 2179
Sent message: 7#2179#
Sending message: 2180
Sent message: 7#2180#
Sending message: 2181
Sent message: 7#2181#
Sending message: 2182
Sent message: 7#2182#
Sending message: 2183
Sent message: 7#2183#
Sending message: 2184
Sent message: 7#2184#
Sending message: 2185
Sent message: 7#2185#
Sending message: 2186
Sent message: 7#2186#
Sending message: 2187
Sent message: 7#2187#
Sending message: 2188
Sent message: 7#2188#
Sending message: 2189
Sent message: 7#2189#
Sending message: 2190
Sent message: 7#2190#
Sending message: 2191
Sent message: 7#2191#
Sending message: 2192
Sent message: 7#2192#
Sending message: 2193
Sent message: 7#2193#
Sending message: 2194
Sent message: 7#2194#
Sending message: 2195
Sent message: 7#2195#
Sending message: 2196
Sent message: 7#2196#
Sending message: 2197
Sent message: 7#2197#
Sending message: 2198
Sent message: 7#2198#
Sending message: 2199
Sent message: 7#2199#
Sending message: 2200
Sent message: 7#2200#
Sending message: 2201
Sent message: 7#2201#
Sending message: 2202
Sent message: 7#2202#
Sending message: 2203
Sent message: 7#2203#
Sending message: 2204
Sent message: 7#2204#
Sending message: 2205
Sent message: 7#2205#
Sending message: 2206
Sent message: 7#2206#
Sending message: 2207
Sent message: 7#2207#
Sending message: 2208
Sent message: 7#2208#
Sending message: 2209
Sent message: 7#2209#
Sending message: 2210
Sent message: 7#2210#
Sending message: 2211
Sent message: 7#2211#
Sending message: 2212
Sent message: 7#2212#
Sending message: 2213
Sent message: 7#2213#
Sending message: 2214
Sent message: 7#2214#
Sending message: 2215
Sent message: 7#2215#
Sending message: 2216
Sent message: 7#2216#
Sending message: 2217
Sent message: 7#2217#
Sending message: 2218
Sent message: 7#2218#
Sending message: 2219
Sent message: 7#2219#
Sending message: 2220
Sent message: 7#2220#
Sending message: 2221
Sent message: 7#2221#
Sending message: 2222
Sent message: 7#2222#
Sending message: 2223
Sent message: 7#2223#
Sending message: 2224
Sent message: 7#2224#
Sending message: 2225
Sent message: 7#2225#
Sending message: 2226
Sent message: 7#2226#
Sending message: 2227
Sent message: 7#2227#
Sending message: 2228
Sent message: 7#2228#
Sending message: 2229
Sent message: 7#2229#
Sending message: 2230
Sent message: 7#2230#
Sending message: 2231
Sent message: 7#2231#
Sending message: 2232
Sent message: 7#2232#
Sending message: 2233
Sent message: 7#2233#
Sending message: 2234
Sent message: 7#2234#
Sending message: 2235
Sent message: 7#2235#
Sending message: 2236
Sent message: 7#2236#
Sending message: 2237
Sent message: 7#2237#
Sending message: 2238
Immediately stopping network packet processing.
Writing output.
Sent message: 7#2238#
Sending message: 2239
Sent message: 7#2239#
Sending message: 2240
Sent message: 7#2240#
Sending message: 2241
Sent message: 7#2241#
Sending message: 2242
Sent message: 7#2242#
Sending message: 2243
Sent message: 7#2243#
Sending message: 2244
Sent message: 7#2244#
Sending message: 2245
Sent message: 7#2245#
Sending message: 2246
Sent message: 7#2246#
Sending message: 2247
Sent message: 7#2247#
Sending message: 2248
Sent message: 7#2248#
Sending message: 2249
Sent message: 7#2249#
Sending message: 2250
Sent message: 7#2250#
Sending message: 2251
Sent message: 7#2251#
Sending message: 2252
Sent message: 7#2252#
