d 2 1
d 2 2
d 2 3
d 2 4
d 2 5
d 2 6
d 2 7
d 2 8
d 2 9
d 2 10
d 2 11
d 2 12
d 2 13
d 2 14
d 2 15
d 2 16
d 2 17
d 2 18
d 2 19
d 2 20
d 2 21
d 2 22
d 2 23
d 2 24
d 2 25
d 2 26
d 2 27
d 2 28
d 2 29
d 2 30
d 2 31
d 2 32
d 2 33
d 2 34
d 2 35
d 2 36
d 2 37
d 2 38
d 2 39
d 2 40
d 2 41
d 2 42
d 2 43
d 2 44
d 2 45
d 2 46
d 2 47
d 2 48
d 2 49
d 2 50
d 2 51
d 2 52
d 2 53
d 2 54
d 2 55
d 2 56
d 2 57
d 2 58
d 2 59
d 2 60
d 2 61
d 2 62
d 2 63
d 2 64
d 2 65
d 2 66
d 2 67
d 2 68
d 2 69
d 2 70
d 2 71
d 2 72
d 2 73
d 2 74
d 2 75
d 2 76
d 2 77
d 2 78
d 2 79
d 2 80
d 2 81
d 2 82
d 2 83
d 2 84
d 2 85
d 2 86
d 2 87
d 2 88
d 2 89
d 2 90
d 2 91
d 2 92
d 2 93
d 2 94
d 2 95
d 2 96
d 2 97
d 2 98
d 2 99
d 2 100
d 2 101
d 2 102
d 2 103
d 2 104
d 2 105
d 2 106
d 2 107
d 2 108
d 2 109
d 2 110
d 2 111
d 2 112
d 2 113
d 2 114
d 2 115
d 2 116
d 2 117
d 2 118
d 2 119
d 2 120
d 2 121
d 2 122
d 2 123
d 2 124
d 2 125
d 2 126
d 2 127
d 2 128
d 2 129
d 2 130
d 2 131
d 2 132
d 2 133
d 2 134
d 2 135
d 2 136
d 2 137
d 2 138
d 2 139
d 2 140
d 2 141
d 2 142
d 2 143
d 2 144
d 2 145
d 2 146
d 2 147
d 2 148
d 2 149
d 2 150
d 2 151
d 2 152
d 2 153
d 2 154
d 2 155
d 2 156
d 2 157
d 2 158
d 2 159
d 2 160
d 2 161
d 2 162
d 2 163
d 2 164
d 2 165
d 2 166
d 2 167
d 2 168
d 2 169
d 2 170
d 2 171
d 2 172
d 2 173
d 2 174
d 2 175
d 2 176
d 2 177
d 2 178
d 2 179
d 2 180
d 2 181
d 2 182
d 2 183
d 2 184
d 2 185
d 2 186
d 2 187
d 2 188
d 2 189
d 2 190
d 2 191
d 2 192
d 2 193
d 2 194
d 2 195
d 2 196
d 2 197
d 2 198
d 2 199
d 2 200
d 2 201
d 2 202
d 2 203
d 2 204
d 2 205
d 2 206
d 2 207
d 2 208
d 2 209
d 2 210
d 2 211
d 2 212
d 2 213
d 2 214
d 2 215
d 2 216
d 2 217
d 2 218
d 2 219
d 2 220
d 2 221
d 2 222
d 2 223
d 2 224
d 2 225
d 2 226
d 2 227
d 2 228
d 2 229
d 2 230
d 2 231
d 2 232
d 2 233
d 2 234
d 2 235
d 2 236
d 2 237
d 2 238
d 2 239
d 2 240
d 2 241
d 2 242
d 2 243
d 2 244
d 2 245
d 2 246
d 2 247
d 2 248
d 2 249
d 2 250
d 2 251
d 2 252
d 2 253
d 2 254
d 2 255
d 2 256
d 2 257
d 2 258
d 2 259
d 2 260
d 2 261
d 2 262
d 2 263
d 2 264
d 2 265
d 2 266
d 2 267
d 2 268
d 2 269
d 2 270
d 2 271
d 2 272
d 2 273
d 2 274
d 2 275
d 2 276
d 2 277
d 2 278
d 2 279
d 2 280
d 2 281
d 2 282
d 2 283
d 2 284
d 2 285
d 2 286
d 2 287
d 2 288
d 2 289
d 2 290
d 2 291
d 2 292
d 2 293
d 2 294
d 2 295
d 2 296
d 2 297
d 2 298
d 2 299
d 2 300
d 2 301
d 2 302
d 2 303
d 2 304
d 2 305
d 2 306
d 2 307
d 2 308
d 2 309
d 2 310
d 2 311
d 2 312
d 2 313
d 2 314
d 2 315
d 2 316
d 2 317
d 2 318
d 2 319
d 2 320
d 2 321
d 2 322
d 2 323
d 2 324
d 2 325
d 2 326
d 2 327
d 2 328
d 2 329
d 2 330
d 2 331
d 2 332
d 2 333
d 2 334
d 2 335
d 2 336
d 2 337
d 2 338
d 2 339
d 2 340
d 2 341
d 2 342
d 2 343
d 2 344
d 2 345
d 2 346
d 2 347
d 2 348
d 2 349
d 2 350
d 2 351
d 2 352
d 2 353
d 2 354
d 2 355
d 2 356
d 2 357
d 2 358
d 2 359
d 2 360
d 2 361
d 2 362
d 2 363
d 2 364
d 2 365
d 2 366
d 2 367
d 2 368
d 2 369
d 2 370
d 2 371
d 2 372
d 2 373
d 2 374
d 2 375
d 2 376
d 2 377
d 2 378
d 2 379
d 2 380
d 2 381
d 2 382
d 2 383
d 2 384
d 2 385
d 2 386
d 2 387
d 2 388
d 2 389
d 2 390
d 2 391
d 2 392
d 2 393
d 2 394
d 2 395
d 2 396
d 2 397
d 2 398
d 2 399
d 2 400
d 2 401
d 2 402
d 2 403
d 2 404
d 2 405
d 2 406
d 2 407
d 2 408
d 2 409
d 2 410
d 2 411
d 2 412
d 2 413
d 2 414
d 2 415
d 2 416
d 2 417
d 2 418
d 2 419
d 2 420
d 2 421
d 2 422
d 2 423
d 2 424
d 2 425
d 2 426
d 2 427
d 2 428
d 2 429
d 2 430
d 2 431
d 2 432
d 2 433
d 2 434
d 2 435
d 2 436
d 2 437
d 2 438
d 2 439
d 2 440
d 2 441
d 2 442
d 2 443
d 2 444
d 2 445
d 2 446
d 2 447
d 2 448
d 2 449
d 2 450
d 2 451
d 2 452
d 2 453
d 2 454
d 2 455
d 2 456
d 2 457
d 2 458
d 2 459
