My PID: 8383

From a new terminal type `kill -SIGINT 8383` or `kill -SIGTERM 8383` to stop processing packets

My ID: 82

List of resolved hosts is:
==========================
1
Human-readable IP: 127.0.0.1
Human-readable Port: 11001

2
Human-readable IP: 127.0.0.1
Human-readable Port: 11002

3
Human-readable IP: 127.0.0.1
Human-readable Port: 11003

4
Human-readable IP: 127.0.0.1
Human-readable Port: 11004

5
Human-readable IP: 127.0.0.1
Human-readable Port: 11005

6
Human-readable IP: 127.0.0.1
Human-readable Port: 11006

7
Human-readable IP: 127.0.0.1
Human-readable Port: 11007

8
Human-readable IP: 127.0.0.1
Human-readable Port: 11008

9
Human-readable IP: 127.0.0.1
Human-readable Port: 11009

10
Human-readable IP: 127.0.0.1
Human-readable Port: 11010

11
Human-readable IP: 127.0.0.1
Human-readable Port: 11011

12
Human-readable IP: 127.0.0.1
Human-readable Port: 11012

13
Human-readable IP: 127.0.0.1
Human-readable Port: 11013

14
Human-readable IP: 127.0.0.1
Human-readable Port: 11014

15
Human-readable IP: 127.0.0.1
Human-readable Port: 11015

16
Human-readable IP: 127.0.0.1
Human-readable Port: 11016

17
Human-readable IP: 127.0.0.1
Human-readable Port: 11017

18
Human-readable IP: 127.0.0.1
Human-readable Port: 11018

19
Human-readable IP: 127.0.0.1
Human-readable Port: 11019

20
Human-readable IP: 127.0.0.1
Human-readable Port: 11020

21
Human-readable IP: 127.0.0.1
Human-readable Port: 11021

22
Human-readable IP: 127.0.0.1
Human-readable Port: 11022

23
Human-readable IP: 127.0.0.1
Human-readable Port: 11023

24
Human-readable IP: 127.0.0.1
Human-readable Port: 11024

25
Human-readable IP: 127.0.0.1
Human-readable Port: 11025

26
Human-readable IP: 127.0.0.1
Human-readable Port: 11026

27
Human-readable IP: 127.0.0.1
Human-readable Port: 11027

28
Human-readable IP: 127.0.0.1
Human-readable Port: 11028

29
Human-readable IP: 127.0.0.1
Human-readable Port: 11029

30
Human-readable IP: 127.0.0.1
Human-readable Port: 11030

31
Human-readable IP: 127.0.0.1
Human-readable Port: 11031

32
Human-readable IP: 127.0.0.1
Human-readable Port: 11032

33
Human-readable IP: 127.0.0.1
Human-readable Port: 11033

34
Human-readable IP: 127.0.0.1
Human-readable Port: 11034

35
Human-readable IP: 127.0.0.1
Human-readable Port: 11035

36
Human-readable IP: 127.0.0.1
Human-readable Port: 11036

37
Human-readable IP: 127.0.0.1
Human-readable Port: 11037

38
Human-readable IP: 127.0.0.1
Human-readable Port: 11038

39
Human-readable IP: 127.0.0.1
Human-readable Port: 11039

40
Human-readable IP: 127.0.0.1
Human-readable Port: 11040

41
Human-readable IP: 127.0.0.1
Human-readable Port: 11041

42
Human-readable IP: 127.0.0.1
Human-readable Port: 11042

43
Human-readable IP: 127.0.0.1
Human-readable Port: 11043

44
Human-readable IP: 127.0.0.1
Human-readable Port: 11044

45
Human-readable IP: 127.0.0.1
Human-readable Port: 11045

46
Human-readable IP: 127.0.0.1
Human-readable Port: 11046

47
Human-readable IP: 127.0.0.1
Human-readable Port: 11047

48
Human-readable IP: 127.0.0.1
Human-readable Port: 11048

49
Human-readable IP: 127.0.0.1
Human-readable Port: 11049

50
Human-readable IP: 127.0.0.1
Human-readable Port: 11050

51
Human-readable IP: 127.0.0.1
Human-readable Port: 11051

52
Human-readable IP: 127.0.0.1
Human-readable Port: 11052

53
Human-readable IP: 127.0.0.1
Human-readable Port: 11053

54
Human-readable IP: 127.0.0.1
Human-readable Port: 11054

55
Human-readable IP: 127.0.0.1
Human-readable Port: 11055

56
Human-readable IP: 127.0.0.1
Human-readable Port: 11056

57
Human-readable IP: 127.0.0.1
Human-readable Port: 11057

58
Human-readable IP: 127.0.0.1
Human-readable Port: 11058

59
Human-readable IP: 127.0.0.1
Human-readable Port: 11059

60
Human-readable IP: 127.0.0.1
Human-readable Port: 11060

61
Human-readable IP: 127.0.0.1
Human-readable Port: 11061

62
Human-readable IP: 127.0.0.1
Human-readable Port: 11062

63
Human-readable IP: 127.0.0.1
Human-readable Port: 11063

64
Human-readable IP: 127.0.0.1
Human-readable Port: 11064

65
Human-readable IP: 127.0.0.1
Human-readable Port: 11065

66
Human-readable IP: 127.0.0.1
Human-readable Port: 11066

67
Human-readable IP: 127.0.0.1
Human-readable Port: 11067

68
Human-readable IP: 127.0.0.1
Human-readable Port: 11068

69
Human-readable IP: 127.0.0.1
Human-readable Port: 11069

70
Human-readable IP: 127.0.0.1
Human-readable Port: 11070

71
Human-readable IP: 127.0.0.1
Human-readable Port: 11071

72
Human-readable IP: 127.0.0.1
Human-readable Port: 11072

73
Human-readable IP: 127.0.0.1
Human-readable Port: 11073

74
Human-readable IP: 127.0.0.1
Human-readable Port: 11074

75
Human-readable IP: 127.0.0.1
Human-readable Port: 11075

76
Human-readable IP: 127.0.0.1
Human-readable Port: 11076

77
Human-readable IP: 127.0.0.1
Human-readable Port: 11077

78
Human-readable IP: 127.0.0.1
Human-readable Port: 11078

79
Human-readable IP: 127.0.0.1
Human-readable Port: 11079

80
Human-readable IP: 127.0.0.1
Human-readable Port: 11080

81
Human-readable IP: 127.0.0.1
Human-readable Port: 11081

82
Human-readable IP: 127.0.0.1
Human-readable Port: 11082

83
Human-readable IP: 127.0.0.1
Human-readable Port: 11083

84
Human-readable IP: 127.0.0.1
Human-readable Port: 11084

85
Human-readable IP: 127.0.0.1
Human-readable Port: 11085

86
Human-readable IP: 127.0.0.1
Human-readable Port: 11086

87
Human-readable IP: 127.0.0.1
Human-readable Port: 11087

88
Human-readable IP: 127.0.0.1
Human-readable Port: 11088

89
Human-readable IP: 127.0.0.1
Human-readable Port: 11089

90
Human-readable IP: 127.0.0.1
Human-readable Port: 11090

91
Human-readable IP: 127.0.0.1
Human-readable Port: 11091

92
Human-readable IP: 127.0.0.1
Human-readable Port: 11092

93
Human-readable IP: 127.0.0.1
Human-readable Port: 11093

94
Human-readable IP: 127.0.0.1
Human-readable Port: 11094

95
Human-readable IP: 127.0.0.1
Human-readable Port: 11095

96
Human-readable IP: 127.0.0.1
Human-readable Port: 11096

97
Human-readable IP: 127.0.0.1
Human-readable Port: 11097

98
Human-readable IP: 127.0.0.1
Human-readable Port: 11098

99
Human-readable IP: 127.0.0.1
Human-readable Port: 11099

100
Human-readable IP: 127.0.0.1
Human-readable Port: 11100


Path to output:
===============
/mnt/c/repo/CS451-2023-project/template_java/bin/proc82.output

Path to config:
===============
./bin/config

Doing some initialization

Broadcasting and delivering messages...

Number of messages: 100000
Receiver ID: 1
I am one of the senders
Sending message: 1
Sent message: 82ccc1ccc1bbb
Sending message: 2
Sent message: 82ccc2ccc2bbb
Sending message: 3
Sent message: 82ccc3ccc3bbb
Sending message: 4
Sent message: 82ccc4ccc4bbb
Sending message: 5
Sent message: 82ccc5ccc5bbb
Sending message: 6
Sent message: 82ccc6ccc6bbb
Sending message: 7
Sent message: 82ccc7ccc7bbb
Sending message: 8
Sent message: 82ccc8ccc8bbb
Sending message: 9
Sent message: 82ccc9ccc9bbb
Sending message: 10
Sent message: 82ccc10ccc10bbb
Sending message: 11
Sent message: 82ccc11ccc11bbb
Sending message: 12
Sent message: 82ccc12ccc12bbb
Sending message: 13
Sent message: 82ccc13ccc13bbb
Sending message: 14
Sent message: 82ccc14ccc14bbb
Sending message: 15
Sent message: 82ccc15ccc15bbb
Sending message: 16
Sent message: 82ccc16ccc16bbb
Sending message: 17
Sent message: 82ccc17ccc17bbb
Sending message: 18
Sent message: 82ccc18ccc18bbb
Sending message: 19
Sent message: 82ccc19ccc19bbb
Sending message: 20
Sent message: 82ccc20ccc20bbb
Sending message: 21
Sent message: 82ccc21ccc21bbb
Sending message: 22
Sent message: 82ccc22ccc22bbb
Sending message: 23
Sent message: 82ccc23ccc23bbb
Sending message: 24
Sent message: 82ccc24ccc24bbb
Sending message: 25
Sent message: 82ccc25ccc25bbb
Sending message: 26
Sent message: 82ccc26ccc26bbb
Sending message: 27
Sent message: 82ccc27ccc27bbb
Sending message: 28
Sent message: 82ccc28ccc28bbb
Sending message: 29
Sent message: 82ccc29ccc29bbb
Sending message: 30
Sent message: 82ccc30ccc30bbb
Sending message: 31
Sent message: 82ccc31ccc31bbb
Sending message: 32
Sent message: 82ccc32ccc32bbb
Sending message: 33
Sent message: 82ccc33ccc33bbb
Sending message: 34
Sent message: 82ccc34ccc34bbb
Sending message: 35
Sent message: 82ccc35ccc35bbb
Sending message: 36
Sent message: 82ccc36ccc36bbb
Sending message: 37
Sent message: 82ccc37ccc37bbb
Sending message: 38
Sent message: 82ccc38ccc38bbb
Sending message: 39
Sent message: 82ccc39ccc39bbb
Sending message: 40
Sent message: 82ccc40ccc40bbb
Sending message: 41
Sent message: 82ccc41ccc41bbb
Sending message: 42
Sent message: 82ccc42ccc42bbb
Sending message: 43
Sent message: 82ccc43ccc43bbb
Sending message: 44
Sent message: 82ccc44ccc44bbb
Sending message: 45
Sent message: 82ccc45ccc45bbb
Sending message: 46
Sent message: 82ccc46ccc46bbb
Sending message: 47
Sent message: 82ccc47ccc47bbb
Sending message: 48
Sent message: 82ccc48ccc48bbb
Sending message: 49
Sent message: 82ccc49ccc49bbb
Sending message: 50
Sent message: 82ccc50ccc50bbb
Sending message: 51
Sent message: 82ccc51ccc51bbb
Sending message: 52
Sent message: 82ccc52ccc52bbb
Sending message: 53
Sent message: 82ccc53ccc53bbb
Sending message: 54
Sent message: 82ccc54ccc54bbb
Sending message: 55
Sent message: 82ccc55ccc55bbb
Sending message: 56
Sent message: 82ccc56ccc56bbb
Sending message: 57
Sent message: 82ccc57ccc57bbb
Sending message: 58
Sent message: 82ccc58ccc58bbb
Sending message: 59
Sent message: 82ccc59ccc59bbb
Sending message: 60
Sent message: 82ccc60ccc60bbb
Sending message: 61
Sent message: 82ccc61ccc61bbb
Sending message: 62
Sent message: 82ccc62ccc62bbb
Sending message: 63
Sent message: 82ccc63ccc63bbb
Sending message: 64
Sent message: 82ccc64ccc64bbb
Sending message: 65
Sent message: 82ccc65ccc65bbb
Sending message: 66
Sent message: 82ccc66ccc66bbb
Sending message: 67
Sent message: 82ccc67ccc67bbb
Sending message: 68
Sent message: 82ccc68ccc68bbb
Sending message: 69
Sent message: 82ccc69ccc69bbb
Sending message: 70
Sent message: 82ccc70ccc70bbb
Sending message: 71
Sent message: 82ccc71ccc71bbb
Sending message: 72
Sent message: 82ccc72ccc72bbb
Sending message: 73
Sent message: 82ccc73ccc73bbb
Sending message: 74
Sent message: 82ccc74ccc74bbb
Sending message: 75
Sent message: 82ccc75ccc75bbb
Sending message: 76
Sent message: 82ccc76ccc76bbb
Sending message: 77
Sent message: 82ccc77ccc77bbb
Sending message: 78
Sent message: 82ccc78ccc78bbb
Sending message: 79
Sent message: 82ccc79ccc79bbb
Sending message: 80
Sent message: 82ccc80ccc80bbb
Sending message: 81
Sent message: 82ccc81ccc81bbb
Sending message: 82
Sent message: 82ccc82ccc82bbb
Sending message: 83
Sent message: 82ccc83ccc83bbb
Sending message: 84
Sent message: 82ccc84ccc84bbb
Sending message: 85
Sent message: 82ccc85ccc85bbb
Sending message: 86
Sent message: 82ccc86ccc86bbb
Sending message: 87
Sent message: 82ccc87ccc87bbb
Sending message: 88
Sent message: 82ccc88ccc88bbb
Sending message: 89
Sent message: 82ccc89ccc89bbb
Sending message: 90
Sent message: 82ccc90ccc90bbb
Sending message: 91
Sent message: 82ccc91ccc91bbb
Sending message: 92
Sent message: 82ccc92ccc92bbb
Sending message: 93
Sent message: 82ccc93ccc93bbb
Sending message: 94
Sent message: 82ccc94ccc94bbb
Sending message: 95
Sent message: 82ccc95ccc95bbb
Sending message: 96
Sent message: 82ccc96ccc96bbb
Sending message: 97
Sent message: 82ccc97ccc97bbb
Sending message: 98
Sent message: 82ccc98ccc98bbb
Sending message: 99
Sent message: 82ccc99ccc99bbb
Sending message: 100
Sent message: 82ccc100ccc100bbb
Sending message: 101
Sent message: 82ccc101ccc101bbb
Sending message: 102
Sent message: 82ccc102ccc102bbb
Sending message: 103
Sent message: 82ccc103ccc103bbb
Sending message: 104
Sent message: 82ccc104ccc104bbb
Sending message: 105
Sent message: 82ccc105ccc105bbb
Sending message: 106
Sent message: 82ccc106ccc106bbb
Sending message: 107
Sent message: 82ccc107ccc107bbb
Sending message: 108
Sent message: 82ccc108ccc108bbb
Sending message: 109
Sent message: 82ccc109ccc109bbb
Sending message: 110
Sent message: 82ccc110ccc110bbb
Sending message: 111
Sent message: 82ccc111ccc111bbb
Sending message: 112
Sent message: 82ccc112ccc112bbb
Sending message: 113
Sent message: 82ccc113ccc113bbb
Sending message: 114
Sent message: 82ccc114ccc114bbb
Sending message: 115
Sent message: 82ccc115ccc115bbb
Sending message: 116
Sent message: 82ccc116ccc116bbb
Sending message: 117
Sent message: 82ccc117ccc117bbb
Sending message: 118
Sent message: 82ccc118ccc118bbb
Sending message: 119
Sent message: 82ccc119ccc119bbb
Sending message: 120
Sent message: 82ccc120ccc120bbb
Sending message: 121
Sent message: 82ccc121ccc121bbb
Sending message: 122
Sent message: 82ccc122ccc122bbb
Sending message: 123
Sent message: 82ccc123ccc123bbb
Sending message: 124
Sent message: 82ccc124ccc124bbb
Sending message: 125
Sent message: 82ccc125ccc125bbb
Sending message: 126
Sent message: 82ccc126ccc126bbb
Sending message: 127
Sent message: 82ccc127ccc127bbb
Sending message: 128
Sent message: 82ccc128ccc128bbb
Sending message: 129
Sent message: 82ccc129ccc129bbb
Sending message: 130
Sent message: 82ccc130ccc130bbb
Sending message: 131
Sent message: 82ccc131ccc131bbb
Sending message: 132
Sent message: 82ccc132ccc132bbb
Sending message: 133
Sent message: 82ccc133ccc133bbb
Sending message: 134
Sent message: 82ccc134ccc134bbb
Sending message: 135
Sent message: 82ccc135ccc135bbb
Sending message: 136
Sent message: 82ccc136ccc136bbb
Sending message: 137
Sent message: 82ccc137ccc137bbb
Sending message: 138
Sent message: 82ccc138ccc138bbb
Sending message: 139
Sent message: 82ccc139ccc139bbb
Sending message: 140
Sent message: 82ccc140ccc140bbb
Sending message: 141
Sent message: 82ccc141ccc141bbb
Sending message: 142
Sent message: 82ccc142ccc142bbb
Sending message: 143
Sent message: 82ccc143ccc143bbb
Sending message: 144
Sent message: 82ccc144ccc144bbb
Sending message: 145
Sent message: 82ccc145ccc145bbb
Sending message: 146
Sent message: 82ccc146ccc146bbb
Sending message: 147
Sent message: 82ccc147ccc147bbb
Sending message: 148
Sent message: 82ccc148ccc148bbb
Sending message: 149
Sent message: 82ccc149ccc149bbb
Sending message: 150
Sent message: 82ccc150ccc150bbb
Sending message: 151
Sent message: 82ccc151ccc151bbb
Sending message: 152
Sent message: 82ccc152ccc152bbb
Sending message: 153
Sent message: 82ccc153ccc153bbb
Sending message: 154
Sent message: 82ccc154ccc154bbb
Sending message: 155
Sent message: 82ccc155ccc155bbb
Sending message: 156
Sent message: 82ccc156ccc156bbb
Sending message: 157
Sent message: 82ccc157ccc157bbb
Sending message: 158
Sent message: 82ccc158ccc158bbb
Sending message: 159
Sent message: 82ccc159ccc159bbb
Sending message: 160
Sent message: 82ccc160ccc160bbb
Sending message: 161
Sent message: 82ccc161ccc161bbb
Sending message: 162
Sent message: 82ccc162ccc162bbb
Sending message: 163
Sent message: 82ccc163ccc163bbb
Sending message: 164
Sent message: 82ccc164ccc164bbb
Sending message: 165
Sent message: 82ccc165ccc165bbb
Sending message: 166
Sent message: 82ccc166ccc166bbb
Sending message: 167
Sent message: 82ccc167ccc167bbb
Sending message: 168
Sent message: 82ccc168ccc168bbb
Sending message: 169
Sent message: 82ccc169ccc169bbb
Sending message: 170
Sent message: 82ccc170ccc170bbb
Sending message: 171
Sent message: 82ccc171ccc171bbb
Sending message: 172
Sent message: 82ccc172ccc172bbb
Sending message: 173
Sent message: 82ccc173ccc173bbb
Sending message: 174
Sent message: 82ccc174ccc174bbb
Sending message: 175
Sent message: 82ccc175ccc175bbb
Sending message: 176
Sent message: 82ccc176ccc176bbb
Sending message: 177
Sent message: 82ccc177ccc177bbb
Sending message: 178
Sent message: 82ccc178ccc178bbb
Sending message: 179
Sent message: 82ccc179ccc179bbb
Sending message: 180
Sent message: 82ccc180ccc180bbb
Sending message: 181
Sent message: 82ccc181ccc181bbb
Sending message: 182
Sent message: 82ccc182ccc182bbb
Sending message: 183
Sent message: 82ccc183ccc183bbb
Sending message: 184
Sent message: 82ccc184ccc184bbb
Sending message: 185
Sent message: 82ccc185ccc185bbb
Sending message: 186
Sent message: 82ccc186ccc186bbb
Sending message: 187
Sent message: 82ccc187ccc187bbb
Sending message: 188
Sent message: 82ccc188ccc188bbb
Sending message: 189
Sent message: 82ccc189ccc189bbb
Sending message: 190
Sent message: 82ccc190ccc190bbb
Sending message: 191
Sent message: 82ccc191ccc191bbb
Sending message: 192
Sent message: 82ccc192ccc192bbb
Sending message: 193
Sent message: 82ccc193ccc193bbb
Sending message: 194
Sent message: 82ccc194ccc194bbb
Sending message: 195
Sent message: 82ccc195ccc195bbb
Sending message: 196
Sent message: 82ccc196ccc196bbb
Sending message: 197
Sent message: 82ccc197ccc197bbb
Sending message: 198
Sent message: 82ccc198ccc198bbb
Sending message: 199
Sent message: 82ccc199ccc199bbb
Sending message: 200
Sent message: 82ccc200ccc200bbb
Sending message: 201
Sent message: 82ccc201ccc201bbb
Sending message: 202
Sent message: 82ccc202ccc202bbb
Sending message: 203
Sent message: 82ccc203ccc203bbb
Sending message: 204
Sent message: 82ccc204ccc204bbb
Sending message: 205
Sent message: 82ccc205ccc205bbb
Sending message: 206
Sent message: 82ccc206ccc206bbb
Sending message: 207
Sent message: 82ccc207ccc207bbb
Sending message: 208
Sent message: 82ccc208ccc208bbb
Sending message: 209
Sent message: 82ccc209ccc209bbb
Sending message: 210
Sent message: 82ccc210ccc210bbb
Sending message: 211
Sent message: 82ccc211ccc211bbb
Sending message: 212
Sent message: 82ccc212ccc212bbb
Sending message: 213
Sent message: 82ccc213ccc213bbb
Sending message: 214
Sent message: 82ccc214ccc214bbb
Sending message: 215
Sent message: 82ccc215ccc215bbb
Sending message: 216
Sent message: 82ccc216ccc216bbb
Sending message: 217
Sent message: 82ccc217ccc217bbb
Sending message: 218
Sent message: 82ccc218ccc218bbb
Sending message: 219
Sent message: 82ccc219ccc219bbb
Sending message: 220
Sent message: 82ccc220ccc220bbb
Sending message: 221
Sent message: 82ccc221ccc221bbb
Sending message: 222
Sent message: 82ccc222ccc222bbb
Sending message: 223
Sent message: 82ccc223ccc223bbb
Sending message: 224
Sent message: 82ccc224ccc224bbb
Sending message: 225
Sent message: 82ccc225ccc225bbb
Sending message: 226
Sent message: 82ccc226ccc226bbb
Sending message: 227
Sent message: 82ccc227ccc227bbb
Sending message: 228
Sent message: 82ccc228ccc228bbb
Sending message: 229
Sent message: 82ccc229ccc229bbb
Sending message: 230
Sent message: 82ccc230ccc230bbb
Sending message: 231
Sent message: 82ccc231ccc231bbb
Sending message: 232
Sent message: 82ccc232ccc232bbb
Sending message: 233
Sent message: 82ccc233ccc233bbb
Sending message: 234
Sent message: 82ccc234ccc234bbb
Sending message: 235
Sent message: 82ccc235ccc235bbb
Sending message: 236
Sent message: 82ccc236ccc236bbb
Sending message: 237
Sent message: 82ccc237ccc237bbb
Sending message: 238
Sent message: 82ccc238ccc238bbb
Sending message: 239
Sent message: 82ccc239ccc239bbb
Sending message: 240
Sent message: 82ccc240ccc240bbb
Sending message: 241
Sent message: 82ccc241ccc241bbb
Sending message: 242
Sent message: 82ccc242ccc242bbb
Sending message: 243
Sent message: 82ccc243ccc243bbb
Sending message: 244
Sent message: 82ccc244ccc244bbb
Sending message: 245
Sent message: 82ccc245ccc245bbb
Sending message: 246
Sent message: 82ccc246ccc246bbb
Sending message: 247
Sent message: 82ccc247ccc247bbb
Sending message: 248
Sent message: 82ccc248ccc248bbb
Sending message: 249
Sent message: 82ccc249ccc249bbb
Sending message: 250
Sent message: 82ccc250ccc250bbb
Sending message: 251
Sent message: 82ccc251ccc251bbb
Sending message: 252
Sent message: 82ccc252ccc252bbb
Sending message: 253
Sent message: 82ccc253ccc253bbb
Sending message: 254
Sent message: 82ccc254ccc254bbb
Sending message: 255
Sent message: 82ccc255ccc255bbb
Sending message: 256
Sent message: 82ccc256ccc256bbb
Sending message: 257
Sent message: 82ccc257ccc257bbb
Sending message: 258
Sent message: 82ccc258ccc258bbb
Sending message: 259
Sent message: 82ccc259ccc259bbb
Sending message: 260
Sent message: 82ccc260ccc260bbb
Sending message: 261
Sent message: 82ccc261ccc261bbb
Sending message: 262
Sent message: 82ccc262ccc262bbb
Sending message: 263
Sent message: 82ccc263ccc263bbb
Sending message: 264
Sent message: 82ccc264ccc264bbb
Sending message: 265
Sent message: 82ccc265ccc265bbb
Sending message: 266
Sent message: 82ccc266ccc266bbb
Sending message: 267
Sent message: 82ccc267ccc267bbb
Sending message: 268
Sent message: 82ccc268ccc268bbb
Sending message: 269
Sent message: 82ccc269ccc269bbb
Sending message: 270
Sent message: 82ccc270ccc270bbb
Sending message: 271
Sent message: 82ccc271ccc271bbb
Sending message: 272
Sent message: 82ccc272ccc272bbb
Sending message: 273
Sent message: 82ccc273ccc273bbb
Sending message: 274
Sent message: 82ccc274ccc274bbb
Sending message: 275
Sent message: 82ccc275ccc275bbb
Sending message: 276
Sent message: 82ccc276ccc276bbb
Sending message: 277
Sent message: 82ccc277ccc277bbb
Sending message: 278
Sent message: 82ccc278ccc278bbb
Sending message: 279
Sent message: 82ccc279ccc279bbb
Sending message: 280
Sent message: 82ccc280ccc280bbb
Sending message: 281
Sent message: 82ccc281ccc281bbb
Sending message: 282
Sent message: 82ccc282ccc282bbb
Sending message: 283
Sent message: 82ccc283ccc283bbb
Sending message: 284
Sent message: 82ccc284ccc284bbb
Sending message: 285
Sent message: 82ccc285ccc285bbb
Sending message: 286
Sent message: 82ccc286ccc286bbb
Sending message: 287
Sent message: 82ccc287ccc287bbb
Sending message: 288
Sent message: 82ccc288ccc288bbb
Sending message: 289
Sent message: 82ccc289ccc289bbb
Sending message: 290
Sent message: 82ccc290ccc290bbb
Sending message: 291
Sent message: 82ccc291ccc291bbb
Sending message: 292
Sent message: 82ccc292ccc292bbb
Sending message: 293
Sent message: 82ccc293ccc293bbb
Sending message: 294
Sent message: 82ccc294ccc294bbb
Sending message: 295
Sent message: 82ccc295ccc295bbb
Sending message: 296
Sent message: 82ccc296ccc296bbb
Sending message: 297
Sent message: 82ccc297ccc297bbb
Sending message: 298
Sent message: 82ccc298ccc298bbb
Sending message: 299
Sent message: 82ccc299ccc299bbb
Sending message: 300
Sent message: 82ccc300ccc300bbb
Sending message: 301
Sent message: 82ccc301ccc301bbb
Sending message: 302
Sent message: 82ccc302ccc302bbb
Sending message: 303
Sent message: 82ccc303ccc303bbb
Sending message: 304
Sent message: 82ccc304ccc304bbb
Sending message: 305
Sent message: 82ccc305ccc305bbb
Sending message: 306
Sent message: 82ccc306ccc306bbb
Sending message: 307
Sent message: 82ccc307ccc307bbb
Sending message: 308
Sent message: 82ccc308ccc308bbb
Sending message: 309
Sent message: 82ccc309ccc309bbb
Sending message: 310
Sent message: 82ccc310ccc310bbb
Sending message: 311
Sent message: 82ccc311ccc311bbb
Sending message: 312
Sent message: 82ccc312ccc312bbb
Sending message: 313
Sent message: 82ccc313ccc313bbb
Sending message: 314
Sent message: 82ccc314ccc314bbb
Sending message: 315
Sent message: 82ccc315ccc315bbb
Sending message: 316
Sent message: 82ccc316ccc316bbb
Sending message: 317
Sent message: 82ccc317ccc317bbb
Sending message: 318
Sent message: 82ccc318ccc318bbb
Sending message: 319
Sent message: 82ccc319ccc319bbb
Sending message: 320
Sent message: 82ccc320ccc320bbb
Sending message: 321
Sent message: 82ccc321ccc321bbb
Sending message: 322
Sent message: 82ccc322ccc322bbb
Sending message: 323
Sent message: 82ccc323ccc323bbb
Sending message: 324
Sent message: 82ccc324ccc324bbb
Sending message: 325
Sent message: 82ccc325ccc325bbb
Sending message: 326
Sent message: 82ccc326ccc326bbb
Sending message: 327
Sent message: 82ccc327ccc327bbb
Sending message: 328
Sent message: 82ccc328ccc328bbb
Sending message: 329
Sent message: 82ccc329ccc329bbb
Sending message: 330
Sent message: 82ccc330ccc330bbb
Sending message: 331
Sent message: 82ccc331ccc331bbb
Sending message: 332
Sent message: 82ccc332ccc332bbb
Sending message: 333
Sent message: 82ccc333ccc333bbb
Sending message: 334
Sent message: 82ccc334ccc334bbb
Sending message: 335
Sent message: 82ccc335ccc335bbb
Sending message: 336
Sent message: 82ccc336ccc336bbb
Sending message: 337
Sent message: 82ccc337ccc337bbb
Sending message: 338
Sent message: 82ccc338ccc338bbb
Sending message: 339
Sent message: 82ccc339ccc339bbb
Sending message: 340
Sent message: 82ccc340ccc340bbb
Sending message: 341
Sent message: 82ccc341ccc341bbb
Sending message: 342
Sent message: 82ccc342ccc342bbb
Sending message: 343
Sent message: 82ccc343ccc343bbb
Sending message: 344
Sent message: 82ccc344ccc344bbb
Sending message: 345
Sent message: 82ccc345ccc345bbb
Sending message: 346
Sent message: 82ccc346ccc346bbb
Sending message: 347
Sent message: 82ccc347ccc347bbb
Sending message: 348
Sent message: 82ccc348ccc348bbb
Sending message: 349
Sent message: 82ccc349ccc349bbb
Sending message: 350
Sent message: 82ccc350ccc350bbb
Sending message: 351
Sent message: 82ccc351ccc351bbb
Sending message: 352
Sent message: 82ccc352ccc352bbb
Sending message: 353
Sent message: 82ccc353ccc353bbb
Sending message: 354
Sent message: 82ccc354ccc354bbb
Sending message: 355
Sent message: 82ccc355ccc355bbb
Sending message: 356
Sent message: 82ccc356ccc356bbb
Sending message: 357
Sent message: 82ccc357ccc357bbb
Sending message: 358
Sent message: 82ccc358ccc358bbb
Sending message: 359
Sent message: 82ccc359ccc359bbb
Sending message: 360
Sent message: 82ccc360ccc360bbb
Sending message: 361
Sent message: 82ccc361ccc361bbb
Sending message: 362
Sent message: 82ccc362ccc362bbb
Sending message: 363
Sent message: 82ccc363ccc363bbb
Sending message: 364
Sent message: 82ccc364ccc364bbb
Sending message: 365
Sent message: 82ccc365ccc365bbb
Sending message: 366
Sent message: 82ccc366ccc366bbb
Sending message: 367
Sent message: 82ccc367ccc367bbb
Sending message: 368
Sent message: 82ccc368ccc368bbb
Sending message: 369
Sent message: 82ccc369ccc369bbb
Sending message: 370
Sent message: 82ccc370ccc370bbb
Sending message: 371
Sent message: 82ccc371ccc371bbb
Sending message: 372
Sent message: 82ccc372ccc372bbb
Sending message: 373
Sent message: 82ccc373ccc373bbb
Sending message: 374
Sent message: 82ccc374ccc374bbb
Sending message: 375
Sent message: 82ccc375ccc375bbb
Sending message: 376
Sent message: 82ccc376ccc376bbb
Sending message: 377
Sent message: 82ccc377ccc377bbb
Sending message: 378
Sent message: 82ccc378ccc378bbb
Sending message: 379
Sent message: 82ccc379ccc379bbb
Sending message: 380
Sent message: 82ccc380ccc380bbb
Sending message: 381
Sent message: 82ccc381ccc381bbb
Sending message: 382
Sent message: 82ccc382ccc382bbb
Sending message: 383
Sent message: 82ccc383ccc383bbb
Sending message: 384
Sent message: 82ccc384ccc384bbb
Sending message: 385
Sent message: 82ccc385ccc385bbb
Sending message: 386
Sent message: 82ccc386ccc386bbb
Sending message: 387
Sent message: 82ccc387ccc387bbb
Sending message: 388
Sent message: 82ccc388ccc388bbb
Sending message: 389
Sent message: 82ccc389ccc389bbb
Sending message: 390
Sent message: 82ccc390ccc390bbb
Sending message: 391
Sent message: 82ccc391ccc391bbb
Sending message: 392
Sent message: 82ccc392ccc392bbb
Sending message: 393
Sent message: 82ccc393ccc393bbb
Sending message: 394
Sent message: 82ccc394ccc394bbb
Sending message: 395
Sent message: 82ccc395ccc395bbb
Sending message: 396
Sent message: 82ccc396ccc396bbb
Sending message: 397
Sent message: 82ccc397ccc397bbb
Sending message: 398
Sent message: 82ccc398ccc398bbb
Sending message: 399
Sent message: 82ccc399ccc399bbb
Sending message: 400
Sent message: 82ccc400ccc400bbb
Sending message: 401
Sent message: 82ccc401ccc401bbb
Sending message: 402
Sent message: 82ccc402ccc402bbb
Sending message: 403
Sent message: 82ccc403ccc403bbb
Sending message: 404
Sent message: 82ccc404ccc404bbb
Sending message: 405
Sent message: 82ccc405ccc405bbb
Sending message: 406
Sent message: 82ccc406ccc406bbb
Sending message: 407
Sent message: 82ccc407ccc407bbb
Sending message: 408
Sent message: 82ccc408ccc408bbb
Sending message: 409
Sent message: 82ccc409ccc409bbb
Sending message: 410
Sent message: 82ccc410ccc410bbb
Sending message: 411
Sent message: 82ccc411ccc411bbb
Sending message: 412
Sent message: 82ccc412ccc412bbb
Sending message: 413
Sent message: 82ccc413ccc413bbb
Sending message: 414
Sent message: 82ccc414ccc414bbb
Sending message: 415
Sent message: 82ccc415ccc415bbb
Sending message: 416
Sent message: 82ccc416ccc416bbb
Sending message: 417
Sent message: 82ccc417ccc417bbb
Sending message: 418
Sent message: 82ccc418ccc418bbb
Sending message: 419
Sent message: 82ccc419ccc419bbb
Sending message: 420
Sent message: 82ccc420ccc420bbb
Sending message: 421
Sent message: 82ccc421ccc421bbb
Sending message: 422
Sent message: 82ccc422ccc422bbb
Sending message: 423
Sent message: 82ccc423ccc423bbb
Sending message: 424
Sent message: 82ccc424ccc424bbb
Sending message: 425
Sent message: 82ccc425ccc425bbb
Sending message: 426
Sent message: 82ccc426ccc426bbb
Sending message: 427
Sent message: 82ccc427ccc427bbb
Sending message: 428
Sent message: 82ccc428ccc428bbb
Sending message: 429
Sent message: 82ccc429ccc429bbb
Sending message: 430
Sent message: 82ccc430ccc430bbb
Sending message: 431
Sent message: 82ccc431ccc431bbb
Sending message: 432
Sent message: 82ccc432ccc432bbb
Sending message: 433
Sent message: 82ccc433ccc433bbb
Sending message: 434
Sent message: 82ccc434ccc434bbb
Sending message: 435
Sent message: 82ccc435ccc435bbb
Sending message: 436
Sent message: 82ccc436ccc436bbb
Sending message: 437
Sent message: 82ccc437ccc437bbb
Sending message: 438
Sent message: 82ccc438ccc438bbb
Sending message: 439
Sent message: 82ccc439ccc439bbb
Sending message: 440
Sent message: 82ccc440ccc440bbb
Sending message: 441
Sent message: 82ccc441ccc441bbb
Sending message: 442
Sent message: 82ccc442ccc442bbb
Sending message: 443
Sent message: 82ccc443ccc443bbb
Sending message: 444
Sent message: 82ccc444ccc444bbb
Sending message: 445
Sent message: 82ccc445ccc445bbb
Sending message: 446
Sent message: 82ccc446ccc446bbb
Sending message: 447
Sent message: 82ccc447ccc447bbb
Sending message: 448
Sent message: 82ccc448ccc448bbb
Sending message: 449
Sent message: 82ccc449ccc449bbb
Sending message: 450
Sent message: 82ccc450ccc450bbb
Sending message: 451
Sent message: 82ccc451ccc451bbb
Sending message: 452
Sent message: 82ccc452ccc452bbb
Sending message: 453
Sent message: 82ccc453ccc453bbb
Sending message: 454
Sent message: 82ccc454ccc454bbb
Sending message: 455
Sent message: 82ccc455ccc455bbb
Sending message: 456
Sent message: 82ccc456ccc456bbb
Sending message: 457
Sent message: 82ccc457ccc457bbb
Sending message: 458
Sent message: 82ccc458ccc458bbb
Sending message: 459
Sent message: 82ccc459ccc459bbb
Sending message: 460
Sent message: 82ccc460ccc460bbb
Sending message: 461
Sent message: 82ccc461ccc461bbb
Sending message: 462
Sent message: 82ccc462ccc462bbb
Sending message: 463
Sent message: 82ccc463ccc463bbb
Sending message: 464
Sent message: 82ccc464ccc464bbb
Sending message: 465
Sent message: 82ccc465ccc465bbb
Sending message: 466
Sent message: 82ccc466ccc466bbb
Sending message: 467
Sent message: 82ccc467ccc467bbb
Sending message: 468
Sent message: 82ccc468ccc468bbb
Sending message: 469
Sent message: 82ccc469ccc469bbb
Sending message: 470
Sent message: 82ccc470ccc470bbb
Sending message: 471
Sent message: 82ccc471ccc471bbb
Sending message: 472
Sent message: 82ccc472ccc472bbb
Sending message: 473
Sent message: 82ccc473ccc473bbb
Sending message: 474
Sent message: 82ccc474ccc474bbb
Sending message: 475
Sent message: 82ccc475ccc475bbb
Sending message: 476
Sent message: 82ccc476ccc476bbb
Sending message: 477
Sent message: 82ccc477ccc477bbb
Sending message: 478
Sent message: 82ccc478ccc478bbb
Sending message: 479
Sent message: 82ccc479ccc479bbb
Sending message: 480
Sent message: 82ccc480ccc480bbb
Sending message: 481
Sent message: 82ccc481ccc481bbb
Sending message: 482
Sent message: 82ccc482ccc482bbb
Sending message: 483
Sent message: 82ccc483ccc483bbb
Sending message: 484
Sent message: 82ccc484ccc484bbb
Sending message: 485
Sent message: 82ccc485ccc485bbb
Sending message: 486
Sent message: 82ccc486ccc486bbb
Sending message: 487
Sent message: 82ccc487ccc487bbb
Sending message: 488
Sent message: 82ccc488ccc488bbb
Sending message: 489
Sent message: 82ccc489ccc489bbb
Sending message: 490
Sent message: 82ccc490ccc490bbb
Sending message: 491
Sent message: 82ccc491ccc491bbb
Sending message: 492
Sent message: 82ccc492ccc492bbb
Sending message: 493
Sent message: 82ccc493ccc493bbb
Sending message: 494
Sent message: 82ccc494ccc494bbb
Sending message: 495
Sent message: 82ccc495ccc495bbb
Sending message: 496
Sent message: 82ccc496ccc496bbb
Sending message: 497
Sent message: 82ccc497ccc497bbb
Sending message: 498
Sent message: 82ccc498ccc498bbb
Sending message: 499
Sent message: 82ccc499ccc499bbb
Sending message: 500
Sent message: 82ccc500ccc500bbb
Sending message: 501
Sent message: 82ccc501ccc501bbb
Sending message: 502
Immediately stopping network packet processing.
Writing output.
Sent message: 82ccc502ccc502bbb
Sending message: 503
Sent message: 82ccc503ccc503bbb
Sending message: 504