My PID: 8761

From a new terminal type `kill -SIGINT 8761` or `kill -SIGTERM 8761` to stop processing packets

My ID: 100

List of resolved hosts is:
==========================
1
Human-readable IP: 127.0.0.1
Human-readable Port: 11001

2
Human-readable IP: 127.0.0.1
Human-readable Port: 11002

3
Human-readable IP: 127.0.0.1
Human-readable Port: 11003

4
Human-readable IP: 127.0.0.1
Human-readable Port: 11004

5
Human-readable IP: 127.0.0.1
Human-readable Port: 11005

6
Human-readable IP: 127.0.0.1
Human-readable Port: 11006

7
Human-readable IP: 127.0.0.1
Human-readable Port: 11007

8
Human-readable IP: 127.0.0.1
Human-readable Port: 11008

9
Human-readable IP: 127.0.0.1
Human-readable Port: 11009

10
Human-readable IP: 127.0.0.1
Human-readable Port: 11010

11
Human-readable IP: 127.0.0.1
Human-readable Port: 11011

12
Human-readable IP: 127.0.0.1
Human-readable Port: 11012

13
Human-readable IP: 127.0.0.1
Human-readable Port: 11013

14
Human-readable IP: 127.0.0.1
Human-readable Port: 11014

15
Human-readable IP: 127.0.0.1
Human-readable Port: 11015

16
Human-readable IP: 127.0.0.1
Human-readable Port: 11016

17
Human-readable IP: 127.0.0.1
Human-readable Port: 11017

18
Human-readable IP: 127.0.0.1
Human-readable Port: 11018

19
Human-readable IP: 127.0.0.1
Human-readable Port: 11019

20
Human-readable IP: 127.0.0.1
Human-readable Port: 11020

21
Human-readable IP: 127.0.0.1
Human-readable Port: 11021

22
Human-readable IP: 127.0.0.1
Human-readable Port: 11022

23
Human-readable IP: 127.0.0.1
Human-readable Port: 11023

24
Human-readable IP: 127.0.0.1
Human-readable Port: 11024

25
Human-readable IP: 127.0.0.1
Human-readable Port: 11025

26
Human-readable IP: 127.0.0.1
Human-readable Port: 11026

27
Human-readable IP: 127.0.0.1
Human-readable Port: 11027

28
Human-readable IP: 127.0.0.1
Human-readable Port: 11028

29
Human-readable IP: 127.0.0.1
Human-readable Port: 11029

30
Human-readable IP: 127.0.0.1
Human-readable Port: 11030

31
Human-readable IP: 127.0.0.1
Human-readable Port: 11031

32
Human-readable IP: 127.0.0.1
Human-readable Port: 11032

33
Human-readable IP: 127.0.0.1
Human-readable Port: 11033

34
Human-readable IP: 127.0.0.1
Human-readable Port: 11034

35
Human-readable IP: 127.0.0.1
Human-readable Port: 11035

36
Human-readable IP: 127.0.0.1
Human-readable Port: 11036

37
Human-readable IP: 127.0.0.1
Human-readable Port: 11037

38
Human-readable IP: 127.0.0.1
Human-readable Port: 11038

39
Human-readable IP: 127.0.0.1
Human-readable Port: 11039

40
Human-readable IP: 127.0.0.1
Human-readable Port: 11040

41
Human-readable IP: 127.0.0.1
Human-readable Port: 11041

42
Human-readable IP: 127.0.0.1
Human-readable Port: 11042

43
Human-readable IP: 127.0.0.1
Human-readable Port: 11043

44
Human-readable IP: 127.0.0.1
Human-readable Port: 11044

45
Human-readable IP: 127.0.0.1
Human-readable Port: 11045

46
Human-readable IP: 127.0.0.1
Human-readable Port: 11046

47
Human-readable IP: 127.0.0.1
Human-readable Port: 11047

48
Human-readable IP: 127.0.0.1
Human-readable Port: 11048

49
Human-readable IP: 127.0.0.1
Human-readable Port: 11049

50
Human-readable IP: 127.0.0.1
Human-readable Port: 11050

51
Human-readable IP: 127.0.0.1
Human-readable Port: 11051

52
Human-readable IP: 127.0.0.1
Human-readable Port: 11052

53
Human-readable IP: 127.0.0.1
Human-readable Port: 11053

54
Human-readable IP: 127.0.0.1
Human-readable Port: 11054

55
Human-readable IP: 127.0.0.1
Human-readable Port: 11055

56
Human-readable IP: 127.0.0.1
Human-readable Port: 11056

57
Human-readable IP: 127.0.0.1
Human-readable Port: 11057

58
Human-readable IP: 127.0.0.1
Human-readable Port: 11058

59
Human-readable IP: 127.0.0.1
Human-readable Port: 11059

60
Human-readable IP: 127.0.0.1
Human-readable Port: 11060

61
Human-readable IP: 127.0.0.1
Human-readable Port: 11061

62
Human-readable IP: 127.0.0.1
Human-readable Port: 11062

63
Human-readable IP: 127.0.0.1
Human-readable Port: 11063

64
Human-readable IP: 127.0.0.1
Human-readable Port: 11064

65
Human-readable IP: 127.0.0.1
Human-readable Port: 11065

66
Human-readable IP: 127.0.0.1
Human-readable Port: 11066

67
Human-readable IP: 127.0.0.1
Human-readable Port: 11067

68
Human-readable IP: 127.0.0.1
Human-readable Port: 11068

69
Human-readable IP: 127.0.0.1
Human-readable Port: 11069

70
Human-readable IP: 127.0.0.1
Human-readable Port: 11070

71
Human-readable IP: 127.0.0.1
Human-readable Port: 11071

72
Human-readable IP: 127.0.0.1
Human-readable Port: 11072

73
Human-readable IP: 127.0.0.1
Human-readable Port: 11073

74
Human-readable IP: 127.0.0.1
Human-readable Port: 11074

75
Human-readable IP: 127.0.0.1
Human-readable Port: 11075

76
Human-readable IP: 127.0.0.1
Human-readable Port: 11076

77
Human-readable IP: 127.0.0.1
Human-readable Port: 11077

78
Human-readable IP: 127.0.0.1
Human-readable Port: 11078

79
Human-readable IP: 127.0.0.1
Human-readable Port: 11079

80
Human-readable IP: 127.0.0.1
Human-readable Port: 11080

81
Human-readable IP: 127.0.0.1
Human-readable Port: 11081

82
Human-readable IP: 127.0.0.1
Human-readable Port: 11082

83
Human-readable IP: 127.0.0.1
Human-readable Port: 11083

84
Human-readable IP: 127.0.0.1
Human-readable Port: 11084

85
Human-readable IP: 127.0.0.1
Human-readable Port: 11085

86
Human-readable IP: 127.0.0.1
Human-readable Port: 11086

87
Human-readable IP: 127.0.0.1
Human-readable Port: 11087

88
Human-readable IP: 127.0.0.1
Human-readable Port: 11088

89
Human-readable IP: 127.0.0.1
Human-readable Port: 11089

90
Human-readable IP: 127.0.0.1
Human-readable Port: 11090

91
Human-readable IP: 127.0.0.1
Human-readable Port: 11091

92
Human-readable IP: 127.0.0.1
Human-readable Port: 11092

93
Human-readable IP: 127.0.0.1
Human-readable Port: 11093

94
Human-readable IP: 127.0.0.1
Human-readable Port: 11094

95
Human-readable IP: 127.0.0.1
Human-readable Port: 11095

96
Human-readable IP: 127.0.0.1
Human-readable Port: 11096

97
Human-readable IP: 127.0.0.1
Human-readable Port: 11097

98
Human-readable IP: 127.0.0.1
Human-readable Port: 11098

99
Human-readable IP: 127.0.0.1
Human-readable Port: 11099

100
Human-readable IP: 127.0.0.1
Human-readable Port: 11100


Path to output:
===============
/mnt/c/repo/CS451-2023-project/template_java/bin/proc100.output

Path to config:
===============
./bin/config

Doing some initialization

Broadcasting and delivering messages...

Number of messages: 100000
Receiver ID: 1
I am one of the senders
Sending message: 1
Sent message: 100ccc1ccc1bbb
Sending message: 2
Sent message: 100ccc2ccc2bbb
Sending message: 3
Sent message: 100ccc3ccc3bbb
Sending message: 4
Sent message: 100ccc4ccc4bbb
Sending message: 5
Sent message: 100ccc5ccc5bbb
Sending message: 6
Sent message: 100ccc6ccc6bbb
Sending message: 7
Sent message: 100ccc7ccc7bbb
Sending message: 8
Sent message: 100ccc8ccc8bbb
Sending message: 9
Sent message: 100ccc9ccc9bbb
Sending message: 10
Sent message: 100ccc10ccc10bbb
Sending message: 11
Sent message: 100ccc11ccc11bbb
Sending message: 12
Sent message: 100ccc12ccc12bbb
Sending message: 13
Sent message: 100ccc13ccc13bbb
Sending message: 14
Sent message: 100ccc14ccc14bbb
Sending message: 15
Sent message: 100ccc15ccc15bbb
Sending message: 16
Sent message: 100ccc16ccc16bbb
Sending message: 17
Sent message: 100ccc17ccc17bbb
Sending message: 18
Sent message: 100ccc18ccc18bbb
Sending message: 19
Sent message: 100ccc19ccc19bbb
Sending message: 20
Sent message: 100ccc20ccc20bbb
Sending message: 21
Sent message: 100ccc21ccc21bbb
Sending message: 22
Sent message: 100ccc22ccc22bbb
Sending message: 23
Sent message: 100ccc23ccc23bbb
Sending message: 24
Sent message: 100ccc24ccc24bbb
Sending message: 25
Sent message: 100ccc25ccc25bbb
Sending message: 26
Sent message: 100ccc26ccc26bbb
Sending message: 27
Sent message: 100ccc27ccc27bbb
Sending message: 28
Sent message: 100ccc28ccc28bbb
Sending message: 29
Sent message: 100ccc29ccc29bbb
Sending message: 30
Sent message: 100ccc30ccc30bbb
Sending message: 31
Sent message: 100ccc31ccc31bbb
Sending message: 32
Sent message: 100ccc32ccc32bbb
Sending message: 33
Sent message: 100ccc33ccc33bbb
Sending message: 34
Sent message: 100ccc34ccc34bbb
Sending message: 35
Sent message: 100ccc35ccc35bbb
Sending message: 36
Sent message: 100ccc36ccc36bbb
Sending message: 37
Sent message: 100ccc37ccc37bbb
Sending message: 38
Sent message: 100ccc38ccc38bbb
Sending message: 39
Sent message: 100ccc39ccc39bbb
Sending message: 40
Sent message: 100ccc40ccc40bbb
Sending message: 41
Sent message: 100ccc41ccc41bbb
Sending message: 42
Sent message: 100ccc42ccc42bbb
Sending message: 43
Sent message: 100ccc43ccc43bbb
Sending message: 44
Sent message: 100ccc44ccc44bbb
Sending message: 45
Sent message: 100ccc45ccc45bbb
Sending message: 46
Sent message: 100ccc46ccc46bbb
Sending message: 47
Sent message: 100ccc47ccc47bbb
Sending message: 48
Sent message: 100ccc48ccc48bbb
Sending message: 49
Sent message: 100ccc49ccc49bbb
Sending message: 50
Sent message: 100ccc50ccc50bbb
Sending message: 51
Sent message: 100ccc51ccc51bbb
Sending message: 52
Sent message: 100ccc52ccc52bbb
Sending message: 53
Sent message: 100ccc53ccc53bbb
Sending message: 54
Sent message: 100ccc54ccc54bbb
Sending message: 55
Sent message: 100ccc55ccc55bbb
Sending message: 56
Sent message: 100ccc56ccc56bbb
Sending message: 57
Sent message: 100ccc57ccc57bbb
Sending message: 58
Sent message: 100ccc58ccc58bbb
Sending message: 59
Sent message: 100ccc59ccc59bbb
Sending message: 60
Sent message: 100ccc60ccc60bbb
Sending message: 61
Sent message: 100ccc61ccc61bbb
Sending message: 62
Sent message: 100ccc62ccc62bbb
Sending message: 63
Sent message: 100ccc63ccc63bbb
Sending message: 64
Sent message: 100ccc64ccc64bbb
Sending message: 65
Sent message: 100ccc65ccc65bbb
Sending message: 66
Sent message: 100ccc66ccc66bbb
Sending message: 67
Sent message: 100ccc67ccc67bbb
Sending message: 68
Sent message: 100ccc68ccc68bbb
Sending message: 69
Sent message: 100ccc69ccc69bbb
Sending message: 70
Sent message: 100ccc70ccc70bbb
Sending message: 71
Sent message: 100ccc71ccc71bbb
Sending message: 72
Sent message: 100ccc72ccc72bbb
Sending message: 73
Sent message: 100ccc73ccc73bbb
Sending message: 74
Sent message: 100ccc74ccc74bbb
Sending message: 75
Sent message: 100ccc75ccc75bbb
Sending message: 76
Sent message: 100ccc76ccc76bbb
Sending message: 77
Sent message: 100ccc77ccc77bbb
Sending message: 78
Sent message: 100ccc78ccc78bbb
Sending message: 79
Sent message: 100ccc79ccc79bbb
Sending message: 80
Sent message: 100ccc80ccc80bbb
Sending message: 81
Sent message: 100ccc81ccc81bbb
Sending message: 82
Sent message: 100ccc82ccc82bbb
Sending message: 83
Sent message: 100ccc83ccc83bbb
Sending message: 84
Sent message: 100ccc84ccc84bbb
Sending message: 85
Sent message: 100ccc85ccc85bbb
Sending message: 86
Sent message: 100ccc86ccc86bbb
Sending message: 87
Sent message: 100ccc87ccc87bbb
Sending message: 88
Sent message: 100ccc88ccc88bbb
Sending message: 89
Sent message: 100ccc89ccc89bbb
Sending message: 90
Sent message: 100ccc90ccc90bbb
Sending message: 91
Sent message: 100ccc91ccc91bbb
Sending message: 92
Sent message: 100ccc92ccc92bbb
Sending message: 93
Sent message: 100ccc93ccc93bbb
Sending message: 94
Sent message: 100ccc94ccc94bbb
Sending message: 95
Sent message: 100ccc95ccc95bbb
Sending message: 96
Sent message: 100ccc96ccc96bbb
Sending message: 97
Sent message: 100ccc97ccc97bbb
Sending message: 98
Sent message: 100ccc98ccc98bbb
Sending message: 99
Sent message: 100ccc99ccc99bbb
Sending message: 100
Sent message: 100ccc100ccc100bbb
Sending message: 101
Sent message: 100ccc101ccc101bbb
Sending message: 102
Sent message: 100ccc102ccc102bbb
Sending message: 103
Sent message: 100ccc103ccc103bbb
Sending message: 104
Sent message: 100ccc104ccc104bbb
Sending message: 105
Sent message: 100ccc105ccc105bbb
Sending message: 106
Sent message: 100ccc106ccc106bbb
Sending message: 107
Sent message: 100ccc107ccc107bbb
Sending message: 108
Sent message: 100ccc108ccc108bbb
Sending message: 109
Sent message: 100ccc109ccc109bbb
Sending message: 110
Sent message: 100ccc110ccc110bbb
Sending message: 111
Sent message: 100ccc111ccc111bbb
Sending message: 112
Sent message: 100ccc112ccc112bbb
Sending message: 113
Sent message: 100ccc113ccc113bbb
Sending message: 114
Sent message: 100ccc114ccc114bbb
Sending message: 115
Sent message: 100ccc115ccc115bbb
Sending message: 116
Sent message: 100ccc116ccc116bbb
Sending message: 117
Sent message: 100ccc117ccc117bbb
Sending message: 118
Sent message: 100ccc118ccc118bbb
Sending message: 119
Sent message: 100ccc119ccc119bbb
Sending message: 120
Sent message: 100ccc120ccc120bbb
Sending message: 121
Sent message: 100ccc121ccc121bbb
Sending message: 122
Sent message: 100ccc122ccc122bbb
Sending message: 123
Sent message: 100ccc123ccc123bbb
Sending message: 124
Sent message: 100ccc124ccc124bbb
Sending message: 125
Sent message: 100ccc125ccc125bbb
Sending message: 126
Sent message: 100ccc126ccc126bbb
Sending message: 127
Sent message: 100ccc127ccc127bbb
Sending message: 128
Sent message: 100ccc128ccc128bbb
Sending message: 129
Sent message: 100ccc129ccc129bbb
Sending message: 130
Sent message: 100ccc130ccc130bbb
Sending message: 131
Sent message: 100ccc131ccc131bbb
Sending message: 132
Sent message: 100ccc132ccc132bbb
Sending message: 133
Sent message: 100ccc133ccc133bbb
Sending message: 134
Sent message: 100ccc134ccc134bbb
Sending message: 135
Sent message: 100ccc135ccc135bbb
Sending message: 136
Sent message: 100ccc136ccc136bbb
Sending message: 137
Sent message: 100ccc137ccc137bbb
Sending message: 138
Sent message: 100ccc138ccc138bbb
Sending message: 139
Sent message: 100ccc139ccc139bbb
Sending message: 140
Sent message: 100ccc140ccc140bbb
Sending message: 141
Sent message: 100ccc141ccc141bbb
Sending message: 142
Sent message: 100ccc142ccc142bbb
Sending message: 143
Sent message: 100ccc143ccc143bbb
Sending message: 144
Sent message: 100ccc144ccc144bbb
Sending message: 145
Sent message: 100ccc145ccc145bbb
Sending message: 146
Sent message: 100ccc146ccc146bbb
Sending message: 147
Sent message: 100ccc147ccc147bbb
Sending message: 148
Sent message: 100ccc148ccc148bbb
Sending message: 149
Sent message: 100ccc149ccc149bbb
Sending message: 150
Sent message: 100ccc150ccc150bbb
Sending message: 151
Sent message: 100ccc151ccc151bbb
Sending message: 152
Sent message: 100ccc152ccc152bbb
Sending message: 153
Sent message: 100ccc153ccc153bbb
Sending message: 154
Sent message: 100ccc154ccc154bbb
Sending message: 155
Sent message: 100ccc155ccc155bbb
Sending message: 156
Sent message: 100ccc156ccc156bbb
Sending message: 157
Sent message: 100ccc157ccc157bbb
Sending message: 158
Sent message: 100ccc158ccc158bbb
Sending message: 159
Sent message: 100ccc159ccc159bbb
Sending message: 160
Sent message: 100ccc160ccc160bbb
Sending message: 161
Sent message: 100ccc161ccc161bbb
Sending message: 162
Sent message: 100ccc162ccc162bbb
Sending message: 163
Sent message: 100ccc163ccc163bbb
Sending message: 164
Sent message: 100ccc164ccc164bbb
Sending message: 165
Sent message: 100ccc165ccc165bbb
Sending message: 166
Sent message: 100ccc166ccc166bbb
Sending message: 167
Sent message: 100ccc167ccc167bbb
Sending message: 168
Sent message: 100ccc168ccc168bbb
Sending message: 169
Sent message: 100ccc169ccc169bbb
Sending message: 170
Sent message: 100ccc170ccc170bbb
Sending message: 171
Sent message: 100ccc171ccc171bbb
Sending message: 172
Sent message: 100ccc172ccc172bbb
Sending message: 173
Sent message: 100ccc173ccc173bbb
Sending message: 174
Sent message: 100ccc174ccc174bbb
Sending message: 175
Sent message: 100ccc175ccc175bbb
Sending message: 176
Sent message: 100ccc176ccc176bbb
Sending message: 177
Sent message: 100ccc177ccc177bbb
Sending message: 178
Sent message: 100ccc178ccc178bbb
Sending message: 179
Sent message: 100ccc179ccc179bbb
Sending message: 180
Sent message: 100ccc180ccc180bbb
Sending message: 181
Sent message: 100ccc181ccc181bbb
Sending message: 182
Sent message: 100ccc182ccc182bbb
Sending message: 183
Sent message: 100ccc183ccc183bbb
Sending message: 184
Sent message: 100ccc184ccc184bbb
Sending message: 185
Sent message: 100ccc185ccc185bbb
Sending message: 186
Sent message: 100ccc186ccc186bbb
Sending message: 187
Sent message: 100ccc187ccc187bbb
Sending message: 188
Sent message: 100ccc188ccc188bbb
Sending message: 189
Sent message: 100ccc189ccc189bbb
Sending message: 190
Sent message: 100ccc190ccc190bbb
Sending message: 191
Sent message: 100ccc191ccc191bbb
Sending message: 192
Sent message: 100ccc192ccc192bbb
Sending message: 193
Sent message: 100ccc193ccc193bbb
Sending message: 194
Sent message: 100ccc194ccc194bbb
Sending message: 195
Sent message: 100ccc195ccc195bbb
Sending message: 196
Sent message: 100ccc196ccc196bbb
Sending message: 197
Sent message: 100ccc197ccc197bbb
Sending message: 198
Sent message: 100ccc198ccc198bbb
Sending message: 199
Sent message: 100ccc199ccc199bbb
Sending message: 200
Sent message: 100ccc200ccc200bbb
Sending message: 201
Sent message: 100ccc201ccc201bbb
Sending message: 202
Sent message: 100ccc202ccc202bbb
Sending message: 203
Sent message: 100ccc203ccc203bbb
Sending message: 204
Sent message: 100ccc204ccc204bbb
Sending message: 205
Sent message: 100ccc205ccc205bbb
Sending message: 206
Sent message: 100ccc206ccc206bbb
Sending message: 207
Sent message: 100ccc207ccc207bbb
Sending message: 208
Sent message: 100ccc208ccc208bbb
Sending message: 209
Sent message: 100ccc209ccc209bbb
Sending message: 210
Sent message: 100ccc210ccc210bbb
Sending message: 211
Sent message: 100ccc211ccc211bbb
Sending message: 212
Sent message: 100ccc212ccc212bbb
Sending message: 213
Sent message: 100ccc213ccc213bbb
Sending message: 214
Sent message: 100ccc214ccc214bbb
Sending message: 215
Sent message: 100ccc215ccc215bbb
Sending message: 216
Sent message: 100ccc216ccc216bbb
Sending message: 217
Sent message: 100ccc217ccc217bbb
Sending message: 218
Sent message: 100ccc218ccc218bbb
Sending message: 219
Sent message: 100ccc219ccc219bbb
Sending message: 220
Sent message: 100ccc220ccc220bbb
Sending message: 221
Sent message: 100ccc221ccc221bbb
Sending message: 222
Sent message: 100ccc222ccc222bbb
Sending message: 223
Sent message: 100ccc223ccc223bbb
Sending message: 224
Sent message: 100ccc224ccc224bbb
Sending message: 225
Sent message: 100ccc225ccc225bbb
Sending message: 226
Sent message: 100ccc226ccc226bbb
Sending message: 227
Sent message: 100ccc227ccc227bbb
Sending message: 228
Sent message: 100ccc228ccc228bbb
Sending message: 229
Sent message: 100ccc229ccc229bbb
Sending message: 230
Sent message: 100ccc230ccc230bbb
Sending message: 231
Sent message: 100ccc231ccc231bbb
Sending message: 232
Sent message: 100ccc232ccc232bbb
Sending message: 233
Sent message: 100ccc233ccc233bbb
Sending message: 234
Sent message: 100ccc234ccc234bbb
Sending message: 235
Sent message: 100ccc235ccc235bbb
Sending message: 236
Sent message: 100ccc236ccc236bbb
Sending message: 237
Sent message: 100ccc237ccc237bbb
Sending message: 238
Sent message: 100ccc238ccc238bbb
Sending message: 239
Sent message: 100ccc239ccc239bbb
Sending message: 240
Sent message: 100ccc240ccc240bbb
Sending message: 241
Sent message: 100ccc241ccc241bbb
Sending message: 242
Sent message: 100ccc242ccc242bbb
Sending message: 243
Sent message: 100ccc243ccc243bbb
Sending message: 244
Sent message: 100ccc244ccc244bbb
Sending message: 245
Sent message: 100ccc245ccc245bbb
Sending message: 246
Sent message: 100ccc246ccc246bbb
Sending message: 247
Sent message: 100ccc247ccc247bbb
Sending message: 248
Sent message: 100ccc248ccc248bbb
Sending message: 249
Sent message: 100ccc249ccc249bbb
Sending message: 250
Sent message: 100ccc250ccc250bbb
Sending message: 251
Sent message: 100ccc251ccc251bbb
Sending message: 252
Sent message: 100ccc252ccc252bbb
Sending message: 253
Sent message: 100ccc253ccc253bbb
Sending message: 254
Sent message: 100ccc254ccc254bbb
Sending message: 255
Sent message: 100ccc255ccc255bbb
Sending message: 256
Sent message: 100ccc256ccc256bbb
Sending message: 257
Sent message: 100ccc257ccc257bbb
Sending message: 258
Sent message: 100ccc258ccc258bbb
Sending message: 259
Sent message: 100ccc259ccc259bbb
Sending message: 260
Sent message: 100ccc260ccc260bbb
Sending message: 261
Sent message: 100ccc261ccc261bbb
Sending message: 262
Sent message: 100ccc262ccc262bbb
Sending message: 263
Sent message: 100ccc263ccc263bbb
Sending message: 264
Sent message: 100ccc264ccc264bbb
Sending message: 265
Sent message: 100ccc265ccc265bbb
Sending message: 266
Sent message: 100ccc266ccc266bbb
Sending message: 267
Sent message: 100ccc267ccc267bbb
Sending message: 268
Sent message: 100ccc268ccc268bbb
Sending message: 269
Sent message: 100ccc269ccc269bbb
Sending message: 270
Sent message: 100ccc270ccc270bbb
Sending message: 271
Sent message: 100ccc271ccc271bbb
Sending message: 272
Sent message: 100ccc272ccc272bbb
Sending message: 273
Sent message: 100ccc273ccc273bbb
Sending message: 274
Sent message: 100ccc274ccc274bbb
Sending message: 275
Sent message: 100ccc275ccc275bbb
Sending message: 276
Sent message: 100ccc276ccc276bbb
Sending message: 277
Sent message: 100ccc277ccc277bbb
Sending message: 278
Sent message: 100ccc278ccc278bbb
Sending message: 279
Sent message: 100ccc279ccc279bbb
Sending message: 280
Sent message: 100ccc280ccc280bbb
Sending message: 281
Sent message: 100ccc281ccc281bbb
Sending message: 282
Sent message: 100ccc282ccc282bbb
Sending message: 283
Sent message: 100ccc283ccc283bbb
Sending message: 284
Sent message: 100ccc284ccc284bbb
Sending message: 285
Sent message: 100ccc285ccc285bbb
Sending message: 286
Sent message: 100ccc286ccc286bbb
Sending message: 287
Sent message: 100ccc287ccc287bbb
Sending message: 288
Sent message: 100ccc288ccc288bbb
Sending message: 289
Sent message: 100ccc289ccc289bbb
Sending message: 290
Sent message: 100ccc290ccc290bbb
Sending message: 291
Sent message: 100ccc291ccc291bbb
Sending message: 292
Sent message: 100ccc292ccc292bbb
Sending message: 293
Sent message: 100ccc293ccc293bbb
Sending message: 294
Sent message: 100ccc294ccc294bbb
Sending message: 295
Sent message: 100ccc295ccc295bbb
Sending message: 296
Sent message: 100ccc296ccc296bbb
Sending message: 297
Sent message: 100ccc297ccc297bbb
Sending message: 298
Sent message: 100ccc298ccc298bbb
Sending message: 299
Sent message: 100ccc299ccc299bbb
Sending message: 300
Sent message: 100ccc300ccc300bbb
Sending message: 301
Sent message: 100ccc301ccc301bbb
Sending message: 302
Sent message: 100ccc302ccc302bbb
Sending message: 303
Sent message: 100ccc303ccc303bbb
Sending message: 304
Sent message: 100ccc304ccc304bbb
Sending message: 305
Sent message: 100ccc305ccc305bbb
Sending message: 306
Sent message: 100ccc306ccc306bbb
Sending message: 307
Sent message: 100ccc307ccc307bbb
Sending message: 308
Sent message: 100ccc308ccc308bbb
Sending message: 309
Sent message: 100ccc309ccc309bbb
Sending message: 310
Sent message: 100ccc310ccc310bbb
Sending message: 311
Sent message: 100ccc311ccc311bbb
Sending message: 312
Sent message: 100ccc312ccc312bbb
Sending message: 313
Sent message: 100ccc313ccc313bbb
Sending message: 314
Sent message: 100ccc314ccc314bbb
Sending message: 315
Sent message: 100ccc315ccc315bbb
Sending message: 316
Sent message: 100ccc316ccc316bbb
Sending message: 317
Sent message: 100ccc317ccc317bbb
Sending message: 318
Sent message: 100ccc318ccc318bbb
Sending message: 319
Sent message: 100ccc319ccc319bbb
Sending message: 320
Sent message: 100ccc320ccc320bbb
Sending message: 321
Sent message: 100ccc321ccc321bbb
Sending message: 322
Sent message: 100ccc322ccc322bbb
Sending message: 323
Sent message: 100ccc323ccc323bbb
Sending message: 324
Sent message: 100ccc324ccc324bbb
Sending message: 325
Sent message: 100ccc325ccc325bbb
Sending message: 326
Sent message: 100ccc326ccc326bbb
Sending message: 327
Sent message: 100ccc327ccc327bbb
Sending message: 328
Sent message: 100ccc328ccc328bbb
Sending message: 329
Sent message: 100ccc329ccc329bbb
Sending message: 330
Sent message: 100ccc330ccc330bbb
Sending message: 331
Sent message: 100ccc331ccc331bbb
Sending message: 332
Sent message: 100ccc332ccc332bbb
Sending message: 333
Sent message: 100ccc333ccc333bbb
Sending message: 334
Sent message: 100ccc334ccc334bbb
Sending message: 335
Sent message: 100ccc335ccc335bbb
Sending message: 336
Sent message: 100ccc336ccc336bbb
Sending message: 337
Sent message: 100ccc337ccc337bbb
Sending message: 338
Sent message: 100ccc338ccc338bbb
Sending message: 339
Sent message: 100ccc339ccc339bbb
Sending message: 340
Sent message: 100ccc340ccc340bbb
Sending message: 341
Sent message: 100ccc341ccc341bbb
Sending message: 342
Sent message: 100ccc342ccc342bbb
Sending message: 343
Sent message: 100ccc343ccc343bbb
Sending message: 344
Sent message: 100ccc344ccc344bbb
Sending message: 345
Sent message: 100ccc345ccc345bbb
Sending message: 346
Sent message: 100ccc346ccc346bbb
Sending message: 347
Sent message: 100ccc347ccc347bbb
Sending message: 348
Sent message: 100ccc348ccc348bbb
Sending message: 349
Sent message: 100ccc349ccc349bbb
Sending message: 350
Sent message: 100ccc350ccc350bbb
Sending message: 351
Sent message: 100ccc351ccc351bbb
Sending message: 352
Sent message: 100ccc352ccc352bbb
Sending message: 353
Sent message: 100ccc353ccc353bbb
Sending message: 354
Sent message: 100ccc354ccc354bbb
Sending message: 355
Sent message: 100ccc355ccc355bbb
Sending message: 356
Sent message: 100ccc356ccc356bbb
Sending message: 357
Sent message: 100ccc357ccc357bbb
Sending message: 358
Sent message: 100ccc358ccc358bbb
Sending message: 359
Sent message: 100ccc359ccc359bbb
Sending message: 360
Sent message: 100ccc360ccc360bbb
Sending message: 361
Sent message: 100ccc361ccc361bbb
Sending message: 362
Sent message: 100ccc362ccc362bbb
Sending message: 363
Sent message: 100ccc363ccc363bbb
Sending message: 364
Sent message: 100ccc364ccc364bbb
Sending message: 365
Sent message: 100ccc365ccc365bbb
Sending message: 366
Sent message: 100ccc366ccc366bbb
Sending message: 367
Sent message: 100ccc367ccc367bbb
Sending message: 368
Sent message: 100ccc368ccc368bbb
Sending message: 369
Sent message: 100ccc369ccc369bbb
Sending message: 370
Sent message: 100ccc370ccc370bbb
Sending message: 371
Sent message: 100ccc371ccc371bbb
Sending message: 372
Sent message: 100ccc372ccc372bbb
Sending message: 373
Sent message: 100ccc373ccc373bbb
Sending message: 374
Sent message: 100ccc374ccc374bbb
Sending message: 375
Sent message: 100ccc375ccc375bbb
Sending message: 376
Sent message: 100ccc376ccc376bbb
Sending message: 377
Sent message: 100ccc377ccc377bbb
Sending message: 378
Sent message: 100ccc378ccc378bbb
Sending message: 379
Sent message: 100ccc379ccc379bbb
Sending message: 380
Sent message: 100ccc380ccc380bbb
Sending message: 381
Sent message: 100ccc381ccc381bbb
Sending message: 382
Sent message: 100ccc382ccc382bbb
Sending message: 383
Sent message: 100ccc383ccc383bbb
Sending message: 384
Sent message: 100ccc384ccc384bbb
Sending message: 385
Sent message: 100ccc385ccc385bbb
Sending message: 386
Sent message: 100ccc386ccc386bbb
Sending message: 387
Sent message: 100ccc387ccc387bbb
Sending message: 388
Sent message: 100ccc388ccc388bbb
Sending message: 389
Sent message: 100ccc389ccc389bbb
Sending message: 390
Sent message: 100ccc390ccc390bbb
Sending message: 391
Sent message: 100ccc391ccc391bbb
Sending message: 392
Sent message: 100ccc392ccc392bbb
Sending message: 393
Sent message: 100ccc393ccc393bbb
Sending message: 394
Sent message: 100ccc394ccc394bbb
Sending message: 395
Sent message: 100ccc395ccc395bbb
Sending message: 396
Sent message: 100ccc396ccc396bbb
Sending message: 397
Sent message: 100ccc397ccc397bbb
Sending message: 398
Sent message: 100ccc398ccc398bbb
Sending message: 399
Sent message: 100ccc399ccc399bbb
Sending message: 400
Sent message: 100ccc400ccc400bbb
Sending message: 401
Sent message: 100ccc401ccc401bbb
Sending message: 402
Sent message: 100ccc402ccc402bbb
Sending message: 403
Sent message: 100ccc403ccc403bbb
Sending message: 404
Sent message: 100ccc404ccc404bbb
Sending message: 405
Sent message: 100ccc405ccc405bbb
Sending message: 406
Sent message: 100ccc406ccc406bbb
Sending message: 407
Sent message: 100ccc407ccc407bbb
Sending message: 408
Sent message: 100ccc408ccc408bbb
Sending message: 409
Sent message: 100ccc409ccc409bbb
Sending message: 410
Sent message: 100ccc410ccc410bbb
Sending message: 411
Sent message: 100ccc411ccc411bbb
Sending message: 412
Sent message: 100ccc412ccc412bbb
Sending message: 413
Sent message: 100ccc413ccc413bbb
Sending message: 414
Sent message: 100ccc414ccc414bbb
Sending message: 415
Sent message: 100ccc415ccc415bbb
Sending message: 416
Sent message: 100ccc416ccc416bbb
Sending message: 417
Sent message: 100ccc417ccc417bbb
Sending message: 418
Sent message: 100ccc418ccc418bbb
Sending message: 419
Sent message: 100ccc419ccc419bbb
Sending message: 420
Sent message: 100ccc420ccc420bbb
Sending message: 421
Sent message: 100ccc421ccc421bbb
Sending message: 422
Sent message: 100ccc422ccc422bbb
Sending message: 423
Sent message: 100ccc423ccc423bbb
Sending message: 424
Sent message: 100ccc424ccc424bbb
Sending message: 425
Sent message: 100ccc425ccc425bbb
Sending message: 426
Sent message: 100ccc426ccc426bbb
Sending message: 427
Sent message: 100ccc427ccc427bbb
Sending message: 428
Sent message: 100ccc428ccc428bbb
Sending message: 429
Sent message: 100ccc429ccc429bbb
Sending message: 430
Sent message: 100ccc430ccc430bbb
Sending message: 431
Sent message: 100ccc431ccc431bbb
Sending message: 432
Sent message: 100ccc432ccc432bbb
Sending message: 433
Sent message: 100ccc433ccc433bbb
Sending message: 434
Sent message: 100ccc434ccc434bbb
Sending message: 435
Sent message: 100ccc435ccc435bbb
Sending message: 436
Sent message: 100ccc436ccc436bbb
Sending message: 437
Sent message: 100ccc437ccc437bbb
Sending message: 438
Sent message: 100ccc438ccc438bbb
Sending message: 439
Sent message: 100ccc439ccc439bbb
Sending message: 440
Sent message: 100ccc440ccc440bbb
Sending message: 441
Sent message: 100ccc441ccc441bbb
Sending message: 442
Sent message: 100ccc442ccc442bbb
Sending message: 443
Sent message: 100ccc443ccc443bbb
Sending message: 444
Sent message: 100ccc444ccc444bbb
Sending message: 445
Sent message: 100ccc445ccc445bbb
Sending message: 446
Sent message: 100ccc446ccc446bbb
Sending message: 447
Sent message: 100ccc447ccc447bbb
Sending message: 448
Sent message: 100ccc448ccc448bbb
Sending message: 449
Sent message: 100ccc449ccc449bbb
Sending message: 450
Sent message: 100ccc450ccc450bbb
Sending message: 451
Sent message: 100ccc451ccc451bbb
Sending message: 452
Sent message: 100ccc452ccc452bbb
Sending message: 453
Sent message: 100ccc453ccc453bbb
Sending message: 454
Sent message: 100ccc454ccc454bbb
Sending message: 455
Sent message: 100ccc455ccc455bbb
Sending message: 456
Sent message: 100ccc456ccc456bbb
Sending message: 457
Sent message: 100ccc457ccc457bbb
Sending message: 458
Sent message: 100ccc458ccc458bbb
Sending message: 459
Sent message: 100ccc459ccc459bbb
Sending message: 460
Sent message: 100ccc460ccc460bbb
Sending message: 461
Sent message: 100ccc461ccc461bbb
Sending message: 462
Sent message: 100ccc462ccc462bbb
Sending message: 463
Sent message: 100ccc463ccc463bbb
Sending message: 464
Sent message: 100ccc464ccc464bbb
Sending message: 465
Sent message: 100ccc465ccc465bbb
Sending message: 466
Sent message: 100ccc466ccc466bbb
Sending message: 467
Sent message: 100ccc467ccc467bbb
Sending message: 468
Sent message: 100ccc468ccc468bbb
Sending message: 469
Sent message: 100ccc469ccc469bbb
Sending message: 470
Sent message: 100ccc470ccc470bbb
Sending message: 471
Sent message: 100ccc471ccc471bbb
Sending message: 472
Sent message: 100ccc472ccc472bbb
Sending message: 473
Sent message: 100ccc473ccc473bbb
Sending message: 474
Sent message: 100ccc474ccc474bbb
Sending message: 475
Sent message: 100ccc475ccc475bbb
Sending message: 476
Sent message: 100ccc476ccc476bbb
Sending message: 477
Sent message: 100ccc477ccc477bbb
Sending message: 478
Sent message: 100ccc478ccc478bbb
Sending message: 479
Sent message: 100ccc479ccc479bbb
Sending message: 480
Sent message: 100ccc480ccc480bbb
Sending message: 481
Sent message: 100ccc481ccc481bbb
Sending message: 482
Sent message: 100ccc482ccc482bbb
Sending message: 483
Sent message: 100ccc483ccc483bbb
Immediately stopping network packet processing.
Writing output.
Sending message: 484
Sent message: 100ccc484ccc484bbb