My PID: 6870

From a new terminal type `kill -SIGINT 6870` or `kill -SIGTERM 6870` to stop processing packets

My ID: 8

List of resolved hosts is:
==========================
1
Human-readable IP: 127.0.0.1
Human-readable Port: 11001

2
Human-readable IP: 127.0.0.1
Human-readable Port: 11002

3
Human-readable IP: 127.0.0.1
Human-readable Port: 11003

4
Human-readable IP: 127.0.0.1
Human-readable Port: 11004

5
Human-readable IP: 127.0.0.1
Human-readable Port: 11005

6
Human-readable IP: 127.0.0.1
Human-readable Port: 11006

7
Human-readable IP: 127.0.0.1
Human-readable Port: 11007

8
Human-readable IP: 127.0.0.1
Human-readable Port: 11008

9
Human-readable IP: 127.0.0.1
Human-readable Port: 11009

10
Human-readable IP: 127.0.0.1
Human-readable Port: 11010

11
Human-readable IP: 127.0.0.1
Human-readable Port: 11011

12
Human-readable IP: 127.0.0.1
Human-readable Port: 11012

13
Human-readable IP: 127.0.0.1
Human-readable Port: 11013

14
Human-readable IP: 127.0.0.1
Human-readable Port: 11014

15
Human-readable IP: 127.0.0.1
Human-readable Port: 11015

16
Human-readable IP: 127.0.0.1
Human-readable Port: 11016

17
Human-readable IP: 127.0.0.1
Human-readable Port: 11017

18
Human-readable IP: 127.0.0.1
Human-readable Port: 11018

19
Human-readable IP: 127.0.0.1
Human-readable Port: 11019

20
Human-readable IP: 127.0.0.1
Human-readable Port: 11020

21
Human-readable IP: 127.0.0.1
Human-readable Port: 11021

22
Human-readable IP: 127.0.0.1
Human-readable Port: 11022

23
Human-readable IP: 127.0.0.1
Human-readable Port: 11023

24
Human-readable IP: 127.0.0.1
Human-readable Port: 11024

25
Human-readable IP: 127.0.0.1
Human-readable Port: 11025

26
Human-readable IP: 127.0.0.1
Human-readable Port: 11026

27
Human-readable IP: 127.0.0.1
Human-readable Port: 11027

28
Human-readable IP: 127.0.0.1
Human-readable Port: 11028

29
Human-readable IP: 127.0.0.1
Human-readable Port: 11029

30
Human-readable IP: 127.0.0.1
Human-readable Port: 11030

31
Human-readable IP: 127.0.0.1
Human-readable Port: 11031

32
Human-readable IP: 127.0.0.1
Human-readable Port: 11032

33
Human-readable IP: 127.0.0.1
Human-readable Port: 11033

34
Human-readable IP: 127.0.0.1
Human-readable Port: 11034

35
Human-readable IP: 127.0.0.1
Human-readable Port: 11035

36
Human-readable IP: 127.0.0.1
Human-readable Port: 11036

37
Human-readable IP: 127.0.0.1
Human-readable Port: 11037

38
Human-readable IP: 127.0.0.1
Human-readable Port: 11038

39
Human-readable IP: 127.0.0.1
Human-readable Port: 11039

40
Human-readable IP: 127.0.0.1
Human-readable Port: 11040

41
Human-readable IP: 127.0.0.1
Human-readable Port: 11041

42
Human-readable IP: 127.0.0.1
Human-readable Port: 11042

43
Human-readable IP: 127.0.0.1
Human-readable Port: 11043

44
Human-readable IP: 127.0.0.1
Human-readable Port: 11044

45
Human-readable IP: 127.0.0.1
Human-readable Port: 11045

46
Human-readable IP: 127.0.0.1
Human-readable Port: 11046

47
Human-readable IP: 127.0.0.1
Human-readable Port: 11047

48
Human-readable IP: 127.0.0.1
Human-readable Port: 11048

49
Human-readable IP: 127.0.0.1
Human-readable Port: 11049

50
Human-readable IP: 127.0.0.1
Human-readable Port: 11050

51
Human-readable IP: 127.0.0.1
Human-readable Port: 11051

52
Human-readable IP: 127.0.0.1
Human-readable Port: 11052

53
Human-readable IP: 127.0.0.1
Human-readable Port: 11053

54
Human-readable IP: 127.0.0.1
Human-readable Port: 11054

55
Human-readable IP: 127.0.0.1
Human-readable Port: 11055

56
Human-readable IP: 127.0.0.1
Human-readable Port: 11056

57
Human-readable IP: 127.0.0.1
Human-readable Port: 11057

58
Human-readable IP: 127.0.0.1
Human-readable Port: 11058

59
Human-readable IP: 127.0.0.1
Human-readable Port: 11059

60
Human-readable IP: 127.0.0.1
Human-readable Port: 11060

61
Human-readable IP: 127.0.0.1
Human-readable Port: 11061

62
Human-readable IP: 127.0.0.1
Human-readable Port: 11062

63
Human-readable IP: 127.0.0.1
Human-readable Port: 11063

64
Human-readable IP: 127.0.0.1
Human-readable Port: 11064

65
Human-readable IP: 127.0.0.1
Human-readable Port: 11065

66
Human-readable IP: 127.0.0.1
Human-readable Port: 11066

67
Human-readable IP: 127.0.0.1
Human-readable Port: 11067

68
Human-readable IP: 127.0.0.1
Human-readable Port: 11068

69
Human-readable IP: 127.0.0.1
Human-readable Port: 11069

70
Human-readable IP: 127.0.0.1
Human-readable Port: 11070

71
Human-readable IP: 127.0.0.1
Human-readable Port: 11071

72
Human-readable IP: 127.0.0.1
Human-readable Port: 11072

73
Human-readable IP: 127.0.0.1
Human-readable Port: 11073

74
Human-readable IP: 127.0.0.1
Human-readable Port: 11074

75
Human-readable IP: 127.0.0.1
Human-readable Port: 11075

76
Human-readable IP: 127.0.0.1
Human-readable Port: 11076

77
Human-readable IP: 127.0.0.1
Human-readable Port: 11077

78
Human-readable IP: 127.0.0.1
Human-readable Port: 11078

79
Human-readable IP: 127.0.0.1
Human-readable Port: 11079

80
Human-readable IP: 127.0.0.1
Human-readable Port: 11080

81
Human-readable IP: 127.0.0.1
Human-readable Port: 11081

82
Human-readable IP: 127.0.0.1
Human-readable Port: 11082

83
Human-readable IP: 127.0.0.1
Human-readable Port: 11083

84
Human-readable IP: 127.0.0.1
Human-readable Port: 11084

85
Human-readable IP: 127.0.0.1
Human-readable Port: 11085

86
Human-readable IP: 127.0.0.1
Human-readable Port: 11086

87
Human-readable IP: 127.0.0.1
Human-readable Port: 11087

88
Human-readable IP: 127.0.0.1
Human-readable Port: 11088

89
Human-readable IP: 127.0.0.1
Human-readable Port: 11089

90
Human-readable IP: 127.0.0.1
Human-readable Port: 11090

91
Human-readable IP: 127.0.0.1
Human-readable Port: 11091

92
Human-readable IP: 127.0.0.1
Human-readable Port: 11092

93
Human-readable IP: 127.0.0.1
Human-readable Port: 11093

94
Human-readable IP: 127.0.0.1
Human-readable Port: 11094

95
Human-readable IP: 127.0.0.1
Human-readable Port: 11095

96
Human-readable IP: 127.0.0.1
Human-readable Port: 11096

97
Human-readable IP: 127.0.0.1
Human-readable Port: 11097

98
Human-readable IP: 127.0.0.1
Human-readable Port: 11098

99
Human-readable IP: 127.0.0.1
Human-readable Port: 11099

100
Human-readable IP: 127.0.0.1
Human-readable Port: 11100


Path to output:
===============
/mnt/c/repo/CS451-2023-project/template_java/bin/proc08.output

Path to config:
===============
./bin/config

Doing some initialization

Broadcasting and delivering messages...

Number of messages: 100000
Receiver ID: 1
I am one of the senders
Sending message: 1
Sent message: 8ccc1ccc1bbb
Sending message: 2
Sent message: 8ccc2ccc2bbb
Sending message: 3
Sent message: 8ccc3ccc3bbb
Sending message: 4
Sent message: 8ccc4ccc4bbb
Sending message: 5
Sent message: 8ccc5ccc5bbb
Sending message: 6
Sent message: 8ccc6ccc6bbb
Sending message: 7
Sent message: 8ccc7ccc7bbb
Sending message: 8
Sent message: 8ccc8ccc8bbb
Sending message: 9
Sent message: 8ccc9ccc9bbb
Sending message: 10
Sent message: 8ccc10ccc10bbb
Sending message: 11
Sent message: 8ccc11ccc11bbb
Sending message: 12
Sent message: 8ccc12ccc12bbb
Sending message: 13
Sent message: 8ccc13ccc13bbb
Sending message: 14
Sent message: 8ccc14ccc14bbb
Sending message: 15
Sent message: 8ccc15ccc15bbb
Sending message: 16
Sent message: 8ccc16ccc16bbb
Sending message: 17
Sent message: 8ccc17ccc17bbb
Sending message: 18
Sent message: 8ccc18ccc18bbb
Sending message: 19
Sent message: 8ccc19ccc19bbb
Sending message: 20
Sent message: 8ccc20ccc20bbb
Sending message: 21
Sent message: 8ccc21ccc21bbb
Sending message: 22
Sent message: 8ccc22ccc22bbb
Sending message: 23
Sent message: 8ccc23ccc23bbb
Sending message: 24
Sent message: 8ccc24ccc24bbb
Sending message: 25
Sent message: 8ccc25ccc25bbb
Sending message: 26
Sent message: 8ccc26ccc26bbb
Sending message: 27
Sent message: 8ccc27ccc27bbb
Sending message: 28
Sent message: 8ccc28ccc28bbb
Sending message: 29
Sent message: 8ccc29ccc29bbb
Sending message: 30
Sent message: 8ccc30ccc30bbb
Sending message: 31
Sent message: 8ccc31ccc31bbb
Sending message: 32
Sent message: 8ccc32ccc32bbb
Sending message: 33
Sent message: 8ccc33ccc33bbb
Sending message: 34
Sent message: 8ccc34ccc34bbb
Sending message: 35
Sent message: 8ccc35ccc35bbb
Sending message: 36
Sent message: 8ccc36ccc36bbb
Sending message: 37
Sent message: 8ccc37ccc37bbb
Sending message: 38
Sent message: 8ccc38ccc38bbb
Sending message: 39
Sent message: 8ccc39ccc39bbb
Sending message: 40
Sent message: 8ccc40ccc40bbb
Sending message: 41
Sent message: 8ccc41ccc41bbb
Sending message: 42
Sent message: 8ccc42ccc42bbb
Sending message: 43
Sent message: 8ccc43ccc43bbb
Sending message: 44
Sent message: 8ccc44ccc44bbb
Sending message: 45
Sent message: 8ccc45ccc45bbb
Sending message: 46
Sent message: 8ccc46ccc46bbb
Sending message: 47
Sent message: 8ccc47ccc47bbb
Sending message: 48
Sent message: 8ccc48ccc48bbb
Sending message: 49
Sent message: 8ccc49ccc49bbb
Sending message: 50
Sent message: 8ccc50ccc50bbb
Sending message: 51
Sent message: 8ccc51ccc51bbb
Sending message: 52
Sent message: 8ccc52ccc52bbb
Sending message: 53
Sent message: 8ccc53ccc53bbb
Sending message: 54
Sent message: 8ccc54ccc54bbb
Sending message: 55
Sent message: 8ccc55ccc55bbb
Sending message: 56
Sent message: 8ccc56ccc56bbb
Sending message: 57
Sent message: 8ccc57ccc57bbb
Sending message: 58
Sent message: 8ccc58ccc58bbb
Sending message: 59
Sent message: 8ccc59ccc59bbb
Sending message: 60
Sent message: 8ccc60ccc60bbb
Sending message: 61
Sent message: 8ccc61ccc61bbb
Sending message: 62
Sent message: 8ccc62ccc62bbb
Sending message: 63
Sent message: 8ccc63ccc63bbb
Sending message: 64
Sent message: 8ccc64ccc64bbb
Sending message: 65
Sent message: 8ccc65ccc65bbb
Sending message: 66
Sent message: 8ccc66ccc66bbb
Sending message: 67
Sent message: 8ccc67ccc67bbb
Sending message: 68
Sent message: 8ccc68ccc68bbb
Sending message: 69
Sent message: 8ccc69ccc69bbb
Sending message: 70
Sent message: 8ccc70ccc70bbb
Sending message: 71
Sent message: 8ccc71ccc71bbb
Sending message: 72
Sent message: 8ccc72ccc72bbb
Sending message: 73
Sent message: 8ccc73ccc73bbb
Sending message: 74
Sent message: 8ccc74ccc74bbb
Sending message: 75
Sent message: 8ccc75ccc75bbb
Sending message: 76
Sent message: 8ccc76ccc76bbb
Sending message: 77
Sent message: 8ccc77ccc77bbb
Sending message: 78
Sent message: 8ccc78ccc78bbb
Sending message: 79
Sent message: 8ccc79ccc79bbb
Sending message: 80
Sent message: 8ccc80ccc80bbb
Sending message: 81
Sent message: 8ccc81ccc81bbb
Sending message: 82
Sent message: 8ccc82ccc82bbb
Sending message: 83
Sent message: 8ccc83ccc83bbb
Sending message: 84
Sent message: 8ccc84ccc84bbb
Sending message: 85
Sent message: 8ccc85ccc85bbb
Sending message: 86
Sent message: 8ccc86ccc86bbb
Sending message: 87
Sent message: 8ccc87ccc87bbb
Sending message: 88
Sent message: 8ccc88ccc88bbb
Sending message: 89
Sent message: 8ccc89ccc89bbb
Sending message: 90
Sent message: 8ccc90ccc90bbb
Sending message: 91
Sent message: 8ccc91ccc91bbb
Sending message: 92
Sent message: 8ccc92ccc92bbb
Sending message: 93
Sent message: 8ccc93ccc93bbb
Sending message: 94
Sent message: 8ccc94ccc94bbb
Sending message: 95
Sent message: 8ccc95ccc95bbb
Sending message: 96
Sent message: 8ccc96ccc96bbb
Sending message: 97
Sent message: 8ccc97ccc97bbb
Sending message: 98
Sent message: 8ccc98ccc98bbb
Sending message: 99
Sent message: 8ccc99ccc99bbb
Sending message: 100
Sent message: 8ccc100ccc100bbb
Sending message: 101
Sent message: 8ccc101ccc101bbb
Sending message: 102
Sent message: 8ccc102ccc102bbb
Sending message: 103
Sent message: 8ccc103ccc103bbb
Sending message: 104
Sent message: 8ccc104ccc104bbb
Sending message: 105
Sent message: 8ccc105ccc105bbb
Sending message: 106
Sent message: 8ccc106ccc106bbb
Sending message: 107
Sent message: 8ccc107ccc107bbb
Sending message: 108
Sent message: 8ccc108ccc108bbb
Sending message: 109
Sent message: 8ccc109ccc109bbb
Sending message: 110
Sent message: 8ccc110ccc110bbb
Sending message: 111
Sent message: 8ccc111ccc111bbb
Sending message: 112
Sent message: 8ccc112ccc112bbb
Sending message: 113
Sent message: 8ccc113ccc113bbb
Sending message: 114
Sent message: 8ccc114ccc114bbb
Sending message: 115
Sent message: 8ccc115ccc115bbb
Sending message: 116
Sent message: 8ccc116ccc116bbb
Sending message: 117
Sent message: 8ccc117ccc117bbb
Sending message: 118
Sent message: 8ccc118ccc118bbb
Sending message: 119
Sent message: 8ccc119ccc119bbb
Sending message: 120
Sent message: 8ccc120ccc120bbb
Sending message: 121
Sent message: 8ccc121ccc121bbb
Sending message: 122
Sent message: 8ccc122ccc122bbb
Sending message: 123
Sent message: 8ccc123ccc123bbb
Sending message: 124
Sent message: 8ccc124ccc124bbb
Sending message: 125
Sent message: 8ccc125ccc125bbb
Sending message: 126
Sent message: 8ccc126ccc126bbb
Sending message: 127
Sent message: 8ccc127ccc127bbb
Sending message: 128
Sent message: 8ccc128ccc128bbb
Sending message: 129
Sent message: 8ccc129ccc129bbb
Sending message: 130
Sent message: 8ccc130ccc130bbb
Sending message: 131
Sent message: 8ccc131ccc131bbb
Sending message: 132
Sent message: 8ccc132ccc132bbb
Sending message: 133
Sent message: 8ccc133ccc133bbb
Sending message: 134
Sent message: 8ccc134ccc134bbb
Sending message: 135
Sent message: 8ccc135ccc135bbb
Sending message: 136
Sent message: 8ccc136ccc136bbb
Sending message: 137
Sent message: 8ccc137ccc137bbb
Sending message: 138
Sent message: 8ccc138ccc138bbb
Sending message: 139
Sent message: 8ccc139ccc139bbb
Sending message: 140
Sent message: 8ccc140ccc140bbb
Sending message: 141
Sent message: 8ccc141ccc141bbb
Sending message: 142
Sent message: 8ccc142ccc142bbb
Sending message: 143
Sent message: 8ccc143ccc143bbb
Sending message: 144
Sent message: 8ccc144ccc144bbb
Sending message: 145
Sent message: 8ccc145ccc145bbb
Sending message: 146
Sent message: 8ccc146ccc146bbb
Sending message: 147
Sent message: 8ccc147ccc147bbb
Sending message: 148
Sent message: 8ccc148ccc148bbb
Sending message: 149
Sent message: 8ccc149ccc149bbb
Sending message: 150
Sent message: 8ccc150ccc150bbb
Sending message: 151
Sent message: 8ccc151ccc151bbb
Sending message: 152
Sent message: 8ccc152ccc152bbb
Sending message: 153
Sent message: 8ccc153ccc153bbb
Sending message: 154
Sent message: 8ccc154ccc154bbb
Sending message: 155
Sent message: 8ccc155ccc155bbb
Sending message: 156
Sent message: 8ccc156ccc156bbb
Sending message: 157
Sent message: 8ccc157ccc157bbb
Sending message: 158
Sent message: 8ccc158ccc158bbb
Sending message: 159
Sent message: 8ccc159ccc159bbb
Sending message: 160
Sent message: 8ccc160ccc160bbb
Sending message: 161
Sent message: 8ccc161ccc161bbb
Sending message: 162
Sent message: 8ccc162ccc162bbb
Sending message: 163
Sent message: 8ccc163ccc163bbb
Sending message: 164
Sent message: 8ccc164ccc164bbb
Sending message: 165
Sent message: 8ccc165ccc165bbb
Sending message: 166
Sent message: 8ccc166ccc166bbb
Sending message: 167
Sent message: 8ccc167ccc167bbb
Sending message: 168
Sent message: 8ccc168ccc168bbb
Sending message: 169
Sent message: 8ccc169ccc169bbb
Sending message: 170
Sent message: 8ccc170ccc170bbb
Sending message: 171
Sent message: 8ccc171ccc171bbb
Sending message: 172
Sent message: 8ccc172ccc172bbb
Sending message: 173
Sent message: 8ccc173ccc173bbb
Sending message: 174
Sent message: 8ccc174ccc174bbb
Sending message: 175
Sent message: 8ccc175ccc175bbb
Sending message: 176
Sent message: 8ccc176ccc176bbb
Sending message: 177
Sent message: 8ccc177ccc177bbb
Sending message: 178
Sent message: 8ccc178ccc178bbb
Sending message: 179
Sent message: 8ccc179ccc179bbb
Sending message: 180
Sent message: 8ccc180ccc180bbb
Sending message: 181
Sent message: 8ccc181ccc181bbb
Sending message: 182
Sent message: 8ccc182ccc182bbb
Sending message: 183
Sent message: 8ccc183ccc183bbb
Sending message: 184
Sent message: 8ccc184ccc184bbb
Sending message: 185
Sent message: 8ccc185ccc185bbb
Sending message: 186
Sent message: 8ccc186ccc186bbb
Sending message: 187
Sent message: 8ccc187ccc187bbb
Sending message: 188
Sent message: 8ccc188ccc188bbb
Sending message: 189
Immediately stopping network packet processing.
Writing output.
Sent message: 8ccc189ccc189bbb
Sending message: 190